#
# A fatal error has been detected by the Java Runtime Environment:
#
#  SIGSEGV (0xb) at pc=0x00000001753d12d4, pid=85232, tid=56579
#
# JRE version: OpenJDK Runtime Environment Temurin-17.0.12+7 (17.0.12+7) (build 17.0.12+7)
# Java VM: OpenJDK 64-Bit Server VM Temurin-17.0.12+7 (17.0.12+7, mixed mode, tiered, compressed oops, compressed class ptrs, g1 gc, bsd-aarch64)
# Problematic frame:
# C  [libCTRE_PhoenixTools_Sim.dylib+0x1d12d4]
#
# No core dump will be written. Core dumps have been disabled. To enable core dumping, try "ulimit -c unlimited" before starting Java again
#
# If you would like to submit a bug report, please visit:
#   https://github.com/adoptium/adoptium-support/issues
# The crash happened outside the Java Virtual Machine in native code.
# See problematic frame for where to report the bug.
#

---------------  S U M M A R Y ------------

Command Line: -agentlib:jdwp=transport=dt_socket,server=n,suspend=y,address=localhost:62472 -Djava.library.path=/Users/michaelsagerman/Documents/FRC/2025-ROBOT-REWORK/build/jni/release -XX:+ShowCodeDetailsInExceptionMessages frc.robot.Main

Host: "MacBookPro18,3" arm64, 8 cores, 16G, Darwin 24.1.0, macOS 15.1.1 (24B91)
Time: Fri Mar 14 16:54:45 2025 PDT elapsed time: 46.748401 seconds (0d 0h 0m 46s)

---------------  T H R E A D  ---------------

Current thread (0x000000011b8f6400):  JavaThread "robot main" daemon [_thread_in_native, id=56579, stack(0x00000001712c8000,0x00000001714cb000)]

Stack: [0x00000001712c8000,0x00000001714cb000],  sp=0x00000001714c92e0,  free space=2052k
Native frames: (J=compiled Java code, j=interpreted, Vv=VM code, C=native code)
C  [libCTRE_PhoenixTools_Sim.dylib+0x1d12d4]
C  [libCTRE_PhoenixTools_Sim.dylib+0x84c2c]
J 1973  com.ctre.phoenix6.configs.jni.ConfigJNI.SetConfigs(Ljava/lang/String;IDZZ)I (0 bytes) @ 0x000000013fb84844 [0x000000013fb847c0+0x0000000000000084]
C  0x0000000102094008

Java frames: (J=compiled Java code, j=interpreted, Vv=VM code)
J 1973  com.ctre.phoenix6.configs.jni.ConfigJNI.SetConfigs(Ljava/lang/String;IDZZ)I (0 bytes) @ 0x000000013fb84844 [0x000000013fb847c0+0x0000000000000084]
J 2323 c1 com.ctre.phoenix6.configs.ParentConfigurator.setConfigsPrivate(Ljava/lang/String;DZZ)Lcom/ctre/phoenix6/StatusCode; (121 bytes) @ 0x0000000138469a60 [0x00000001384696c0+0x00000000000003a0]
J 1985 c1 com.ctre.phoenix6.configs.TalonFXConfigurator.setPosition(DD)Lcom/ctre/phoenix6/StatusCode; (22 bytes) @ 0x00000001383a14bc [0x00000001383a1340+0x000000000000017c]
J 1895 c1 com.ctre.phoenix6.hardware.core.CoreTalonFX.setPosition(DD)Lcom/ctre/phoenix6/StatusCode; (10 bytes) @ 0x0000000138379c3c [0x0000000138379ac0+0x000000000000017c]
J 1894 c1 com.ctre.phoenix6.hardware.core.CoreTalonFX.setPosition(D)Lcom/ctre/phoenix6/StatusCode; (9 bytes) @ 0x0000000138379740 [0x0000000138379600+0x0000000000000140]
J 2279 c1 frc.robot.subsystems.swerve.Swerve.resetModulesToAbsolute()V (32 bytes) @ 0x0000000138444888 [0x0000000138444680+0x0000000000000208]
J 2561 c1 frc.robot.subsystems.swerve.Drivetrain.periodic()V (262 bytes) @ 0x0000000138500858 [0x00000001384f6d00+0x0000000000009b58]
J 2087 c1 edu.wpi.first.wpilibj2.command.CommandScheduler.run()V (603 bytes) @ 0x00000001383d8e18 [0x00000001383d8800+0x0000000000000618]
J 2559 c1 frc.robot.Robot.robotPeriodic()V (7 bytes) @ 0x00000001385097c4 [0x0000000138509580+0x0000000000000244]
J 2287 c1 edu.wpi.first.wpilibj.IterativeRobotBase.loopFunc()V (552 bytes) @ 0x000000013844a440 [0x0000000138448280+0x00000000000021c0]
J 2286 c1 edu.wpi.first.wpilibj.TimedRobot$$Lambda$10+0x0000000800095cd8.run()V (8 bytes) @ 0x00000001384473f4 [0x00000001384472c0+0x0000000000000134]
j  edu.wpi.first.wpilibj.TimedRobot.startCompetition()V+75
j  edu.wpi.first.wpilibj.RobotBase.runRobot(Ljava/util/function/Supplier;)V+265
j  edu.wpi.first.wpilibj.RobotBase.lambda$startRobot$1(Ljava/util/function/Supplier;)V+1
j  edu.wpi.first.wpilibj.RobotBase$$Lambda$2+0x0000000800089b58.run()V+4
j  java.lang.Thread.run()V+11 java.base@17.0.12
v  ~StubRoutines::call_stub

siginfo: si_signo: 11 (SIGSEGV), si_code: 2 (SEGV_ACCERR), si_addr: 0x0000000000000000

Registers:
 x0=0x000000012cbc5210  x1=0x0000000000000003  x2=0x0000000000000003  x3=0x0000000000000003
 x4=0x0000000312d8c820  x5=0x000000000000000d  x6=0x0000000000000002  x7=0x0000000000000000
 x8=0x0000000000000000  x9=0x000000000000dd03 x10=0x0000000012210842 x11=0x0000000012210842
x12=0x0000000012210842 x13=0x0000000012210842 x14=0x00000000ffffffff x15=0x00000000213bdfff
x16=0xd796000102094080 x17=0x0000000000000000 x18=0x0000000000000000 x19=0x00000003123ff510
x20=0x0000000000000008 x21=0x000000012cbc5210 x22=0x00000003123ff516 x23=0x000000012b7b71b8
x24=0x00000000beffbe77 x25=0x00000000000003f8 x26=0x000000012b7b71b8 x27=0x000000012b7b71b8
x28=0x000000012b7b71b0  fp=0x00000001714c98e0  lr=0x00000001753d12b8  sp=0x00000001714c92e0
pc=0x00000001753d12d4 cpsr=0x0000000040001000

Register to memory mapping:

 x0=0x000000012cbc5210 points into unknown readable memory: 0x0000000000000000 | 00 00 00 00 00 00 00 00
 x1=0x0000000000000003 is an unknown value
 x2=0x0000000000000003 is an unknown value
 x3=0x0000000000000003 is an unknown value
 x4=0x0000000312d8c820 points into unknown readable memory: 0x0000000000000000 | 00 00 00 00 00 00 00 00
 x5=0x000000000000000d is an unknown value
 x6=0x0000000000000002 is an unknown value
 x7=0x0 is NULL
 x8=0x0 is NULL
 x9=0x000000000000dd03 is an unknown value
x10=0x0000000012210842 is an unknown value
x11=0x0000000012210842 is an unknown value
x12=0x0000000012210842 is an unknown value
x13=0x0000000012210842 is an unknown value
x14=0x00000000ffffffff is an unknown value
x15=0x00000000213bdfff is an unknown value
x16=0xd796000102094080 is an unknown value
x17=0x0 is NULL
x18=0x0 is NULL
x19=0x00000003123ff510 points into unknown readable memory: 0x0000beffbe7703f8 | f8 03 77 be ff be 00 00
x20=0x0000000000000008 is an unknown value
x21=0x000000012cbc5210 points into unknown readable memory: 0x0000000000000000 | 00 00 00 00 00 00 00 00
x22=0x00000003123ff516 points into unknown readable memory: 00 00
x23=0x000000012b7b71b8 points into unknown readable memory: 0x000000012cbc5210 | 10 52 bc 2c 01 00 00 00
x24=0x00000000beffbe77 is an unknown value
x25=0x00000000000003f8 is an unknown value
x26=0x000000012b7b71b8 points into unknown readable memory: 0x000000012cbc5210 | 10 52 bc 2c 01 00 00 00
x27=0x000000012b7b71b8 points into unknown readable memory: 0x000000012cbc5210 | 10 52 bc 2c 01 00 00 00
x28=0x000000012b7b71b0 points into unknown readable memory: 0x0000000000000000 | 00 00 00 00 00 00 00 00


Top of Stack: (sp=0x00000001714c92e0)
0x00000001714c92e0:   1fffffff02047c48 000000017511b820
0x00000001714c92f0:   0000000000000000 000000012b7b71b0
0x00000001714c9300:   0000008800000000 00000003123ff120
0x00000001714c9310:   00000001714c9720 00000003123ff510
0x00000001714c9320:   00000003123ff516 00000003123ff516
0x00000001714c9330:   000000000000000f 00000003123ce8c0
0x00000001714c9340:   00000003123ce8c6 00000003123ce8c6
0x00000001714c9350:   0000000000000000 0000000800000002
0x00000001714c9360:   00000003123ff120 00000001714c9418
0x00000001714c9370:   0000000000000400 02047c0802047c48
0x00000001714c9380:   0000000000000000 0000000000000000
0x00000001714c9390:   0000000000000000 0000000000000000
0x00000001714c93a0:   0000000000000000 0000000000000000
0x00000001714c93b0:   00000001714c9600 0000000000000000
0x00000001714c93c0:   0000000000000000 0000000000000000
0x00000001714c93d0:   0000000000000000 0000000000000000
0x00000001714c93e0:   0000000000000000 0000000100000000
0x00000001714c93f0:   000000017541ff00 00000001714c9838
0x00000001714c9400:   00000001714c9840 0000000000000000
0x00000001714c9410:   000000012ca3ad84 0000beffbe770605
0x00000001714c9420:   00000001714c9788 0000000000000006
0x00000001714c9430:   00000001eacaa608 0000000000000100
0x00000001714c9440:   00000001714c9468 00000001714c98f0
0x00000001714c9450:   0000000000000000 0000000000000002
0x00000001714c9460:   00000001714c9738 00000001714c9478
0x00000001714c9470:   0000000000000000 00000001714c9567
0x00000001714c9480:   0000000000000001 0000000185a9e940
0x00000001714c9490:   0000000000000001 0000000185aa079c
0x00000001714c94a0:   0000000000000001 000000012ca3ad84
0x00000001714c94b0:   0000000000000004 0000000000000000
0x00000001714c94c0:   0000000000000000 0000000000000000
0x00000001714c94d0:   0000000000000000 0000000000000000 

Instructions: (pc=0x00000001753d12d4)
0x00000001753d11d4:   e0 03 09 aa 09 00 40 f9 28 79 68 f8 00 01 3f d6
0x00000001753d11e4:   e0 03 1a aa 87 24 02 94 15 02 00 34 f3 03 1c aa
0x00000001753d11f4:   61 8e 40 f8 e0 03 1c aa 8c 02 00 94 93 03 00 f9
0x00000001753d1204:   9f 0b 00 f9 7f 02 00 f9 e0 07 40 f9 38 24 02 94
0x00000001753d1214:   fb 1f 40 f9 1b 11 00 b4 fb 23 00 f9 e0 03 1b aa
0x00000001753d1224:   7b 24 02 94 84 00 00 14 f3 db 43 a9 7f 02 16 eb
0x00000001753d1234:   60 06 00 54 97 23 00 91 0a 00 00 14 80 07 40 f9
0x00000001753d1244:   d6 0b f9 97 88 0b 40 f9 08 05 00 91 88 0b 00 f9
0x00000001753d1254:   b8 22 00 b9 73 1a 00 91 7f 02 16 eb 00 05 00 54
0x00000001753d1264:   79 02 40 79 78 22 40 b8 fb 03 17 aa fa 03 17 aa
0x00000001753d1274:   e8 02 40 f9 a8 00 00 b5 0d 00 00 14 48 03 40 f9
0x00000001753d1284:   fb 03 1a aa 48 01 00 b4 fa 03 08 aa 08 39 40 79
0x00000001753d1294:   3f 03 08 6b 43 ff ff 54 1f 01 19 6b 62 02 00 54
0x00000001753d12a4:   48 07 40 f9 28 ff ff b5 5b 23 00 91 00 05 80 52
0x00000001753d12b4:   5d 24 02 94 f5 03 00 aa 19 38 00 79 1f 20 00 b9
0x00000001753d12c4:   1f 7c 00 a9 1a 08 00 f9 60 03 00 f9 88 03 40 f9
0x00000001753d12d4:   08 01 40 f9 e1 03 00 aa 28 fb ff b4 88 03 00 f9
0x00000001753d12e4:   61 03 40 f9 d6 ff ff 17 f5 03 1a aa 58 23 00 b9
0x00000001753d12f4:   73 1a 00 91 7f 02 16 eb 41 fb ff 54 15 00 80 52
0x00000001753d1304:   e0 07 40 f9 fa 23 02 94 fb 1f 40 f9 7b f8 ff b5
0x00000001753d1314:   49 00 00 14 e0 63 01 91 47 4a ff 97 0a 00 00 14
0x00000001753d1324:   2e 07 f9 97 08 00 00 14 e0 e3 00 91 42 4a ff 97
0x00000001753d1334:   05 00 00 14 29 07 f9 97 03 00 00 14 e0 e3 04 91
0x00000001753d1344:   50 f7 f8 97 20 00 20 d4 f4 03 00 aa e0 03 02 91
0x00000001753d1354:   d2 ba fd 97 10 00 00 14 0e 00 00 14 f4 03 00 aa
0x00000001753d1364:   a0 03 55 f8 1f 00 18 eb 81 00 00 54 88 00 80 52
0x00000001753d1374:   a0 23 03 d1 03 00 00 14 60 01 00 b4 a8 00 80 52
0x00000001753d1384:   09 00 40 f9 28 79 68 f8 00 01 3f d6 06 00 00 14
0x00000001753d1394:   f4 03 00 aa a0 a3 02 d1 20 20 fd 97 02 00 00 14
0x00000001753d13a4:   f4 03 00 aa e0 03 1a aa 16 24 02 94 0e 00 00 14
0x00000001753d13b4:   0c 00 00 14 f4 03 00 aa e8 3f c5 39 48 01 f8 36
0x00000001753d13c4:   e0 9f 40 f9 12 24 02 94 07 00 00 14 f4 03 00 aa 


Stack slot to memory mapping:
stack at sp + 0 slots: 0x1fffffff02047c48 is an unknown value
stack at sp + 1 slots: 0x000000017511b820 points into unknown readable memory: 0x000000004d55545a | 5a 54 55 4d 00 00 00 00
stack at sp + 2 slots: 0x0 is NULL
stack at sp + 3 slots: 0x000000012b7b71b0 points into unknown readable memory: 0x0000000000000000 | 00 00 00 00 00 00 00 00
stack at sp + 4 slots: 0x0000008800000000 is an unknown value
stack at sp + 5 slots: 0x00000003123ff120 points into unknown readable memory: 0x0000000000000000 | 00 00 00 00 00 00 00 00
stack at sp + 6 slots: 0x00000001714c9720 is pointing into the stack for thread: 0x000000011b8f6400
stack at sp + 7 slots: 0x00000003123ff510 points into unknown readable memory: 0x0000beffbe7703f8 | f8 03 77 be ff be 00 00


Compiled method (n/a)   46758 1973     n 0       com.ctre.phoenix6.configs.jni.ConfigJNI::SetConfigs (native)
 total in heap  [0x000000013fb84610,0x000000013fb84988] = 888
 relocation     [0x000000013fb84768,0x000000013fb84790] = 40
 main code      [0x000000013fb847c0,0x000000013fb84978] = 440
 oops           [0x000000013fb84978,0x000000013fb84980] = 8
 metadata       [0x000000013fb84980,0x000000013fb84988] = 8

[Constant Pool (empty)]

[MachCode]
[Entry Point]
  # {method} {0x000000011ca1f0b8} 'SetConfigs' '(Ljava/lang/String;IDZZ)I' in 'com/ctre/phoenix6/configs/jni/ConfigJNI'
  # this:     c_rarg1:c_rarg1 
                        = 'com/ctre/phoenix6/configs/jni/ConfigJNI'
  # parm0:    c_rarg2:c_rarg2 
                        = 'java/lang/String'
  # parm1:    c_rarg3   = int
  # parm2:    v0:v0     = double
  # parm3:    c_rarg4   = boolean
  # parm4:    c_rarg5   = boolean
  #           [sp+0x60]  (sp of caller)
  0x000000013fb847c0: 2808 40b9 | 3f01 086b | 4000 0054 

  0x000000013fb847cc: ;   {runtime_call ic_miss_stub}
  0x000000013fb847cc: 0dc1 e717 
[Verified Entry Point]
  0x000000013fb847d0: 1f20 03d5 | e953 40d1 | 3f01 00f9 | fd7b bfa9 | fd03 0091 | ff43 01d1 | e207 00f9 | 5f00 1feb 
  0x000000013fb847f0: e223 0091 | e203 829a | e103 00f9 | 3f00 1feb | e103 00d1 | e103 819a | e801 0010 | 884f 01f9 
  0x000000013fb84810: e803 0091 | 884b 01f9 

  0x000000013fb84818: ;   {external_word}
  0x000000013fb84818: 4846 e4f0 | 0869 5339 | a806 0035 | 80c3 0a91 | e803 7eb2 | 8903 0d91 | 28fd 9f88 

  0x000000013fb84834: ;   {runtime_call}
  0x000000013fb84834: 886b 89d2 | 08a5 aef2 | 2800 c0f2 | 0001 3fd6 | 007c 4093 | a800 80d2 | 8843 03b9 | bf3b 03d5 
  0x000000013fb84854: 8823 0d91 | 08fd dfc8 | bf03 08eb | a803 0054 | 8833 43b9 | 6803 0035 | e803 7db2 | 8903 0d91 
  0x000000013fb84874: 28fd 9f88 | 88c3 4e39 | 1f09 0071 | c001 0054 

  0x000000013fb84884: ;   {external_word}
  0x000000013fb84884: 4846 e4f0 | 0869 5339 | a805 0035 | 9f4b 01f9 | 9f4f 01f9 | 826f 40f9 | 5f80 00f9 | bf03 0091 
  0x000000013fb848a4: fd7b c1a8 | 8807 40f9 | 4800 00b5 | c003 5fd6 

  0x000000013fb848b4: ;   {runtime_call StubRoutines (1)}
  0x000000013fb848b4: f3bd e617 | a083 1ff8 

  0x000000013fb848bc: ;   {runtime_call SharedRuntime::reguard_yellow_pages()}
  0x000000013fb848bc: 88cc 9cd2 | 8800 a1f2 | 2800 c0f2 | 0001 3fd6 | a083 5ff8 | edff ff17 | a083 1ff8 | e003 1caa 
  0x000000013fb848dc: ;   {runtime_call JavaThread::check_special_condition_for_native_trans(JavaThread*)}
  0x000000013fb848dc: 888c 81d2 | 4803 a1f2 | 2800 c0f2 | 0001 3fd6 | a083 5ff8 | dfff ff17 | e00f 1ffc | e10b bda9 
  0x000000013fb848fc: e313 01a9 | e57f 02a9 

  0x000000013fb84904: ;   {metadata({method} {0x000000011ca1f0b8} 'SetConfigs' '(Ljava/lang/String;IDZZ)I' in 'com/ctre/phoenix6/configs/jni/ConfigJNI')}
  0x000000013fb84904: 0117 9ed2 | 2194 a3f2 | 2100 c0f2 | e003 1caa | e833 bfa9 | 0896 98d2 | 8800 a1f2 | 2800 c0f2 
  0x000000013fb84924: 0001 3fd6 | e833 c1a8 | e313 41a9 | e57f 42a9 | e10b c3a8 | e007 41fc | baff ff17 | a083 1ff8 
  0x000000013fb84944: ;   {metadata({method} {0x000000011ca1f0b8} 'SetConfigs' '(Ljava/lang/String;IDZZ)I' in 'com/ctre/phoenix6/configs/jni/ConfigJNI')}
  0x000000013fb84944: 0117 9ed2 | 2194 a3f2 | 2100 c0f2 | e003 1caa | e833 bfa9 | 08aa 98d2 | 8800 a1f2 | 2800 c0f2 
  0x000000013fb84964: 0001 3fd6 | e833 c1a8 | a083 5ff8 | c8ff ff17 | 0000 0000 
[/MachCode]


Compiled method (c1)   46764 2323   !   3       com.ctre.phoenix6.configs.ParentConfigurator::setConfigsPrivate (121 bytes)
 total in heap  [0x0000000138468b90,0x00000001384700d0] = 30016
 relocation     [0x0000000138468ce8,0x00000001384696a0] = 2488
 main code      [0x00000001384696c0,0x000000013846d9c0] = 17152
 stub code      [0x000000013846d9c0,0x000000013846e010] = 1616
 oops           [0x000000013846e010,0x000000013846e178] = 360
 metadata       [0x000000013846e178,0x000000013846e5b0] = 1080
 scopes data    [0x000000013846e5b0,0x000000013846f660] = 4272
 scopes pcs     [0x000000013846f660,0x000000013846fe90] = 2096
 dependencies   [0x000000013846fe90,0x000000013846fef8] = 104
 handler table  [0x000000013846fef8,0x0000000138470030] = 312
 nul chk table  [0x0000000138470030,0x00000001384700d0] = 160

[Constant Pool (empty)]

[MachCode]
[Entry Point]
  # {method} {0x000000011ca4fcb0} 'setConfigsPrivate' '(Ljava/lang/String;DZZ)Lcom/ctre/phoenix6/StatusCode;' in 'com/ctre/phoenix6/configs/ParentConfigurator'
  # this:     c_rarg1:c_rarg1 
                        = 'com/ctre/phoenix6/configs/ParentConfigurator'
  # parm0:    c_rarg2:c_rarg2 
                        = 'java/lang/String'
  # parm1:    v0:v0     = double
  # parm2:    c_rarg3   = boolean
  # parm3:    c_rarg4   = boolean
  #           [sp+0x2e0]  (sp of caller)
  0x00000001384696c0: 2808 40b9 | 3f01 086b | c001 0054 

  0x00000001384696cc: ;   {runtime_call ic_miss_stub}
  0x00000001384696cc: 4d2d c415 | 1f20 03d5 | 1f20 03d5 | 1f20 03d5 | 1f20 03d5 | 1f20 03d5 | 1f20 03d5 | 1f20 03d5 
  0x00000001384696ec: 1f20 03d5 | 1f20 03d5 | 1f20 03d5 | 1f20 03d5 | 1f20 03d5 
[Verified Entry Point]
  0x0000000138469700: 1f20 03d5 | e953 40d1 | 3f01 00f9 | fd7b bfa9 | ff43 0bd1 | e10b 16a9 | e05f 01fd | e373 01b9 
  0x0000000138469720: e477 01b9 

  0x0000000138469724: ;   {metadata(method data for {method} {0x000000011ca4fcb0} 'setConfigsPrivate' '(Ljava/lang/String;DZZ)Lcom/ctre/phoenix6/StatusCode;' in 'com/ctre/phoenix6/configs/ParentConfigurator')}
  0x0000000138469724: 006d 9cd2 | c08d a3f2 | 2000 c0f2 | 05ac 40b9 | a508 0011 | 05ac 00b9 | a524 1f12 | bf00 0071 
  0x0000000138469744: 20cd 0154 | 2030 40b9 | 00f0 7dd3 | e0bf 00f9 | 4001 00b4 

  0x0000000138469758: ;   {metadata('java/util/concurrent/locks/ReentrantLock')}
  0x0000000138469758: 0780 83d2 | c700 a0f2 | 0701 c0f2 | 0a08 40b9 | 4a01 5dd2 | 481d 40f9 | ff00 08eb | a1cc 0154 
  0x0000000138469778: 0100 0014 | e503 00aa 

  0x0000000138469780: ; implicit exception: dispatches to 0x000000013846d10c
  0x0000000138469780: 1f00 40f9 | e503 00aa 

  0x0000000138469788: ;   {metadata(method data for {method} {0x000000011ca4fcb0} 'setConfigsPrivate' '(Ljava/lang/String;DZZ)Lcom/ctre/phoenix6/StatusCode;' in 'com/ctre/phoenix6/configs/ParentConfigurator')}
  0x0000000138469788: 066d 9cd2 | c68d a3f2 | 2600 c0f2 | a508 40b9 | a500 5dd2 | c900 0491 | 2801 40f9 | bf00 08eb 
  0x00000001384697a8: a100 0054 | c884 40f9 | 0805 0091 | c884 00f9 | 1c00 0014 | c940 0491 | 2801 40f9 | bf00 08eb 
  0x00000001384697c8: a100 0054 | c88c 40f9 | 0805 0091 | c88c 00f9 | 1400 0014 | c900 0491 | 2801 40f9 | c800 00b5 
  0x00000001384697e8: 2501 00f9 | e803 40b2 | c920 0491 | 2801 00f9 | 0c00 0014 | c940 0491 | 2801 40f9 | c800 00b5 
  0x0000000138469808: 2501 00f9 | e803 40b2 | c960 0491 | 2801 00f9 | 0400 0014 | c878 40f9 | 0805 0091 | c878 00f9 
  0x0000000138469828: ;   {metadata(method data for {method} {0x000000011c1a65d0} 'lock' '()V' in 'java/util/concurrent/locks/ReentrantLock')}
  0x0000000138469828: 052c 88d2 | 258f a3f2 | 2500 c0f2 | a6ac 40b9 | c608 0011 | a6ac 00b9 | c64c 1f12 | df00 0071 
  0x0000000138469848: 40c6 0154 | 050c 40b9 | a5f0 7dd3 | e5af 00f9 

  0x0000000138469858: ; implicit exception: dispatches to 0x000000013846d130
  0x0000000138469858: bf00 40f9 | e603 05aa 

  0x0000000138469860: ;   {metadata(method data for {method} {0x000000011c1a65d0} 'lock' '()V' in 'java/util/concurrent/locks/ReentrantLock')}
  0x0000000138469860: 072c 88d2 | 278f a3f2 | 2700 c0f2 | e878 40f9 | 0805 0091 | e878 00f9 

  0x0000000138469878: ;   {metadata(method data for {method} {0x000000011c5f46a0} 'lock' '()V' in 'java/util/concurrent/locks/ReentrantLock$Sync')}
  0x0000000138469878: 0659 88d2 | 268f a3f2 | 2600 c0f2 | c7ac 40b9 | e708 0011 | c7ac 00b9 | e74c 1f12 | ff00 0071 
  0x0000000138469898: e0c4 0154 | e603 05aa 

  0x00000001384698a0: ;   {metadata(method data for {method} {0x000000011c5f46a0} 'lock' '()V' in 'java/util/concurrent/locks/ReentrantLock$Sync')}
  0x00000001384698a0: 0759 88d2 | 278f a3f2 | 2700 c0f2 | c608 40b9 | c600 5dd2 | e900 0491 | 2801 40f9 | df00 08eb 
  0x00000001384698c0: a100 0054 | e884 40f9 | 0805 0091 | e884 00f9 | 1c00 0014 | e940 0491 | 2801 40f9 | df00 08eb 
  0x00000001384698e0: a100 0054 | e88c 40f9 | 0805 0091 | e88c 00f9 | 1400 0014 | e900 0491 | 2801 40f9 | c800 00b5 
  0x0000000138469900: 2601 00f9 | e803 40b2 | e920 0491 | 2801 00f9 | 0c00 0014 | e940 0491 | 2801 40f9 | c800 00b5 
  0x0000000138469920: 2601 00f9 | e803 40b2 | e960 0491 | 2801 00f9 | 0400 0014 | e878 40f9 | 0805 0091 | e878 00f9 
  0x0000000138469940: e103 05aa | 09f4 9ad2 | 2900 a0f2 | 0901 c0f2 

  0x0000000138469950: ; ImmutableOopMap {[360]=Oop [352]=Oop [344]=Oop [376]=Oop }
                      ;*invokevirtual initialTryLock {reexecute=0 rethrow=0 return_oop=0}
                      ; - java.util.concurrent.locks.ReentrantLock$Sync::lock@1 (line 152)
                      ; - java.util.concurrent.locks.ReentrantLock::lock@4 (line 322)
                      ; - com.ctre.phoenix6.configs.ParentConfigurator::setConfigsPrivate@4 (line 68)
                      ;   {virtual_call}
  0x0000000138469950: bc47 dc95 | 1f00 0071 

  0x0000000138469958: ;   {metadata(method data for {method} {0x000000011c5f46a0} 'lock' '()V' in 'java/util/concurrent/locks/ReentrantLock$Sync')}
  0x0000000138469958: 0259 88d2 | 228f a3f2 | 2200 c0f2 | 0825 80d2 | 0927 80d2 | 0111 899a | 4068 61f8 | 0004 0091 
  0x0000000138469978: 4068 21f8 | 8101 0054 | e5af 40f9 | e203 05aa 

  0x0000000138469988: ;   {metadata(method data for {method} {0x000000011c5f46a0} 'lock' '()V' in 'java/util/concurrent/locks/ReentrantLock$Sync')}
  0x0000000138469988: 0159 88d2 | 218f a3f2 | 2100 c0f2 | 28a4 40f9 | 0805 0091 | 28a4 00f9 | e203 0032 | e103 05aa 
  0x00000001384699a8: ; ImmutableOopMap {[360]=Oop [352]=Oop [376]=Oop [344]=Oop }
                      ;*invokevirtual acquire {reexecute=0 rethrow=0 return_oop=0}
                      ; - java.util.concurrent.locks.ReentrantLock$Sync::lock@9 (line 153)
                      ; - java.util.concurrent.locks.ReentrantLock::lock@4 (line 322)
                      ; - com.ctre.phoenix6.configs.ParentConfigurator::setConfigsPrivate@4 (line 68)
                      ;   {optimized virtual_call}
  0x00000001384699a8: 562d c495 | e10b 56a9 | 2034 40b9 | 00f0 7dd3 | 83e3 4039 | 7f00 0071 | a1bc 0154 | 48fc 43d3 
  0x00000001384699c8: ; implicit exception: dispatches to 0x000000013846d16c
  0x00000001384699c8: 080c 00b9 | 0300 02ca | 63fc 55d3 | 7f00 00f1 | c1bc 0154 | 230c 40b9 | 63f0 7dd3 

  0x00000001384699e4: ; implicit exception: dispatches to 0x000000013846d180
  0x00000001384699e4: 7f00 40f9 | e403 03aa 

  0x00000001384699ec: ;   {metadata(method data for {method} {0x000000011ca4fcb0} 'setConfigsPrivate' '(Ljava/lang/String;DZZ)Lcom/ctre/phoenix6/StatusCode;' in 'com/ctre/phoenix6/configs/ParentConfigurator')}
  0x00000001384699ec: 056d 9cd2 | c58d a3f2 | 2500 c0f2 | a8a0 40f9 | 0805 0091 | a8a0 00f9 | 6414 40b9 | 84f0 7dd3 
  0x0000000138469a0c: e503 03aa 

  0x0000000138469a10: ;   {metadata(method data for {method} {0x000000011ca4fcb0} 'setConfigsPrivate' '(Ljava/lang/String;DZZ)Lcom/ctre/phoenix6/StatusCode;' in 'com/ctre/phoenix6/configs/ParentConfigurator')}
  0x0000000138469a10: 066d 9cd2 | c68d a3f2 | 2600 c0f2 | c8bc 40f9 | 0805 0091 | c8bc 00f9 | 6310 40b9 | e503 00aa 
  0x0000000138469a30: ;   {metadata(method data for {method} {0x000000011ca4fcb0} 'setConfigsPrivate' '(Ljava/lang/String;DZZ)Lcom/ctre/phoenix6/StatusCode;' in 'com/ctre/phoenix6/configs/ParentConfigurator')}
  0x0000000138469a30: 066d 9cd2 | c68d a3f2 | 2600 c0f2 | c8d8 40f9 | 0805 0091 | c8d8 00f9 | e203 04aa | e05f 41fd 
  0x0000000138469a50: e473 41b9 | e577 41b9 | e103 00aa 

  0x0000000138469a5c: ; ImmutableOopMap {[352]=Oop [360]=Oop }
                      ;*invokevirtual SetConfigs {reexecute=0 rethrow=0 return_oop=0}
                      ; - com.ctre.phoenix6.configs.ParentConfigurator::setConfigsPrivate@40 (line 73)
                      ;   {optimized virtual_call}
  0x0000000138469a5c: 5d6b dc95 | e08b 01b9 

  0x0000000138469a64: ;   {metadata(method data for {method} {0x000000011ca4fcb0} 'setConfigsPrivate' '(Ljava/lang/String;DZZ)Lcom/ctre/phoenix6/StatusCode;' in 'com/ctre/phoenix6/configs/ParentConfigurator')}
  0x0000000138469a64: 016d 9cd2 | c18d a3f2 | 2100 c0f2 | 28e8 40f9 | 0805 0091 | 28e8 00f9 

  0x0000000138469a7c: ;   {metadata(method data for {method} {0x000000011ca2b378} 'valueOf' '(I)Lcom/ctre/phoenix6/StatusCode;' in 'com/ctre/phoenix6/StatusCode')}
  0x0000000138469a7c: 011d 83d2 | a196 a3f2 | 2100 c0f2 | 22ac 40b9 | 4208 0011 | 22ac 00b9 | 424c 1f12 | 5f00 0071 
  0x0000000138469a9c: 40b7 0154 

  0x0000000138469aa0: ;   {oop(a 'java/lang/Class'{0x000000070084e888} = 'com/ctre/phoenix6/StatusCode')}
  0x0000000138469aa0: 0111 9dd2 | 8110 a0f2 | e100 c0f2 | 2258 43b9 | 42f0 7dd3 

  0x0000000138469ab4: ;   {metadata(method data for {method} {0x000000011ca2b378} 'valueOf' '(I)Lcom/ctre/phoenix6/StatusCode;' in 'com/ctre/phoenix6/StatusCode')}
  0x0000000138469ab4: 011d 83d2 | a196 a3f2 | 2100 c0f2 | 2878 40f9 | 0805 0091 | 2878 00f9 | e103 00aa | e2c3 00f9 
  0x0000000138469ad4: ; ImmutableOopMap {[352]=Oop [360]=Oop [384]=Oop }
                      ;*invokestatic valueOf {reexecute=0 rethrow=0 return_oop=0}
                      ; - com.ctre.phoenix6.StatusCode::valueOf@4 (line 822)
                      ; - com.ctre.phoenix6.configs.ParentConfigurator::setConfigsPrivate@43 (line 72)
                      ;   {static_call}
  0x0000000138469ad4: fbfd db95 | e1c3 40f9 

  0x0000000138469adc: ; implicit exception: dispatches to 0x000000013846d1a4
  0x0000000138469adc: 3f00 40f9 | e203 01aa 

  0x0000000138469ae4: ;   {metadata(method data for {method} {0x000000011ca2b378} 'valueOf' '(I)Lcom/ctre/phoenix6/StatusCode;' in 'com/ctre/phoenix6/StatusCode')}
  0x0000000138469ae4: 031d 83d2 | a396 a3f2 | 2300 c0f2 | 4208 40b9 | 4200 5dd2 | 6940 0491 | 2801 40f9 | 5f00 08eb 
  0x0000000138469b04: a100 0054 | 688c 40f9 | 0805 0091 | 688c 00f9 | 1c00 0014 | 6980 0491 | 2801 40f9 | 5f00 08eb 
  0x0000000138469b24: a100 0054 | 6894 40f9 | 0805 0091 | 6894 00f9 | 1400 0014 | 6940 0491 | 2801 40f9 | c800 00b5 
  0x0000000138469b44: 2201 00f9 | e803 40b2 | 6960 0491 | 2801 00f9 | 0c00 0014 | 6980 0491 | 2801 40f9 | c800 00b5 
  0x0000000138469b64: 2201 00f9 | e803 40b2 | 69a0 0491 | 2801 00f9 | 0400 0014 | 6880 40f9 | 0805 0091 | 6880 00f9 
  0x0000000138469b84: e203 00aa | 0938 9fd2 | a900 a0f2 | 0901 c0f2 

  0x0000000138469b94: ; ImmutableOopMap {[352]=Oop [360]=Oop }
                      ;*invokevirtual get {reexecute=0 rethrow=0 return_oop=0}
                      ; - com.ctre.phoenix6.StatusCode::valueOf@7 (line 822)
                      ; - com.ctre.phoenix6.configs.ParentConfigurator::setConfigsPrivate@43 (line 72)
                      ;   {virtual_call}
  0x0000000138469b94: 5bb1 db95 | 0001 00b5 

  0x0000000138469b9c: ;   {metadata(method data for {method} {0x000000011ca2b378} 'valueOf' '(I)Lcom/ctre/phoenix6/StatusCode;' in 'com/ctre/phoenix6/StatusCode')}
  0x0000000138469b9c: 031d 83d2 | a396 a3f2 | 2300 c0f2 | 68c4 4439 | 0801 40b2 | 68c4 0439 | 3600 0014 

  0x0000000138469bb8: ;   {metadata('com/ctre/phoenix6/StatusCode')}
  0x0000000138469bb8: 0285 88d2 | 4202 a0f2 | 0201 c0f2 | 0808 40b9 | 0801 5dd2 | 1f01 02eb | e104 0054 

  0x0000000138469bd4: ;   {metadata(method data for {method} {0x000000011ca2b378} 'valueOf' '(I)Lcom/ctre/phoenix6/StatusCode;' in 'com/ctre/phoenix6/StatusCode')}
  0x0000000138469bd4: 031d 83d2 | a396 a3f2 | 2300 c0f2 | 0208 40b9 | 4200 5dd2 | 6920 0591 | 2801 40f9 | 5f00 08eb 
  0x0000000138469bf4: a100 0054 | 68a8 40f9 | 0805 0091 | 68a8 00f9 | 2200 0014 | 6960 0591 | 2801 40f9 | 5f00 08eb 
  0x0000000138469c14: a100 0054 | 68b0 40f9 | 0805 0091 | 68b0 00f9 | 1a00 0014 | 6920 0591 | 2801 40f9 | c800 00b5 
  0x0000000138469c34: 2201 00f9 | e803 40b2 | 6940 0591 | 2801 00f9 | 1200 0014 | 6960 0591 | 2801 40f9 | c800 00b5 
  0x0000000138469c54: 2201 00f9 | e803 40b2 | 6980 0591 | 2801 00f9 | 0a00 0014 | 0900 0014 

  0x0000000138469c6c: ;   {metadata(method data for {method} {0x000000011ca2b378} 'valueOf' '(I)Lcom/ctre/phoenix6/StatusCode;' in 'com/ctre/phoenix6/StatusCode')}
  0x0000000138469c6c: 031d 83d2 | a396 a3f2 | 2300 c0f2 | 689c 40f9 | 0805 00d1 | 689c 00f9 | 490d 0014 | 0100 0014 
  0x0000000138469c8c: e103 1faa | 1f00 01eb 

  0x0000000138469c94: ;   {metadata(method data for {method} {0x000000011ca2b378} 'valueOf' '(I)Lcom/ctre/phoenix6/StatusCode;' in 'com/ctre/phoenix6/StatusCode')}
  0x0000000138469c94: 011d 83d2 | a196 a3f2 | 2100 c0f2 | e807 79b2 | 092e 80d2 | 0211 899a | 2368 62f8 | 6304 0091 
  0x0000000138469cb4: 2368 22f8 | c110 0054 | e0cb 00f9 

  0x0000000138469cc0: ;   {metadata(method data for {method} {0x000000011ca2b378} 'valueOf' '(I)Lcom/ctre/phoenix6/StatusCode;' in 'com/ctre/phoenix6/StatusCode')}
  0x0000000138469cc0: 011d 83d2 | a196 a3f2 | 2100 c0f2 | 28c8 40f9 | 0805 0091 | 28c8 00f9 

  0x0000000138469cd8: ;   {metadata(method data for {method} {0x000000011ca2b150} 'values' '()[Lcom/ctre/phoenix6/StatusCode;' in 'com/ctre/phoenix6/StatusCode')}
  0x0000000138469cd8: 0159 83d2 | a196 a3f2 | 2100 c0f2 | 23ac 40b9 | 6308 0011 | 23ac 00b9 | 634c 1f12 | 7f00 0071 
  0x0000000138469cf8: c0a5 0154 

  0x0000000138469cfc: ;   {oop(a 'com/ctre/phoenix6/StatusCode'[186] {0x000000070084f3f8})}
  0x0000000138469cfc: 017f 9ed2 | 8110 a0f2 | e100 c0f2 | e303 01aa 

  0x0000000138469d0c: ;   {metadata(method data for {method} {0x000000011ca2b150} 'values' '()[Lcom/ctre/phoenix6/StatusCode;' in 'com/ctre/phoenix6/StatusCode')}
  0x0000000138469d0c: 0459 83d2 | a496 a3f2 | 2400 c0f2 | 6308 40b9 | 6300 5dd2 | 8900 0491 | 2801 40f9 | 7f00 08eb 
  0x0000000138469d2c: a100 0054 | 8884 40f9 | 0805 0091 | 8884 00f9 | 1c00 0014 | 8940 0491 | 2801 40f9 | 7f00 08eb 
  0x0000000138469d4c: a100 0054 | 888c 40f9 | 0805 0091 | 888c 00f9 | 1400 0014 | 8900 0491 | 2801 40f9 | c800 00b5 
  0x0000000138469d6c: 2301 00f9 | e803 40b2 | 8920 0491 | 2801 00f9 | 0c00 0014 | 8940 0491 | 2801 40f9 | c800 00b5 
  0x0000000138469d8c: 2301 00f9 | e803 40b2 | 8960 0491 | 2801 00f9 | 0400 0014 | 8878 40f9 | 0805 0091 | 8878 00f9 
  0x0000000138469dac: e9ff 9fd2 | e9ff bff2 | e9ff dff2 

  0x0000000138469db8: ; ImmutableOopMap {[352]=Oop [360]=Oop [400]=Oop }
                      ;*invokevirtual clone {reexecute=0 rethrow=0 return_oop=0}
                      ; - com.ctre.phoenix6.StatusCode::values@3 (line 15)
                      ; - com.ctre.phoenix6.StatusCode::valueOf@20 (line 825)
                      ; - com.ctre.phoenix6.configs.ParentConfigurator::setConfigsPrivate@43 (line 72)
                      ;   {virtual_call}
  0x0000000138469db8: 122d c495 | 0001 00b5 

  0x0000000138469dc0: ;   {metadata(method data for {method} {0x000000011ca2b150} 'values' '()[Lcom/ctre/phoenix6/StatusCode;' in 'com/ctre/phoenix6/StatusCode')}
  0x0000000138469dc0: 0359 83d2 | a396 a3f2 | 2300 c0f2 | 6884 4439 | 0801 40b2 | 6884 0439 | 3700 0014 

  0x0000000138469ddc: ;   {metadata('com/ctre/phoenix6/StatusCode'[])}
  0x0000000138469ddc: 02ce 88d2 | 4202 a0f2 | 0201 c0f2 | 0308 40b9 | 6300 5dd2 | 6824 40f9 | 5f00 08eb | e104 0054 
  0x0000000138469dfc: ;   {metadata(method data for {method} {0x000000011ca2b150} 'values' '()[Lcom/ctre/phoenix6/StatusCode;' in 'com/ctre/phoenix6/StatusCode')}
  0x0000000138469dfc: 0359 83d2 | a396 a3f2 | 2300 c0f2 | 0208 40b9 | 4200 5dd2 | 69e0 0491 | 2801 40f9 | 5f00 08eb 
  0x0000000138469e1c: a100 0054 | 68a0 40f9 | 0805 0091 | 68a0 00f9 | 2200 0014 | 6920 0591 | 2801 40f9 | 5f00 08eb 
  0x0000000138469e3c: a100 0054 | 68a8 40f9 | 0805 0091 | 68a8 00f9 | 1a00 0014 | 69e0 0491 | 2801 40f9 | c800 00b5 
  0x0000000138469e5c: 2201 00f9 | e803 40b2 | 6900 0591 | 2801 00f9 | 1200 0014 | 6920 0591 | 2801 40f9 | c800 00b5 
  0x0000000138469e7c: 2201 00f9 | e803 40b2 | 6940 0591 | 2801 00f9 | 0a00 0014 | 0900 0014 

  0x0000000138469e94: ;   {metadata(method data for {method} {0x000000011ca2b150} 'values' '()[Lcom/ctre/phoenix6/StatusCode;' in 'com/ctre/phoenix6/StatusCode')}
  0x0000000138469e94: 0359 83d2 | a396 a3f2 | 2300 c0f2 | 6894 40f9 | 0805 00d1 | 6894 00f9 | c90c 0014 | 0100 0014 
  0x0000000138469eb4: e103 00aa 

  0x0000000138469eb8: ; implicit exception: dispatches to 0x000000013846d1d8
  0x0000000138469eb8: 200c 40b9 | 1f00 0071 | e998 0154 | 2110 40b9 | 21f0 7dd3 | e003 01aa | e0cf 00f9 | e1b3 40f9 
  0x0000000138469ed8: ;   {metadata(method data for {method} {0x000000011ca4fcb0} 'setConfigsPrivate' '(Ljava/lang/String;DZZ)Lcom/ctre/phoenix6/StatusCode;' in 'com/ctre/phoenix6/configs/ParentConfigurator')}
  0x0000000138469ed8: 026d 9cd2 | c28d a3f2 | 2200 c0f2 | 2108 40b9 | 2100 5dd2 | 49c0 0791 | 2801 40f9 | 3f00 08eb 
  0x0000000138469ef8: a100 0054 | 48fc 40f9 | 0805 0091 | 48fc 00f9 | 1c00 0014 | 4900 0891 | 2801 40f9 | 3f00 08eb 
  0x0000000138469f18: a100 0054 | 4804 41f9 | 0805 0091 | 4804 01f9 | 1400 0014 | 49c0 0791 | 2801 40f9 | c800 00b5 
  0x0000000138469f38: 2101 00f9 | e803 40b2 | 49e0 0791 | 2801 00f9 | 0c00 0014 | 4900 0891 | 2801 40f9 | c800 00b5 
  0x0000000138469f58: 2101 00f9 | e803 40b2 | 4920 0891 | 2801 00f9 | 0400 0014 | 48f0 40f9 | 0805 0091 | 48f0 00f9 
  0x0000000138469f78: e1b3 40f9 

  0x0000000138469f7c: ; ImmutableOopMap {[352]=Oop [360]=Oop [408]=Oop }
                      ;*invokevirtual reportIfFrequent {reexecute=0 rethrow=0 return_oop=0}
                      ; - com.ctre.phoenix6.configs.ParentConfigurator::setConfigsPrivate@49 (line 80)
                      ;   {optimized virtual_call}
  0x0000000138469f7c: 9101 fc97 | e1b3 40f9 | 2030 40b9 | 00f0 7dd3 | e0d7 00f9 | 4001 00b4 

  0x0000000138469f94: ;   {metadata('java/util/concurrent/locks/ReentrantLock')}
  0x0000000138469f94: 0480 83d2 | c400 a0f2 | 0401 c0f2 | 0508 40b9 | a500 5dd2 | a81c 40f9 | 9f00 08eb | 2192 0154 
  0x0000000138469fb4: 0100 0014 | e203 00aa 

  0x0000000138469fbc: ; implicit exception: dispatches to 0x000000013846d1f8
  0x0000000138469fbc: 1f00 40f9 | e203 00aa 

  0x0000000138469fc4: ;   {metadata(method data for {method} {0x000000011ca4fcb0} 'setConfigsPrivate' '(Ljava/lang/String;DZZ)Lcom/ctre/phoenix6/StatusCode;' in 'com/ctre/phoenix6/configs/ParentConfigurator')}
  0x0000000138469fc4: 036d 9cd2 | c38d a3f2 | 2300 c0f2 | 4208 40b9 | 4200 5dd2 | 69a0 0891 | 2801 40f9 | 5f00 08eb 
  0x0000000138469fe4: a100 0054 | 6818 41f9 | 0805 0091 | 6818 01f9 | 1c00 0014 | 69e0 0891 | 2801 40f9 | 5f00 08eb 
  0x000000013846a004: a100 0054 | 6820 41f9 | 0805 0091 | 6820 01f9 | 1400 0014 | 69a0 0891 | 2801 40f9 | c800 00b5 
  0x000000013846a024: 2201 00f9 | e803 40b2 | 69c0 0891 | 2801 00f9 | 0c00 0014 | 69e0 0891 | 2801 40f9 | c800 00b5 
  0x000000013846a044: 2201 00f9 | e803 40b2 | 6900 0991 | 2801 00f9 | 0400 0014 | 680c 41f9 | 0805 0091 | 680c 01f9 
  0x000000013846a064: ;   {metadata(method data for {method} {0x000000011c1a6890} 'unlock' '()V' in 'java/util/concurrent/locks/ReentrantLock')}
  0x000000013846a064: 02ca 88d2 | 228f a3f2 | 2200 c0f2 | 43ac 40b9 | 6308 0011 | 43ac 00b9 | 634c 1f12 | 7f00 0071 
  0x000000013846a084: c08b 0154 | 030c 40b9 | 63f0 7dd3 | e3d3 00f9 

  0x000000013846a094: ; implicit exception: dispatches to 0x000000013846d21c
  0x000000013846a094: 7f00 40f9 | e203 03aa 

  0x000000013846a09c: ;   {metadata(method data for {method} {0x000000011c1a6890} 'unlock' '()V' in 'java/util/concurrent/locks/ReentrantLock')}
  0x000000013846a09c: 04ca 88d2 | 248f a3f2 | 2400 c0f2 | 8878 40f9 | 0805 0091 | 8878 00f9 

  0x000000013846a0b4: ;   {metadata(method data for {method} {0x000000011c5f7180} 'release' '(I)Z' in 'java/util/concurrent/locks/AbstractQueuedSynchronizer')}
  0x000000013846a0b4: 02f7 88d2 | 228f a3f2 | 2200 c0f2 | 44ac 40b9 | 8408 0011 | 44ac 00b9 | 844c 1f12 | 9f00 0071 
  0x000000013846a0d4: 608a 0154 | e203 03aa 

  0x000000013846a0dc: ;   {metadata(method data for {method} {0x000000011c5f7180} 'release' '(I)Z' in 'java/util/concurrent/locks/AbstractQueuedSynchronizer')}
  0x000000013846a0dc: 04f7 88d2 | 248f a3f2 | 2400 c0f2 | 4208 40b9 | 4200 5dd2 | 8900 0491 | 2801 40f9 | 5f00 08eb 
  0x000000013846a0fc: a100 0054 | 8884 40f9 | 0805 0091 | 8884 00f9 | 1c00 0014 | 8940 0491 | 2801 40f9 | 5f00 08eb 
  0x000000013846a11c: a100 0054 | 888c 40f9 | 0805 0091 | 888c 00f9 | 1400 0014 | 8900 0491 | 2801 40f9 | c800 00b5 
  0x000000013846a13c: 2201 00f9 | e803 40b2 | 8920 0491 | 2801 00f9 | 0c00 0014 | 8940 0491 | 2801 40f9 | c800 00b5 
  0x000000013846a15c: 2201 00f9 | e803 40b2 | 8960 0491 | 2801 00f9 | 0400 0014 | 8878 40f9 | 0805 0091 | 8878 00f9 
  0x000000013846a17c: e203 0032 | e103 03aa 

  0x000000013846a184: ; ImmutableOopMap {[360]=Oop [408]=Oop [352]=Oop [416]=Oop [424]=Oop }
                      ;*invokevirtual tryRelease {reexecute=0 rethrow=0 return_oop=0}
                      ; - java.util.concurrent.locks.AbstractQueuedSynchronizer::release@2 (line 1007)
                      ; - java.util.concurrent.locks.ReentrantLock::unlock@5 (line 494)
                      ; - com.ctre.phoenix6.configs.ParentConfigurator::setConfigsPrivate@56 (line 82)
                      ;   {optimized virtual_call}
  0x000000013846a184: f33f dc95 | 1f00 0071 

  0x000000013846a18c: ;   {metadata(method data for {method} {0x000000011c5f7180} 'release' '(I)Z' in 'java/util/concurrent/locks/AbstractQueuedSynchronizer')}
  0x000000013846a18c: 01f7 88d2 | 218f a3f2 | 2100 c0f2 | 0825 80d2 | 0927 80d2 | 0001 899a | 2268 60f8 | 4204 0091 
  0x000000013846a1ac: 2268 20f8 | e001 0054 | e3d3 40f9 | bf3b 03d5 | 6114 40b9 | 21f0 7dd3 | bf39 03d5 

  0x000000013846a1c8: ;   {metadata(method data for {method} {0x000000011c5f7180} 'release' '(I)Z' in 'java/util/concurrent/locks/AbstractQueuedSynchronizer')}
  0x000000013846a1c8: 02f7 88d2 | 228f a3f2 | 2200 c0f2 | 48a4 40f9 | 0805 0091 | 48a4 00f9 

  0x000000013846a1e0: ; ImmutableOopMap {[360]=Oop [408]=Oop [352]=Oop [424]=Oop [416]=Oop }
                      ;*invokestatic signalNext {reexecute=0 rethrow=0 return_oop=0}
                      ; - java.util.concurrent.locks.AbstractQueuedSynchronizer::release@12 (line 1008)
                      ; - java.util.concurrent.locks.ReentrantLock::unlock@5 (line 494)
                      ; - com.ctre.phoenix6.configs.ParentConfigurator::setConfigsPrivate@56 (line 82)
                      ;   {static_call}
  0x000000013846a1e0: 485d dc95 | e103 0032 | 0200 0014 | 0100 a052 

  0x000000013846a1f0: ;   {metadata(method data for {method} {0x000000011ca4fcb0} 'setConfigsPrivate' '(Ljava/lang/String;DZZ)Lcom/ctre/phoenix6/StatusCode;' in 'com/ctre/phoenix6/configs/ParentConfigurator')}
  0x000000013846a1f0: 016d 9cd2 | c18d a3f2 | 2100 c0f2 | 2228 41f9 | 4204 0091 | 2228 01f9 | e0cf 40f9 

  0x000000013846a20c: ; implicit exception: dispatches to 0x000000013846d240
  0x000000013846a20c: 1f00 40f9 | e103 00aa 

  0x000000013846a214: ;   {metadata(method data for {method} {0x000000011ca4fcb0} 'setConfigsPrivate' '(Ljava/lang/String;DZZ)Lcom/ctre/phoenix6/StatusCode;' in 'com/ctre/phoenix6/configs/ParentConfigurator')}
  0x000000013846a214: 026d 9cd2 | c28d a3f2 | 2200 c0f2 | 4850 41f9 | 0805 0091 | 4850 01f9 

  0x000000013846a22c: ;   {metadata(method data for {method} {0x000000011ca2b5a8} 'isOK' '()Z' in 'com/ctre/phoenix6/StatusCode')}
  0x000000013846a22c: 0113 93d2 | 6198 a3f2 | 2100 c0f2 | 22ac 40b9 | 4208 0011 | 22ac 00b9 | 424c 1f12 | 5f00 0071 
  0x000000013846a24c: c07f 0154 | 0114 40b9 

  0x000000013846a254: ;   {oop(a 'com/ctre/phoenix6/StatusCode'{0x000000070068a6a8})}
  0x000000013846a254: 02d5 94d2 | 020d a0f2 | e200 c0f2 

  0x000000013846a260: ; implicit exception: dispatches to 0x000000013846d264
  0x000000013846a260: 4214 40b9 | 3f00 026b 

  0x000000013846a268: ;   {metadata(method data for {method} {0x000000011ca2b5a8} 'isOK' '()Z' in 'com/ctre/phoenix6/StatusCode')}
  0x000000013846a268: 0113 93d2 | 6198 a3f2 | 2100 c0f2 | e80f 7cb2 | e903 78b2 | 0211 899a | 2368 62f8 | 6304 0091 
  0x000000013846a288: 2368 22f8 | 2101 0054 

  0x000000013846a290: ;   {metadata(method data for {method} {0x000000011ca2b5a8} 'isOK' '()Z' in 'com/ctre/phoenix6/StatusCode')}
  0x000000013846a290: 0113 93d2 | 6198 a3f2 | 2100 c0f2 | 2288 40f9 | 4204 0091 | 2288 00f9 | e103 0032 | 0200 0014 
  0x000000013846a2b0: 0100 a052 | 2100 0012 | 3f00 0071 

  0x000000013846a2bc: ;   {metadata(method data for {method} {0x000000011ca4fcb0} 'setConfigsPrivate' '(Ljava/lang/String;DZZ)Lcom/ctre/phoenix6/StatusCode;' in 'com/ctre/phoenix6/configs/ParentConfigurator')}
  0x000000013846a2bc: 016d 9cd2 | c18d a3f2 | 2100 c0f2 | 085d 80d2 | 095b 80d2 | 0201 899a | 2368 62f8 | 6304 0091 
  0x000000013846a2dc: 2368 22f8 | 6000 0054 | e0cf 00f9 | 210b 0014 

  0x000000013846a2ec: ;   {oop(a 'com/ctre/phoenix6/StatusCode'{0x0000000700853fc8})}
  0x000000013846a2ec: 01f9 87d2 | a110 a0f2 | e100 c0f2 | 1f00 01eb 

  0x000000013846a2fc: ;   {metadata(method data for {method} {0x000000011ca4fcb0} 'setConfigsPrivate' '(Ljava/lang/String;DZZ)Lcom/ctre/phoenix6/StatusCode;' in 'com/ctre/phoenix6/configs/ParentConfigurator')}
  0x000000013846a2fc: 016d 9cd2 | c18d a3f2 | 2100 c0f2 | 0861 80d2 | 095f 80d2 | 0211 899a | 2368 62f8 | 6304 0091 
  0x000000013846a31c: 2368 22f8 | 6100 0054 | e0cf 00f9 | 110b 0014 | e1b3 40f9 | 240c 40b9 | 84f0 7dd3 | e4eb 00f9 
  0x000000013846a33c: ; implicit exception: dispatches to 0x000000013846d268
  0x000000013846a33c: 9f00 40f9 | e203 04aa 

  0x000000013846a344: ;   {metadata(method data for {method} {0x000000011ca4fcb0} 'setConfigsPrivate' '(Ljava/lang/String;DZZ)Lcom/ctre/phoenix6/StatusCode;' in 'com/ctre/phoenix6/configs/ParentConfigurator')}
  0x000000013846a344: 036d 9cd2 | c38d a3f2 | 2300 c0f2 | 6898 41f9 | 0805 0091 | 6898 01f9 

  0x000000013846a35c: ;   {metadata(method data for {method} {0x000000011ca307d0} 'toString' '()Ljava/lang/String;' in 'com/ctre/phoenix6/hardware/DeviceIdentifier')}
  0x000000013846a35c: 0272 85d2 | c290 a3f2 | 2200 c0f2 | 43ac 40b9 | 6308 0011 | 43ac 00b9 | 634c 1f12 | 7f00 0071 
  0x000000013846a37c: 8077 0154 | 821c 40b9 | 42f0 7dd3 | e303 1faa | 5f00 03eb 

  0x000000013846a390: ;   {metadata(method data for {method} {0x000000011ca307d0} 'toString' '()Ljava/lang/String;' in 'com/ctre/phoenix6/hardware/DeviceIdentifier')}
  0x000000013846a390: 0272 85d2 | c290 a3f2 | 2200 c0f2 | e803 78b2 | e90f 7cb2 | 0301 899a | 4568 63f8 | a504 0091 
  0x000000013846a3b0: 4568 23f8 | 6000 0054 | e0cf 00f9 | b007 0014 | 8518 40b9 | a5f0 7dd3 | e5ef 00f9 | 860c 40b9 
  0x000000013846a3d0: e68f 01b9 | 8714 40b9 | e7f0 7dd3 | e7f3 00f9 

  0x000000013846a3e0: ;   {metadata(method data for {method} {0x000000011ca307d0} 'toString' '()Ljava/lang/String;' in 'com/ctre/phoenix6/hardware/DeviceIdentifier')}
  0x000000013846a3e0: 0272 85d2 | c290 a3f2 | 2200 c0f2 | 4280 0491 | e303 05aa | 8300 00b5 | 4904 40f9 | 2901 40b2 
  0x000000013846a400: 4904 00f9 | e303 07aa | 8300 00b5 | 490c 40f9 | 2901 40b2 | 490c 00f9 

  0x000000013846a418: ;   {metadata(method data for {method} {0x000000011d2f2670} 'linkToTargetMethod' '(Ljava/lang/Object;ILjava/lang/Object;Ljava/lang/Object;)Ljava/lang/Object;' in 'java/lang/invoke/LambdaForm$MH+0x0000000800252c00')}
  0x000000013846a418: 0215 85d2 | e2a5 a3f2 | 2200 c0f2 | 4200 0891 | e303 05aa | 8300 00b5 | 4900 40f9 | 2901 40b2 
  0x000000013846a438: 4900 00f9 | e303 07aa | 8300 00b5 | 4908 40f9 | 2901 40b2 | 4908 00f9 

  0x000000013846a450: ;   {metadata(method data for {method} {0x000000011ca307d0} 'toString' '()Ljava/lang/String;' in 'com/ctre/phoenix6/hardware/DeviceIdentifier')}
  0x000000013846a450: 0272 85d2 | c290 a3f2 | 2200 c0f2 | 4888 40f9 | 0805 0091 | 4888 00f9 

  0x000000013846a468: ;   {metadata(method data for {method} {0x000000011d2f2670} 'linkToTargetMethod' '(Ljava/lang/Object;ILjava/lang/Object;Ljava/lang/Object;)Ljava/lang/Object;' in 'java/lang/invoke/LambdaForm$MH+0x0000000800252c00')}
  0x000000013846a468: 0215 85d2 | e2a5 a3f2 | 2200 c0f2 | 43ac 40b9 | 6308 0011 | 43ac 00b9 | 634c 1f12 | 7f00 0071 
  0x000000013846a488: 2070 0154 

  0x000000013846a48c: ;   {metadata(method data for {method} {0x000000011d2f2670} 'linkToTargetMethod' '(Ljava/lang/Object;ILjava/lang/Object;Ljava/lang/Object;)Ljava/lang/Object;' in 'java/lang/invoke/LambdaForm$MH+0x0000000800252c00')}
  0x000000013846a48c: 0215 85d2 | e2a5 a3f2 | 2200 c0f2 | 4280 0591 | e303 05aa | 8300 00b5 | 4904 40f9 | 2901 40b2 
  0x000000013846a4ac: 4904 00f9 

  0x000000013846a4b0: ;   {metadata(method data for {method} {0x000000011d2f14f8} 'invoke' '(Ljava/lang/Object;Ljava/lang/Object;ILjava/lang/Object;)Ljava/lang/Object;' in 'java/lang/invoke/LambdaForm$MH+0x0000000800252400')}
  0x000000013846a4b0: 0200 86d2 | e2a5 a3f2 | 2200 c0f2 | 4220 1b91 

  0x000000013846a4c0: ;   {oop(a 'java/lang/invoke/BoundMethodHandle$Species_LLLLLLLLL'{0x0000000700c2a548})}
  0x000000013846a4c0: 03a9 94d2 | 4318 a0f2 | e300 c0f2 | 8300 00b5 | 4900 40f9 | 2901 40b2 | 4900 00f9 | e303 05aa 
  0x000000013846a4e0: 8300 00b5 | 4908 40f9 | 2901 40b2 | 4908 00f9 

  0x000000013846a4f0: ;   {metadata(method data for {method} {0x000000011d2f2670} 'linkToTargetMethod' '(Ljava/lang/Object;ILjava/lang/Object;Ljava/lang/Object;)Ljava/lang/Object;' in 'java/lang/invoke/LambdaForm$MH+0x0000000800252c00')}
  0x000000013846a4f0: 0215 85d2 | e2a5 a3f2 | 2200 c0f2 | 4894 40f9 | 0805 0091 | 4894 00f9 

  0x000000013846a508: ;   {metadata(method data for {method} {0x000000011d2f14f8} 'invoke' '(Ljava/lang/Object;Ljava/lang/Object;ILjava/lang/Object;)Ljava/lang/Object;' in 'java/lang/invoke/LambdaForm$MH+0x0000000800252400')}
  0x000000013846a508: 0200 86d2 | e2a5 a3f2 | 2200 c0f2 | 43ac 40b9 | 6308 0011 | 43ac 00b9 | 634c 1f12 | 7f00 0071 
  0x000000013846a528: 206c 0154 

  0x000000013846a52c: ;   {metadata(method data for {method} {0x000000011d2f14f8} 'invoke' '(Ljava/lang/Object;Ljava/lang/Object;ILjava/lang/Object;)Ljava/lang/Object;' in 'java/lang/invoke/LambdaForm$MH+0x0000000800252400')}
  0x000000013846a52c: 0200 86d2 | e2a5 a3f2 | 2200 c0f2 | 4260 0691 | e303 05aa | 8300 00b5 | 4904 40f9 | 2901 40b2 
  0x000000013846a54c: 4904 00f9 

  0x000000013846a550: ;   {metadata(method data for {method} {0x000000011c3625c8} 'invokeStatic' '(Ljava/lang/Object;Ljava/lang/Object;)Ljava/lang/Object;' in 'java/lang/invoke/DirectMethodHandle$Holder')}
  0x000000013846a550: 0285 86d2 | 828e a3f2 | 2200 c0f2 | 42e0 0791 

  0x000000013846a560: ;   {oop(a 'java/lang/invoke/DirectMethodHandle'{0x0000000700864458})}
  0x000000013846a560: 038b 88d2 | c310 a0f2 | e300 c0f2 | ea03 03aa | 8a00 00b5 | 4900 40f9 | 2901 40b2 | 4900 00f9 
  0x000000013846a580: ea03 05aa | 8a00 00b5 | 4908 40f9 | 2901 40b2 | 4908 00f9 

  0x000000013846a594: ;   {metadata(method data for {method} {0x000000011d2f14f8} 'invoke' '(Ljava/lang/Object;Ljava/lang/Object;ILjava/lang/Object;)Ljava/lang/Object;' in 'java/lang/invoke/LambdaForm$MH+0x0000000800252400')}
  0x000000013846a594: 0200 86d2 | e2a5 a3f2 | 2200 c0f2 | 48b0 40f9 | 0805 0091 | 48b0 00f9 

  0x000000013846a5ac: ;   {metadata(method data for {method} {0x000000011c3625c8} 'invokeStatic' '(Ljava/lang/Object;Ljava/lang/Object;)Ljava/lang/Object;' in 'java/lang/invoke/DirectMethodHandle$Holder')}
  0x000000013846a5ac: 0285 86d2 | 828e a3f2 | 2200 c0f2 | 4aac 40b9 | 4a09 0011 | 4aac 00b9 | 4a4d 1f12 | 5f01 0071 
  0x000000013846a5cc: 0068 0154 

  0x000000013846a5d0: ;   {metadata(method data for {method} {0x000000011c3625c8} 'invokeStatic' '(Ljava/lang/Object;Ljava/lang/Object;)Ljava/lang/Object;' in 'java/lang/invoke/DirectMethodHandle$Holder')}
  0x000000013846a5d0: 0285 86d2 | 828e a3f2 | 2200 c0f2 | 4200 0491 | 8300 00b5 | 4904 40f9 | 2901 40b2 | 4904 00f9 
  0x000000013846a5f0: ;   {metadata(method data for {method} {0x000000011c3625c8} 'invokeStatic' '(Ljava/lang/Object;Ljava/lang/Object;)Ljava/lang/Object;' in 'java/lang/invoke/DirectMethodHandle$Holder')}
  0x000000013846a5f0: 0285 86d2 | 828e a3f2 | 2200 c0f2 | 4878 40f9 | 0805 0091 | 4878 00f9 

  0x000000013846a608: ;   {metadata(method data for {method} {0x000000011c07f738} 'internalMemberName' '(Ljava/lang/Object;)Ljava/lang/Object;' in 'java/lang/invoke/DirectMethodHandle')}
  0x000000013846a608: 02c1 84d2 | 428e a3f2 | 2200 c0f2 | 43ac 40b9 | 6308 0011 | 43ac 00b9 | 634c 1f12 | 7f00 0071 
  0x000000013846a628: 2066 0154 

  0x000000013846a62c: ;   {metadata(method data for {method} {0x000000011c3625c8} 'invokeStatic' '(Ljava/lang/Object;Ljava/lang/Object;)Ljava/lang/Object;' in 'java/lang/invoke/DirectMethodHandle$Holder')}
  0x000000013846a62c: 0285 86d2 | 828e a3f2 | 2200 c0f2 | 4240 0491 

  0x000000013846a63c: ;   {oop(a 'java/lang/invoke/MemberName'{0x0000000700864478} = {method} {0x000000011c1c04d0} 'stringOf' '(Ljava/lang/Object;)Ljava/lang/String;' in 'java/lang/StringConcatHelper')}
  0x000000013846a63c: 038f 88d2 | c310 a0f2 | e300 c0f2 | 8300 00b5 | 4900 40f9 | 2901 40b2 | 4900 00f9 

  0x000000013846a658: ;   {metadata(method data for {method} {0x000000011c3625c8} 'invokeStatic' '(Ljava/lang/Object;Ljava/lang/Object;)Ljava/lang/Object;' in 'java/lang/invoke/DirectMethodHandle$Holder')}
  0x000000013846a658: 0285 86d2 | 828e a3f2 | 2200 c0f2 | 42a0 0591 | e303 05aa | 8300 00b5 | 4904 40f9 | 2901 40b2 
  0x000000013846a678: 4904 00f9 

  0x000000013846a67c: ;   {metadata(method data for {method} {0x000000011c3625c8} 'invokeStatic' '(Ljava/lang/Object;Ljava/lang/Object;)Ljava/lang/Object;' in 'java/lang/invoke/DirectMethodHandle$Holder')}
  0x000000013846a67c: 0285 86d2 | 828e a3f2 | 2200 c0f2 | 48ac 40f9 | 0805 0091 | 48ac 00f9 

  0x000000013846a694: ;   {metadata(method data for {method} {0x000000011c1c04d0} 'stringOf' '(Ljava/lang/Object;)Ljava/lang/String;' in 'java/lang/StringConcatHelper')}
  0x000000013846a694: 0250 93d2 | 4289 a3f2 | 2200 c0f2 | 43ac 40b9 | 6308 0011 | 43ac 00b9 | 634c 1f12 | 7f00 0071 
  0x000000013846a6b4: c062 0154 | e203 1faa | bf00 02eb 

  0x000000013846a6c0: ;   {metadata(method data for {method} {0x000000011c1c04d0} 'stringOf' '(Ljava/lang/Object;)Ljava/lang/String;' in 'java/lang/StringConcatHelper')}
  0x000000013846a6c0: 0250 93d2 | 4289 a3f2 | 2200 c0f2 | e80f 7cb2 | e903 78b2 | 0301 899a | 4a68 63f8 | 4a05 0091 
  0x000000013846a6e0: 4a68 23f8 | c003 0054 

  0x000000013846a6e8: ; implicit exception: dispatches to 0x000000013846d32c
  0x000000013846a6e8: bf00 40f9 | e203 05aa 

  0x000000013846a6f0: ;   {metadata(method data for {method} {0x000000011c1c04d0} 'stringOf' '(Ljava/lang/Object;)Ljava/lang/String;' in 'java/lang/StringConcatHelper')}
  0x000000013846a6f0: 0350 93d2 | 4389 a3f2 | 2300 c0f2 | 6888 40f9 | 0805 0091 | 6888 00f9 

  0x000000013846a708: ;   {metadata(method data for {method} {0x000000011c00dd60} 'toString' '()Ljava/lang/String;' in 'java/lang/String')}
  0x000000013846a708: 0220 97d2 | 2289 a3f2 | 2200 c0f2 | 43ac 40b9 | 6308 0011 | 43ac 00b9 | 634c 1f12 | 7f00 0071 
  0x000000013846a728: 4060 0154 | e203 1faa | bf00 02eb 

  0x000000013846a734: ;   {metadata(method data for {method} {0x000000011c1c04d0} 'stringOf' '(Ljava/lang/Object;)Ljava/lang/String;' in 'java/lang/StringConcatHelper')}
  0x000000013846a734: 0250 93d2 | 4289 a3f2 | 2200 c0f2 | 0829 80d2 | 092b 80d2 | 0311 899a | 4a68 63f8 | 4a05 0091 
  0x000000013846a754: 4a68 23f8 | 6101 0054 

  0x000000013846a75c: ;   {metadata(method data for {method} {0x000000011c1c04d0} 'stringOf' '(Ljava/lang/Object;)Ljava/lang/String;' in 'java/lang/StringConcatHelper')}
  0x000000013846a75c: 0250 93d2 | 4289 a3f2 | 2200 c0f2 | 43b4 40f9 | 6304 0091 | 43b4 00f9 

  0x000000013846a774: ;   {oop("null"{0x0000000700844e08})}
  0x000000013846a774: 0ac1 89d2 | 8a10 a0f2 | ea00 c0f2 | 0200 0014 | ea03 05aa 

  0x000000013846a788: ;   {metadata(method data for {method} {0x000000011c3625c8} 'invokeStatic' '(Ljava/lang/Object;Ljava/lang/Object;)Ljava/lang/Object;' in 'java/lang/invoke/DirectMethodHandle$Holder')}
  0x000000013846a788: 0285 86d2 | 828e a3f2 | 2200 c0f2 | 4220 0691 | e303 0aaa | a300 00b5 | 4900 40f9 | 2901 40b2 
  0x000000013846a7a8: 4900 00f9 | 0b00 0014 | 6308 40b9 | 6300 5dd2 | 4900 40f9 | 6300 09ca | 68f4 7e92 | a800 00b4 
  0x000000013846a7c8: 8300 0837 | 4900 40f9 | 2901 7fb2 | 4900 00f9 

  0x000000013846a7d8: ;   {metadata(method data for {method} {0x000000011d2f14f8} 'invoke' '(Ljava/lang/Object;Ljava/lang/Object;ILjava/lang/Object;)Ljava/lang/Object;' in 'java/lang/invoke/LambdaForm$MH+0x0000000800252400')}
  0x000000013846a7d8: 0200 86d2 | e2a5 a3f2 | 2200 c0f2 | 42a0 0691 | e303 0aaa | a300 00b5 | 4900 40f9 | 2901 40b2 
  0x000000013846a7f8: 4900 00f9 | 0b00 0014 | 6308 40b9 | 6300 5dd2 | 4900 40f9 | 6300 09ca | 68f4 7e92 | a800 00b4 
  0x000000013846a818: 8300 0837 | 4900 40f9 | 2901 7fb2 | 4900 00f9 

  0x000000013846a828: ;   {metadata(method data for {method} {0x000000011d2f14f8} 'invoke' '(Ljava/lang/Object;Ljava/lang/Object;ILjava/lang/Object;)Ljava/lang/Object;' in 'java/lang/invoke/LambdaForm$MH+0x0000000800252400')}
  0x000000013846a828: 0200 86d2 | e2a5 a3f2 | 2200 c0f2 | 42c0 0791 | e303 07aa | 8300 00b5 | 4904 40f9 | 2901 40b2 
  0x000000013846a848: 4904 00f9 

  0x000000013846a84c: ;   {metadata(method data for {method} {0x000000011c3625c8} 'invokeStatic' '(Ljava/lang/Object;Ljava/lang/Object;)Ljava/lang/Object;' in 'java/lang/invoke/DirectMethodHandle$Holder')}
  0x000000013846a84c: 0285 86d2 | 828e a3f2 | 2200 c0f2 | 42e0 0791 

  0x000000013846a85c: ;   {oop(a 'java/lang/invoke/DirectMethodHandle'{0x0000000700864458})}
  0x000000013846a85c: 038b 88d2 | c310 a0f2 | e300 c0f2 | eb03 03aa | 8b00 00b5 | 4900 40f9 | 2901 40b2 | 4900 00f9 
  0x000000013846a87c: eb03 07aa | 8b00 00b5 | 4908 40f9 | 2901 40b2 | 4908 00f9 

  0x000000013846a890: ;   {metadata(method data for {method} {0x000000011d2f14f8} 'invoke' '(Ljava/lang/Object;Ljava/lang/Object;ILjava/lang/Object;)Ljava/lang/Object;' in 'java/lang/invoke/LambdaForm$MH+0x0000000800252400')}
  0x000000013846a890: 0200 86d2 | e2a5 a3f2 | 2200 c0f2 | 48dc 40f9 | 0805 0091 | 48dc 00f9 

  0x000000013846a8a8: ;   {metadata(method data for {method} {0x000000011c3625c8} 'invokeStatic' '(Ljava/lang/Object;Ljava/lang/Object;)Ljava/lang/Object;' in 'java/lang/invoke/DirectMethodHandle$Holder')}
  0x000000013846a8a8: 0285 86d2 | 828e a3f2 | 2200 c0f2 | 4bac 40b9 | 6b09 0011 | 4bac 00b9 | 6b4d 1f12 | 7f01 0071 
  0x000000013846a8c8: 4054 0154 

  0x000000013846a8cc: ;   {metadata(method data for {method} {0x000000011c3625c8} 'invokeStatic' '(Ljava/lang/Object;Ljava/lang/Object;)Ljava/lang/Object;' in 'java/lang/invoke/DirectMethodHandle$Holder')}
  0x000000013846a8cc: 0285 86d2 | 828e a3f2 | 2200 c0f2 | 4200 0491 | 8300 00b5 | 4904 40f9 | 2901 40b2 | 4904 00f9 
  0x000000013846a8ec: ;   {metadata(method data for {method} {0x000000011c3625c8} 'invokeStatic' '(Ljava/lang/Object;Ljava/lang/Object;)Ljava/lang/Object;' in 'java/lang/invoke/DirectMethodHandle$Holder')}
  0x000000013846a8ec: 0285 86d2 | 828e a3f2 | 2200 c0f2 | 4878 40f9 | 0805 0091 | 4878 00f9 

  0x000000013846a904: ;   {metadata(method data for {method} {0x000000011c07f738} 'internalMemberName' '(Ljava/lang/Object;)Ljava/lang/Object;' in 'java/lang/invoke/DirectMethodHandle')}
  0x000000013846a904: 02c1 84d2 | 428e a3f2 | 2200 c0f2 | 43ac 40b9 | 6308 0011 | 43ac 00b9 | 634c 1f12 | 7f00 0071 
  0x000000013846a924: 6052 0154 

  0x000000013846a928: ;   {metadata(method data for {method} {0x000000011c3625c8} 'invokeStatic' '(Ljava/lang/Object;Ljava/lang/Object;)Ljava/lang/Object;' in 'java/lang/invoke/DirectMethodHandle$Holder')}
  0x000000013846a928: 0285 86d2 | 828e a3f2 | 2200 c0f2 | 4240 0491 

  0x000000013846a938: ;   {oop(a 'java/lang/invoke/MemberName'{0x0000000700864478} = {method} {0x000000011c1c04d0} 'stringOf' '(Ljava/lang/Object;)Ljava/lang/String;' in 'java/lang/StringConcatHelper')}
  0x000000013846a938: 038f 88d2 | c310 a0f2 | e300 c0f2 | 8300 00b5 | 4900 40f9 | 2901 40b2 | 4900 00f9 

  0x000000013846a954: ;   {metadata(method data for {method} {0x000000011c3625c8} 'invokeStatic' '(Ljava/lang/Object;Ljava/lang/Object;)Ljava/lang/Object;' in 'java/lang/invoke/DirectMethodHandle$Holder')}
  0x000000013846a954: 0285 86d2 | 828e a3f2 | 2200 c0f2 | 42a0 0591 | e303 07aa | 8300 00b5 | 4904 40f9 | 2901 40b2 
  0x000000013846a974: 4904 00f9 

  0x000000013846a978: ;   {metadata(method data for {method} {0x000000011c3625c8} 'invokeStatic' '(Ljava/lang/Object;Ljava/lang/Object;)Ljava/lang/Object;' in 'java/lang/invoke/DirectMethodHandle$Holder')}
  0x000000013846a978: 0285 86d2 | 828e a3f2 | 2200 c0f2 | 48ac 40f9 | 0805 0091 | 48ac 00f9 

  0x000000013846a990: ;   {metadata(method data for {method} {0x000000011c1c04d0} 'stringOf' '(Ljava/lang/Object;)Ljava/lang/String;' in 'java/lang/StringConcatHelper')}
  0x000000013846a990: 0250 93d2 | 4289 a3f2 | 2200 c0f2 | 43ac 40b9 | 6308 0011 | 43ac 00b9 | 634c 1f12 | 7f00 0071 
  0x000000013846a9b0: 004f 0154 | e203 1faa | ff00 02eb 

  0x000000013846a9bc: ;   {metadata(method data for {method} {0x000000011c1c04d0} 'stringOf' '(Ljava/lang/Object;)Ljava/lang/String;' in 'java/lang/StringConcatHelper')}
  0x000000013846a9bc: 0250 93d2 | 4289 a3f2 | 2200 c0f2 | e80f 7cb2 | e903 78b2 | 0301 899a | 4b68 63f8 | 6b05 0091 
  0x000000013846a9dc: 4b68 23f8 | c003 0054 

  0x000000013846a9e4: ; implicit exception: dispatches to 0x000000013846d3b0
  0x000000013846a9e4: ff00 40f9 | e203 07aa 

  0x000000013846a9ec: ;   {metadata(method data for {method} {0x000000011c1c04d0} 'stringOf' '(Ljava/lang/Object;)Ljava/lang/String;' in 'java/lang/StringConcatHelper')}
  0x000000013846a9ec: 0350 93d2 | 4389 a3f2 | 2300 c0f2 | 6888 40f9 | 0805 0091 | 6888 00f9 

  0x000000013846aa04: ;   {metadata(method data for {method} {0x000000011c00dd60} 'toString' '()Ljava/lang/String;' in 'java/lang/String')}
  0x000000013846aa04: 0220 97d2 | 2289 a3f2 | 2200 c0f2 | 43ac 40b9 | 6308 0011 | 43ac 00b9 | 634c 1f12 | 7f00 0071 
  0x000000013846aa24: 804c 0154 | e203 1faa | ff00 02eb 

  0x000000013846aa30: ;   {metadata(method data for {method} {0x000000011c1c04d0} 'stringOf' '(Ljava/lang/Object;)Ljava/lang/String;' in 'java/lang/StringConcatHelper')}
  0x000000013846aa30: 0250 93d2 | 4289 a3f2 | 2200 c0f2 | 0829 80d2 | 092b 80d2 | 0311 899a | 4b68 63f8 | 6b05 0091 
  0x000000013846aa50: 4b68 23f8 | 6101 0054 

  0x000000013846aa58: ;   {metadata(method data for {method} {0x000000011c1c04d0} 'stringOf' '(Ljava/lang/Object;)Ljava/lang/String;' in 'java/lang/StringConcatHelper')}
  0x000000013846aa58: 0250 93d2 | 4289 a3f2 | 2200 c0f2 | 43b4 40f9 | 6304 0091 | 43b4 00f9 

  0x000000013846aa70: ;   {oop("null"{0x0000000700844e08})}
  0x000000013846aa70: 0bc1 89d2 | 8b10 a0f2 | eb00 c0f2 | 0200 0014 | eb03 07aa 

  0x000000013846aa84: ;   {metadata(method data for {method} {0x000000011c3625c8} 'invokeStatic' '(Ljava/lang/Object;Ljava/lang/Object;)Ljava/lang/Object;' in 'java/lang/invoke/DirectMethodHandle$Holder')}
  0x000000013846aa84: 0285 86d2 | 828e a3f2 | 2200 c0f2 | 4220 0691 | e303 0baa | a300 00b5 | 4900 40f9 | 2901 40b2 
  0x000000013846aaa4: 4900 00f9 | 0b00 0014 | 6308 40b9 | 6300 5dd2 | 4900 40f9 | 6300 09ca | 68f4 7e92 | a800 00b4 
  0x000000013846aac4: 8300 0837 | 4900 40f9 | 2901 7fb2 | 4900 00f9 

  0x000000013846aad4: ;   {metadata(method data for {method} {0x000000011d2f14f8} 'invoke' '(Ljava/lang/Object;Ljava/lang/Object;ILjava/lang/Object;)Ljava/lang/Object;' in 'java/lang/invoke/LambdaForm$MH+0x0000000800252400')}
  0x000000013846aad4: 0200 86d2 | e2a5 a3f2 | 2200 c0f2 | 4200 0891 | e303 0baa | a300 00b5 | 4900 40f9 | 2901 40b2 
  0x000000013846aaf4: 4900 00f9 | 0b00 0014 | 6308 40b9 | 6300 5dd2 | 4900 40f9 | 6300 09ca | 68f4 7e92 | a800 00b4 
  0x000000013846ab14: 8300 0837 | 4900 40f9 | 2901 7fb2 | 4900 00f9 | eadb 00f9 | e0cf 00f9 

  0x000000013846ab2c: ;   {metadata(method data for {method} {0x000000011d2f14f8} 'invoke' '(Ljava/lang/Object;Ljava/lang/Object;ILjava/lang/Object;)Ljava/lang/Object;' in 'java/lang/invoke/LambdaForm$MH+0x0000000800252400')}
  0x000000013846ab2c: 0200 86d2 | e2a5 a3f2 | 2200 c0f2 | 4200 0a91 | e303 0baa | a300 00b5 | 4904 40f9 | 2901 40b2 
  0x000000013846ab4c: 4904 00f9 | 0b00 0014 | 6308 40b9 | 6300 5dd2 | 4904 40f9 | 6300 09ca | 68f4 7e92 | a800 00b4 
  0x000000013846ab6c: 8300 0837 | 4904 40f9 | 2901 7fb2 | 4904 00f9 

  0x000000013846ab7c: ;   {metadata(method data for {method} {0x000000011c607ae8} 'invoke' '(Ljava/lang/Object;Ljava/lang/Object;)J' in 'java/lang/invoke/LambdaForm$MH+0x0000000800090400')}
  0x000000013846ab7c: 02ac 8fd2 | 028c a3f2 | 2200 c0f2 | 4240 0891 

  0x000000013846ab8c: ;   {oop(a 'java/lang/invoke/BoundMethodHandle$Species_LJ'{0x0000000700c2a690})}
  0x000000013846ab8c: 03d2 94d2 | 4318 a0f2 | e300 c0f2 | 8300 00b5 | 4900 40f9 | 2901 40b2 | 4900 00f9 | e303 0baa 
  0x000000013846abac: a300 00b5 | 4908 40f9 | 2901 40b2 | 4908 00f9 | 0b00 0014 | 6308 40b9 | 6300 5dd2 | 4908 40f9 
  0x000000013846abcc: 6300 09ca | 68f4 7e92 | a800 00b4 | 8300 0837 | 4908 40f9 | 2901 7fb2 | 4908 00f9 

  0x000000013846abe8: ;   {metadata(method data for {method} {0x000000011d2f14f8} 'invoke' '(Ljava/lang/Object;Ljava/lang/Object;ILjava/lang/Object;)Ljava/lang/Object;' in 'java/lang/invoke/LambdaForm$MH+0x0000000800252400')}
  0x000000013846abe8: 0200 86d2 | e2a5 a3f2 | 2200 c0f2 | 4824 41f9 | 0805 0091 | 4824 01f9 

  0x000000013846ac00: ;   {metadata(method data for {method} {0x000000011c607ae8} 'invoke' '(Ljava/lang/Object;Ljava/lang/Object;)J' in 'java/lang/invoke/LambdaForm$MH+0x0000000800090400')}
  0x000000013846ac00: 02ac 8fd2 | 028c a3f2 | 2200 c0f2 | 43ac 40b9 | 6308 0011 | 43ac 00b9 | 634c 1f12 | 7f00 0071 
  0x000000013846ac20: a03d 0154 

  0x000000013846ac24: ;   {metadata(method data for {method} {0x000000011c607ae8} 'invoke' '(Ljava/lang/Object;Ljava/lang/Object;)J' in 'java/lang/invoke/LambdaForm$MH+0x0000000800090400')}
  0x000000013846ac24: 02ac 8fd2 | 028c a3f2 | 2200 c0f2 | 4260 0691 | e303 0baa | a300 00b5 | 4904 40f9 | 2901 40b2 
  0x000000013846ac44: 4904 00f9 | 0b00 0014 | 6308 40b9 | 6300 5dd2 | 4904 40f9 | 6300 09ca | 68f4 7e92 | a800 00b4 
  0x000000013846ac64: 8300 0837 | 4904 40f9 | 2901 7fb2 | 4904 00f9 

  0x000000013846ac74: ;   {metadata(method data for {method} {0x000000011c3622e0} 'invokeStatic' '(Ljava/lang/Object;JLjava/lang/Object;)J' in 'java/lang/invoke/DirectMethodHandle$Holder')}
  0x000000013846ac74: 02c7 86d2 | 828e a3f2 | 2200 c0f2 | 4200 0891 

  0x000000013846ac84: ;   {oop(a 'java/lang/invoke/DirectMethodHandle'{0x00000007008644d0})}
  0x000000013846ac84: 0c9a 88d2 | cc10 a0f2 | ec00 c0f2 | e303 0caa | 8300 00b5 | 4900 40f9 | 2901 40b2 | 4900 00f9 
  0x000000013846aca4: e303 0baa | a300 00b5 | 4908 40f9 | 2901 40b2 | 4908 00f9 | 0b00 0014 | 6308 40b9 | 6300 5dd2 
  0x000000013846acc4: 4908 40f9 | 6300 09ca | 68f4 7e92 | a800 00b4 | 8300 0837 | 4908 40f9 | 2901 7fb2 | 4908 00f9 
  0x000000013846ace4: ;   {metadata(method data for {method} {0x000000011c607ae8} 'invoke' '(Ljava/lang/Object;Ljava/lang/Object;)J' in 'java/lang/invoke/LambdaForm$MH+0x0000000800090400')}
  0x000000013846ace4: 02ac 8fd2 | 028c a3f2 | 2200 c0f2 | 48b0 40f9 | 0805 0091 | 48b0 00f9 

  0x000000013846acfc: ;   {metadata(method data for {method} {0x000000011c3622e0} 'invokeStatic' '(Ljava/lang/Object;JLjava/lang/Object;)J' in 'java/lang/invoke/DirectMethodHandle$Holder')}
  0x000000013846acfc: 02c7 86d2 | 828e a3f2 | 2200 c0f2 | 43ac 40b9 | 6308 0011 | 43ac 00b9 | 634c 1f12 | 7f00 0071 
  0x000000013846ad1c: c036 0154 

  0x000000013846ad20: ;   {metadata(method data for {method} {0x000000011c3622e0} 'invokeStatic' '(Ljava/lang/Object;JLjava/lang/Object;)J' in 'java/lang/invoke/DirectMethodHandle$Holder')}
  0x000000013846ad20: 02c7 86d2 | 828e a3f2 | 2200 c0f2 | 4200 0491 | e303 0caa | 8300 00b5 | 4904 40f9 | 2901 40b2 
  0x000000013846ad40: 4904 00f9 

  0x000000013846ad44: ;   {metadata(method data for {method} {0x000000011c3622e0} 'invokeStatic' '(Ljava/lang/Object;JLjava/lang/Object;)J' in 'java/lang/invoke/DirectMethodHandle$Holder')}
  0x000000013846ad44: 02c7 86d2 | 828e a3f2 | 2200 c0f2 | 4878 40f9 | 0805 0091 | 4878 00f9 

  0x000000013846ad5c: ;   {metadata(method data for {method} {0x000000011c07f738} 'internalMemberName' '(Ljava/lang/Object;)Ljava/lang/Object;' in 'java/lang/invoke/DirectMethodHandle')}
  0x000000013846ad5c: 02c1 84d2 | 428e a3f2 | 2200 c0f2 | 43ac 40b9 | 6308 0011 | 43ac 00b9 | 634c 1f12 | 7f00 0071 
  0x000000013846ad7c: c034 0154 

  0x000000013846ad80: ;   {metadata(method data for {method} {0x000000011c3622e0} 'invokeStatic' '(Ljava/lang/Object;JLjava/lang/Object;)J' in 'java/lang/invoke/DirectMethodHandle$Holder')}
  0x000000013846ad80: 02c7 86d2 | 828e a3f2 | 2200 c0f2 | 4240 0491 

  0x000000013846ad90: ;   {oop(a 'java/lang/invoke/MemberName'{0x00000007008644f0} = {method} {0x000000011c1bf5f8} 'mix' '(JLjava/lang/String;)J' in 'java/lang/StringConcatHelper')}
  0x000000013846ad90: 0d9e 88d2 | cd10 a0f2 | ed00 c0f2 | e303 0daa | 8300 00b5 | 4900 40f9 | 2901 40b2 | 4900 00f9 
  0x000000013846adb0: ;   {metadata(method data for {method} {0x000000011c3622e0} 'invokeStatic' '(Ljava/lang/Object;JLjava/lang/Object;)J' in 'java/lang/invoke/DirectMethodHandle$Holder')}
  0x000000013846adb0: 02c7 86d2 | 828e a3f2 | 2200 c0f2 | 42a0 0591 | e303 0baa | a300 00b5 | 4904 40f9 | 2901 40b2 
  0x000000013846add0: 4904 00f9 | 0b00 0014 | 6308 40b9 | 6300 5dd2 | 4904 40f9 | 6300 09ca | 68f4 7e92 | a800 00b4 
  0x000000013846adf0: 8300 0837 | 4904 40f9 | 2901 7fb2 | 4904 00f9 | e303 0daa | 8300 00b5 | 490c 40f9 | 2901 40b2 
  0x000000013846ae10: 490c 00f9 

  0x000000013846ae14: ;   {metadata(method data for {method} {0x000000011c3622e0} 'invokeStatic' '(Ljava/lang/Object;JLjava/lang/Object;)J' in 'java/lang/invoke/DirectMethodHandle$Holder')}
  0x000000013846ae14: 02c7 86d2 | 828e a3f2 | 2200 c0f2 | 48ac 40f9 | 0805 0091 | 48ac 00f9 | e103 7eb2 | e203 0baa 
  0x000000013846ae34: e303 0daa | ed2f 1ca9 | ecdf 00f9 

  0x000000013846ae40: ; ImmutableOopMap {[360]=Oop [448]=Oop [440]=Oop [472]=Oop [480]=Oop [408]=Oop [464]=Oop [432]=Oop [456]=Oop [352]=Oop }
                      ;*invokestatic linkToStatic {reexecute=0 rethrow=0 return_oop=0}
                      ; - java.lang.invoke.DirectMethodHandle$Holder::invokeStatic@13
                      ; - java.lang.invoke.LambdaForm$MH/0x0000000800090400::invoke@23
                      ; - java.lang.invoke.LambdaForm$MH/0x0000000800252400::invoke@46
                      ; - java.lang.invoke.LambdaForm$MH/0x0000000800252c00::linkToTargetMethod@7
                      ; - com.ctre.phoenix6.hardware.DeviceIdentifier::toString@20 (line 51)
                      ; - com.ctre.phoenix6.configs.ParentConfigurator::setConfigsPrivate@98 (line 86)
                      ;   {static_call}
  0x000000013846ae40: b029 c495 | e0f7 00f9 

  0x000000013846ae48: ;   {metadata(method data for {method} {0x000000011c5d9550} 'reinvoke_L' '(Ljava/lang/Object;JI)J' in 'java/lang/invoke/DelegatingMethodHandle$Holder')}
  0x000000013846ae48: 01d7 94d2 | 41a6 a3f2 | 2100 c0f2 | 2120 0891 

  0x000000013846ae58: ;   {oop(a 'java/lang/invoke/BoundMethodHandle$Species_L'{0x000000070085bd48})}
  0x000000013846ae58: 02a9 97d2 | a210 a0f2 | e200 c0f2 | 8200 00b5 | 2900 40f9 | 2901 40b2 | 2900 00f9 

  0x000000013846ae74: ;   {metadata(method data for {method} {0x000000011d2f14f8} 'invoke' '(Ljava/lang/Object;Ljava/lang/Object;ILjava/lang/Object;)Ljava/lang/Object;' in 'java/lang/invoke/LambdaForm$MH+0x0000000800252400')}
  0x000000013846ae74: 0100 86d2 | e1a5 a3f2 | 2100 c0f2 | 2868 41f9 | 0805 0091 | 2868 01f9 

  0x000000013846ae8c: ;   {metadata(method data for {method} {0x000000011c5d9550} 'reinvoke_L' '(Ljava/lang/Object;JI)J' in 'java/lang/invoke/DelegatingMethodHandle$Holder')}
  0x000000013846ae8c: 01d7 94d2 | 41a6 a3f2 | 2100 c0f2 | 22ac 40b9 | 4208 0011 | 22ac 00b9 | 424c 1f12 | 5f00 0071 
  0x000000013846aeac: 402c 0154 

  0x000000013846aeb0: ;   {metadata(method data for {method} {0x000000011c361f20} 'invokeStatic' '(Ljava/lang/Object;JI)J' in 'java/lang/invoke/DirectMethodHandle$Holder')}
  0x000000013846aeb0: 0149 9bd2 | e18e a3f2 | 2100 c0f2 | 21c0 0791 

  0x000000013846aec0: ;   {oop(a 'java/lang/invoke/DirectMethodHandle'{0x000000070085bcf8})}
  0x000000013846aec0: 029f 97d2 | a210 a0f2 | e200 c0f2 | e303 02aa | 8300 00b5 | 2900 40f9 | 2901 40b2 | 2900 00f9 
  0x000000013846aee0: ;   {metadata(method data for {method} {0x000000011c5d9550} 'reinvoke_L' '(Ljava/lang/Object;JI)J' in 'java/lang/invoke/DelegatingMethodHandle$Holder')}
  0x000000013846aee0: 01d7 94d2 | 41a6 a3f2 | 2100 c0f2 | 28b0 40f9 | 0805 0091 | 28b0 00f9 

  0x000000013846aef8: ;   {metadata(method data for {method} {0x000000011c361f20} 'invokeStatic' '(Ljava/lang/Object;JI)J' in 'java/lang/invoke/DirectMethodHandle$Holder')}
  0x000000013846aef8: 0149 9bd2 | e18e a3f2 | 2100 c0f2 | 23ac 40b9 | 6308 0011 | 23ac 00b9 | 634c 1f12 | 7f00 0071 
  0x000000013846af18: e029 0154 

  0x000000013846af1c: ;   {metadata(method data for {method} {0x000000011c361f20} 'invokeStatic' '(Ljava/lang/Object;JI)J' in 'java/lang/invoke/DirectMethodHandle$Holder')}
  0x000000013846af1c: 0149 9bd2 | e18e a3f2 | 2100 c0f2 | 2100 0491 | 8200 00b5 | 2904 40f9 | 2901 40b2 | 2904 00f9 
  0x000000013846af3c: ;   {metadata(method data for {method} {0x000000011c361f20} 'invokeStatic' '(Ljava/lang/Object;JI)J' in 'java/lang/invoke/DirectMethodHandle$Holder')}
  0x000000013846af3c: 0149 9bd2 | e18e a3f2 | 2100 c0f2 | 2878 40f9 | 0805 0091 | 2878 00f9 

  0x000000013846af54: ;   {metadata(method data for {method} {0x000000011c07f738} 'internalMemberName' '(Ljava/lang/Object;)Ljava/lang/Object;' in 'java/lang/invoke/DirectMethodHandle')}
  0x000000013846af54: 01c1 84d2 | 418e a3f2 | 2100 c0f2 | 22ac 40b9 | 4208 0011 | 22ac 00b9 | 424c 1f12 | 5f00 0071 
  0x000000013846af74: 0028 0154 

  0x000000013846af78: ;   {metadata(method data for {method} {0x000000011c361f20} 'invokeStatic' '(Ljava/lang/Object;JI)J' in 'java/lang/invoke/DirectMethodHandle$Holder')}
  0x000000013846af78: 0149 9bd2 | e18e a3f2 | 2100 c0f2 | 2140 0491 

  0x000000013846af88: ;   {oop(a 'java/lang/invoke/MemberName'{0x000000070085bd18} = {method} {0x000000011c1bf478} 'mix' '(JI)J' in 'java/lang/StringConcatHelper')}
  0x000000013846af88: 02a3 97d2 | a210 a0f2 | e200 c0f2 | 8200 00b5 | 2900 40f9 | 2901 40b2 | 2900 00f9 

  0x000000013846afa4: ;   {metadata(method data for {method} {0x000000011c361f20} 'invokeStatic' '(Ljava/lang/Object;JI)J' in 'java/lang/invoke/DirectMethodHandle$Holder')}
  0x000000013846afa4: 0149 9bd2 | e18e a3f2 | 2100 c0f2 | 28ac 40f9 | 0805 0091 | 28ac 00f9 

  0x000000013846afbc: ;   {metadata(method data for {method} {0x000000011c1bf478} 'mix' '(JI)J' in 'java/lang/StringConcatHelper')}
  0x000000013846afbc: 0101 93d2 | e18e a3f2 | 2100 c0f2 | 22ac 40b9 | 4208 0011 | 22ac 00b9 | 424c 1f12 | 5f00 0071 
  0x000000013846afdc: c025 0154 

  0x000000013846afe0: ;   {metadata(method data for {method} {0x000000011c1bf478} 'mix' '(JI)J' in 'java/lang/StringConcatHelper')}
  0x000000013846afe0: 0101 93d2 | e18e a3f2 | 2100 c0f2 | 2878 40f9 | 0805 0091 | 2878 00f9 | e18f 41b9 

  0x000000013846affc: ; ImmutableOopMap {[360]=Oop [448]=Oop [440]=Oop [472]=Oop [480]=Oop [408]=Oop [464]=Oop [432]=Oop [456]=Oop [352]=Oop }
                      ;*invokestatic stringSize {reexecute=0 rethrow=0 return_oop=0}
                      ; - java.lang.StringConcatHelper::mix@2 (line 112)
                      ; - java.lang.invoke.DirectMethodHandle$Holder::invokeStatic@13
                      ; - java.lang.invoke.DelegatingMethodHandle$Holder::reinvoke_L@16
                      ; - java.lang.invoke.LambdaForm$MH/0x0000000800252400::invoke@65
                      ; - java.lang.invoke.LambdaForm$MH/0x0000000800252c00::linkToTargetMethod@7
                      ; - com.ctre.phoenix6.hardware.DeviceIdentifier::toString@20 (line 51)
                      ; - com.ctre.phoenix6.configs.ParentConfigurator::setConfigsPrivate@98 (line 86)
                      ;   {static_call}
  0x000000013846affc: 4129 c495 

  0x000000013846b000: ;   {metadata(method data for {method} {0x000000011c1bf478} 'mix' '(JI)J' in 'java/lang/StringConcatHelper')}
  0x000000013846b000: 0101 93d2 | e18e a3f2 | 2100 c0f2 | 2880 40f9 | 0805 0091 | 2880 00f9 | 007c 4093 | e2f7 40f9 
  0x000000013846b020: 0100 028b 

  0x000000013846b024: ; ImmutableOopMap {[360]=Oop [448]=Oop [440]=Oop [472]=Oop [480]=Oop [408]=Oop [464]=Oop [432]=Oop [456]=Oop [352]=Oop }
                      ;*invokestatic checkOverflow {reexecute=0 rethrow=0 return_oop=0}
                      ; - java.lang.StringConcatHelper::mix@7 (line 112)
                      ; - java.lang.invoke.DirectMethodHandle$Holder::invokeStatic@13
                      ; - java.lang.invoke.DelegatingMethodHandle$Holder::reinvoke_L@16
                      ; - java.lang.invoke.LambdaForm$MH/0x0000000800252400::invoke@65
                      ; - java.lang.invoke.LambdaForm$MH/0x0000000800252c00::linkToTargetMethod@7
                      ; - com.ctre.phoenix6.hardware.DeviceIdentifier::toString@20 (line 51)
                      ; - com.ctre.phoenix6.configs.ParentConfigurator::setConfigsPrivate@98 (line 86)
                      ;   {static_call}
  0x000000013846b024: 3729 c495 | e0fb 00f9 

  0x000000013846b02c: ;   {metadata(method data for {method} {0x000000011d2f14f8} 'invoke' '(Ljava/lang/Object;Ljava/lang/Object;ILjava/lang/Object;)Ljava/lang/Object;' in 'java/lang/invoke/LambdaForm$MH+0x0000000800252400')}
  0x000000013846b02c: 0100 86d2 | e1a5 a3f2 | 2100 c0f2 | 21e0 0d91 | eadb 40f9 | e203 0aaa | a200 00b5 | 2904 40f9 
  0x000000013846b04c: 2901 40b2 | 2904 00f9 | 0b00 0014 | 4208 40b9 | 4200 5dd2 | 2904 40f9 | 4200 09ca | 48f4 7e92 
  0x000000013846b06c: a800 00b4 | 8200 0837 | 2904 40f9 | 2901 7fb2 | 2904 00f9 

  0x000000013846b080: ;   {metadata(method data for {method} {0x000000011c5d9cd0} 'reinvoke_L' '(Ljava/lang/Object;JLjava/lang/Object;)J' in 'java/lang/invoke/DelegatingMethodHandle$Holder')}
  0x000000013846b080: 01a8 87d2 | c18f a3f2 | 2100 c0f2 | 2180 0891 

  0x000000013846b090: ;   {oop(a 'java/lang/invoke/BoundMethodHandle$Species_L'{0x0000000700864520})}
  0x000000013846b090: 02a4 88d2 | c210 a0f2 | e200 c0f2 | 8200 00b5 | 2900 40f9 | 2901 40b2 | 2900 00f9 | e203 0aaa 
  0x000000013846b0b0: a200 00b5 | 2908 40f9 | 2901 40b2 | 2908 00f9 | 0b00 0014 | 4208 40b9 | 4200 5dd2 | 2908 40f9 
  0x000000013846b0d0: 4200 09ca | 48f4 7e92 | a800 00b4 | 8200 0837 | 2908 40f9 | 2901 7fb2 | 2908 00f9 

  0x000000013846b0ec: ;   {metadata(method data for {method} {0x000000011d2f14f8} 'invoke' '(Ljava/lang/Object;Ljava/lang/Object;ILjava/lang/Object;)Ljava/lang/Object;' in 'java/lang/invoke/LambdaForm$MH+0x0000000800252400')}
  0x000000013846b0ec: 0100 86d2 | e1a5 a3f2 | 2100 c0f2 | 28a0 41f9 | 0805 0091 | 28a0 01f9 

  0x000000013846b104: ;   {metadata(method data for {method} {0x000000011c5d9cd0} 'reinvoke_L' '(Ljava/lang/Object;JLjava/lang/Object;)J' in 'java/lang/invoke/DelegatingMethodHandle$Holder')}
  0x000000013846b104: 01a8 87d2 | c18f a3f2 | 2100 c0f2 | 22ac 40b9 | 4208 0011 | 22ac 00b9 | 424c 1f12 | 5f00 0071 
  0x000000013846b124: 801c 0154 

  0x000000013846b128: ;   {metadata(method data for {method} {0x000000011c5d9cd0} 'reinvoke_L' '(Ljava/lang/Object;JLjava/lang/Object;)J' in 'java/lang/invoke/DelegatingMethodHandle$Holder')}
  0x000000013846b128: 01a8 87d2 | c18f a3f2 | 2100 c0f2 | 2160 0691 | e203 0aaa | a200 00b5 | 2904 40f9 | 2901 40b2 
  0x000000013846b148: 2904 00f9 | 0b00 0014 | 4208 40b9 | 4200 5dd2 | 2904 40f9 | 4200 09ca | 48f4 7e92 | a800 00b4 
  0x000000013846b168: 8200 0837 | 2904 40f9 | 2901 7fb2 | 2904 00f9 

  0x000000013846b178: ;   {metadata(method data for {method} {0x000000011c3622e0} 'invokeStatic' '(Ljava/lang/Object;JLjava/lang/Object;)J' in 'java/lang/invoke/DirectMethodHandle$Holder')}
  0x000000013846b178: 01c7 86d2 | 818e a3f2 | 2100 c0f2 | 2100 0891 | ecdf 40f9 | e203 0caa | 8200 00b5 | 2900 40f9 
  0x000000013846b198: 2901 40b2 | 2900 00f9 | e203 0aaa | a200 00b5 | 2908 40f9 | 2901 40b2 | 2908 00f9 | 0b00 0014 
  0x000000013846b1b8: 4208 40b9 | 4200 5dd2 | 2908 40f9 | 4200 09ca | 48f4 7e92 | a800 00b4 | 8200 0837 | 2908 40f9 
  0x000000013846b1d8: 2901 7fb2 | 2908 00f9 

  0x000000013846b1e0: ;   {metadata(method data for {method} {0x000000011c5d9cd0} 'reinvoke_L' '(Ljava/lang/Object;JLjava/lang/Object;)J' in 'java/lang/invoke/DelegatingMethodHandle$Holder')}
  0x000000013846b1e0: 01a8 87d2 | c18f a3f2 | 2100 c0f2 | 28b0 40f9 | 0805 0091 | 28b0 00f9 

  0x000000013846b1f8: ;   {metadata(method data for {method} {0x000000011c3622e0} 'invokeStatic' '(Ljava/lang/Object;JLjava/lang/Object;)J' in 'java/lang/invoke/DirectMethodHandle$Holder')}
  0x000000013846b1f8: 01c7 86d2 | 818e a3f2 | 2100 c0f2 | 22ac 40b9 | 4208 0011 | 22ac 00b9 | 424c 1f12 | 5f00 0071 
  0x000000013846b218: e015 0154 

  0x000000013846b21c: ;   {metadata(method data for {method} {0x000000011c3622e0} 'invokeStatic' '(Ljava/lang/Object;JLjava/lang/Object;)J' in 'java/lang/invoke/DirectMethodHandle$Holder')}
  0x000000013846b21c: 01c7 86d2 | 818e a3f2 | 2100 c0f2 | 2100 0491 | e203 0caa | 8200 00b5 | 2904 40f9 | 2901 40b2 
  0x000000013846b23c: 2904 00f9 

  0x000000013846b240: ;   {metadata(method data for {method} {0x000000011c3622e0} 'invokeStatic' '(Ljava/lang/Object;JLjava/lang/Object;)J' in 'java/lang/invoke/DirectMethodHandle$Holder')}
  0x000000013846b240: 01c7 86d2 | 818e a3f2 | 2100 c0f2 | 2878 40f9 | 0805 0091 | 2878 00f9 

  0x000000013846b258: ;   {metadata(method data for {method} {0x000000011c07f738} 'internalMemberName' '(Ljava/lang/Object;)Ljava/lang/Object;' in 'java/lang/invoke/DirectMethodHandle')}
  0x000000013846b258: 01c1 84d2 | 418e a3f2 | 2100 c0f2 | 22ac 40b9 | 4208 0011 | 22ac 00b9 | 424c 1f12 | 5f00 0071 
  0x000000013846b278: e013 0154 

  0x000000013846b27c: ;   {metadata(method data for {method} {0x000000011c3622e0} 'invokeStatic' '(Ljava/lang/Object;JLjava/lang/Object;)J' in 'java/lang/invoke/DirectMethodHandle$Holder')}
  0x000000013846b27c: 01c7 86d2 | 818e a3f2 | 2100 c0f2 | 2140 0491 | ede3 40f9 | e203 0daa | 8200 00b5 | 2900 40f9 
  0x000000013846b29c: 2901 40b2 | 2900 00f9 

  0x000000013846b2a4: ;   {metadata(method data for {method} {0x000000011c3622e0} 'invokeStatic' '(Ljava/lang/Object;JLjava/lang/Object;)J' in 'java/lang/invoke/DirectMethodHandle$Holder')}
  0x000000013846b2a4: 01c7 86d2 | 818e a3f2 | 2100 c0f2 | 21a0 0591 | e203 0aaa | a200 00b5 | 2904 40f9 | 2901 40b2 
  0x000000013846b2c4: 2904 00f9 | 0b00 0014 | 4208 40b9 | 4200 5dd2 | 2904 40f9 | 4200 09ca | 48f4 7e92 | a800 00b4 
  0x000000013846b2e4: 8200 0837 | 2904 40f9 | 2901 7fb2 | 2904 00f9 | e203 0daa | 8200 00b5 | 290c 40f9 | 2901 40b2 
  0x000000013846b304: 290c 00f9 

  0x000000013846b308: ;   {metadata(method data for {method} {0x000000011c3622e0} 'invokeStatic' '(Ljava/lang/Object;JLjava/lang/Object;)J' in 'java/lang/invoke/DirectMethodHandle$Holder')}
  0x000000013846b308: 01c7 86d2 | 818e a3f2 | 2100 c0f2 | 28ac 40f9 | 0805 0091 | 28ac 00f9 | e103 00aa | e203 0aaa 
  0x000000013846b328: e303 0daa | eadb 00f9 

  0x000000013846b330: ; ImmutableOopMap {[360]=Oop [472]=Oop [480]=Oop [408]=Oop [464]=Oop [456]=Oop [352]=Oop [432]=Oop }
                      ;*invokestatic linkToStatic {reexecute=0 rethrow=0 return_oop=0}
                      ; - java.lang.invoke.DirectMethodHandle$Holder::invokeStatic@13
                      ; - java.lang.invoke.DelegatingMethodHandle$Holder::reinvoke_L@16
                      ; - java.lang.invoke.LambdaForm$MH/0x0000000800252400::invoke@85
                      ; - java.lang.invoke.LambdaForm$MH/0x0000000800252c00::linkToTargetMethod@7
                      ; - com.ctre.phoenix6.hardware.DeviceIdentifier::toString@20 (line 51)
                      ; - com.ctre.phoenix6.configs.ParentConfigurator::setConfigsPrivate@98 (line 86)
                      ;   {static_call}
  0x000000013846b330: 7428 c495 | e0ff 00f9 

  0x000000013846b338: ;   {metadata(method data for {method} {0x000000011c6062d0} 'invoke' '(Ljava/lang/Object;J)Ljava/lang/Object;' in 'java/lang/invoke/LambdaForm$MH+0x000000080008d800')}
  0x000000013846b338: 01a9 8cd2 | 018c a3f2 | 2100 c0f2 | 2180 0891 

  0x000000013846b348: ;   {oop(a 'java/lang/invoke/BoundMethodHandle$Species_LL'{0x0000000700c2a638})}
  0x000000013846b348: 02c7 94d2 | 4218 a0f2 | e200 c0f2 | 8200 00b5 | 2900 40f9 | 2901 40b2 | 2900 00f9 

  0x000000013846b364: ;   {metadata(method data for {method} {0x000000011d2f14f8} 'invoke' '(Ljava/lang/Object;Ljava/lang/Object;ILjava/lang/Object;)Ljava/lang/Object;' in 'java/lang/invoke/LambdaForm$MH+0x0000000800252400')}
  0x000000013846b364: 0100 86d2 | e1a5 a3f2 | 2100 c0f2 | 28e4 41f9 | 0805 0091 | 28e4 01f9 

  0x000000013846b37c: ;   {metadata(method data for {method} {0x000000011c6062d0} 'invoke' '(Ljava/lang/Object;J)Ljava/lang/Object;' in 'java/lang/invoke/LambdaForm$MH+0x000000080008d800')}
  0x000000013846b37c: 01a9 8cd2 | 018c a3f2 | 2100 c0f2 | 22ac 40b9 | 4208 0011 | 22ac 00b9 | 424c 1f12 | 5f00 0071 
  0x000000013846b39c: c00b 0154 

  0x000000013846b3a0: ;   {metadata(method data for {method} {0x000000011c6062d0} 'invoke' '(Ljava/lang/Object;J)Ljava/lang/Object;' in 'java/lang/invoke/LambdaForm$MH+0x000000080008d800')}
  0x000000013846b3a0: 01a9 8cd2 | 018c a3f2 | 2100 c0f2 | 2160 0691 

  0x000000013846b3b0: ;   {oop("")"{0x0000000700c2a660})}
  0x000000013846b3b0: 02cc 94d2 | 4218 a0f2 | e200 c0f2 | e303 02aa | 8300 00b5 | 2904 40f9 | 2901 40b2 | 2904 00f9 
  0x000000013846b3d0: ;   {metadata(method data for {method} {0x000000011c362458} 'invokeStatic' '(Ljava/lang/Object;Ljava/lang/Object;J)Ljava/lang/Object;' in 'java/lang/invoke/DirectMethodHandle$Holder')}
  0x000000013846b3d0: 010a 87d2 | 818e a3f2 | 2100 c0f2 | 2120 0891 

  0x000000013846b3e0: ;   {oop(a 'java/lang/invoke/DirectMethodHandle'{0x000000070085bda8})}
  0x000000013846b3e0: 03b5 97d2 | a310 a0f2 | e300 c0f2 | e403 03aa | 8400 00b5 | 2900 40f9 | 2901 40b2 | 2900 00f9 
  0x000000013846b400: e403 02aa | 8400 00b5 | 2908 40f9 | 2901 40b2 | 2908 00f9 

  0x000000013846b414: ;   {metadata(method data for {method} {0x000000011c6062d0} 'invoke' '(Ljava/lang/Object;J)Ljava/lang/Object;' in 'java/lang/invoke/LambdaForm$MH+0x000000080008d800')}
  0x000000013846b414: 01a9 8cd2 | 018c a3f2 | 2100 c0f2 | 28b0 40f9 | 0805 0091 | 28b0 00f9 

  0x000000013846b42c: ;   {metadata(method data for {method} {0x000000011c362458} 'invokeStatic' '(Ljava/lang/Object;Ljava/lang/Object;J)Ljava/lang/Object;' in 'java/lang/invoke/DirectMethodHandle$Holder')}
  0x000000013846b42c: 010a 87d2 | 818e a3f2 | 2100 c0f2 | 24ac 40b9 | 8408 0011 | 24ac 00b9 | 844c 1f12 | 9f00 0071 
  0x000000013846b44c: 4007 0154 

  0x000000013846b450: ;   {metadata(method data for {method} {0x000000011c362458} 'invokeStatic' '(Ljava/lang/Object;Ljava/lang/Object;J)Ljava/lang/Object;' in 'java/lang/invoke/DirectMethodHandle$Holder')}
  0x000000013846b450: 010a 87d2 | 818e a3f2 | 2100 c0f2 | 2100 0491 | 8300 00b5 | 2904 40f9 | 2901 40b2 | 2904 00f9 
  0x000000013846b470: ;   {metadata(method data for {method} {0x000000011c362458} 'invokeStatic' '(Ljava/lang/Object;Ljava/lang/Object;J)Ljava/lang/Object;' in 'java/lang/invoke/DirectMethodHandle$Holder')}
  0x000000013846b470: 010a 87d2 | 818e a3f2 | 2100 c0f2 | 2878 40f9 | 0805 0091 | 2878 00f9 

  0x000000013846b488: ;   {metadata(method data for {method} {0x000000011c07f738} 'internalMemberName' '(Ljava/lang/Object;)Ljava/lang/Object;' in 'java/lang/invoke/DirectMethodHandle')}
  0x000000013846b488: 01c1 84d2 | 418e a3f2 | 2100 c0f2 | 23ac 40b9 | 6308 0011 | 23ac 00b9 | 634c 1f12 | 7f00 0071 
  0x000000013846b4a8: 6005 0154 

  0x000000013846b4ac: ;   {metadata(method data for {method} {0x000000011c362458} 'invokeStatic' '(Ljava/lang/Object;Ljava/lang/Object;J)Ljava/lang/Object;' in 'java/lang/invoke/DirectMethodHandle$Holder')}
  0x000000013846b4ac: 010a 87d2 | 818e a3f2 | 2100 c0f2 | 2140 0491 

  0x000000013846b4bc: ;   {oop(a 'java/lang/invoke/MemberName'{0x000000070085bdc8} = {method} {0x000000011c1c05b8} 'newArrayWithSuffix' '(Ljava/lang/String;J)[B' in 'java/lang/StringConcatHelper')}
  0x000000013846b4bc: 03b9 97d2 | a310 a0f2 | e300 c0f2 | 8300 00b5 | 2900 40f9 | 2901 40b2 | 2900 00f9 

  0x000000013846b4d8: ;   {metadata(method data for {method} {0x000000011c362458} 'invokeStatic' '(Ljava/lang/Object;Ljava/lang/Object;J)Ljava/lang/Object;' in 'java/lang/invoke/DirectMethodHandle$Holder')}
  0x000000013846b4d8: 010a 87d2 | 818e a3f2 | 2100 c0f2 | 21a0 0591 | e303 02aa | 8300 00b5 | 2904 40f9 | 2901 40b2 
  0x000000013846b4f8: 2904 00f9 

  0x000000013846b4fc: ;   {metadata(method data for {method} {0x000000011c362458} 'invokeStatic' '(Ljava/lang/Object;Ljava/lang/Object;J)Ljava/lang/Object;' in 'java/lang/invoke/DirectMethodHandle$Holder')}
  0x000000013846b4fc: 010a 87d2 | 818e a3f2 | 2100 c0f2 | 28ac 40f9 | 0805 0091 | 28ac 00f9 

  0x000000013846b514: ;   {metadata(method data for {method} {0x000000011c1c05b8} 'newArrayWithSuffix' '(Ljava/lang/String;J)[B' in 'java/lang/StringConcatHelper')}
  0x000000013846b514: 01c6 89d2 | 219a a3f2 | 2100 c0f2 | 23ac 40b9 | 6308 0011 | 23ac 00b9 | 634c 1f12 | 7f00 0071 
  0x000000013846b534: 0002 0154 | e103 02aa 

  0x000000013846b53c: ;   {metadata(method data for {method} {0x000000011c1c05b8} 'newArrayWithSuffix' '(Ljava/lang/String;J)[B' in 'java/lang/StringConcatHelper')}
  0x000000013846b53c: 03c6 89d2 | 239a a3f2 | 2300 c0f2 | 6878 40f9 | 0805 0091 | 6878 00f9 

  0x000000013846b554: ;   {metadata(method data for {method} {0x000000011c009948} 'length' '()I' in 'java/lang/String')}
  0x000000013846b554: 01ea 9cd2 | 4185 a3f2 | 2100 c0f2 | 23ac 40b9 | 6308 0011 | 23ac 00b9 | 634c 1f12 | 7f00 0071 
  0x000000013846b574: 0001 0154 | e103 02aa 

  0x000000013846b57c: ;   {metadata(method data for {method} {0x000000011c009948} 'length' '()I' in 'java/lang/String')}
  0x000000013846b57c: 03ea 9cd2 | 4385 a3f2 | 2300 c0f2 | 6878 40f9 | 0805 0091 | 6878 00f9 | e103 02aa 

  0x000000013846b598: ; ImmutableOopMap {[360]=Oop [472]=Oop [480]=Oop [408]=Oop [464]=Oop [456]=Oop [352]=Oop [432]=Oop }
                      ;*invokevirtual coder {reexecute=0 rethrow=0 return_oop=0}
                      ; - java.lang.String::length@6 (line 1481)
                      ; - java.lang.StringConcatHelper::newArrayWithSuffix@2 (line 475)
                      ; - java.lang.invoke.DirectMethodHandle$Holder::invokeStatic@13
                      ; - java.lang.invoke.LambdaForm$MH/0x000000080008d800::invoke@23
                      ; - java.lang.invoke.LambdaForm$MH/0x0000000800252400::invoke@103
                      ; - java.lang.invoke.LambdaForm$MH/0x0000000800252c00::linkToTargetMethod@7
                      ; - com.ctre.phoenix6.hardware.DeviceIdentifier::toString@20 (line 51)
                      ; - com.ctre.phoenix6.configs.ParentConfigurator::setConfigsPrivate@98 (line 86)
                      ;   {optimized virtual_call}
  0x000000013846b598: 5a26 c495 | e203 1f32 | 0310 0012 | 4228 c31a | 427c 4093 | e0ff 40f9 | 4400 008b | e407 01f9 
  0x000000013846b5b8: ;   {metadata(method data for {method} {0x000000011c1c05b8} 'newArrayWithSuffix' '(Ljava/lang/String;J)[B' in 'java/lang/StringConcatHelper')}
  0x000000013846b5b8: 02c6 89d2 | 229a a3f2 | 2200 c0f2 | 4894 40f9 | 0805 0091 | 4894 00f9 

  0x000000013846b5d0: ;   {metadata(method data for {method} {0x000000011c1c06b0} 'newArray' '(J)[B' in 'java/lang/StringConcatHelper')}
  0x000000013846b5d0: 0237 92d2 | 4289 a3f2 | 2200 c0f2 | 43ac 40b9 | 6308 0011 | 43ac 00b9 | 634c 1f12 | 7f00 0071 
  0x000000013846b5f0: 20fe 0054 | 82fc 6093 | 427c 40d3 | 421c 4093 | e203 02b9 | 837c 40d3 | 4110 0012 | 6520 c11a 
  0x000000013846b610: e507 02b9 | bf00 0071 

  0x000000013846b618: ;   {metadata(method data for {method} {0x000000011c1c06b0} 'newArray' '(J)[B' in 'java/lang/StringConcatHelper')}
  0x000000013846b618: 0337 92d2 | 4389 a3f2 | 2300 c0f2 | e803 78b2 | e90f 7cb2 | 01b1 899a | 6668 61f8 | c604 0091 
  0x000000013846b638: 6668 21f8 | 6bd1 0054 

  0x000000013846b640: ;   {oop(a 'jdk/internal/misc/Unsafe'{0x000000070069a150})}
  0x000000013846b640: 012a 94d2 | 210d a0f2 | e100 c0f2 | e303 01aa 

  0x000000013846b650: ;   {metadata(method data for {method} {0x000000011c1c06b0} 'newArray' '(J)[B' in 'java/lang/StringConcatHelper')}
  0x000000013846b650: 0637 92d2 | 4689 a3f2 | 2600 c0f2 | c890 40f9 | 0805 0091 | c890 00f9 

  0x000000013846b668: ;   {oop(a 'java/lang/Class'{0x0000000700680858} = byte)}
  0x000000013846b668: 020b 81d2 | 020d a0f2 | e200 c0f2 | e303 05aa 

  0x000000013846b678: ; ImmutableOopMap {[360]=Oop [472]=Oop [480]=Oop [408]=Oop [464]=Oop [456]=Oop [352]=Oop [432]=Oop }
                      ;*invokevirtual allocateUninitializedArray {reexecute=0 rethrow=0 return_oop=0}
                      ; - java.lang.StringConcatHelper::newArray@33 (line 497)
                      ; - java.lang.StringConcatHelper::newArrayWithSuffix@7 (line 475)
                      ; - java.lang.invoke.DirectMethodHandle$Holder::invokeStatic@13
                      ; - java.lang.invoke.LambdaForm$MH/0x000000080008d800::invoke@23
                      ; - java.lang.invoke.LambdaForm$MH/0x0000000800252400::invoke@103
                      ; - java.lang.invoke.LambdaForm$MH/0x0000000800252c00::linkToTargetMethod@7
                      ; - com.ctre.phoenix6.hardware.DeviceIdentifier::toString@20 (line 51)
                      ; - com.ctre.phoenix6.configs.ParentConfigurator::setConfigsPrivate@98 (line 86)
                      ;   {optimized virtual_call}
  0x000000013846b678: 2226 c495 | 0001 00b5 

  0x000000013846b680: ;   {metadata(method data for {method} {0x000000011c1c06b0} 'newArray' '(J)[B' in 'java/lang/StringConcatHelper')}
  0x000000013846b680: 0437 92d2 | 4489 a3f2 | 2400 c0f2 | 8844 4539 | 0801 40b2 | 8844 0539 | 3700 0014 

  0x000000013846b69c: ;   {metadata({type array byte})}
  0x000000013846b69c: 03fc 80d2 | 8300 a0f2 | 0301 c0f2 | 0408 40b9 | 8400 5dd2 | 881c 40f9 | 7f00 08eb | e104 0054 
  0x000000013846b6bc: ;   {metadata(method data for {method} {0x000000011c1c06b0} 'newArray' '(J)[B' in 'java/lang/StringConcatHelper')}
  0x000000013846b6bc: 0437 92d2 | 4489 a3f2 | 2400 c0f2 | 0308 40b9 | 6300 5dd2 | 89a0 0591 | 2801 40f9 | 7f00 08eb 
  0x000000013846b6dc: a100 0054 | 88b8 40f9 | 0805 0091 | 88b8 00f9 | 2200 0014 | 89e0 0591 | 2801 40f9 | 7f00 08eb 
  0x000000013846b6fc: a100 0054 | 88c0 40f9 | 0805 0091 | 88c0 00f9 | 1a00 0014 | 89a0 0591 | 2801 40f9 | c800 00b5 
  0x000000013846b71c: 2301 00f9 | e803 40b2 | 89c0 0591 | 2801 00f9 | 1200 0014 | 89e0 0591 | 2801 40f9 | c800 00b5 
  0x000000013846b73c: 2301 00f9 | e803 40b2 | 8900 0691 | 2801 00f9 | 0a00 0014 | 0900 0014 

  0x000000013846b754: ;   {metadata(method data for {method} {0x000000011c1c06b0} 'newArray' '(J)[B' in 'java/lang/StringConcatHelper')}
  0x000000013846b754: 0437 92d2 | 4489 a3f2 | 2400 c0f2 | 88ac 40f9 | 0805 00d1 | 88ac 00f9 | 9a07 0014 | 0100 0014 
  0x000000013846b774: e00b 01f9 | e2ff 40f9 | e303 60b2 | 5f00 03eb 

  0x000000013846b784: ;   {metadata(method data for {method} {0x000000011c1c05b8} 'newArrayWithSuffix' '(Ljava/lang/String;J)[B' in 'java/lang/StringConcatHelper')}
  0x000000013846b784: 02c6 89d2 | 229a a3f2 | 2200 c0f2 | 0827 80d2 | 0929 80d2 | 03a1 899a | 4468 63f8 | 8404 0091 
  0x000000013846b7a4: 4468 23f8 | ea02 0054 | e5ff 40f9 

  0x000000013846b7b0: ;   {oop("")"{0x0000000700c2a660})}
  0x000000013846b7b0: 01cc 94d2 | 4118 a0f2 | e100 c0f2 | e203 01aa 

  0x000000013846b7c0: ;   {metadata(method data for {method} {0x000000011c1c05b8} 'newArrayWithSuffix' '(Ljava/lang/String;J)[B' in 'java/lang/StringConcatHelper')}
  0x000000013846b7c0: 03c6 89d2 | 239a a3f2 | 2300 c0f2 | 68ac 40f9 | 0805 0091 | 68ac 00f9 | a37c 40d3 | e203 00aa 
  0x000000013846b7e0: 0400 a052 

  0x000000013846b7e4: ; ImmutableOopMap {[360]=Oop [472]=Oop [480]=Oop [408]=Oop [464]=Oop [456]=Oop [352]=Oop [432]=Oop [528]=Oop }
                      ;*invokevirtual getBytes {reexecute=0 rethrow=0 return_oop=0}
                      ; - java.lang.StringConcatHelper::newArrayWithSuffix@24 (line 477)
                      ; - java.lang.invoke.DirectMethodHandle$Holder::invokeStatic@13
                      ; - java.lang.invoke.LambdaForm$MH/0x000000080008d800::invoke@23
                      ; - java.lang.invoke.LambdaForm$MH/0x0000000800252400::invoke@103
                      ; - java.lang.invoke.LambdaForm$MH/0x0000000800252c00::linkToTargetMethod@7
                      ; - com.ctre.phoenix6.hardware.DeviceIdentifier::toString@20 (line 51)
                      ; - com.ctre.phoenix6.configs.ParentConfigurator::setConfigsPrivate@98 (line 86)
                      ;   {optimized virtual_call}
  0x000000013846b7e4: c725 c495 

  0x000000013846b7e8: ;   {metadata(method data for {method} {0x000000011c1c05b8} 'newArrayWithSuffix' '(Ljava/lang/String;J)[B' in 'java/lang/StringConcatHelper')}
  0x000000013846b7e8: 02c6 89d2 | 229a a3f2 | 2200 c0f2 | 43c8 40f9 | 6304 0091 | 43c8 00f9 | 1000 0014 | e0ff 40f9 
  0x000000013846b808: ;   {oop("")"{0x0000000700c2a660})}
  0x000000013846b808: 01cc 94d2 | 4118 a0f2 | e100 c0f2 | e203 01aa 

  0x000000013846b818: ;   {metadata(method data for {method} {0x000000011c1c05b8} 'newArrayWithSuffix' '(Ljava/lang/String;J)[B' in 'java/lang/StringConcatHelper')}
  0x000000013846b818: 03c6 89d2 | 239a a3f2 | 2300 c0f2 | 68d4 40f9 | 0805 0091 | 68d4 00f9 | 037c 40d3 | e20b 41f9 
  0x000000013846b838: e403 0032 

  0x000000013846b83c: ; ImmutableOopMap {[360]=Oop [472]=Oop [480]=Oop [408]=Oop [464]=Oop [456]=Oop [352]=Oop [432]=Oop [528]=Oop }
                      ;*invokevirtual getBytes {reexecute=0 rethrow=0 return_oop=0}
                      ; - java.lang.StringConcatHelper::newArrayWithSuffix@35 (line 479)
                      ; - java.lang.invoke.DirectMethodHandle$Holder::invokeStatic@13
                      ; - java.lang.invoke.LambdaForm$MH/0x000000080008d800::invoke@23
                      ; - java.lang.invoke.LambdaForm$MH/0x0000000800252400::invoke@103
                      ; - java.lang.invoke.LambdaForm$MH/0x0000000800252c00::linkToTargetMethod@7
                      ; - com.ctre.phoenix6.hardware.DeviceIdentifier::toString@20 (line 51)
                      ; - com.ctre.phoenix6.configs.ParentConfigurator::setConfigsPrivate@98 (line 86)
                      ;   {optimized virtual_call}
  0x000000013846b83c: b125 c495 | e00b 41f9 

  0x000000013846b844: ;   {metadata(method data for {method} {0x000000011c362458} 'invokeStatic' '(Ljava/lang/Object;Ljava/lang/Object;J)Ljava/lang/Object;' in 'java/lang/invoke/DirectMethodHandle$Holder')}
  0x000000013846b844: 010a 87d2 | 818e a3f2 | 2100 c0f2 | 2120 0691 | e203 00aa | 8200 00b5 | 2900 40f9 | 2901 40b2 
  0x000000013846b864: 2900 00f9 

  0x000000013846b868: ;   {metadata(method data for {method} {0x000000011c6062d0} 'invoke' '(Ljava/lang/Object;J)Ljava/lang/Object;' in 'java/lang/invoke/LambdaForm$MH+0x000000080008d800')}
  0x000000013846b868: 01a9 8cd2 | 018c a3f2 | 2100 c0f2 | 21a0 0691 | e203 00aa | 8200 00b5 | 2900 40f9 | 2901 40b2 
  0x000000013846b888: 2900 00f9 

  0x000000013846b88c: ;   {metadata(method data for {method} {0x000000011d2f14f8} 'invoke' '(Ljava/lang/Object;Ljava/lang/Object;ILjava/lang/Object;)Ljava/lang/Object;' in 'java/lang/invoke/LambdaForm$MH+0x0000000800252400')}
  0x000000013846b88c: 0100 86d2 | e1a5 a3f2 | 2100 c0f2 | 2100 1091 | e203 00aa | 8200 00b5 | 2900 40f9 | 2901 40b2 
  0x000000013846b8ac: 2900 00f9 | ebe7 40f9 

  0x000000013846b8b4: ;   {metadata(method data for {method} {0x000000011d2f14f8} 'invoke' '(Ljava/lang/Object;Ljava/lang/Object;ILjava/lang/Object;)Ljava/lang/Object;' in 'java/lang/invoke/LambdaForm$MH+0x0000000800252400')}
  0x000000013846b8b4: 0100 86d2 | e1a5 a3f2 | 2100 c0f2 | 2100 1291 | e203 00aa | 8200 00b5 | 2904 40f9 | 2901 40b2 
  0x000000013846b8d4: 2904 00f9 

  0x000000013846b8d8: ;   {metadata(method data for {method} {0x000000011c604ae0} 'invoke' '(Ljava/lang/Object;JLjava/lang/Object;Ljava/lang/Object;)J' in 'java/lang/invoke/LambdaForm$MH+0x000000080008cc00')}
  0x000000013846b8d8: 01ab 89d2 | 018c a3f2 | 2100 c0f2 | 21e0 0891 

  0x000000013846b8e8: ;   {oop(a 'java/lang/invoke/BoundMethodHandle$Species_LL'{0x0000000700c2a5e0})}
  0x000000013846b8e8: 02bc 94d2 | 4218 a0f2 | e200 c0f2 | 8200 00b5 | 2900 40f9 | 2901 40b2 | 2900 00f9 | e203 00aa 
  0x000000013846b908: 8200 00b5 | 2908 40f9 | 2901 40b2 | 2908 00f9 

  0x000000013846b918: ;   {metadata(method data for {method} {0x000000011d2f14f8} 'invoke' '(Ljava/lang/Object;Ljava/lang/Object;ILjava/lang/Object;)Ljava/lang/Object;' in 'java/lang/invoke/LambdaForm$MH+0x0000000800252400')}
  0x000000013846b918: 0100 86d2 | e1a5 a3f2 | 2100 c0f2 | 2824 42f9 | 0805 0091 | 2824 02f9 

  0x000000013846b930: ;   {metadata(method data for {method} {0x000000011c604ae0} 'invoke' '(Ljava/lang/Object;JLjava/lang/Object;Ljava/lang/Object;)J' in 'java/lang/invoke/LambdaForm$MH+0x000000080008cc00')}
  0x000000013846b930: 01ab 89d2 | 018c a3f2 | 2100 c0f2 | 22ac 40b9 | 4208 0011 | 22ac 00b9 | 424c 1f12 | 5f00 0071 
  0x000000013846b950: 60e4 0054 

  0x000000013846b954: ;   {metadata(method data for {method} {0x000000011c604ae0} 'invoke' '(Ljava/lang/Object;JLjava/lang/Object;Ljava/lang/Object;)J' in 'java/lang/invoke/LambdaForm$MH+0x000000080008cc00')}
  0x000000013846b954: 01ab 89d2 | 018c a3f2 | 2100 c0f2 | 2160 0691 | e203 00aa | 8200 00b5 | 2904 40f9 | 2901 40b2 
  0x000000013846b974: 2904 00f9 

  0x000000013846b978: ;   {metadata(method data for {method} {0x000000011c3620a0} 'invokeStatic' '(Ljava/lang/Object;JLjava/lang/Object;Ljava/lang/Object;Ljava/lang/Object;)J' in 'java/lang/invoke/DirectMethodHandle$Holder')}
  0x000000013846b978: 0197 87d2 | 818f a3f2 | 2100 c0f2 | 2140 0891 

  0x000000013846b988: ;   {oop(a 'java/lang/invoke/DirectMethodHandle'{0x000000070089d4e8})}
  0x000000013846b988: 069d 9ad2 | 2611 a0f2 | e600 c0f2 | e203 06aa | 8200 00b5 | 2900 40f9 | 2901 40b2 | 2900 00f9 
  0x000000013846b9a8: e203 00aa | 8200 00