#
# A fatal error has been detected by the Java Runtime Environment:
#
#  SIGSEGV (0xb) at pc=0x000000013de04a3b, pid=72497, tid=52995
#
# JRE version: OpenJDK Runtime Environment Temurin-17.0.12+7 (17.0.12+7) (build 17.0.12+7)
# Java VM: OpenJDK 64-Bit Server VM Temurin-17.0.12+7 (17.0.12+7, mixed mode, tiered, compressed oops, compressed class ptrs, g1 gc, bsd-amd64)
# Problematic frame:
# C  [libCTRE_PhoenixTools_Sim.dylib+0x228a3b]
#
# No core dump will be written. Core dumps have been disabled. To enable core dumping, try "ulimit -c unlimited" before starting Java again
#
# If you would like to submit a bug report, please visit:
#   https://github.com/adoptium/adoptium-support/issues
# The crash happened outside the Java Virtual Machine in native code.
# See problematic frame for where to report the bug.
#

---------------  S U M M A R Y ------------

Command Line: -agentlib:jdwp=transport=dt_socket,server=n,suspend=y,address=localhost:60522 -Djava.library.path=/Users/mahdi/Desktop/FRC/2025-ROBOT-REWORK/build/jni/release -XX:+ShowCodeDetailsInExceptionMessages frc.robot.Main

Host: "MacBookPro16,3" x86_64 1700 MHz, 8 cores, 16G, Darwin 24.0.0, macOS 15.0 (24A335)
Time: Sat Mar  8 13:38:58 2025 PST elapsed time: 163.018129 seconds (0d 0h 2m 43s)

---------------  T H R E A D  ---------------

Current thread (0x00007fd1ec86d400):  JavaThread "robot main" daemon [_thread_in_native, id=52995, stack(0x000070000a535000,0x000070000a635000)]

Stack: [0x000070000a535000,0x000070000a635000],  sp=0x000070000a633bc0,  free space=1018k
Native frames: (J=compiled Java code, j=interpreted, Vv=VM code, C=native code)
C  [libCTRE_PhoenixTools_Sim.dylib+0x228a3b]
C  [libCTRE_PhoenixTools_Sim.dylib+0xa00f8]
J 1725  com.ctre.phoenix6.configs.jni.ConfigJNI.SetConfigs(Ljava/lang/String;IDZZ)I (0 bytes) @ 0x00000001167ed303 [0x00000001167ed220+0x00000000000000e3]
J 2770 c2 com.ctre.phoenix6.configs.ParentConfigurator.setConfigsPrivate(Ljava/lang/String;DZZ)Lcom/ctre/phoenix6/StatusCode; (121 bytes) @ 0x00000001168bfbb8 [0x00000001168bfa20+0x0000000000000198]
J 2934 c2 frc.robot.subsystems.swerve.Swerve.resetModulesToAbsolute()V (32 bytes) @ 0x00000001169521b0 [0x0000000116952060+0x0000000000000150]
J 2942 c2 frc.robot.subsystems.swerve.Drivetrain.periodic()V (262 bytes) @ 0x000000011695d244 [0x00000001169571a0+0x00000000000060a4]
J 2923 c2 edu.wpi.first.wpilibj2.command.CommandScheduler.run()V (603 bytes) @ 0x000000011693ba00 [0x000000011693b1c0+0x0000000000000840]
J 2405 c1 frc.robot.Robot.robotPeriodic()V (17 bytes) @ 0x000000010f10dabc [0x000000010f10d5c0+0x00000000000004fc]
J 2403 c1 edu.wpi.first.wpilibj.IterativeRobotBase.loopFunc()V (552 bytes) @ 0x000000010f108b6c [0x000000010f106b60+0x000000000000200c]
J 2402 c1 edu.wpi.first.wpilibj.TimedRobot$$Lambda$10+0x0000000800095cd8.run()V (8 bytes) @ 0x000000010f106144 [0x000000010f106040+0x0000000000000104]
j  edu.wpi.first.wpilibj.TimedRobot.startCompetition()V+75
j  edu.wpi.first.wpilibj.RobotBase.runRobot(Ljava/util/function/Supplier;)V+265
j  edu.wpi.first.wpilibj.RobotBase.lambda$startRobot$1(Ljava/util/function/Supplier;)V+1
j  edu.wpi.first.wpilibj.RobotBase$$Lambda$2+0x0000000800089b58.run()V+4
j  java.lang.Thread.run()V+11 java.base@17.0.12
v  ~StubRoutines::call_stub
V  [libjvm.dylib+0x4f5b8a]  JavaCalls::call_helper(JavaValue*, methodHandle const&, JavaCallArguments*, JavaThread*)+0x31a
V  [libjvm.dylib+0x4f4c10]  JavaCalls::call_virtual(JavaValue*, Klass*, Symbol*, Symbol*, JavaCallArguments*, JavaThread*)+0x110
V  [libjvm.dylib+0x4f4cd3]  JavaCalls::call_virtual(JavaValue*, Handle, Klass*, Symbol*, Symbol*, JavaThread*)+0x63
V  [libjvm.dylib+0x59d254]  thread_entry(JavaThread*, JavaThread*)+0xb4
V  [libjvm.dylib+0xa54f6b]  JavaThread::thread_main_inner()+0x14b
V  [libjvm.dylib+0xa532c7]  Thread::call_run()+0xa7
V  [libjvm.dylib+0x86137c]  thread_native_entry(Thread*)+0x14c
C  [libsystem_pthread.dylib+0x6253]  _pthread_start+0x63
C  [libsystem_pthread.dylib+0x1bef]  thread_start+0xf

Java frames: (J=compiled Java code, j=interpreted, Vv=VM code)
J 1725  com.ctre.phoenix6.configs.jni.ConfigJNI.SetConfigs(Ljava/lang/String;IDZZ)I (0 bytes) @ 0x00000001167ed274 [0x00000001167ed220+0x0000000000000054]
J 2770 c2 com.ctre.phoenix6.configs.ParentConfigurator.setConfigsPrivate(Ljava/lang/String;DZZ)Lcom/ctre/phoenix6/StatusCode; (121 bytes) @ 0x00000001168bfbb8 [0x00000001168bfa20+0x0000000000000198]
J 2934 c2 frc.robot.subsystems.swerve.Swerve.resetModulesToAbsolute()V (32 bytes) @ 0x00000001169521b0 [0x0000000116952060+0x0000000000000150]
J 2942 c2 frc.robot.subsystems.swerve.Drivetrain.periodic()V (262 bytes) @ 0x000000011695d244 [0x00000001169571a0+0x00000000000060a4]
J 2923 c2 edu.wpi.first.wpilibj2.command.CommandScheduler.run()V (603 bytes) @ 0x000000011693ba00 [0x000000011693b1c0+0x0000000000000840]
J 2405 c1 frc.robot.Robot.robotPeriodic()V (17 bytes) @ 0x000000010f10dabc [0x000000010f10d5c0+0x00000000000004fc]
J 2403 c1 edu.wpi.first.wpilibj.IterativeRobotBase.loopFunc()V (552 bytes) @ 0x000000010f108b6c [0x000000010f106b60+0x000000000000200c]
J 2402 c1 edu.wpi.first.wpilibj.TimedRobot$$Lambda$10+0x0000000800095cd8.run()V (8 bytes) @ 0x000000010f106144 [0x000000010f106040+0x0000000000000104]
j  edu.wpi.first.wpilibj.TimedRobot.startCompetition()V+75
j  edu.wpi.first.wpilibj.RobotBase.runRobot(Ljava/util/function/Supplier;)V+265
j  edu.wpi.first.wpilibj.RobotBase.lambda$startRobot$1(Ljava/util/function/Supplier;)V+1
j  edu.wpi.first.wpilibj.RobotBase$$Lambda$2+0x0000000800089b58.run()V+4
j  java.lang.Thread.run()V+11 java.base@17.0.12
v  ~StubRoutines::call_stub

siginfo: si_signo: 11 (SIGSEGV), si_code: 1 (SEGV_MAPERR), si_addr: 0x0000000000000000

Registers:
RAX=0x0000000000000000, RBX=0x00007fd1e88f1958, RCX=0x0000000000000000, RDX=0x0000000000000001
RSP=0x000070000a633bc0, RBP=0x000070000a6341f0, RSI=0x00007ff847d320ac, RDI=0x0000000100f93080
R8 =0x000007fd1efa70b9, R9 =0x00007fd1efa00000, R10=0x000000000000490e, R11=0x0000000000000000
R12=0x00007fd1e88f1950, R13=0x00007fd1e88f1958, R14=0x00007fd1efad73a0, R15=0x00007fd1e89172a0
RIP=0x000000013de04a3b, EFLAGS=0x0000000000010206, ERR=0x0000000000000004
  TRAPNO=0x000000000000000e


Register to memory mapping:

RAX=0x0 is NULL
RBX=0x00007fd1e88f1958 points into unknown readable memory: 0x00007fd1e89172a0 | a0 72 91 e8 d1 7f 00 00
RCX=0x0 is NULL
RDX=0x0000000000000001 is an unknown value
RSP=0x000070000a633bc0 is pointing into the stack for thread: 0x00007fd1ec86d400
RBP=0x000070000a6341f0 is pointing into the stack for thread: 0x00007fd1ec86d400
RSI=0x00007ff847d320ac: ncpuclusters+0 in /usr/lib/system/libsystem_malloc.dylib at 0x00007ff804c75000
RDI=0x0000000100f93080 points into unknown readable memory: 0x0000000100000000 | 00 00 00 00 01 00 00 00
R8 =0x000007fd1efa70b9 is an unknown value
R9 =0x00007fd1efa00000 points into unknown readable memory: 0x00007fd1e7f00000 | 00 00 f0 e7 d1 7f 00 00
R10=0x000000000000490e is an unknown value
R11=0x0 is NULL
R12=0x00007fd1e88f1950 points into unknown readable memory: 0x0000000000000000 | 00 00 00 00 00 00 00 00
R13=0x00007fd1e88f1958 points into unknown readable memory: 0x00007fd1e89172a0 | a0 72 91 e8 d1 7f 00 00
R14=0x00007fd1efad73a0 points into unknown readable memory: 0x0000beffbe7703f8 | f8 03 77 be ff be 00 00
R15=0x00007fd1e89172a0 points into unknown readable memory: 0x0000000000000000 | 00 00 00 00 00 00 00 00


Top of Stack: (sp=0x000070000a633bc0)
0x000070000a633bc0:   00007fd102047c08 0000000000000000
0x000070000a633bd0:   0000700002047c48 00007ff81fffffff
0x000070000a633be0:   632e6c7000000100 0000000000000004
0x000070000a633bf0:   000000000000000f 3fb999999999999a
0x000070000a633c00:   00000008000003f8 0000000000000002
0x000070000a633c10:   00007fd1e7ffe3b0 00007fd1e88c8320
0x000070000a633c20:   0000000000000000 0000000000000088
0x000070000a633c30:   00007fd1efad73a6 00007fd1e88f1950
0x000070000a633c40:   00007fd1efad4b20 00007fd1efad4b26
0x000070000a633c50:   00007fd1efad4b26 000070000a634140
0x000070000a633c60:   00007fd1efad73a0 00007fd1efad73a6
0x000070000a633c70:   00007fd1efad73a6 00007fd1beffbe77
0x000070000a633c80:   00007fd1e88f1958 00007fd1e7ffe3b0
0x000070000a633c90:   000070000a633d40 0000000000000400
0x000070000a633ca0:   02047c0802047c48 00007f0000000000
0x000070000a633cb0:   0000000000000000 0000000000000000
0x000070000a633cc0:   0000000000000000 0000000000000000
0x000070000a633cd0:   0000000000000000 0000000004c77900
0x000070000a633ce0:   0000000000000000 0000000000f90000
0x000070000a633cf0:   0000000000000000 0000000000000000
0x000070000a633d00:   0000000000000000 0000000000000000
0x000070000a633d10:   0000000000000000 000070000a630000
0x000070000a633d20:   000070000a634170 000070000a633bb0
0x000070000a633d30:   0000000000000000 000070000a634090
0x000070000a633d40:   0000beffbe770605 3631303100000000
0x000070000a633d50:   000070000a633d90 00007ff804e30c63
0x000070000a633d60:   0001abb3c8c6d8f2 0001abb3c8c6d8f2
0x000070000a633d70:   0000bc28e36fd3aa 000070000a633da0
0x000070000a633d80:   000000000000012c 0000000000000047
0x000070000a633d90:   000070000a633db0 00007ff804e23167
0x000070000a633da0:   7966cddb308800bf 000000000000001e
0x000070000a633db0:   000070000a634200 000070000a634268 

Instructions: (pc=0x000000013de04a3b)
0x000000013de0493b:   48 8b 05 9e 47 14 00 48 8b 00 48 3b 45 d0 0f 85
0x000000013de0494b:   2c 01 00 00 44 89 e0 48 81 c4 08 06 00 00 5b 41
0x000000013de0495b:   5c 41 5d 41 5e 41 5f 5d c3 4c 8b b5 70 fa ff ff
0x000000013de0496b:   48 8b 85 78 fa ff ff 45 31 e4 48 89 85 40 fa ff
0x000000013de0497b:   ff 49 39 c6 48 8b 85 48 fa ff ff 0f 84 70 ff ff
0x000000013de0498b:   ff 48 83 c0 08 48 89 85 90 fa ff ff eb 31 0f 1f
0x000000013de0499b:   80 00 00 00 00 49 8b 7c 24 08 e8 c6 2d df ff 49
0x000000013de049ab:   ff 44 24 10 8b 85 88 fa ff ff 41 89 47 20 49 83
0x000000013de049bb:   c6 06 4c 3b b5 40 fa ff ff 0f 84 94 00 00 00 45
0x000000013de049cb:   0f b7 26 41 8b 46 02 89 85 88 fa ff ff 4c 8b ad
0x000000013de049db:   90 fa ff ff 90 49 8b 45 00 4c 89 eb 48 85 c0 74
0x000000013de049eb:   1c 49 89 c5 0f b7 40 1c 66 41 39 c4 72 e7 76 5b
0x000000013de049fb:   49 8b 45 08 48 85 c0 75 e8 49 8d 5d 08 bf 28 00
0x000000013de04a0b:   00 00 e8 ad 55 0a 00 49 89 c7 66 44 89 60 1c c7
0x000000013de04a1b:   40 20 00 00 00 00 66 0f 57 c0 66 0f 11 00 4c 89
0x000000013de04a2b:   68 10 48 89 03 4c 8b a5 48 fa ff ff 49 8b 04 24
0x000000013de04a3b:   48 8b 00 4c 89 fe 48 85 c0 0f 84 56 ff ff ff 49
0x000000013de04a4b:   89 04 24 48 8b 33 e9 4a ff ff ff 4d 89 ef e9 51
0x000000013de04a5b:   ff ff ff 45 31 e4 e9 96 fe ff ff 48 8d bd 50 fa
0x000000013de04a6b:   ff ff e8 ae bf fc ff eb 2d e8 67 1b df ff eb 26
0x000000013de04a7b:   e8 9f 55 0a 00 48 8d bd 70 fa ff ff e8 94 bf fc
0x000000013de04a8b:   ff eb 13 e8 4d 1b df ff eb 0c 48 8d bd 50 fb ff
0x000000013de04a9b:   ff e8 3f 27 df ff 0f 0b 48 89 c3 48 8d bd 98 fa
0x000000013de04aab:   ff ff e8 9e d5 f4 ff eb 40 eb 3b 48 89 c3 48 8b
0x000000013de04abb:   8d 70 ff ff ff b8 04 00 00 00 48 8d 95 50 ff ff
0x000000013de04acb:   ff 48 39 d1 74 11 b8 05 00 00 00 48 89 8d 68 fa
0x000000013de04adb:   ff ff 48 85 c9 74 20 48 8b bd 68 fa ff ff 48 8b
0x000000013de04aeb:   0f ff 14 c1 eb 11 48 89 c3 48 8d 7d 80 e8 a3 ed
0x000000013de04afb:   f1 ff eb 03 48 89 c3 4c 89 e7 e8 a3 54 0a 00 eb
0x000000013de04b0b:   2a eb 25 48 89 c3 f6 85 50 fb ff ff 01 74 1c 48
0x000000013de04b1b:   8b bd 60 fb ff ff e8 8d 54 0a 00 eb 0e 48 89 c3
0x000000013de04b2b:   eb 2d eb 04 eb 02 eb 00 48 89 c3 48 8b bd 28 fa 


Stack slot to memory mapping:
stack at sp + 0 slots: 0x00007fd102047c08 is an unknown value
stack at sp + 1 slots: 0x0 is NULL
stack at sp + 2 slots: 0x0000700002047c48 is an unknown value
stack at sp + 3 slots: 