#
# A fatal error has been detected by the Java Runtime Environment:
#
#  SIGSEGV (0xb) at pc=0x000000016b0212d4, pid=54559, tid=55555
#
# JRE version: OpenJDK Runtime Environment Temurin-17.0.12+7 (17.0.12+7) (build 17.0.12+7)
# Java VM: OpenJDK 64-Bit Server VM Temurin-17.0.12+7 (17.0.12+7, mixed mode, tiered, compressed oops, compressed class ptrs, g1 gc, bsd-aarch64)
# Problematic frame:
# C  [libCTRE_PhoenixTools_Sim.dylib+0x1d12d4]
#
# No core dump will be written. Core dumps have been disabled. To enable core dumping, try "ulimit -c unlimited" before starting Java again
#
# If you would like to submit a bug report, please visit:
#   https://github.com/adoptium/adoptium-support/issues
# The crash happened outside the Java Virtual Machine in native code.
# See problematic frame for where to report the bug.
#

---------------  S U M M A R Y ------------

Command Line: -agentlib:jdwp=transport=dt_socket,server=n,suspend=y,address=localhost:59015 -Djava.library.path=/Users/michaelsagerman/Documents/FRC/2025-ROBOT-REWORK/build/jni/release -XX:+ShowCodeDetailsInExceptionMessages frc.robot.Main

Host: "MacBookPro18,3" arm64, 8 cores, 16G, Darwin 24.1.0, macOS 15.1.1 (24B91)
Time: Wed Mar 12 12:47:39 2025 PDT elapsed time: 235.525789 seconds (0d 0h 3m 55s)

---------------  T H R E A D  ---------------

Current thread (0x0000000124090600):  JavaThread "robot main" daemon [_thread_in_native, id=55555, stack(0x0000000179e6c000,0x000000017a06f000)]

Stack: [0x0000000179e6c000,0x000000017a06f000],  sp=0x000000017a06dbc0,  free space=2054k
Native frames: (J=compiled Java code, j=interpreted, Vv=VM code, C=native code)
C  [libCTRE_PhoenixTools_Sim.dylib+0x1d12d4]
C  [libCTRE_PhoenixTools_Sim.dylib+0x84c2c]
J 1821  com.ctre.phoenix6.configs.jni.ConfigJNI.SetConfigs(Ljava/lang/String;IDZZ)I (0 bytes) @ 0x0000000116663c44 [0x0000000116663bc0+0x0000000000000084]
C  0x3fb999999999999a

Java frames: (J=compiled Java code, j=interpreted, Vv=VM code)
J 1821  com.ctre.phoenix6.configs.jni.ConfigJNI.SetConfigs(Ljava/lang/String;IDZZ)I (0 bytes) @ 0x0000000116663c44 [0x0000000116663bc0+0x0000000000000084]
J 2765 c2 frc.robot.subsystems.swerve.Swerve.resetModulesToAbsolute()V (32 bytes) @ 0x000000011677dd54 [0x000000011677d740+0x0000000000000614]
J 2871 c2 frc.robot.subsystems.swerve.Drivetrain.periodic()V (262 bytes) @ 0x00000001167bd4a0 [0x00000001167b8e80+0x0000000000004620]
J 2922 c2 edu.wpi.first.wpilibj2.command.CommandScheduler.run()V (603 bytes) @ 0x00000001167e15c4 [0x00000001167e14c0+0x0000000000000104]
J 2444 c1 frc.robot.Robot.robotPeriodic()V (7 bytes) @ 0x000000010efd01c4 [0x000000010efcff80+0x0000000000000244]
J 2328 c1 edu.wpi.first.wpilibj.IterativeRobotBase.loopFunc()V (552 bytes) @ 0x000000010ef83988 [0x000000010ef81840+0x0000000000002148]
J 2217 c1 edu.wpi.first.wpilibj.TimedRobot$$Lambda$10+0x0000000800095cd8.run()V (8 bytes) @ 0x000000010ef3a5f4 [0x000000010ef3a4c0+0x0000000000000134]
j  edu.wpi.first.wpilibj.TimedRobot.startCompetition()V+75
j  edu.wpi.first.wpilibj.RobotBase.runRobot(Ljava/util/function/Supplier;)V+265
j  edu.wpi.first.wpilibj.RobotBase.lambda$startRobot$1(Ljava/util/function/Supplier;)V+1
j  edu.wpi.first.wpilibj.RobotBase$$Lambda$2+0x0000000800089b58.run()V+4
j  java.lang.Thread.run()V+11 java.base@17.0.12
v  ~StubRoutines::call_stub

siginfo: si_signo: 11 (SIGSEGV), si_code: 2 (SEGV_ACCERR), si_addr: 0x0000000000000000

Registers:
 x0=0x0000000122c076e0  x1=0x0000000000000003  x2=0x0000000000000000  x3=0x00000001859aff68
 x4=0x000000017e4da880  x5=0x000000000000000d  x6=0x0000000000000002  x7=0x0000000000000000
 x8=0x0000000000000000  x9=0x000000000000d903 x10=0x0000000000000003 x11=0x000000000002ef20
x12=0x000000017e403f58 x13=0x000000000000000c x14=0x000000017e400000 x15=0x000000002490092d
x16=0x000000000000eafc x17=0x00000001f2efd608 x18=0x0000000000000000 x19=0x0000000121fbfdb0
x20=0x0000000000000008 x21=0x0000000122c076e0 x22=0x0000000121fbfdb6 x23=0x0000000121fa6e68
x24=0x00000000beffbe77 x25=0x00000000000003f8 x26=0x0000000121fa6e68 x27=0x0000000121fa6e68
x28=0x0000000121fa6e60  fp=0x000000017a06e1c0  lr=0x000000016b0212b8  sp=0x000000017a06dbc0
pc=0x000000016b0212d4 cpsr=0x0000000040001000

Register to memory mapping:

 x0=0x0000000122c076e0 points into unknown readable memory: 0x0000000000000000 | 00 00 00 00 00 00 00 00
 x1=0x0000000000000003 is an unknown value
 x2=0x0 is NULL
 x3=0x00000001859aff68: szone_malloc_type_malloc+0 in /usr/lib/system/libsystem_malloc.dylib at 0x0000000185997000
 x4=0x000000017e4da880 points into unknown readable memory: 0x0000000000000000 | 00 00 00 00 00 00 00 00
 x5=0x000000000000000d is an unknown value
 x6=0x0000000000000002 is an unknown value
 x7=0x0 is NULL
 x8=0x0 is NULL
 x9=0x000000000000d903 is an unknown value
x10=0x0000000000000003 is an unknown value
x11=0x000000000002ef20 is an unknown value
x12=0x000000017e403f58 points into unknown readable memory: 0x00000000d681d681 | 81 d6 81 d6 00 00 00 00
x13=0x000000000000000c is an unknown value
x14=0x000000017e400000 points into unknown readable memory: 0x0000000121f00000 | 00 00 f0 21 01 00 00 00
x15=0x000000002490092d is an unknown value
x16=0x000000000000eafc is an unknown value
x17=0x00000001f2efd608 points into unknown readable memory: 0x00000001859b32fc | fc 32 9b 85 01 00 00 00
x18=0x0 is NULL
x19=0x0000000121fbfdb0 points into unknown readable memory: 0x0000beffbe7703f8 | f8 03 77 be ff be 00 00
x20=0x0000000000000008 is an unknown value
x21=0x0000000122c076e0 points into unknown readable memory: 0x0000000000000000 | 00 00 00 00 00 00 00 00
x22=0x0000000121fbfdb6 points into unknown readable memory: 00 00
x23=0x0000000121fa6e68 points into unknown readable memory: 0x0000000122c076e0 | e0 76 c0 22 01 00 00 00
x24=0x00000000beffbe77 is an unknown value
x25=0x00000000000003f8 is an unknown value
x26=0x0000000121fa6e68 points into unknown readable memory: 0x0000000122c076e0 | e0 76 c0 22 01 00 00 00
x27=0x0000000121fa6e68 points into unknown readable memory: 0x0000000122c076e0 | e0 76 c0 22 01 00 00 00
x28=0x0000000121fa6e60 points into unknown readable memory: 0x0000000000000000 | 00 00 00 00 00 00 00 00


Top of Stack: (sp=0x000000017a06dbc0)
0x000000017a06dbc0:   1fffffff02047c48 0000000122dd33b0
0x000000017a06dbd0:   0000000000000000 0000000121fa6e60
0x000000017a06dbe0:   0000008800000000 0000000121f13c70
0x000000017a06dbf0:   000000017e4d7f00 0000000121fbfdb0
0x000000017a06dc00:   0000000121fbfdb6 0000000121fbfdb6
0x000000017a06dc10:   000000000000000f 0000000121f13cd0
0x000000017a06dc20:   0000000121f13cd6 0000000121f13cd6
0x000000017a06dc30:   0000000000000000 0000000800000002
0x000000017a06dc40:   0000000121f13c70 000000017a06dcf8
0x000000017a06dc50:   0000000000000400 02047c0802047c48
0x000000017a06dc60:   0000000000000000 0000000000000000
0x000000017a06dc70:   0000000000000000 0000000000000000
0x000000017a06dc80:   0000000000000000 0000000000000000
0x000000017a06dc90:   0000000000000000 0000000000000000
0x000000017a06dca0:   000000007a06dd00 0000000000000000
0x000000017a06dcb0:   0000000000000000 0000000000000000
0x000000017a06dcc0:   0000000000000000 0000000100000000
0x000000017a06dcd0:   000000016b06ff00 000000017a06e118
0x000000017a06dce0:   000000017a06e120 000000006b15cb00
0x000000017a06dcf0:   000000016b15cd80 0000beffbe770605
0x000000017a06dd00:   000000017a06e0a0 000000017a06e0a0
0x000000017a06dd10:   000000017a06e108 000000000000001e
0x000000017a06dd20:   000000017a06dec0 0000000185a5045c
0x000000017a06dd30:   000000070db618a4 000000017a06df69
0x000000017a06dd40:   0000001600000000 00000000ffff0208
0x000000017a06dd50:   000000017a06df62 000000000000001d
0x000000017a06dd60:   0000000000000000 0000000000000000
0x000000017a06dd70:   0000000000000000 0000000000000000
0x000000017a06dd80:   0000000000000000 0000000000000000
0x000000017a06dd90:   0000000000000000 0000000000000000
0x000000017a06dda0:   000000017a06ddd8 0000000000000000
0x000000017a06ddb0:   0000000000000000 0000000000000000 

Instructions: (pc=0x000000016b0212d4)
0x000000016b0211d4:   e0 03 09 aa 09 00 40 f9 28 79 68 f8 00 01 3f d6
0x000000016b0211e4:   e0 03 1a aa 87 24 02 94 15 02 00 34 f3 03 1c aa
0x000000016b0211f4:   61 8e 40 f8 e0 03 1c aa 8c 02 00 94 93 03 00 f9
0x000000016b021204:   9f 0b 00 f9 7f 02 00 f9 e0 07 40 f9 38 24 02 94
0x000000016b021214:   fb 1f 40 f9 1b 11 00 b4 fb 23 00 f9 e0 03 1b aa
0x000000016b021224:   7b 24 02 94 84 00 00 14 f3 db 43 a9 7f 02 16 eb
0x000000016b021234:   60 06 00 54 97 23 00 91 0a 00 00 14 80 07 40 f9
0x000000016b021244:   d6 0b f9 97 88 0b 40 f9 08 05 00 91 88 0b 00 f9
0x000000016b021254:   b8 22 00 b9 73 1a 00 91 7f 02 16 eb 00 05 00 54
0x000000016b021264:   79 02 40 79 78 22 40 b8 fb 03 17 aa fa 03 17 aa
0x000000016b021274:   e8 02 40 f9 a8 00 00 b5 0d 00 00 14 48 03 40 f9
0x000000016b021284:   fb 03 1a aa 48 01 00 b4 fa 03 08 aa 08 39 40 79
0x000000016b021294:   3f 03 08 6b 43 ff ff 54 1f 01 19 6b 62 02 00 54
0x000000016b0212a4:   48 07 40 f9 28 ff ff b5 5b 23 00 91 00 05 80 52
0x000000016b0212b4:   5d 24 02 94 f5 03 00 aa 19 38 00 79 1f 20 00 b9
0x000000016b0212c4:   1f 7c 00 a9 1a 08 00 f9 60 03 00 f9 88 03 40 f9
0x000000016b0212d4:   08 01 40 f9 e1 03 00 aa 28 fb ff b4 88 03 00 f9
0x000000016b0212e4:   61 03 40 f9 d6 ff ff 17 f5 03 1a aa 58 23 00 b9
0x000000016b0212f4:   73 1a 00 91 7f 02 16 eb 41 fb ff 54 15 00 80 52
0x000000016b021304:   e0 07 40 f9 fa 23 02 94 fb 1f 40 f9 7b f8 ff b5
0x000000016b021314:   49 00 00 14 e0 63 01 91 47 4a ff 97 0a 00 00 14
0x000000016b021324:   2e 07 f9 97 08 00 00 14 e0 e3 00 91 42 4a ff 97
0x000000016b021334:   05 00 00 14 29 07 f9 97 03 00 00 14 e0 e3 04 91
0x000000016b021344:   50 f7 f8 97 20 00 20 d4 f4 03 00 aa e0 03 02 91
0x000000016b021354:   d2 ba fd 97 10 00 00 14 0e 00 00 14 f4 03 00 aa
0x000000016b021364:   a0 03 55 f8 1f 00 18 eb 81 00 00 54 88 00 80 52
0x000000016b021374:   a0 23 03 d1 03 00 00 14 60 01 00 b4 a8 00 80 52
0x000000016b021384:   09 00 40 f9 28 79 68 f8 00 01 3f d6 06 00 00 14
0x000000016b021394:   f4 03 00 aa a0 a3 02 d1 20 20 fd 97 02 00 00 14
0x000000016b0213a4:   f4 03 00 aa e0 03 1a aa 16 24 02 94 0e 00 00 14
0x000000016b0213b4:   0c 00 00 14 f4 03 00 aa e8 3f c5 39 48 01 f8 36
0x000000016b0213c4:   e0 9f 40 f9 12 24 02 94 07 00 00 14 f4 03 00 aa 


Stack slot to memory mapping:
stack at sp + 0 slots: 0x1fffffff02047c48 is an unknown value
stack at sp + 1 slots: 0x0000000122dd33b0 points into unknown readable memory: 0x000000004d55545a | 5a 54 55 4d 00 00 00 00
stack at sp + 2 slots: 0x0 is NULL
stack at sp + 3 slots: 0x0000000121fa6e60 points into unknown readable memory: 0x0000000000000000 | 00 00 00 00 00 00 00 00
stack at sp + 4 slots: 0x0000008800000000 is an unknown value
stack at sp + 5 slots: 0x0000000121f13c70 points into unknown readable memory: 0x0000000000000000 | 00 00 00 00 00 00 00 00
stack at sp + 6 slots: 0x000000017e4d7f00 points into unknown readable memory: 0x0000000121fd4210 | 10 42 fd 21 01 00 00 00
stack at sp + 7 slots: 0x0000000121fbfdb0 points into unknown readable memory: 0x0000beffbe7703f8 | f8 03 77 be ff be 00 00


Compiled method (n/a)  235545 1821     n 0       com.ctre.phoenix6.configs.jni.ConfigJNI::SetConfigs (native)
 total in heap  [0x0000000116663a10,0x0000000116663d88] = 888
 relocation     [0x0000000116663b68,0x0000000116663b90] = 40
 main code      [0x0000000116663bc0,0x0000000116663d78] = 440
 oops           [0x0000000116663d78,0x0000000116663d80] = 8
 metadata       [0x0000000116663d80,0x0000000116663d88] = 8

[Constant Pool (empty)]

[MachCode]
[Entry Point]
  # {method} {0x0000000140a213c8} 'SetConfigs' '(Ljava/lang/String;IDZZ)I' in 'com/ctre/phoenix6/configs/jni/ConfigJNI'
  # this:     c_rarg1:c_rarg1 
                        = 'com/ctre/phoenix6/configs/jni/ConfigJNI'
  # parm0:    c_rarg2:c_rarg2 
                        = 'java/lang/String'
  # parm1:    c_rarg3   = int
  # parm2:    v0:v0     = double
  # parm3:    c_rarg4   = boolean
  # parm4:    c_rarg5   = boolean
  #           [sp+0x60]  (sp of caller)
  0x0000000116663bc0: 2808 40b9 | 3f01 086b | 4000 0054 

  0x0000000116663bcc: ;   {runtime_call ic_miss_stub}
  0x0000000116663bcc: 0d14 e817 
[Verified Entry Point]
  0x0000000116663bd0: 1f20 03d5 | e953 40d1 | 3f01 00f9 | fd7b bfa9 | fd03 0091 | ff43 01d1 | e207 00f9 | 5f00 1feb 
  0x0000000116663bf0: e223 0091 | e203 829a | e103 00f9 | 3f00 1feb | e103 00d1 | e103 819a | e801 0010 | 884f 01f9 
  0x0000000116663c10: e803 0091 | 884b 01f9 

  0x0000000116663c18: ;   {external_word}
  0x0000000116663c18: 682f f890 | 0869 5339 | a806 0035 | 80c3 0a91 | e803 7eb2 | 8903 0d91 | 28fd 9f88 

  0x0000000116663c34: ;   {runtime_call}
  0x0000000116663c34: 886b 89d2 | a85d adf2 | 2800 c0f2 | 0001 3fd6 | 007c 4093 | a800 80d2 | 8843 03b9 | bf3b 03d5 
  0x0000000116663c54: 8823 0d91 | 08fd dfc8 | bf03 08eb | a803 0054 | 8833 43b9 | 6803 0035 | e803 7db2 | 8903 0d91 
  0x0000000116663c74: 28fd 9f88 | 88c3 4e39 | 1f09 0071 | c001 0054 

  0x0000000116663c84: ;   {external_word}
  0x0000000116663c84: 682f f890 | 0869 5339 | a805 0035 | 9f4b 01f9 | 9f4f 01f9 | 826f 40f9 | 5f80 00f9 | bf03 0091 
  0x0000000116663ca4: fd7b c1a8 | 8807 40f9 | 4800 00b5 | c003 5fd6 

  0x0000000116663cb4: ;   {runtime_call StubRoutines (1)}
  0x0000000116663cb4: f310 e717 | a083 1ff8 

  0x0000000116663cbc: ;   {runtime_call SharedRuntime::reguard_yellow_pages()}
  0x0000000116663cbc: 88cc 9cd2 | 88d0 a0f2 | 2800 c0f2 | 0001 3fd6 | a083 5ff8 | edff ff17 | a083 1ff8 | e003 1caa 
  0x0000000116663cdc: ;   {runtime_call JavaThread::check_special_condition_for_native_trans(JavaThread*)}
  0x0000000116663cdc: 888c 81d2 | 48d3 a0f2 | 2800 c0f2 | 0001 3fd6 | a083 5ff8 | dfff ff17 | e00f 1ffc | e10b bda9 
  0x0000000116663cfc: e313 01a9 | e57f 02a9 

  0x0000000116663d04: ;   {metadata({method} {0x0000000140a213c8} 'SetConfigs' '(Ljava/lang/String;IDZZ)I' in 'com/ctre/phoenix6/configs/jni/ConfigJNI')}
  0x0000000116663d04: 0179 82d2 | 4114 a8f2 | 2100 c0f2 | e003 1caa | e833 bfa9 | 0896 98d2 | 88d0 a0f2 | 2800 c0f2 
  0x0000000116663d24: 0001 3fd6 | e833 c1a8 | e313 41a9 | e57f 42a9 | e10b c3a8 | e007 41fc | baff ff17 | a083 1ff8 
  0x0000000116663d44: ;   {metadata({method} {0x0000000140a213c8} 'SetConfigs' '(Ljava/lang/String;IDZZ)I' in 'com/ctre/phoenix6/configs/jni/ConfigJNI')}
  0x0000000116663d44: 0179 82d2 | 4114 a8f2 | 2100 c0f2 | e003 1caa | e833 bfa9 | 08aa 98d2 | 88d0 a0f2 | 2800 c0f2 
  0x0000000116663d64: 0001 3fd6 | e833 c1a8 | a083 5ff8 | c8ff ff17 | 0000 0000 
[/MachCode]


Compiled method (c2)  235550 2765       4       frc.robot.subsystems.swerve.Swerve::resetModulesToAbsolute (32 bytes)
 total in heap  [0x000000011677d090,0x0000000116781ed0] = 20032
 relocation     [0x000000011677d1e8,0x000000011677d6c8] = 1248
 constants      [0x000000011677d700,0x000000011677d740] = 64
 main code      [0x000000011677d740,0x000000011677f400] = 7360
 stub code      [0x000000011677f400,0x000000011677fc60] = 2144
 oops           [0x000000011677fc60,0x000000011677fe18] = 440
 metadata       [0x000000011677fe18,0x0000000116780238] = 1056
 scopes data    [0x0000000116780238,0x0000000116781438] = 4608
 scopes pcs     [0x0000000116781438,0x0000000116781b08] = 1744
 dependencies   [0x0000000116781b08,0x0000000116781c28] = 288
 handler table  [0x0000000116781c28,0x0000000116781df0] = 456
 nul chk table  [0x0000000116781df0,0x0000000116781ed0] = 224


[Constant Pool]
             Address          hex4                    hex8      
  0x000000011677d700:   0x9999999a      0x3fb999999999999a      
  0x000000011677d704:   0x3fb99999                              
  0x000000011677d708:   0x00000000      0x0000000000000000      
  0x000000011677d70c:   0x00000000                              
  0x000000011677d710:   0x00000000      0x0000000000000000      
  0x000000011677d714:   0x00000000                              
  0x000000011677d718:   0x00000000      0x0000000000000000      
  0x000000011677d71c:   0x00000000                              
  0x000000011677d720:   0x00000000      0x0000000000000000      
  0x000000011677d724:   0x00000000                              
  0x000000011677d728:   0x00000000      0x0000000000000000      
  0x000000011677d72c:   0x00000000                              
  0x000000011677d730:   0x00000000      0x0000000000000000      
  0x000000011677d734:   0x00000000                              
  0x000000011677d738:   0x00000000      0x0000000000000000      
  0x000000011677d73c:   0x00000000                              

[MachCode]
[Entry Point]
  # {method} {0x00000001406537d0} 'resetModulesToAbsolute' '()V' in 'frc/robot/subsystems/swerve/Swerve'
  #           [sp+0xf0]  (sp of caller)
  0x000000011677d740: ;   {no_reloc}
  0x000000011677d740: 2808 40b9 | 3f01 086b | 4000 0054 

  0x000000011677d74c: ;   {runtime_call ic_miss_stub}
  0x000000011677d74c: 2dad e317 
[Verified Entry Point]
  0x000000011677d750: 1f20 03d5 | e953 40d1 | 3f01 00f9 | ffc3 03d1 | fd7b 0ea9 | 2a28 40b9 | 4bf1 7dd3 

  0x000000011677d76c: ; implicit exception: dispatches to 0x000000011677f24c
  0x000000011677d76c: 6d0d 40b9 | bf01 0071 | a939 0054 | aa05 0051 | 5f01 0d6b | 2290 0054 | 8a47 41f9 | 4a01 40f9 
  0x000000011677d78c: eb07 00f9 | 4bfd 43d3 | ed13 00b9 | e103 00f9 

  0x000000011677d79c: ;   {section_word}
  0x000000011677d79c: 30fb ff5c | eb17 00b9 | ea0f 00f9 | ec03 1f2a | 6b00 0014 | ea3f 40f9 | 4a19 40b9 | 4af1 7dd3 
  0x000000011677d7bc: ea43 00f9 | ea3f 40f9 | 4b09 40b9 | ea43 40f9 | 2a02 00b4 

  0x000000011677d7d0: ;   {metadata('java/util/HashMap$TreeNode')}
  0x000000011677d7d0: ca00 a0d2 | 0aa1 82f2 | 7f01 0a6b | 008d 0054 | ea43 40f9 | 4a0d 40b9 | ec77 40b9 | 5f01 0c6b 
  0x000000011677d7f0: 4001 0054 | ea43 40f9 | 4a19 40b9 | 8bab 41f9 

  0x000000011677d800: ; ImmutableOopMap {r10=Oop [0]=Oop [8]=Oop [20]=NarrowOop [24]=Oop [32]=Oop [48]=Oop [56]=Oop [80]=Oop [88]=Oop [96]=Oop [104]=Oop [120]=Oop }
                      ;*ifnonnull {reexecute=1 rethrow=0 return_oop=0}
                      ; - (reexecute) java.util.HashMap::getNode@145 (line 579)
                      ; - java.util.HashMap::get@2 (line 556)
                      ; - com.ctre.phoenix6.StatusCode::valueOf@7 (line 822)
                      ; - com.ctre.phoenix6.configs.ParentConfigurator::setConfigsPrivate@43 (line 72)
                      ; - com.ctre.phoenix6.configs.TalonFXConfigurator::setPosition@18 (line 1361)
                      ; - com.ctre.phoenix6.hardware.core.CoreTalonFX::setPosition@6 (line 9129)
                      ; - com.ctre.phoenix6.hardware.core.CoreTalonFX::setPosition@5 (line 9118)
                      ; - frc.robot.subsystems.swerve.Module::resetSteerMotorToAbsolute@8 (line 185)
                      ; - frc.robot.subsystems.swerve.Swerve::resetModulesToAbsolute@20 (line 216)
  0x000000011677d800: 4af1 7dd3 

  0x000000011677d804: ;   {poll}
  0x000000011677d804: 7f01 40b9 | ea43 00f9 | aafe ffb5 | 6101 8012 

  0x000000011677d814: ; ImmutableOopMap {[0]=Oop [8]=Oop [32]=Oop [48]=Oop [56]=Oop [80]=Oop }
                      ;*checkcast {reexecute=0 rethrow=0 return_oop=0}
                      ; - com.ctre.phoenix6.StatusCode::valueOf@10 (line 822)
                      ; - com.ctre.phoenix6.configs.ParentConfigurator::setConfigsPrivate@43 (line 72)
                      ; - com.ctre.phoenix6.configs.TalonFXConfigurator::setPosition@18 (line 1361)
                      ; - com.ctre.phoenix6.hardware.core.CoreTalonFX::setPosition@6 (line 9129)
                      ; - com.ctre.phoenix6.hardware.core.CoreTalonFX::setPosition@5 (line 9118)
                      ; - frc.robot.subsystems.swerve.Module::resetSteerMotorToAbsolute@8 (line 185)
                      ; - frc.robot.subsystems.swerve.Swerve::resetModulesToAbsolute@20 (line 216)
                      ;   {runtime_call UncommonTrapBlob}
  0x000000011677d814: 1bc8 e397 | ea43 40f9 | 4a11 40b9 | 4af1 7dd3 | eb2f 40f9 | ea47 00f9 | 5f01 0beb | 8001 0054 
  0x000000011677d834: ; implicit exception: dispatches to 0x000000011677f258
  0x000000011677d834: 4a09 40b9 

  0x000000011677d838: ;   {metadata('java/lang/Integer')}
  0x000000011677d838: ac00 a0d2 | 0cea 8cf2 | 5f01 0c6b | a1cc 0054 | ea47 40f9 | 5d0d 40b9 | eb2b 40b9 | ea4b 00f9 
  0x000000011677d858: 7f01 1d6b | e193 0054 | ea43 40f9 | ea3f 00f9 | ea3f 40f9 | 4b15 40b9 | 7df1 7dd3 

  0x000000011677d874: ; implicit exception: dispatches to 0x000000011677d810
  0x000000011677d874: aa0b 40b9 

  0x000000011677d878: ;   {metadata('com/ctre/phoenix6/StatusCode')}
  0x000000011677d878: 4b02 a0d2 | 0be0 87f2 | 5f01 0b6b | 21ca 0054 | fd2f 00f9 | e11b 40f9 

  0x000000011677d890: ; ImmutableOopMap {rfp=Oop [0]=Oop [8]=Oop [20]=NarrowOop [24]=Oop [32]=Oop [48]=Oop [56]=Oop [80]=Oop [88]=Oop }
                      ;*invokevirtual reportIfFrequent {reexecute=0 rethrow=0 return_oop=0}
                      ; - com.ctre.phoenix6.configs.ParentConfigurator::setConfigsPrivate@49 (line 80)
                      ; - com.ctre.phoenix6.configs.TalonFXConfigurator::setPosition@18 (line 1361)
                      ; - com.ctre.phoenix6.hardware.core.CoreTalonFX::setPosition@6 (line 9129)
                      ; - com.ctre.phoenix6.hardware.core.CoreTalonFX::setPosition@5 (line 9118)
                      ; - frc.robot.subsystems.swerve.Module::resetSteerMotorToAbsolute@8 (line 185)
                      ; - frc.robot.subsystems.swerve.Swerve::resetModulesToAbsolute@20 (line 216)
                      ;   {optimized virtual_call}
  0x000000011677d890: e04c fe97 | ea1b 40f9 | 4a31 40b9 | 5df1 7dd3 

  0x000000011677d8a0: ; implicit exception: dispatches to 0x000000011677f234
  0x000000011677d8a0: ab0b 40b9 

  0x000000011677d8a4: ;   {metadata('java/util/concurrent/locks/ReentrantLock')}
  0x000000011677d8a4: cc00 a0d2 | 0c80 83f2 | 7f01 0c6b | e159 0054 | ab0f 40b9 | 6af1 7dd3 | fd2b 06a9 | ea57 00b4 
  0x000000011677d8c4: 4a41 0091 | 4afd df88 | eb37 40f9 | 6c0d 40b9 | 8bf1 7dd3 | ec0f 40f9 | 5d05 0051 | eb3b 00f9 
  0x000000011677d8e4: 7f01 0ceb | 815c 0054 | 5f05 0071 | c159 0054 | 8be3 c039 | eb32 0035 | ea37 40f9 | 5f0d 00b9 
  0x000000011677d904: 4a41 0091 | 5dfd 9f88 | ea37 40f9 | 4a51 0091 | 4bfd df88 

  0x000000011677d918: ;   {oop(a 'com/ctre/phoenix6/StatusCode'{0x0000000700712ab8})}
  0x000000011677d918: 0a57 85d2 | 2a0e a0f2 | ea00 c0f2 | 7df1 7dd3 | 4a15 40b9 | ec2f 40f9 | 8d15 40b9 | 7d5a 00b5 
  0x000000011677d938: bf01 0a6b | 4139 0054 | ea2f 40b9 | 4c05 0011 | eb13 40b9 | 9f01 0b6b | ca2a 0054 | f027 40fd 
  0x000000011677d958: ea07 40f9 | 4ac9 2c8b | 4a11 40b9 | 4af1 7dd3 | ea13 00f9 

  0x000000011677d96c: ; implicit exception: dispatches to 0x000000011677f1f0
  0x000000011677d96c: 4b35 40b9 

  0x000000011677d970: ;   {oop(a 'com/ctre/phoenix6/spns/SpnValue'{0x0000000700874608})}
  0x000000011677d970: 0ac1 88d2 | ea10 a0f2 | ea00 c0f2 | 4d15 40b9 | ea13 40f9 | 4a39 40b9 | 4af1 7dd3 | ea1b 00f9 
  0x000000011677d990: 6af1 7dd3 | ed2b 00b9 | ea1f 00f9 | ad01 0211 | ea1b 40f9 

  0x000000011677d9a4: ; implicit exception: dispatches to 0x000000011677f1fc
  0x000000011677d9a4: 4b21 40b9 | 7df1 7dd3 | bf01 0471 | 6302 0054 | 8d87 40f9 | 8a8f 40f9 | ab41 0091 | 7f01 0aeb 
  0x000000011677d9c4: 6248 0054 | ea03 40b2 | 8b87 00f9 

  0x000000011677d9d0: ;   {metadata('java/lang/Integer')}
  0x000000011677d9d0: ae00 a0d2 | 0eea 8cf2 | aa01 00f9 | ae09 00b9 | 70c1 80f9 | bf0d 00b9 | ec2f 00b9 | eb2b 40b9 
  0x000000011677d9f0: ab0d 00b9 | ed23 00f9 | 0d00 0014 

  0x000000011677d9fc: ;   {oop(a 'java/lang/Integer'[256] {0x0000000700601690})}
  0x000000011677d9fc: 0bd2 82d2 | 0b0c a0f2 | eb00 c0f2 | ed2b 40b9 

  0x000000011677da0c: ;   {oop(a 'java/lang/Integer'[256] {0x0000000700601690})}
  0x000000011677da0c: 0ad2 82d2 | 0a0c a0f2 | ea00 c0f2 | 6ac9 2d8b | 4b11 42b9 | ea0f 0b8b | ea23 00f9 | ec2f 00b9 
  0x000000011677da2c: ; implicit exception: dispatches to 0x000000011677f208
  0x000000011677da2c: ab0b 40b9 

  0x000000011677da30: ;   {metadata('java/util/concurrent/ConcurrentHashMap')}
  0x000000011677da30: ac00 a0d2 | 0cda 84f2 | 7f01 0c6b | 414c 0054 | aaa3 0091 | 4bfd df88 | 6af1 7dd3 | fdab 04a9 
  0x000000011677da50: ; implicit exception: dispatches to 0x000000011677db3c
  0x000000011677da50: 4b0d 40b9 | ea2b 40b9 | 4a41 4a4a | 4a79 0012 | 6c05 0051 | eb5b 00b9 | 8b01 0a0a | ea5f 00b9 
  0x000000011677da70: ea2b 40f9 | 4ac9 2b8b | ec5b 40b9 | 9f01 0071 | a94b 0054 | 4a41 0091 | 4afd df88 | 4af1 7dd3 
  0x000000011677da90: ea33 00f9 

  0x000000011677da94: ; implicit exception: dispatches to 0x000000011677db3c
  0x000000011677da94: 4a0d 40b9 | eb5f 40b9 | ea6b 00b9 | 5f01 0b6b | 0005 0054 | ea33 40f9 | 4a61 0091 | eb6b 40b9 
  0x000000011677dab4: 4afd df88 | 0b77 f837 | 4af1 7dd3 | ea33 00f9 | ca03 00b4 | eb33 40f9 | 6c0d 40b9 

  0x000000011677dad0: ; ImmutableOopMap {[0]=Oop [8]=Oop [20]=NarrowOop [24]=Oop [32]=Oop [48]=Oop [56]=Oop [64]=Oop [72]=Oop [80]=Oop [96]=Oop }
                      ;*if_icmpne {reexecute=1 rethrow=0 return_oop=0}
                      ; - (reexecute) java.util.concurrent.ConcurrentHashMap::get@127 (line 946)
                      ; - com.ctre.phoenix6.hardware.ParentDevice::commonLookup@8 (line 425)
                      ; - com.ctre.phoenix6.hardware.ParentDevice::lookupStatusSignal@11 (line 478)
                      ; - com.ctre.phoenix6.hardware.core.CoreCANcoder::getAbsolutePosition@18 (line 682)
                      ; - com.ctre.phoenix6.hardware.core.CoreCANcoder::getAbsolutePosition@2 (line 652)
                      ; - frc.robot.subsystems.swerve.Module::getRawAbsoluteEncoder@4 (line 151)
                      ; - frc.robot.subsystems.swerve.Module::getAbsoluteEncoder@1 (line 165)
                      ; - frc.robot.subsystems.swerve.Module::resetSteerMotorToAbsolute@5 (line 185)
                      ; - frc.robot.subsystems.swerve.Swerve::resetModulesToAbsolute@20 (line 216)
  0x000000011677dad0: 8aab 41f9 

  0x000000011677dad4: ;   {poll}
  0x000000011677dad4: 5f01 40b9 | eb5f 40b9 | 9f01 0b6b | 6121 0054 | ea33 40f9 | 4a51 0091 | 4cfd df88 | ea33 40f9 
  0x000000011677daf4: 4a11 40b9 | 4af1 7dd3 | eb23 40f9 | ea3b 00f9 | 5f01 0beb | 8001 0054 

  0x000000011677db0c: ; implicit exception: dispatches to 0x000000011677f260
  0x000000011677db0c: 4a09 40b9 

  0x000000011677db10: ;   {metadata('java/lang/Integer')}
  0x000000011677db10: ab00 a0d2 | 0bea 8cf2 | 5f01 0b6b | 21b6 0054 | ea3b 40f9 | 5d0d 40b9 | ea3f 00f9 | ea2b 40b9 
  0x000000011677db30: 5f01 1d6b | e17c 0054 | 2c03 0035 | 6101 8012 

  0x000000011677db40: ; ImmutableOopMap {[0]=Oop [8]=Oop [32]=Oop [48]=Oop [56]=Oop }
                      ;*checkcast {reexecute=0 rethrow=0 return_oop=0}
                      ; - com.ctre.phoenix6.hardware.ParentDevice::commonLookup@13 (line 425)
                      ; - com.ctre.phoenix6.hardware.ParentDevice::lookupStatusSignal@11 (line 478)
                      ; - com.ctre.phoenix6.hardware.core.CoreCANcoder::getAbsolutePosition@18 (line 682)
                      ; - com.ctre.phoenix6.hardware.core.CoreCANcoder::getAbsolutePosition@2 (line 652)
                      ; - frc.robot.subsystems.swerve.Module::getRawAbsoluteEncoder@4 (line 151)
                      ; - frc.robot.subsystems.swerve.Module::getAbsoluteEncoder@1 (line 165)
                      ; - frc.robot.subsystems.swerve.Module::resetSteerMotorToAbsolute@5 (line 185)
                      ; - frc.robot.subsystems.swerve.Swerve::resetModulesToAbsolute@20 (line 216)
                      ;   {runtime_call UncommonTrapBlob}
  0x000000011677db40: 50c7 e397 | ea33 40f9 | 4a51 0091 | 4cfd df88 | ea33 40f9 | 4a11 40b9 | 4af1 7dd3 | eb23 40f9 
  0x000000011677db60: ea3b 00f9 | 5f01 0beb | 8001 0054 

  0x000000011677db6c: ; implicit exception: dispatches to 0x000000011677f244
  0x000000011677db6c: 4a09 40b9 

  0x000000011677db70: ;   {metadata('java/lang/Integer')}
  0x000000011677db70: ab00 a0d2 | 0bea 8cf2 | 5f01 0b6b | a1b2 0054 | ea3b 40f9 | 5d0d 40b9 | eb2b 40b9 | ea3f 00f9 
  0x000000011677db90: 7f01 1d6b | a147 0054 | 2cfd ff34 | 9df1 7dd3 | aa0b 40b9 

  0x000000011677dba4: ;   {metadata('com/ctre/phoenix6/StatusSignal')}
  0x000000011677dba4: 4c02 a0d2 | 0c0b 8af2 | 5f01 0c6b | 81b0 0054 | aa43 40b9 | fd23 00f9 | aa3e 0034 

  0x000000011677dbc0: ;   {oop(a 'java/lang/Class'{0x000000070065c958} = 'edu/wpi/first/units/measure/Angle')}
  0x000000011677dbc0: 8b01 bcd2 | 6b25 97f2 | 5f01 0b6b | 0140 0054 | f027 00fd | e103 1daa | e203 0032 

  0x000000011677dbdc: ; ImmutableOopMap {rfp=Oop [0]=Oop [8]=Oop [20]=NarrowOop [24]=Oop [32]=Oop [48]=Oop [56]=Oop }
                      ;*invokevirtual refresh {reexecute=0 rethrow=0 return_oop=1}
                      ; - com.ctre.phoenix6.hardware.ParentDevice::commonLookup@193 (line 466)
                      ; - com.ctre.phoenix6.hardware.ParentDevice::lookupStatusSignal@11 (line 478)
                      ; - com.ctre.phoenix6.hardware.core.CoreCANcoder::getAbsolutePosition@18 (line 682)
                      ; - com.ctre.phoenix6.hardware.core.CoreCANcoder::getAbsolutePosition@2 (line 652)
                      ; - frc.robot.subsystems.swerve.Module::getRawAbsoluteEncoder@4 (line 151)
                      ; - frc.robot.subsystems.swerve.Module::getAbsoluteEncoder@1 (line 165)
                      ; - frc.robot.subsystems.swerve.Module::resetSteerMotorToAbsolute@5 (line 185)
                      ; - frc.robot.subsystems.swerve.Swerve::resetModulesToAbsolute@20 (line 216)
                      ;   {optimized virtual_call}
  0x000000011677dbdc: 8d84 0094 | ea13 40f9 | 5109 40fd | b00b 40fd | 103a 711e | ea1f 40f9 

  0x000000011677dbf4: ; implicit exception: dispatches to 0x000000011677f210
  0x000000011677dbf4: 4a39 40b9 | 4af1 7dd3 | ea1b 00f9 | ca3c 00b4 

  0x000000011677dc04: ;   {oop(a 'com/ctre/phoenix6/spns/SpnValue'{0x000000070086c3c0})}
  0x000000011677dc04: 0a78 98d2 | ca10 a0f2 | ea00 c0f2 | f023 00fd | 4115 40b9 | 0042 601e 

  0x000000011677dc1c: ; ImmutableOopMap {[0]=Oop [8]=Oop [20]=NarrowOop [24]=Oop [32]=Oop [48]=Oop [56]=Oop }
                      ;*invokestatic Serializedouble {reexecute=0 rethrow=0 return_oop=1}
                      ; - com.ctre.phoenix6.configs.TalonFXConfigurator::setPosition@7 (line 1360)
                      ; - com.ctre.phoenix6.hardware.core.CoreTalonFX::setPosition@6 (line 9129)
                      ; - com.ctre.phoenix6.hardware.core.CoreTalonFX::setPosition@5 (line 9118)
                      ; - frc.robot.subsystems.swerve.Module::resetSteerMotorToAbsolute@8 (line 185)
                      ; - frc.robot.subsystems.swerve.Swerve::resetModulesToAbsolute@20 (line 216)
                      ;   {static_call}
  0x000000011677dc1c: 6df2 f997 | ea1b 40f9 | 4a31 40b9 | e02b 00f9 | 5df1 7dd3 

  0x000000011677dc30: ; implicit exception: dispatches to 0x000000011677f21c
  0x000000011677dc30: ab0b 40b9 

  0x000000011677dc34: ;   {metadata('java/util/concurrent/locks/ReentrantLock')}
  0x000000011677dc34: ca00 a0d2 | 0a80 83f2 | 7f01 0a6b | e13c 0054 | ab0f 40b9 | 6af1 7dd3 | fdab 05a9 | aa3a 00b4 
  0x000000011677dc54: eb03 0032 | ec03 1f2a | 4a41 0091 | e803 0caa | 4bfd e888 | 1f01 0c6b | ea17 9f9a | ca31 0034 
  0x000000011677dc74: 8ae3 c039 | 6a18 0035 | ea33 40f9 | eb0f 40f9 | 6b01 0aca | ee17 40b9 | 6bfd 55d3 | ec33 40f9 
  0x000000011677dc94: 8e0d 00b9 | 0b01 00b4 | 4afd 49d3 | 0b40 a0d2 | 2b00 c0f2 | 6001 0a8b | 0a00 c039 | 5f11 0071 
  0x000000011677dcb4: 0118 0054 | ea1b 40f9 | 5335 40b9 | 74f2 7dd3 | 5437 00b4 | 8be3 c039 | eb12 0035 | eb2b 40f9 
  0x000000011677dcd4: ea03 14aa | 6b01 0aca | ec2b 40f9 | 8dfd 43d3 | 6bfd 55d3 | 8d0e 00b9 | 2b01 00b4 | 0c01 00b4 
  0x000000011677dcf4: 4afd 49d3 | 0b40 a0d2 | 2b00 c0f2 | 6001 0a8b | 0b00 c039 | 7f11 0071 | e117 0054 | ea1b 40f9 
  0x000000011677dd14: 4a0d 40b9 | 4af1 7dd3 | 7df2 7dd3 

  0x000000011677dd20: ; implicit exception: dispatches to 0x000000011677f224
  0x000000011677dd20: 4c15 40b9 | 4b11 40b9 | 8af1 7dd3 | eb2b 00b9 | ea2f 00f9 | 1d34 00b4 | e103 1daa | e203 0aaa 
  0x000000011677dd40: e303 0b2a | e027 40fd | e403 1f2a | e503 0032 

  0x000000011677dd50: ; ImmutableOopMap {[0]=Oop [8]=Oop [20]=NarrowOop [24]=Oop [32]=Oop [48]=Oop [56]=Oop [80]=Oop }
                      ;*invokevirtual SetConfigs {reexecute=0 rethrow=0 return_oop=0}
                      ; - com.ctre.phoenix6.configs.ParentConfigurator::setConfigsPrivate@40 (line 73)
                      ; - com.ctre.phoenix6.configs.TalonFXConfigurator::setPosition@18 (line 1361)
                      ; - com.ctre.phoenix6.hardware.core.CoreTalonFX::setPosition@6 (line 9129)
                      ; - com.ctre.phoenix6.hardware.core.CoreTalonFX::setPosition@5 (line 9118)
                      ; - frc.robot.subsystems.swerve.Module::resetSteerMotorToAbsolute@8 (line 185)
                      ; - frc.robot.subsystems.swerve.Swerve::resetModulesToAbsolute@20 (line 216)
                      ;   {optimized virtual_call}
  0x000000011677dd50: a097 fb97 

  0x000000011677dd54: ;   {oop(a 'java/lang/Class'{0x000000070089cdc0} = 'com/ctre/phoenix6/StatusCode')}
  0x000000011677dd54: 0ab8 99d2 | 2a11 a0f2 | ea00 c0f2 | 4a59 43b9 | 0c00 0211 | 5df1 7dd3 | e02b 00b9 | 9f01 0471 
  0x000000011677dd74: 2302 0054 | 8c87 40f9 | 8a8f 40f9 | 8b41 0091 | 7f01 0aeb | 622b 0054 | ea03 40b2 | 8b87 00f9 
  0x000000011677dd94: 8a01 00f9 

  0x000000011677dd98: ;   {metadata('java/lang/Integer')}
  0x000000011677dd98: aa00 a0d2 | 0aea 8cf2 | 8a09 00b9 | 70c1 80f9 | eb2b 40b9 | 8b0d 00b9 | ec2f 00f9 | 0b00 0014 
  0x000000011677ddb8: ;   {oop(a 'java/lang/Integer'[256] {0x0000000700601690})}
  0x000000011677ddb8: 0bd2 82d2 | 0b0c a0f2 | eb00 c0f2 

  0x000000011677ddc4: ;   {oop(a 'java/lang/Integer'[256] {0x0000000700601690})}
  0x000000011677ddc4: 0ad2 82d2 | 0a0c a0f2 | ea00 c0f2 | 6ac9 208b | 4b11 42b9 | ea0f 0b8b | ea2f 00f9 

  0x000000011677dde0: ; implicit exception: dispatches to 0x000000011677f22c
  0x000000011677dde0: ab0b 40b9 

  0x000000011677dde4: ;   {metadata('java/util/HashMap')}
  0x000000011677dde4: aa00 a0d2 | 0a38 9ff2 | 7f01 0a6b | a12f 0054 | ab27 40b9 | 6af1 7dd3 | fd2b 06a9 

  0x000000011677de00: ; implicit exception: dispatches to 0x000000011677d810
  0x000000011677de00: 4b0d 40b9 | eb73 00b9 | eb2b 40b9 | ea03 0b2a | 6a41 4a4a | ea77 00b9 | eb73 40b9 | 6a05 0051 
  0x000000011677de20: eb77 40b9 | 4b01 0b0a | ea37 40f9 | 4ac9 2b8b | ec73 40b9 | 9f01 0071 | 292e 0054 | 4b11 40b9 
  0x000000011677de40: 6af1 7dd3 | ea3f 00f9 

  0x000000011677de48: ; implicit exception: dispatches to 0x000000011677d810
  0x000000011677de48: 4a0d 40b9 | eb77 40b9 | 5f01 0b6b | e1ca ff54 | ea3f 40f9 | 4a11 40b9 | 4af1 7dd3 | eb2f 40f9 
  0x000000011677de68: ea43 00f9 | 5f01 0beb | c0cf ff54 

  0x000000011677de74: ; implicit exception: dispatches to 0x000000011677f23c
  0x000000011677de74: 4a09 40b9 

  0x000000011677de78: ;   {metadata('java/lang/Integer')}
  0x000000011677de78: ac00 a0d2 | 0cea 8cf2 | 5f01 0c6b | 219b 0054 | ea43 40f9 | 5d0d 40b9 | eb2b 40b9 | ea47 00f9 
  0x000000011677de98: 7f01 1d6b | 60ce ff54 | 4117 8012 

  0x000000011677dea4: ; ImmutableOopMap {[0]=Oop [8]=Oop [32]=Oop [48]=Oop [56]=Oop [80]=Oop [88]=Oop [96]=Oop [104]=Oop [120]=Oop [128]=Oop [136]=Oop }
                      ;*if_icmpne {reexecute=1 rethrow=0 return_oop=0}
                      ; - (reexecute) java.lang.Integer::equals@18 (line 1236)
                      ; - java.util.HashMap::getNode@63 (line 570)
                      ; - java.util.HashMap::get@2 (line 556)
                      ; - com.ctre.phoenix6.StatusCode::valueOf@7 (line 822)
                      ; - com.ctre.phoenix6.configs.ParentConfigurator::setConfigsPrivate@43 (line 72)
                      ; - com.ctre.phoenix6.configs.TalonFXConfigurator::setPosition@18 (line 1361)
                      ; - com.ctre.phoenix6.hardware.core.CoreTalonFX::setPosition@6 (line 9129)
                      ; - com.ctre.phoenix6.hardware.core.CoreTalonFX::setPosition@5 (line 9118)
                      ; - frc.robot.subsystems.swerve.Module::resetSteerMotorToAbsolute@8 (line 185)
                      ; - frc.robot.subsystems.swerve.Swerve::resetModulesToAbsolute@20 (line 216)
                      ;   {runtime_call UncommonTrapBlob}
  0x000000011677dea4: 77c6 e397 | fd7b 4ea9 | ffc3 0391 | 88e3 41f9 | ff63 28eb | 2302 0054 | fd7b bfa9 | fd03 0091 
  0x000000011677dec4: ;   {external_word}
  0x000000011677dec4: 8848 81d2 | a8d0 a0f2 | 2800 c0f2 | e003 1caa | 0001 3fd6 | bf03 0091 | fd7b c1a8 

  0x000000011677dee0: ;   {runtime_call delayed StackOverflowError throw_exception}
  0x000000011677dee0: 0860 9ad2 | 48c0 a2f2 | 2800 c0f2 | 0001 1fd6 | c1d5 bbd4 | dcea aa06 | 0100 0000 

  0x000000011677defc: ;   {poll_return}
  0x000000011677defc: 88a7 41f9 | ff63 28eb | 08a6 0054 | c003 5fd6 | ea33 40f9 | 4a61 0091 | 4bfd df88 | 6af1 7dd3 
  0x000000011677df1c: ea33 00f9 | 4add ffb5 | 06ff ff17 | 8a0e 40b9 | 40f1 7dd3 | 00ed ffb4 | 8a13 40f9 | 6a26 00b4 
  0x000000011677df3c: 8b1b 40f9 | 4c21 00d1 | 6a01 0a8b | 4081 1ff8 | 8c13 00f9 | 60ff ff17 | ea37 40f9 | 4a0d 40b9 
  0x000000011677df5c: 40f1 7dd3 | e0cc ffb4 | 8a13 40f9 | 4a26 00b4 | 8b1b 40f9 | 4c21 00d1 | 6a01 0a8b | 4081 1ff8 
  0x000000011677df7c: 8c13 00f9 | 5ffe ff17 | ea33 40f9 | 4b0d 40b9 | 60f1 7dd3 | 60e7 ffb4 | 8a13 40f9 | ea25 00b4 
  0x000000011677df9c: 8b1b 40f9 | 4c21 00d1 | 6a01 0a8b | 4081 1ff8 | 8c13 00f9 | 33ff ff17 | 8a23 40f9 | 8b2b 40f9 
  0x000000011677dfbc: bf3b 03d5 | 0c00 c039 | ace7 ff34 | 1f00 0039 | 4a01 00b5 | e103 1caa | c900 0010 

  0x000000011677dfd8: ;   {runtime_call G1BarrierSetRuntime::write_ref_field_post_entry(unsigned char volatile*, JavaThread*)}
  0x000000011677dfd8: 0880 91d2 | a8c6 a0f2 | 2800 c0f2 | ff27 bfa9 | 0001 3fd6 | ff43 0091 | 32ff ff17 | 4c21 00d1 
  0x000000011677dff8: 6a01 0a8b | 4081 1ff8 | 8c23 00f9 | 2dff ff17 | 8a23 40f9 | 8b2b 40f9 | bf3b 03d5 | 0d00 c039 
  0x000000011677e018: 0d02 0034 | 1f00 0039 | ca00 00b4 | 4c21 00d1 | 6a01 0a8b | 4081 1ff8 | 8c23 00f9 | 0900 0014 
  0x000000011677e038: e103 1caa | c900 0010 

  0x000000011677e040: ;   {runtime_call G1BarrierSetRuntime::write_ref_field_post_entry(unsigned char volatile*, JavaThread*)}
  0x000000011677e040: 0880 91d2 | a8c6 a0f2 | 2800 c0f2 | ff27 bfa9 | 0001 3fd6 | ff43 0091 | ea1b 40f9 | 5335 40b9 
  0x000000011677e060: 2cff ff17 

  0x000000011677e064: ;   {oop(a 'com/ctre/phoenix6/StatusCode'{0x00000007008a4d90})}
  0x000000011677e064: 0ab2 89d2 | 4a11 a0f2 | ea00 c0f2 | 9f01 0aeb | 60c6 ff54 | ea1b 40f9 | 4a0d 40b9 | 4af1 7dd3 
  0x000000011677e084: ea33 00f9 

  0x000000011677e088: ; implicit exception: dispatches to 0x000000011677f268
  0x000000011677e088: 4b1d 40b9 | ab20 0034 | 6af1 7dd3 | 4b15 40b9 | ea33 00f9 | 6af1 7dd3 

  0x000000011677e0a0: ; implicit exception: dispatches to 0x000000011677f270
  0x000000011677e0a0: 4a0d 40b9 | 5f01 0071 | 4914 0054 | eb33 40f9 | 6b41 c039 | 4c29 cb1a | 8a7d 4093 | ec2b 00b9 
  0x000000011677e0c0: ea37 00f9 | 7f05 0071 | c050 0054 | ea37 40f9 | 4a35 0091 | ea3b 00f9 | 4afd 6093 | eb3b 40f9 
  0x000000011677e0e0: 5d1d 0013 | ec03 0b2a | 8a21 dd1a | ea7f 00b9 | ea2b 40b9 | ec7b 00b9 | 8a69 f837 | ac69 f837 
  0x000000011677e100: ea7f 40b9 | aa69 f837 | 4c7d 4093 | 5f01 4471 | 2900 0054 | eb03 0a2a | 5f01 4471 | c84f 0054 
  0x000000011677e120: 8a87 40f9 | 8c5d 0091 | 8cf1 7d92 | 8d8f 40f9 | 4c01 0c8b | 9f01 0deb | e24e 0054 | ed03 40b2 
  0x000000011677e140: 8c87 00f9 | 4d01 00f9 

  0x000000011677e148: ;   {metadata({type array byte})}
  0x000000011677e148: 8e00 a0d2 | 0efc 80f2 | 90c1 80f9 | 4e09 00b9 | 9001 81f9 | 4b0d 00b9 | 9041 81f9 | eb7b 00b9 
  0x000000011677e168: bf3a 03d5 | eb7b 40b9 | ea43 00f9 | ea37 40f9 | fd03 0b2a | e803 60b2 | 5f01 08eb | ca3d 0054 
  0x000000011677e188: eb2b 40b9 | ea43 40f9 | 4ac1 2b8b 

  0x000000011677e194: ;   {oop([B{0x0000000700a69240})}
  0x000000011677e194: 8c02 bcd2 | 0c49 9af2 | eb0f 0c8b | ec2b 40b9 | 8c35 0011 | bf03 0c6b | 835b 0054 | a201 80d2 
  0x000000011677e1b4: 4141 0091 | 6041 0091 

  0x000000011677e1bc: ;   {runtime_call StubRoutines (2)}
  0x000000011677e1bc: cf55 e397 | ea33 40f9 | 4b15 40b9 | 6af1 7dd3 | ea3b 00f9 

  0x000000011677e1d0: ; implicit exception: dispatches to 0x000000011677f278
  0x000000011677e1d0: 4b0d 40b9 | ea33 40f9 | 4a41 c039 | eb2b 00b9 | 6c29 ca1a | eb37 40f9 | 73c1 2ccb | eb03 132a 
  0x000000011677e1f0: eb7b 00b9 | e803 60b2 | 7f02 08eb | 0a3b 0054 | eb3b 40f9 | 6041 0091 | 6a3f 0035 | ec7b 40b9 
  0x000000011677e210: ea43 40f9 | 4ac1 2c8b | ed2b 40b9 | eb03 0c2a | 6c01 0d0b | 0b58 f837 | bf03 0c6b | c357 0054 
  0x000000011677e230: eb2b 40b9 | 7f01 0071 | 8900 0054 | 627d 4093 | 4141 0091 

  0x000000011677e244: ;   {runtime_call StubRoutines (2)}
  0x000000011677e244: ad55 e397 | ea43 40f9 | 5dfd 43d3 | 933a 00b5 | 8087 40f9 | 8a8f 40f9 | 0b60 0091 | 7f01 0aeb 
  0x000000011677e264: 8246 0054 | ea03 40b2 | 8b87 00f9 | 0a00 00f9 

  0x000000011677e274: ;   {metadata('java/lang/String')}
  0x000000011677e274: 8a00 a0d2 | 0a79 83f2 | 0a7c 0129 | 70c1 80f9 | 1f08 00f9 | 1d14 00b9 | bf3b 03d5 | fd03 00aa 
  0x000000011677e294: ea2f 40f9 | 4115 40b9 | e203 1daa 

  0x000000011677e2a0: ; ImmutableOopMap {rfp=Oop [0]=Oop [8]=Oop [20]=NarrowOop [24]=Oop [32]=Oop [48]=Oop [56]=Oop [80]=Oop [88]=Oop }
                      ;*invokestatic reportStatusCode {reexecute=0 rethrow=0 return_oop=0}
                      ; - com.ctre.phoenix6.configs.ParentConfigurator::setConfigsPrivate@115 (line 87)
                      ; - com.ctre.phoenix6.configs.TalonFXConfigurator::setPosition@18 (line 1361)
                      ; - com.ctre.phoenix6.hardware.core.CoreTalonFX::setPosition@6 (line 9129)
                      ; - com.ctre.phoenix6.hardware.core.CoreTalonFX::setPosition@5 (line 9118)
                      ; - frc.robot.subsystems.swerve.Module::resetSteerMotorToAbsolute@8 (line 185)
                      ; - frc.robot.subsystems.swerve.Swerve::resetModulesToAbsolute@20 (line 216)
                      ;   {static_call}
  0x000000011677e2a0: 98ac e397 | a7fd ff17 | ea33 40f9 | 4b0d 40b9 | 6af1 7dd3 | eb0f 40f9 | 5f01 0beb | 8002 0054 
  0x000000011677e2c0: e133 40f9 | e203 0032 

  0x000000011677e2c8: ; ImmutableOopMap {rfp=Oop [0]=Oop [8]=Oop [20]=NarrowOop [24]=Oop [32]=Oop [48]=Oop [56]=Oop [80]=Oop [96]=Oop }
                      ;*invokevirtual acquire {reexecute=0 rethrow=0 return_oop=0}
                      ; - java.util.concurrent.locks.ReentrantLock$Sync::lock@9 (line 153)
                      ; - java.util.concurrent.locks.ReentrantLock::lock@4 (line 322)
                      ; - com.ctre.phoenix6.configs.ParentConfigurator::setConfigsPrivate@4 (line 68)
                      ; - com.ctre.phoenix6.configs.TalonFXConfigurator::setPosition@18 (line 1361)
                      ; - com.ctre.phoenix6.hardware.core.CoreTalonFX::setPosition@6 (line 9129)
                      ; - com.ctre.phoenix6.hardware.core.CoreTalonFX::setPosition@5 (line 9118)
                      ; - frc.robot.subsystems.swerve.Module::resetSteerMotorToAbsolute@8 (line 185)
                      ; - frc.robot.subsystems.swerve.Swerve::resetModulesToAbsolute@20 (line 216)
                      ;   {optimized virtual_call}
  0x000000011677e2c8: 0eab e397 | 7bfe ff17 | ec2f 00b9 | f023 00fd 

  0x000000011677e2d8: ;   {metadata('java/lang/Integer')}
  0x000000011677e2d8: 01ea 8cd2 | a100 a0f2 | 0101 c0f2 

  0x000000011677e2e4: ; ImmutableOopMap {rfp=Oop [0]=Oop [8]=Oop [20]=NarrowOop [24]=Oop [32]=Oop [48]=Oop [56]=Oop }
                      ;*new {reexecute=0 rethrow=0 return_oop=1}
                      ; - java.lang.Integer::valueOf@23 (line 1081)
                      ; - com.ctre.phoenix6.hardware.ParentDevice::commonLookup@5 (line 425)
                      ; - com.ctre.phoenix6.hardware.ParentDevice::lookupStatusSignal@11 (line 478)
                      ; - com.ctre.phoenix6.hardware.core.CoreCANcoder::getAbsolutePosition@18 (line 682)
                      ; - com.ctre.phoenix6.hardware.core.CoreCANcoder::getAbsolutePosition@2 (line 652)
                      ; - frc.robot.subsystems.swerve.Module::getRawAbsoluteEncoder@4 (line 151)
                      ; - frc.robot.subsystems.swerve.Module::getAbsoluteEncoder@1 (line 165)
                      ; - frc.robot.subsystems.swerve.Module::resetSteerMotorToAbsolute@5 (line 185)
                      ; - frc.robot.subsystems.swerve.Swerve::resetModulesToAbsolute@20 (line 216)
                      ;   {runtime_call _new_instance_Java}
  0x000000011677e2e4: 57b2 e697 | ed03 00aa | f023 40fd | bffd ff17 

  0x000000011677e2f4: ;   {metadata('java/lang/Integer')}
  0x000000011677e2f4: 01ea 8cd2 | a100 a0f2 | 0101 c0f2 

  0x000000011677e300: ; ImmutableOopMap {rfp=Oop [0]=Oop [8]=Oop [20]=NarrowOop [24]=Oop [32]=Oop [48]=Oop [56]=Oop [80]=Oop }
                      ;*new {reexecute=0 rethrow=0 return_oop=1}
                      ; - java.lang.Integer::valueOf@23 (line 1081)
                      ; - com.ctre.phoenix6.StatusCode::valueOf@4 (line 822)
                      ; - com.ctre.phoenix6.configs.ParentConfigurator::setConfigsPrivate@43 (line 72)
                      ; - com.ctre.phoenix6.configs.TalonFXConfigurator::setPosition@18 (line 1361)
                      ; - com.ctre.phoenix6.hardware.core.CoreTalonFX::setPosition@6 (line 9129)
                      ; - com.ctre.phoenix6.hardware.core.CoreTalonFX::setPosition@5 (line 9118)
                      ; - frc.robot.subsystems.swerve.Module::resetSteerMotorToAbsolute@8 (line 185)
                      ; - frc.robot.subsystems.swerve.Swerve::resetModulesToAbsolute@20 (line 216)
                      ;   {runtime_call _new_instance_Java}
  0x000000011677e300: 50b2 e697 | ec03 00aa | a8fe ff17 | ea33 40f9 | 4a41 0091 | 4bfd df88 | 7d05 0011 | 1d6c f837 
  0x000000011677e320: ea33 40f9 | 4a41 0091 | 5dfd 9f88 | 63fe ff17 | 8087 40f9 | 8a8f 40f9 | 0b60 0091 | 7f01 0aeb 
  0x000000011677e340: 424e 0054 | ea03 40b2 | 8b87 00f9 | 0a00 00f9 

  0x000000011677e350: ;   {metadata('java/lang/String')}
  0x000000011677e350: 8a00 a0d2 | 0a79 83f2 | 0a7c 0129 | 70c1 80f9 | 1f10 00b9 

  0x000000011677e364: ;   {oop([B{0x0000000700a69240})}
  0x000000011677e364: 8b02 bcd2 | 0b49 9af2 | 0b14 00b9 

  0x000000011677e370: ;   {oop(" Apply Config"{0x0000000700a69228})}
  0x000000011677e370: 0a45 92d2 | ca14 a0f2 | ea00 c0f2 | 4b0d 40b9 | 0b0c 00b9 | bf3b 03d5 | fd03 00aa | c2ff ff17 
  0x000000011677e390: 2101 8012 

  0x000000011677e394: ; ImmutableOopMap {rfp=Oop [0]=Oop [8]=Oop [32]=Oop [48]=Oop [56]=Oop }
                      ;*invokevirtual equals {reexecute=0 rethrow=0 return_oop=0}
                      ; - com.ctre.phoenix6.hardware.ParentDevice::commonLookup@165 (line 460)
                      ; - com.ctre.phoenix6.hardware.ParentDevice::lookupStatusSignal@11 (line 478)
                      ; - com.ctre.phoenix6.hardware.core.CoreCANcoder::getAbsolutePosition@18 (line 682)
                      ; - com.ctre.phoenix6.hardware.core.CoreCANcoder::getAbsolutePosition@2 (line 652)
                      ; - frc.robot.subsystems.swerve.Module::getRawAbsoluteEncoder@4 (line 151)
                      ; - frc.robot.subsystems.swerve.Module::getAbsoluteEncoder@1 (line 165)
                      ; - frc.robot.subsystems.swerve.Module::resetSteerMotorToAbsolute@5 (line 185)
                      ; - frc.robot.subsystems.swerve.Swerve::resetModulesToAbsolute@20 (line 216)
                      ;   {runtime_call UncommonTrapBlob}
  0x000000011677e394: 3bc5 e397 | f00f 00fd | 2101 8012 

  0x000000011677e3a0: ; ImmutableOopMap {[0]=Oop [8]=Oop [32]=Oop [56]=Oop }
                      ;*invokevirtual setPosition {reexecute=0 rethrow=0 return_oop=0}
                      ; - com.ctre.phoenix6.hardware.core.CoreTalonFX::setPosition@6 (line 9129)
                      ; - com.ctre.phoenix6.hardware.core.CoreTalonFX::setPosition@5 (line 9118)
                      ; - frc.robot.subsystems.swerve.Module::resetSteerMotorToAbsolute@8 (line 185)
                      ; - frc.robot.subsystems.swerve.Swerve::resetModulesToAbsolute@20 (line 216)
                      ;   {runtime_call UncommonTrapBlob}
  0x000000011677e3a0: 38c5 e397 | 2101 8012 

  0x000000011677e3a8: ; ImmutableOopMap {rfp=Oop [0]=Oop [8]=Oop [32]=Oop [48]=Oop [56]=Oop [80]=Oop }
                      ;*invokevirtual lock {reexecute=0 rethrow=0 return_oop=0}
                      ; - java.util.concurrent.locks.ReentrantLock::lock@4 (line 322)
                      ; - com.ctre.phoenix6.configs.ParentConfigurator::setConfigsPrivate@4 (line 68)
                      ; - com.ctre.phoenix6.configs.TalonFXConfigurator::setPosition@18 (line 1361)
                      ; - com.ctre.phoenix6.hardware.core.CoreTalonFX::setPosition@6 (line 9129)
                      ; - com.ctre.phoenix6.hardware.core.CoreTalonFX::setPosition@5 (line 9118)
                      ; - frc.robot.subsystems.swerve.Module::resetSteerMotorToAbsolute@8 (line 185)
                      ; - frc.robot.subsystems.swerve.Swerve::resetModulesToAbsolute@20 (line 216)
                      ;   {runtime_call UncommonTrapBlob}
  0x000000011677e3a8: 36c5 e397 | 2101 8012 

  0x000000011677e3b0: ; ImmutableOopMap {[0]=Oop [8]=Oop [32]=Oop [48]=Oop [56]=Oop [80]=Oop }
                      ;*putfield serializedString {reexecute=1 rethrow=0 return_oop=0}
                      ; - (reexecute) com.ctre.phoenix6.configs.ParentConfigurator::setConfigsPrivate@14 (line 71)
                      ; - com.ctre.phoenix6.configs.TalonFXConfigurator::setPosition@18 (line 1361)
                      ; - com.ctre.phoenix6.hardware.core.CoreTalonFX::setPosition@6 (line 9129)
                      ; - com.ctre.phoenix6.hardware.core.CoreTalonFX::setPosition@5 (line 9118)
                      ; - frc.robot.subsystems.swerve.Module::resetSteerMotorToAbsolute@8 (line 185)
                      ; - frc.robot.subsystems.swerve.Swerve::resetModulesToAbsolute@20 (line 216)
                      ;   {runtime_call UncommonTrapBlob}
  0x000000011677e3b0: 34c5 e397 | 2101 8012 

  0x000000011677e3b8: ; ImmutableOopMap {[0]=Oop [8]=Oop [32]=Oop [48]=Oop [56]=Oop [80]=Oop [88]=Oop }
                      ;*invokevirtual SetConfigs {reexecute=0 rethrow=0 return_oop=0}
                      ; - com.ctre.phoenix6.configs.ParentConfigurator::setConfigsPrivate@40 (line 73)
                      ; - com.ctre.phoenix6.configs.TalonFXConfigurator::setPosition@18 (line 1361)
                      ; - com.ctre.phoenix6.hardware.core.CoreTalonFX::setPosition@6 (line 9129)
                      ; - com.ctre.phoenix6.hardware.core.CoreTalonFX::setPosition@5 (line 9118)
                      ; - frc.robot.subsystems.swerve.Module::resetSteerMotorToAbsolute@8 (line 185)
                      ; - frc.robot.subsystems.swerve.Swerve::resetModulesToAbsolute@20 (line 216)
                      ;   {runtime_call UncommonTrapBlob}
  0x000000011677e3b8: 32c5 e397 | 2101 8012 

  0x000000011677e3c0: ; ImmutableOopMap {rfp=Oop [0]=Oop [8]=Oop [32]=Oop [48]=Oop [56]=Oop [80]=Oop [88]=Oop }
                      ;*invokevirtual release {reexecute=0 rethrow=0 return_oop=0}
                      ; - java.util.concurrent.locks.ReentrantLock::unlock@5 (line 494)
                      ; - com.ctre.phoenix6.configs.ParentConfigurator::setConfigsPrivate@56 (line 82)
                      ; - com.ctre.phoenix6.configs.TalonFXConfigurator::setPosition@18 (line 1361)
                      ; - com.ctre.phoenix6.hardware.core.CoreTalonFX::setPosition@6 (line 9129)
                      ; - com.ctre.phoenix6.hardware.core.CoreTalonFX::setPosition@5 (line 9118)
                      ; - frc.robot.subsystems.swerve.Module::resetSteerMotorToAbsolute@8 (line 185)
                      ; - frc.robot.subsystems.swerve.Swerve::resetModulesToAbsolute@20 (line 216)
                      ;   {runtime_call UncommonTrapBlob}
  0x000000011677e3c0: 30c5 e397 | 2104 8012 

  0x000000011677e3c8: ; ImmutableOopMap {rfp=Oop [0]=Oop [8]=Oop [32]=Oop [48]=Oop [56]=Oop [64]=Oop }
                      ;*invokeinterface get {reexecute=0 rethrow=0 return_oop=0}
                      ; - com.ctre.phoenix6.hardware.ParentDevice::commonLookup@8 (line 425)
                      ; - com.ctre.phoenix6.hardware.ParentDevice::lookupStatusSignal@11 (line 478)
                      ; - com.ctre.phoenix6.hardware.core.CoreCANcoder::getAbsolutePosition@18 (line 682)
                      ; - com.ctre.phoenix6.hardware.core.CoreCANcoder::getAbsolutePosition@2 (line 652)
                      ; - frc.robot.subsystems.swerve.Module::getRawAbsoluteEncoder@4 (line 151)
                      ; - frc.robot.subsystems.swerve.Module::getAbsoluteEncoder@1 (line 165)
                      ; - frc.robot.subsystems.swerve.Module::resetSteerMotorToAbsolute@5 (line 185)
                      ; - frc.robot.subsystems.swerve.Swerve::resetModulesToAbsolute@20 (line 216)
                      ;   {runtime_call UncommonTrapBlob}
  0x000000011677e3c8: 2ec5 e397 | 5f01 0b6b | fd17 9f1a | 4117 8012 

  0x000000011677e3d8: ; ImmutableOopMap {[0]=Oop [8]=Oop [32]=Oop [48]=Oop [56]=Oop [64]=Oop }
                      ;*ifne {reexecute=1 rethrow=0 return_oop=0}
                      ; - (reexecute) com.ctre.phoenix6.hardware.ParentDevice::commonLookup@168 (line 460)
                      ; - com.ctre.phoenix6.hardware.ParentDevice::lookupStatusSignal@11 (line 478)
                      ; - com.ctre.phoenix6.hardware.core.CoreCANcoder::getAbsolutePosition@18 (line 682)
                      ; - com.ctre.phoenix6.hardware.core.CoreCANcoder::getAbsolutePosition@2 (line 652)
                      ; - frc.robot.subsystems.swerve.Module::getRawAbsoluteEncoder@4 (line 151)
                      ; - frc.robot.subsystems.swerve.Module::getAbsoluteEncoder@1 (line 165)
                      ; - frc.robot.subsystems.swerve.Module::resetSteerMotorToAbsolute@5 (line 185)
                      ; - frc.robot.subsystems.swerve.Swerve::resetModulesToAbsolute@20 (line 216)
                      ;   {runtime_call UncommonTrapBlob}
  0x000000011677e3d8: 2ac5 e397 | 2104 8012 

  0x000000011677e3e0: ; ImmutableOopMap {rfp=Oop [0]=Oop [8]=Oop [32]=Oop [48]=Oop [56]=Oop [80]=Oop }
                      ;*invokeinterface lock {reexecute=0 rethrow=0 return_oop=0}
                      ; - com.ctre.phoenix6.configs.ParentConfigurator::setConfigsPrivate@4 (line 68)
                      ; - com.ctre.phoenix6.configs.TalonFXConfigurator::setPosition@18 (line 1361)
                      ; - com.ctre.phoenix6.hardware.core.CoreTalonFX::setPosition@6 (line 9129)
                      ; - com.ctre.phoenix6.hardware.core.CoreTalonFX::setPosition@5 (line 9118)
                      ; - frc.robot.subsystems.swerve.Module::resetSteerMotorToAbsolute@8 (line 185)
                      ; - frc.robot.subsystems.swerve.Swerve::resetModulesToAbsolute@20 (line 216)
                      ;   {runtime_call UncommonTrapBlob}
  0x000000011677e3e0: 28c5 e397 | 2104 8012 

  0x000000011677e3e8: ; ImmutableOopMap {rfp=Oop [0]=Oop [8]=Oop [32]=Oop [48]=Oop [56]=Oop [80]=Oop [88]=Oop }
                      ;*invokevirtual get {reexecute=0 rethrow=0 return_oop=0}
                      ; - com.ctre.phoenix6.StatusCode::valueOf@7 (line 822)
                      ; - com.ctre.phoenix6.configs.ParentConfigurator::setConfigsPrivate@43 (line 72)
                      ; - com.ctre.phoenix6.configs.TalonFXConfigurator::setPosition@18 (line 1361)
                      ; - com.ctre.phoenix6.hardware.core.CoreTalonFX::setPosition@6 (line 9129)
                      ; - com.ctre.phoenix6.hardware.core.CoreTalonFX::setPosition@5 (line 9118)
                      ; - frc.robot.subsystems.swerve.Module::resetSteerMotorToAbsolute@8 (line 185)
                      ; - frc.robot.subsystems.swerve.Swerve::resetModulesToAbsolute@20 (line 216)
                      ;   {runtime_call UncommonTrapBlob}
  0x000000011677e3e8: 26c5 e397 | 2104 8012 

  0x000000011677e3f0: ; ImmutableOopMap {rfp=Oop [0]=Oop [8]=Oop [32]=Oop [48]=Oop [56]=Oop [80]=Oop [88]=Oop }
                      ;*invokeinterface unlock {reexecute=0 rethrow=0 return_oop=0}
                      ; - com.ctre.phoenix6.configs.ParentConfigurator::setConfigsPrivate@56 (line 82)
                      ; - com.ctre.phoenix6.configs.TalonFXConfigurator::setPosition@18 (line 1361)
                      ; - com.ctre.phoenix6.hardware.core.CoreTalonFX::setPosition@6 (line 9129)
                      ; - com.ctre.phoenix6.hardware.core.CoreTalonFX::setPosition@5 (line 9118)
                      ; - frc.robot.subsystems.swerve.Module::resetSteerMotorToAbsolute@8 (line 185)
                      ; - frc.robot.subsystems.swerve.Swerve::resetModulesToAbsolute@20 (line 216)
                      ;   {runtime_call UncommonTrapBlob}
  0x000000011677e3f0: 24c5 e397 | 4117 8012 

  0x000000011677e3f8: ; ImmutableOopMap {rfp=Oop [0]=Oop [8]=Oop [32]=Oop [48]=Oop [56]=Oop [64]=Oop [80]=Oop }
                      ;*ifle {reexecute=1 rethrow=0 return_oop=0}
                      ; - (reexecute) java.util.concurrent.ConcurrentHashMap::get@23 (line 937)
                      ; - com.ctre.phoenix6.hardware.ParentDevice::commonLookup@8 (line 425)
                      ; - com.ctre.phoenix6.hardware.ParentDevice::lookupStatusSignal@11 (line 478)
                      ; - com.ctre.phoenix6.hardware.core.CoreCANcoder::getAbsolutePosition@18 (line 682)
                      ; - com.ctre.phoenix6.hardware.core.CoreCANcoder::getAbsolutePosition@2 (line 652)
                      ; - frc.robot.subsystems.swerve.Module::getRawAbsoluteEncoder@4 (line 151)
                      ; - frc.robot.subsystems.swerve.Module::getAbsoluteEncoder@1 (line 165)
                      ; - frc.robot.subsystems.swerve.Module::resetSteerMotorToAbsolute@5 (line 185)
                      ; - frc.robot.subsystems.swerve.Swerve::resetModulesToAbsolute@20 (line 216)
                      ;   {runtime_call UncommonTrapBlob}
  0x000000011677e3f8: 22c5 e397 | 4117 8012 

  0x000000011677e400: ; ImmutableOopMap {rfp=Oop [0]=Oop [8]=Oop [32]=Oop [48]=Oop [56]=Oop [80]=Oop [88]=Oop [104]=Oop }
                      ;*ifle {reexecute=1 rethrow=0 return_oop=0}
                      ; - (reexecute) java.util.HashMap::getNode@14 (line 567)
                      ; - java.util.HashMap::get@2 (line 556)
                      ; - com.ctre.phoenix6.StatusCode::valueOf@7 (line 822)
                      ; - com.ctre.phoenix6.configs.ParentConfigurator::setConfigsPrivate@43 (line 72)
                      ; - com.ctre.phoenix6.configs.TalonFXConfigurator::setPosition@18 (line 1361)
                      ; - com.ctre.phoenix6.hardware.core.CoreTalonFX::setPosition@6 (line 9129)
                      ; - com.ctre.phoenix6.hardware.core.CoreTalonFX::setPosition@5 (line 9118)
                      ; - frc.robot.subsystems.swerve.Module::resetSteerMotorToAbsolute@8 (line 185)
                      ; - frc.robot.subsystems.swerve.Swerve::resetModulesToAbsolute@20 (line 216)
                      ;   {runtime_call UncommonTrapBlob}
  0x000000011677e400: 20c5 e397 | e103 1caa | c900 0010 

  0x000000011677e40c: ;   {runtime_call G1BarrierSetRuntime::write_ref_field_pre_entry(oopDesc*, JavaThread*)}
  0x000000011677e40c: 0879 91d2 | a8c6 a0f2 | 2800 c0f2 | ff27 bfa9 | 0001 3fd6 | ff43 0091 | 2bfe ff17 | 4117 8012 
  0x000000011677e42c: ; ImmutableOopMap {[0]=Oop [8]=Oop [32]=Oop [48]=Oop [56]=Oop [80]=Oop [88]=Oop [96]=Oop [104]=Oop }
                      ;*ifne {reexecute=1 rethrow=0 return_oop=0}
                      ; - (reexecute) java.util.concurrent.locks.ReentrantLock$Sync::tryRelease@26 (line 176)
                      ; - java.util.concurrent.locks.AbstractQueuedSynchronizer::release@2 (line 1007)
                      ; - java.util.concurrent.locks.ReentrantLock::unlock@5 (line 494)
                      ; - com.ctre.phoenix6.configs.ParentConfigurator::setConfigsPrivate@56 (line 82)
                      ; - com.ctre.phoenix6.configs.TalonFXConfigurator::setPosition@18 (line 1361)
                      ; - com.ctre.phoenix6.hardware.core.CoreTalonFX::setPosition@6 (line 9129)
                      ; - com.ctre.phoenix6.hardware.core.CoreTalonFX::setPosition@5 (line 9118)
                      ; - frc.robot.subsystems.swerve.Module::resetSteerMotorToAbsolute@8 (line 185)
                      ; - frc.robot.subsystems.swerve.Swerve::resetModulesToAbsolute@20 (line 216)
                      ;   {runtime_call UncommonTrapBlob}
  0x000000011677e42c: 15c5 e397 | e103 1caa | c900 0010 

  0x000000011677e438: ;   {runtime_call G1BarrierSetRuntime::write_ref_field_pre_entry(oopDesc*, JavaThread*)}
  0x000000011677e438: 0879 91d2 | a8c6 a0f2 | 2800 c0f2 | ff27 bfa9 | 0001 3fd6 | ff43 0091 | 2bfd ff17 | e103 1caa 
  0x000000011677e458: c900 0010 

  0x000000011677e45c: ;   {runtime_call G1BarrierSetRuntime::write_ref_field_pre_entry(oopDesc*, JavaThread*)}
  0x000000011677e45c: 0879 91d2 | a8c6 a0f2 | 2800 c0f2 | ff27 bfa9 | 0001 3fd6 | ff43 0091 | 02fe ff17 | 4117 8012 
  0x000000011677e47c: ; ImmutableOopMap {[0]=Oop [8]=Oop [24]=Oop [32]=Oop [48]=Oop [56]=Oop [80]=Oop [88]=Oop [96]=Oop [104]=Oop [112]=Oop }
                      ;*if_acmpeq {reexecute=1 rethrow=0 return_oop=0}
                      ; - (reexecute) java.util.concurrent.locks.ReentrantLock$Sync::tryRelease@14 (line 174)
                      ; - java.util.concurrent.locks.AbstractQueuedSynchronizer::release@2 (line 1007)
                      ; - java.util.concurrent.locks.ReentrantLock::unlock@5 (line 494)
                      ; - com.ctre.phoenix6.configs.ParentConfigurator::setConfigsPrivate@56 (line 82)
                      ; - com.ctre.phoenix6.configs.TalonFXConfigurator::setPosition@18 (line 1361)
                      ; - com.ctre.phoenix6.hardware.core.CoreTalonFX::setPosition@6 (line 9129)
                      ; - com.ctre.phoenix6.hardware.core.CoreTalonFX::setPosition@5 (line 9118)
                      ; - frc.robot.subsystems.swerve.Module::resetSteerMotorToAbsolute@8 (line 185)
                      ; - frc.robot.subsystems.swerve.Swerve::resetModulesToAbsolute@20 (line 216)
                      ;   {runtime_call UncommonTrapBlob}
  0x000000011677e47c: 01c5 e397 | 4117 8012 

  0x000000011677e484: ; ImmutableOopMap {rfp=Oop [0]=Oop [8]=Oop [32]=Oop [48]=Oop [56]=Oop [80]=Oop [88]=Oop [96]=Oop [104]=Oop }
                      ;*ifnull {reexecute=1 rethrow=0 return_oop=0}
                      ; - (reexecute) java.util.concurrent.locks.AbstractQueuedSynchronizer::signalNext@1 (line 609)
                      ; - java.util.concurrent.locks.AbstractQueuedSynchronizer::release@12 (line 1008)
                      ; - java.util.concurrent.locks.ReentrantLock::unlock@5 (line 494)
                      ; - com.ctre.phoenix6.configs.ParentConfigurator::setConfigsPrivate@56 (line 82)
                      ; - com.ctre.phoenix6.configs.TalonFXConfigurator::setPosition@18 (line 1361)
                      ; - com.ctre.phoenix6.hardware.core.CoreTalonFX::setPosition@6 (line 9129)
                      ; - com.ctre.phoenix6.hardware.core.CoreTalonFX::setPosition@5 (line 9118)
                      ; - frc.robot.subsystems.swerve.Module::resetSteerMotorToAbsolute@8 (line 185)
                      ; - frc.robot.subsystems.swerve.Swerve::resetModulesToAbsolute@20 (line 216)
                      ;   {runtime_call UncommonTrapBlob}
  0x000000011677e484: ffc4 e397 | 4117 8012 

  0x000000011677e48c: ; ImmutableOopMap {[0]=Oop [8]=Oop [32]=Oop [48]=Oop [56]=Oop [64]=Oop [72]=Oop [80]=Oop [96]=Oop [112]=Oop [120]=Oop }
                      ;*if_icmpne {reexecute=1 rethrow=0 return_oop=0}
                      ; - (reexecute) java.lang.Integer::equals@18 (line 1236)
                      ; - java.util.concurrent.ConcurrentHashMap::get@73 (line 940)
                      ; - com.ctre.phoenix6.hardware.ParentDevice::commonLookup@8 (line 425)
                      ; - com.ctre.phoenix6.hardware.ParentDevice::lookupStatusSignal@11 (line 478)
                      ; - com.ctre.phoenix6.hardware.core.CoreCANcoder::getAbsolutePosition@18 (line 682)
                      ; - com.ctre.phoenix6.hardware.core.CoreCANcoder::getAbsolutePosition@2 (line 652)
                      ; - frc.robot.subsystems.swerve.Module::getRawAbsoluteEncoder@4 (line 151)
                      ; - frc.robot.subsystems.swerve.Module::getAbsoluteEncoder@1 (line 165)
                      ; - frc.robot.subsystems.swerve.Module::resetSteerMotorToAbsolute@5 (line 185)
                      ; - frc.robot.subsystems.swerve.Swerve::resetModulesToAbsolute@20 (line 216)
                      ;   {runtime_call UncommonTrapBlob}
  0x000000011677e48c: fdc4 e397 | 4c04 8052 | 4c41 0039 | 4e45 0039 | 7700 0014 | 4a15 40b9 | eb33 40f9 | 4af1 7dd3 
  0x000000011677e4ac: 6c19 40b9 | ea37 00f9 | ea03 0baa | 4b0d 40b9 | 8af1 7dd3 | eb2b 00b9 | ea3b 00f9 

  0x000000011677e4c8: ; implicit exception: dispatches to 0x000000011677f288
  0x000000011677e4c8: 4b15 40b9 | ea37 40f9 

  0x000000011677e4d0: ; implicit exception: dispatches to 0x000000011677f290
  0x000000011677e4d0: 4a15 40b9 | 4af1 7dd3 | ea3f 00f9 

  0x000000011677e4dc: ; implicit exception: dispatches to 0x000000011677f298
  0x000000011677e4dc: 4a0d 40b9 | ea83 00b9 | ea37 40f9 | 4c41 c039 | ec87 00b9 | ea83 40b9 | 4c29 cc1a | ea2b 40b9 
  0x000000011677e4fc: ea03 0a4b | 8d7d 4093 | ea8b 00b9 | 6ef1 7dd3 | aa11 0091 | eb87 40b9 | ea4b 00f9 | 7f05 0071 
  0x000000011677e51c: 0057 0054 | ea4b 40f9 | fd03 0a2a | 9d5e f837 | ea2b 40b9 | 8a5e f837 | eb8b 40b9 | 7f29 0031 
  0x000000011677e53c: cd2d 0054 | eb03 0032 | ea4b 40f9 | 4ac1 2b8b | fd03 0a2a | ea4f 00f9 | bd5d f837 

  0x000000011677e558: ; implicit exception: dispatches to 0x000000011677f2a0
  0x000000011677e558: cb0d 40b9 | ea3b 40f9 | 4a41 c039 | 6c29 ca1a | eb4f 40f9 | 6bc1 2c8b | eb53 00f9 | 5f05 0071 
  0x000000011677e578: 8054 0054 | ea53 40f9 | 4a09 0091 | fd03 0aaa | 4afd 6093 | 4b1d 0013 | ea03 1daa | 4a21 cb1a 
  0x000000011677e598: eaab 00b9 | eb8f 00b9 | ea53 40f9 | eb03 0a2a | ebaf 00b9 | 2b5b f837 | eaab 40b9 | 4a5c f837 
  0x000000011677e5b8: 4b7d 4093 | 5f01 4471 | 2900 0054 | ef03 0a2a | 5f01 4471 | a854 0054 | 8a87 40f9 | 6b5d 0091 
  0x000000011677e5d8: 6bf1 7d92 | 8c8f 40f9 | 4b01 0b8b | 7f01 0ceb | c253 0054 | ec03 40b2 | 8b87 00f9 | 4c01 00f9 
  0x000000011677e5f8: ;   {metadata({type array byte})}
  0x000000011677e5f8: 8c00 a0d2 | 0cfc 80f2 | 70c1 80f9 | 4c09 00b9 | 7001 81f9 | 4f0d 00b9 | 7041 81f9 | bf3a 03d5 
  0x000000011677e618: ea5b 00f9 | eaaf 40b9 | 4a09 0011 | 2e05 8052 | eb53 40f9 | e803 60b2 | 7f01 08eb | 8a58 0054 
  0x000000011677e638: ecab 40b9 | ec8f 00b9 | 9f01 0a6b | 2354 0054 | eb53 40f9 | 6b01 0dcb | ecaf 40b9 | ea5b 40f9 
  0x000000011677e658: eb5f 00f9 | 4ac1 2c8b | eb03 0c2a | 7f01 0071 | 4df1 ff54 | 4b04 8052 | 4e45 0039 | 4b41 0039 
  0x000000011677e678: ea5f 40f9 | eb03 0a2a | fd03 0b2a | e803 60b2 | 5f01 08eb | ca39 0054 | ea3f 40f9 | eb87 40b9 
  0x000000011677e698: 4041 0091 | 2b3d 0035 | eb03 1d2a | ea5b 40f9 | 4ac1 2b8b | eb83 40b9 | ac03 0b0b | bd51 f837 
  0x000000011677e6b8: eb8f 40b9 | 7f01 0c6b | 4351 0054 | ec83 40b9 | 9f01 0071 | a900 0054 | 4141 0091 | ea03 0c2a 
  0x000000011677e6d8: 427d 4093 

  0x000000011677e6dc: ;   {runtime_call StubRoutines (2)}
  0x000000011677e6dc: 8754 e397 | ea5f 40f9 | 4a0d 00d1 | ea3f 00f9 | ea03 0a2a | ea83 00b9 | ea3f 40f9 | e803 60b2 
  0x000000011677e6fc: 5f01 08eb | ea36 0054 | eb8b 40b9 | 6a7d 1f13 | eb83 40b9 | 6c0d 0011 | eb4d f837 | eb8f 40b9 
  0x000000011677e71c: 7f01 0c6b | 834d 0054 | ed83 40b9 | eb5b 40f9 | 60c1 2d8b | ed03 1b32 | 0c05 8052 | eb83 40b9 
  0x000000011677e73c: 7f01 0071 | 4c0f 0054 | 0d40 0039 | 0c44 0039 | 4c04 8052 | 0c48 0039 | ec83 40b9 | 8c05 0051 
  0x000000011677e75c: eb8b 40b9 | ec87 00b9 | 7f91 0131 | ed20 0054 | ec83 40b9 | ecab 00b9 | ec8b 40b9 | 8b7d 4093 
  0x000000011677e77c: eccc 8cd2 | cccc acf2 | 6b7d 0c9b | ee3b 40f9 | ce15 40b9 | 6bfd 6293 | 6b01 0a4b | ccf1 7dd3 
  0x000000011677e79c: ebaf 00b9 | ec5f 00f9 | 6b71 1d53 | ecaf 40b9 | 6a05 0c0b | eb8b 40b9 | 4a01 0b4b | eac3 00b9 
  0x000000011677e7bc: 4bc1 0011 | ee8f 40b9 | ea87 40b9 | 5f01 0e6b | 8247 0054 | ec87 40b9 | ea5b 40f9 | 4ac1 2c8b 
  0x000000011677e7dc: 4b41 0039 | ebaf 40b9 | 4b1b f837 | eb87 40b9 | 6a7d 4093 | ea43 00f9 | 4a05 00d1 | fd03 0a2a 
  0x000000011677e7fc: ea57 00f9 | ab07 0011 | bd46 f837 | df01 0b6b | 6346 0054 | ea5b 40f9 | 4ac1 3d8b | 4d41 0039 
  0x000000011677e81c: ea5f 40f9 

  0x000000011677e820: ; implicit exception: dispatches to 0x000000011677f2a8
  0x000000011677e820: 4a0d 40b9 | ea8b 00b9 | ea3b 40f9 | 4b41 c039 | ec8b 40b9 | 8a29 cb1a | ec43 40f9 | 8ac1 2acb 
  0x000000011677e840: 4a05 00d1 | ea43 00f9 | fd03 0a2a | ea5f 40f9 | 4041 0091 | 6b36 0035 | ea5b 40f9 | 4ac1 3d8b 
  0x000000011677e860: eb8b 40b9 | ab03 0b0b | 5d44 f837 | df01 0b6b | 0344 0054 | eb8b 40b9 | 7f01 0071 | 8900 0054 
  0x000000011677e880: 627d 4093 | 4141 0091 

  0x000000011677e888: ;   {runtime_call StubRoutines (2)}
  0x000000011677e888: 1c54 e397 | ea43 40f9 | 8a42 00b5 | 8a87 40f9 | 8b8f 40f9 | 4c61 0091 | 9f01 0beb | 023f 0054 
  0x000000011677e8a8: eb03 40b2 | 8c87 00f9 

  0x000000011677e8b0: ;   {metadata('java/lang/String')}
  0x000000011677e8b0: 8d00 a0d2 | 0d79 83f2 | 4b01 00f9 | 4d7d 0129 | 90c1 80f9 | 5f09 00f9 | eb5b 40f9 | 6cfd 43d3 
  0x000000011677e8d0: 4c15 00b9 | bf3b 03d5 | f303 0aaa | 8ae3 c039 | 8a22 0035 | ea33 40f9 | eb03 13aa | 6b01 0aca 
  0x000000011677e8f0: 6cfe 43d3 | 6bfd 55d3 | ed33 40f9 | ac1d 00b9 | 0b01 00b4 | 4afd 49d3 | 0b40 a0d2 | 2b00 c0f2 
  0x000000011677e910: 6001 0a8b | 0b00 c039 | 7f11 0071 | 2122 0054 | 6bfe 43d3 | dbfd ff17 | 4b04 8052 | 0b48 0039 
  0x000000011677e930: 0c44 0039 | 0d40 0039 | 87ff ff17 

  0x000000011677e93c: ;   {oop(" Apply Config"{0x0000000700a69228})}
  0x000000011677e93c: 0145 92d2 | c114 a0f2 | e100 c0f2 | e243 40f9 | e32b 40b9 | e403 0032 

  0x000000011677e954: ; ImmutableOopMap {[0]=Oop [8]=Oop [20]=NarrowOop [24]=Oop [32]=Oop [48]=Oop [56]=Oop [80]=Oop [88]=Oop [96]=Oop [128]=Oop }
                      ;*invokevirtual getBytes {reexecute=0 rethrow=0 return_oop=0}
                      ; - java.lang.StringConcatHelper::prepend@32 (line 356)
                      ; - java.lang.StringConcatHelper::simpleConcat@71 (line 424)
                      ; - java.lang.invoke.DirectMethodHandle$Holder::invokeStatic@11
                      ; - java.lang.invoke.LambdaForm$MH/0x0000000800084400::invoke@21
                      ; - java.lang.invoke.Invokers$Holder::linkToTargetMethod@5
                      ; - com.ctre.phoenix6.configs.ParentConfigurator::setConfigsPrivate@101 (line 86)
                      ; - com.ctre.phoenix6.configs.TalonFXConfigurator::setPosition@18 (line 1361)
                      ; - com.ctre.phoenix6.hardware.core.CoreTalonFX::setPosition@6 (line 9129)
                      ; - com.ctre.phoenix6.hardware.core.CoreTalonFX::setPosition@5 (line 9118)
                      ; - frc.robot.subsystems.swerve.Module::resetSteerMotorToAbsolute@8 (line 185)
                      ; - frc.robot.subsystems.swerve.Swerve::resetModulesToAbsolute@20 (line 216)
                      ;   {optimized virtual_call}
  0x000000011677e954: 6ba9 e397 | 1afe ff17 | fd03 13aa | e133 40f9 | e243 40f9 | e303 0b2a | e403 0032 

  0x000000011677e970: ; ImmutableOopMap {[0]=Oop [8]=Oop [20]=NarrowOop [24]=Oop [32]=Oop [48]=Oop [56]=Oop [80]=Oop [88]=Oop [96]=Oop [128]=Oop }
                      ;*invokevirtual getBytes {reexecute=0 rethrow=0 return_oop=0}
                      ; - java.lang.StringConcatHelper::prepend@32 (line 356)
                      ; - java.lang.StringConcatHelper::simpleConcat@81 (line 425)
                      ; - java.lang.invoke.DirectMethodHandle$Holder::invokeStatic@11
                      ; - java.lang.invoke.LambdaForm$MH/0x0000000800084400::invoke@21
                      ; - java.lang.invoke.Invokers$Holder::linkToTargetMethod@5
                      ; - com.ctre.phoenix6.configs.ParentConfigurator::setConfigsPrivate@101 (line 86)
                      ; - com.ctre.phoenix6.configs.TalonFXConfigurator::setPosition@18 (line 1361)
                      ; - com.ctre.phoenix6.hardware.core.CoreTalonFX::setPosition@6 (line 9129)
                      ; - com.ctre.phoenix6.hardware.core.CoreTalonFX::setPosition@5 (line 9118)
                      ; - frc.robot.subsystems.swerve.Module::resetSteerMotorToAbsolute@8 (line 185)
                      ; - frc.robot.subsystems.swerve.Swerve::resetModulesToAbsolute@20 (line 216)
                      ;   {optimized virtual_call}
  0x000000011677e970: 64a9 e397 | f303 1daa | 34fe ff17 | 4117 8012 

  0x000000011677e980: ; ImmutableOopMap {rfp=Oop [0]=Oop [8]=Oop [32]=Oop [48]=Oop [56]=Oop [80]=Oop [88]=Oop [104]=Oop [120]=Oop [128]=Oop }
                      ;*ifeq {reexecute=1 rethrow=0 return_oop=0}
                      ; - (reexecute) java.util.HashMap::getNode@85 (line 573)
                      ; - java.util.HashMap::get@2 (line 556)
                      ; - com.ctre.phoenix6.StatusCode::valueOf@7 (line 822)
                      ; - com.ctre.phoenix6.configs.ParentConfigurator::setConfigsPrivate@43 (line 72)
                      ; - com.ctre.phoenix6.configs.TalonFXConfigurator::setPosition@18 (line 1361)
                      ; - com.ctre.phoenix6.hardware.core.CoreTalonFX::setPosition@6 (line 9129)
                      ; - com.ctre.phoenix6.hardware.core.CoreTalonFX::setPosition@5 (line 9118)
                      ; - frc.robot.subsystems.swerve.Module::resetSteerMotorToAbsolute@8 (line 185)
                      ; - frc.robot.subsystems.swerve.Swerve::resetModulesToAbsolute@20 (line 216)
                      ;   {runtime_call UncommonTrapBlob}
  0x000000011677e980: c0c3 e397 | fd03 01aa | ed0b 00b9 | eb03 00f9 | 2111 8012 

  0x000000011677e994: ; ImmutableOopMap {rfp=Oop [0]=Oop }
                      ;*if_icmplt {reexecute=1 rethrow=0 return_oop=0}
                      ; - (reexecute) frc.robot.subsystems.swerve.Swerve::resetModulesToAbsolute@28 (line 215)
                      ;   {runtime_call UncommonTrapBlob}
  0x000000011677e994: bbc3 e397 | 4117 8012 

  0x000000011677e99c: ; ImmutableOopMap {rfp=Oop [0]=Oop [8]=Oop [32]=Oop [48]=Oop [56]=Oop [64]=Oop [80]=Oop [96]=Oop }
                      ;*ifge {reexecute=1 rethrow=0 return_oop=0}
                      ; - (reexecute) java.util.concurrent.ConcurrentHashMap::get@86 (line 943)
                      ; - com.ctre.phoenix6.hardware.ParentDevice::commonLookup@8 (line 425)
                      ; - com.ctre.phoenix6.hardware.ParentDevice::lookupStatusSignal@11 (line 478)
                      ; - com.ctre.phoenix6.hardware.core.CoreCANcoder::getAbsolutePosition@18 (line 682)
                      ; - com.ctre.phoenix6.hardware.core.CoreCANcoder::getAbsolutePosition@2 (line 652)
                      ; - frc.robot.subsystems.swerve.Module::getRawAbsoluteEncoder@4 (line 151)
                      ; - frc.robot.subsystems.swerve.Module::getAbsoluteEncoder@1 (line 165)
                      ; - frc.robot.subsystems.swerve.Module::resetSteerMotorToAbsolute@5 (line 185)
                      ; - frc.robot.subsystems.swerve.Swerve::resetModulesToAbsolute@20 (line 216)
                      ;   {runtime_call UncommonTrapBlob}
  0x000000011677e99c: b9c3 e397 | e803 60b2 | 7f02 08eb | c13d 0054 | 8087 40f9 | 8a8f 40f9 | 0b60 0091 | 7f01 0aeb 
  0x000000011677e9bc: 4237 0054 | ea03 40b2 | 8b87 00f9 

  0x000000011677e9c8: ;   {metadata('java/lang/String')}
  0x000000011677e9c8: 8c00 a0d2 | 0c79 83f2 | 0a00 00f9 | 0c08 00b9 | 70c1 80f9 | 1f0c 00b9 | ea03 40b2 | 0a08 00f9 
  0x000000011677e9e8: 1d14 00b9 | bf3b 03d5 | 28fe ff17 | ea7b 40b9 | 4b79 1f53 | 8b3b f837 | ec2b 40b9 | 8a79 1f53 
  0x000000011677ea08: ec43 40f9 | 8cc1 2b8b | 6d01 0a0b | ca3a f837 | bf03 0d6b | 833a 0054 | e22b 40b9 | 8141 0091 
  0x000000011677ea28: 00e4 002f | 437c 0353 | e301 0035 | 5f10 0071 | 2b01 0054 | 0144 40bc | 2238 000e | 4210 0051 
  0x000000011677ea48: 2284 00fc | 0204 0034 | 0314 4038 | 2324 0078 | 4204 0051 | a2ff ffb5 | 1b00 0014 

  0x000000011677ea64: ;   {runtime_call StubRoutines (2)}
  0x000000011677ea64: 5760 e397 | f2ff ff17 | 0184 40fc | 4208 0012 | 7f28 00f1 | 6aff ff54 | 0200 0014 | 0184 40fc 
  0x000000011677ea84: 6304 00f1 | 2001 0054 | 2138 004e | 0284 40fc | 2174 9f4c | 6304 00f1 | 4238 004e | 2274 9f4c 
  0x000000011677eaa4: e1fe ff54 | 0300 0014 | 2138 004e | 2174 9f4c | c200 00b4 | 0000 028b | 0280 5ffc | 2144 228b 
  0x000000011677eac4: 4238 004e | 2200 9f3c | dffd ff17 | 4117 8012 

  0x000000011677ead4: ; ImmutableOopMap {[0]=Oop [8]=Oop [32]=Oop [48]=Oop [56]=Oop [64]=Oop [72]=Oop [80]=Oop [96]=Oop [112]=Oop [120]=Oop }
                      ;*if_icmpne {reexecute=1 rethrow=0 return_oop=0}
                      ; - (reexecute) java.lang.Integer::equals@18 (line 1236)
                      ; - java.util.concurrent.ConcurrentHashMap::get@149 (line 947)
                      ; - com.ctre.phoenix6.hardware.ParentDevice::commonLookup@8 (line 425)
                      ; - com.ctre.phoenix6.hardware.ParentDevice::lookupStatusSignal@11 (line 478)
                      ; - com.ctre.phoenix6.hardware.core.CoreCANcoder::getAbsolutePosition@18 (line 682)
                      ; - com.ctre.phoenix6.hardware.core.CoreCANcoder::getAbsolutePosition@2 (line 652)
                      ; - frc.robot.subsystems.swerve.Module::getRawAbsoluteEncoder@4 (line 151)
                      ; - frc.robot.subsystems.swerve.Module::getAbsoluteEncoder@1 (line 165)
                      ; - frc.robot.subsystems.swerve.Module::resetSteerMotorToAbsolute@5 (line 185)
                      ; - frc.robot.subsystems.swerve.Swerve::resetModulesToAbsolute@20 (line 216)
                      ;   {runtime_call UncommonTrapBlob}
  0x000000011677ead4: 6bc3 e397 | 4117 8012 

  0x000000011677eadc: ; ImmutableOopMap {[0]=Oop [8]=Oop [32]=Oop [48]=Oop [56]=Oop [80]=Oop [88]=Oop [96]=Oop [104]=Oop [120]=Oop [128]=Oop [136]=Oop [144]=Oop }
                      ;*if_icmpne {reexecute=1 rethrow=0 return_oop=0}
                      ; - (reexecute) java.lang.Integer::equals@18 (line 1236)
                      ; - java.util.HashMap::getNode@128 (line 577)
                      ; - java.util.HashMap::get@2 (line 556)
                      ; - com.ctre.phoenix6.StatusCode::valueOf@7 (line 822)
                      ; - com.ctre.phoenix6.configs.ParentConfigurator::setConfigsPrivate@43 (line 72)
                      ; - com.ctre.phoenix6.configs.TalonFXConfigurator::setPosition@18 (line 1361)
                      ; - com.ctre.phoenix6.hardware.core.CoreTalonFX::setPosition@6 (line 9129)
                      ; - com.ctre.phoenix6.hardware.core.CoreTalonFX::setPosition@5 (line 9118)
                      ; - frc.robot.subsystems.swerve.Module::resetSteerMotorToAbsolute@8 (line 185)
                      ; - frc.robot.subsystems.swerve.Swerve::resetModulesToAbsolute@20 (line 216)
                      ;   {runtime_call UncommonTrapBlob}
  0x000000011677eadc: 69c3 e397 | 4a01 60b2 | ea37 00f9 | ea03 0a2a | ea2b 00b9 | 77fd ff17 | eb03 1f32 | ea8b 40b9 
  0x000000011677eafc: 5f91 0131 | 2cd2 ff54 | 5fa1 0f31 | ed09 0054 | 6b05 0011 | 8dfe ff17 | eb7b 00b9 

  0x000000011677eb18: ;   {metadata({type array byte})}
  0x000000011677eb18: 01fc 80d2 | 8100 a0f2 | 0101 c0f2 | e203 0b2a 

  0x000000011677eb28: ; ImmutableOopMap {[0]=Oop [8]=Oop [20]=NarrowOop [24]=Oop [32]=Oop [48]=Oop [56]=Oop [80]=Oop [88]=Oop [96]=Oop }
                      ;*invokevirtual allocateUninitializedArray0 {reexecute=0 rethrow=0 return_oop=1}
                      ; - jdk.internal.misc.Unsafe::allocateUninitializedArray@51 (line 1375)
                      ; - java.lang.StringConcatHelper::newArray@33 (line 497)
                      ; - java.lang.StringConcatHelper::simpleConcat@61 (line 421)
                      ; - java.lang.invoke.DirectMethodHandle$Holder::invokeStatic@11
                      ; - java.lang.invoke.LambdaForm$MH/0x0000000800084400::invoke@21
                      ; - java.lang.invoke.Invokers$Holder::linkToTargetMethod@5
                      ; - com.ctre.phoenix6.configs.ParentConfigurator::setConfigsPrivate@101 (line 86)
                      ; - com.ctre.phoenix6.configs.TalonFXConfigurator::setPosition@18 (line 1361)
                      ; - com.ctre.phoenix6.hardware.core.CoreTalonFX::setPosition@6 (line 9129)
                      ; - com.ctre.phoenix6.hardware.core.CoreTalonFX::setPosition@5 (line 9118)
                      ; - frc.robot.subsystems.swerve.Module::resetSteerMotorToAbsolute@8 (line 185)
                      ; - frc.robot.subsystems.swerve.Swerve::resetModulesToAbsolute@20 (line 216)
                      ;   {runtime_call _new_array_Java}
  0x000000011677eb28: 06b1 e697 | ea03 00aa | 8efd ff17 | f337 00f9 

  0x000000011677eb38: ;   {metadata('java/lang/String')}
  0x000000011677eb38: 0179 83d2 | 8100 a0f2 | 0101 c0f2 

  0x000000011677eb44: ; ImmutableOopMap {rfp=NarrowOop [0]=Oop [8]=Oop [20]=NarrowOop [24]=Oop [32]=Oop [48]=Oop [56]=Oop [80]=Oop [88]=Oop [96]=Oop [128]=Oop }
                      ;*new {reexecute=0 rethrow=0 return_oop=1}
                      ; - java.lang.StringConcatHelper::newString@6 (line 387)
                      ; - java.lang.StringConcatHelper::simpleConcat@90 (line 426)
                      ; - java.lang.invoke.DirectMethodHandle$Holder::invokeStatic@11
                      ; - java.lang.invoke.LambdaForm$MH/0x0000000800084400::invoke@21
                      ; - java.lang.invoke.Invokers$Holder::linkToTargetMethod@5
                      ; - com.ctre.phoenix6.configs.ParentConfigurator::setConfigsPrivate@101 (line 86)
                      ; - com.ctre.phoenix6.configs.TalonFXConfigurator::setPosition@18 (line 1361)
                      ; - com.ctre.phoenix6.hardware.core.CoreTalonFX::setPosition@6 (line 9129)
                      ; - com.ctre.phoenix6.hardware.core.CoreTalonFX::setPosition@5 (line 9118)
                      ; - frc.robot.subsystems.swerve.Module::resetSteerMotorToAbsolute@8 (line 185)
                      ; - frc.robot.subsystems.swerve.Swerve::resetModulesToAbsolute@20 (line 216)
                      ;   {runtime_call _new_instance_Java}
  0x000000011677eb44: 3fb0 e697 | d0fd ff17 | eaab 40b9 | 4b09 0051 | eb87 00b9 | ecaf 40b9 | eb07 1c32 | 6a01 0c4b 
  0x000000011677eb64: eb87 40b9 | 7f01 0e6b | 6230 0054 | ecab 40b9 | eb5b 40f9 | 6bc1 2c8b | 6a39 0039 | 1aff ff17 
  0x000000011677eb84: 6b7d 4093 | eea3 90d2 | 6e3d aaf2 | 6b7d 0e9b | 6bfd 6593 | 6c01 0a4b | 8f0c 8052 | 8b7d 0f1b 
  0x000000011677eba4: ea8b 40b9 | 6a01 0a4b | fd03 0a2a | 4a7d 4093 

  0x000000011677ebb4: ;   {oop([B{0x000000070062e3f0})}
  0x000000011677ebb4: 107e 9cd2 | 500c a0f2 | f000 c0f2 | 0b02 0a8b | bf93 0171 | e22d 0054 | 7141 c039 | f18b 00b9 
  0x000000011677ebd4: ;   {oop([B{0x000000070062e468})}
  0x000000011677ebd4: 118d 9cd2 | 510c a0f2 | f100 c0f2 | eb8f 40b9 | 2a02 0a8b | e187 40b9 | 3f00 0b6b | 022d 0054 
  0x000000011677ebf4: e18b 40b9 | 013c 0039 | 4a41 c039 | ea87 00b9 | ea83 40b9 | 4b09 0051 | ea8f 40b9 | ebab 00b9 
  0x000000011677ec14: 7f01 0a6b | 222c 0054 | eb87 40b9 | 0b38 0039 | 9f91 0131 | ad01 0054 | eaab 40b9 | 4a05 0051 
  0x000000011677ec34: ea87 00b9 | 8a7d 1f13 | ec8b 00b9 | cdfe ff17 | e8e1 8412 | 5f01 086b | 2d0e 0054 | 6b09 0011 
  0x000000011677ec54: 3cfe ff17 | ec03 0b2a | 8a7d 4093 | 4b7d 0e9b | 6bfd 6593 | 6b7d 8c4b | 607d 0f1b | ebaf 00b9 
  0x000000011677ec74: 0b7c 4093 | 0000 0c4b | fd03 002a | 6a01 0acb | e0ab 40b9 | 0c04 0051 | 0b02 0a8b | ec87 00b9 
  0x000000011677ec94: bf93 0171 | 8227 0054 | 6c41 c039 | ec8b 00b9 | eb8f 40b9 | 2a02 0a8b | ec87 40b9 | 9f01 0b6b 
  0x000000011677ecb4: 0227 0054 | eb5b 40f9 | ec8b 40b9 | 6bc1 208b | 6c3d 0039 | 0c08 0051 | 4a41 c039 | e08f 40b9 
  0x000000011677ecd4: ea87 00b9 | ecab 00b9 | 9f01 006b | 0226 0054 | ec87 40b9 | 6c39 0039 

  0x000000011677ecec: ; ImmutableOopMap {r16=Oop r17=Oop [0]=Oop [8]=Oop [20]=NarrowOop [24]=Oop [32]=Oop [48]=Oop [56]=Oop [80]=Oop [88]=Oop [96]=Oop [104]=Oop [112]=Oop [176]=Oop }
                      ;*goto {reexecute=1 rethrow=0 return_oop=0}
                      ; - (reexecute) java.lang.Integer::getChars@69 (line 516)
                      ; - java.lang.StringConcatHelper::prepend@12 (line 283)
                      ; - java.lang.StringConcatHelper::prepend@3 (line 301)
                      ; - java.lang.invoke.DirectMethodHandle$Holder::invokeStatic@17
                      ; - java.lang.invoke.LambdaForm$MH/0x0000000800128400::invoke@28
                      ; - java.lang.invoke.LambdaForm$MH/0x0000000800241800::invoke@146
                      ; - java.lang.invoke.LambdaForm$MH/0x0000000800242000::linkToTargetMethod@7
                      ; - com.ctre.phoenix6.hardware.DeviceIdentifier::toString@20 (line 51)
                      ; - com.ctre.phoenix6.configs.ParentConfigurator::setConfigsPrivate@98 (line 86)
                      ; - com.ctre.phoenix6.configs.TalonFXConfigurator::setPosition@18 (line 1361)
                      ; - com.ctre.phoenix6.hardware.core.CoreTalonFX::setPosition@6 (line 9129)
                      ; - com.ctre.phoenix6.hardware.core.CoreTalonFX::setPosition@5 (line 9118)
                      ; - frc.robot.subsystems.swerve.Module::resetSteerMotorToAbsolute@8 (line 185)
                      ; - frc.robot.subsystems.swerve.Swerve::resetModulesToAbsolute@20 (line 216)
  0x000000011677ecec: 8aab 41f9 

  0x000000011677ecf0: ;   {poll}
  0x000000011677ecf0: 5f01 40b9 | ebaf 40b9 | 7f91 0131 | edfa ff54 | ec03 0b2a | caff ff17 

  0x000000011677ed08: ;   {metadata('java/lang/String')}
  0x000000011677ed08: 0179 83d2 | 8100 a0f2 | 0101 c0f2 

  0x000000011677ed14: ; ImmutableOopMap {[0]=Oop [8]=Oop [20]=NarrowOop [24]=Oop [32]=Oop [48]=Oop [56]=Oop [80]=Oop [88]=Oop [96]=Oop }
                      ;*new {reexecute=0 rethrow=0 return_oop=1}
                      ; - java.lang.StringConcatHelper::simpleConcat@17 (line 411)
                      ; - java.lang.invoke.DirectMethodHandle$Holder::invokeStatic@11
                      ; - java.lang.invoke.LambdaForm$MH/0x0000000800084400::invoke@21
                      ; - java.lang.invoke.Invokers$Holder::linkToTargetMethod@5
                      ; - com.ctre.phoenix6.configs.ParentConfigurator::setConfigsPrivate@101 (line 86)
                      ; - com.ctre.phoenix6.configs.TalonFXConfigurator::setPosition@18 (line 1361)
                      ; - com.ctre.phoenix6.hardware.core.CoreTalonFX::setPosition@6 (line 9129)
                      ; - com.ctre.phoenix6.hardware.core.CoreTalonFX::setPosition@5 (line 9118)
                      ; - frc.robot.subsystems.swerve.Module::resetSteerMotorToAbsolute@8 (line 185)
                      ; - frc.robot.subsystems.swerve.Swerve::resetModulesToAbsolute@20 (line 216)
                      ;   {runtime_call _new_instance_Java}
  0x000000011677ed14: cbaf e697 | 93fd ff17 | 6106 8012 

  0x000000011677ed20: ; ImmutableOopMap {[0]=Oop [8]=Oop [32]=Oop [48]=Oop [56]=Oop [80]=Oop [88]=Oop [96]=Oop [128]=Oop }
                      ;*invokestatic arraycopy {reexecute=0 rethrow=0 return_oop=0}
                      ; - java.lang.String::getBytes@22 (line 4459)
                      ; - java.lang.StringConcatHelper::prepend@21 (line 354)
                      ; - java.lang.StringConcatHelper::simpleConcat@71 (line 424)
                      ; - java.lang.invoke.DirectMethodHandle$Holder::invokeStatic@11
                      ; - java.lang.invoke.LambdaForm$MH/0x0000000800084400::invoke@21
                      ; - java.lang.invoke.Invokers$Holder::linkToTargetMethod@5
                      ; - com.ctre.phoenix6.configs.ParentConfigurator::setConfigsPrivate@101 (line 86)
                      ; - com.ctre.phoenix6.configs.TalonFXConfigurator::setPosition@18 (line 1361)
                      ; - com.ctre.phoenix6.hardware.core.CoreTalonFX::setPosition@6 (line 9129)
                      ; - com.ctre.phoenix6.hardware.core.CoreTalonFX::setPosition@5 (line 9118)
                      ; - frc.robot.subsystems.swerve.Module::resetSteerMotorToAbsolute@8 (line 185)
                      ; - frc.robot.subsystems.swerve.Swerve::resetModulesToAbsolute@20 (line 216)
                      ;   {runtime_call UncommonTrapBlob}
  0x000000011677ed20: d8c2 e397 | fd03 13aa | 6106 8012 

  0x000000011677ed2c: ; ImmutableOopMap {[0]=Oop [8]=Oop [32]=Oop [48]=Oop [56]=Oop [80]=Oop [88]=Oop [96]=Oop [112]=Oop [128]=Oop }
                      ;*invokestatic arraycopy {reexecute=0 rethrow=0 return_oop=0}
                      ; - java.lang.String::getBytes@22 (line 4459)
                      ; - java.lang.StringConcatHelper::prepend@21 (line 354)
                      ; - java.lang.StringConcatHelper::simpleConcat@81 (line 425)
                      ; - java.lang.invoke.DirectMethodHandle$Holder::invokeStatic@11
                      ; - java.lang.invoke.LambdaForm$MH/0x0000000800084400::invoke@21
                      ; - java.lang.invoke.Invokers$Holder::linkToTargetMethod@5
                      ; - com.ctre.phoenix6.configs.ParentConfigurator::setConfigsPrivate@101 (line 86)
                      ; - com.ctre.phoenix6.configs.TalonFXConfigurator::setPosition@18 (line 1361)
                      ; - com.ctre.phoenix6.hardware.core.CoreTalonFX::setPosition@6 (line 9129)
                      ; - com.ctre.phoenix6.hardware.core.CoreTalonFX::setPosition@5 (line 9118)
                      ; - frc.robot.subsystems.swerve.Module::resetSteerMotorToAbsolute@8 (line 185)
                      ; - frc.robot.subsystems.swerve.Swerve::resetModulesToAbsolute@20 (line 216)
                      ;   {runtime_call UncommonTrapBlob}
  0x000000011677ed2c: d5c2 e397 | ea33 40f9 | 4b1d 40b9 | 60f1 7dd3 | 40dd ffb4 | 8a13 40f9 | aa1e 00b4 | 8b1b 40f9 
  0x000000011677ed4c: 4c21 00d1 | 6a01 0a8b | 4081 1ff8 | 8c13 00f9 | e2fe ff17 | 8a23 40f9 | 8b2b 40f9 | bf3b 03d5 
  0x000000011677ed6c: b31d 40b9 | 0d00 c039 | 0d02 0034 | 1f00 0039 | ca00 00b4 | 4c21 00d1 | 6a01 0a8b | 4081 1ff8 
  0x000000011677ed8c: 8c23 00f9 | 0900 0014 | e103 1caa | c900 0010 

  0x000000011677ed9c: ;   {runtime_call G1BarrierSetRuntime::write_ref_field_post_entry(unsigned char volatile*, JavaThread*)}
  0x000000011677ed9c: 0880 91d2 | a8c6 a0f2 | 2800 c0f2 | ff27 bfa9 | 0001 3fd6 | ff43 0091 | 7df2 7dd3 | 9d1f 00b4 
  0x000000011677edbc: f303 1daa | d8fe ff17 | e137 40f9 | e25b 40f9 | e303 0b2a | e403 0032 

  0x000000011677edd4: ; ImmutableOopMap {[0]=Oop [8]=Oop [20]=NarrowOop [24]=Oop [32]=Oop [48]=Oop [56]=Oop [80]=Oop [88]=Oop [96]=Oop [104]=Oop [112]=Oop [176]=Oop }
                      ;*invokevirtual getBytes {reexecute=0 rethrow=0 return_oop=0}
                      ; - java.lang.StringConcatHelper::prepend@32 (line 356)
                      ; - java.lang.StringConcatHelper::prepend@3 (line 373)
                      ; - java.lang.invoke.DirectMethodHandle$Holder::invokeStatic@17
                      ; - java.lang.invoke.LambdaForm$MH/0x000000080008cc00::invoke@28
                      ; - java.lang.invoke.LambdaForm$MH/0x0000000800241800::invoke@125
                      ; - java.lang.invoke.LambdaForm$MH/0x0000000800242000::linkToTargetMethod@7
                      ; - com.ctre.phoenix6.hardware.DeviceIdentifier::toString@20 (line 51)
                      ; - com.ctre.phoenix6.configs.ParentConfigurator::setConfigsPrivate@98 (line 86)
                      ; - com.ctre.phoenix6.configs.TalonFXConfigurator::setPosition@18 (line 1361)
                      ; - com.ctre.phoenix6.hardware.core.CoreTalonFX::setPosition@6 (line 9129)
                      ; - com.ctre.phoenix6.hardware.core.CoreTalonFX::setPosition@5 (line 9118)
                      ; - frc.robot.subsystems.swerve.Module::resetSteerMotorToAbsolute@8 (line 185)
                      ; - frc.robot.subsystems.swerve.Swerve::resetModulesToAbsolute@20 (line 216)
                      ;   {optimized virtual_call}
  0x000000011677edd4: 4ba8 e397 | 42fe ff17 | eb03 60b2 

  0x000000011677ede0: ;   {oop(" (""{0x0000000700a56ad8})}
  0x000000011677ede0: 015b 8dd2 | a114 a0f2 | e100 c0f2 | 5f01 0beb | fd07 9f1a | bda7 9d5a | e25b 40f9 | e383 40b9 
  0x000000011677ee00: e403 0032 

  0x000000011677ee04: ; ImmutableOopMap {[0]=Oop [8]=Oop [32]=Oop [48]=Oop [56]=Oop [80]=Oop [88]=Oop [96]=Oop [104]=Oop [112]=Oop [176]=Oop }
                      ;*invokevirtual getBytes {reexecute=0 rethrow=0 return_oop=0}
                      ; - java.lang.StringConcatHelper::prepend@32 (line 356)
                      ; - java.lang.StringConcatHelper::prepend@16 (line 374)
                      ; - java.lang.invoke.DirectMethodHandle$Holder::invokeStatic@17
                      ; - java.lang.invoke.LambdaForm$MH/0x000000080008cc00::invoke@28
                      ; - java.lang.invoke.LambdaForm$MH/0x0000000800241800::invoke@125
                      ; - java.lang.invoke.LambdaForm$MH/0x0000000800242000::linkToTargetMethod@7
                      ; - com.ctre.phoenix6.hardware.DeviceIdentifier::toString@20 (line 51)
                      ; - com.ctre.phoenix6.configs.ParentConfigurator::setConfigsPrivate@98 (line 86)
                      ; - com.ctre.phoenix6.configs.TalonFXConfigurator::setPosition@18 (line 1361)
                      ; - com.ctre.phoenix6.hardware.core.CoreTalonFX::setPosition@6 (line 9129)
                      ; - com.ctre.phoenix6.hardware.core.CoreTalonFX::setPosition@5 (line 9118)
                      ; - frc.robot.subsystems.swerve.Module::resetSteerMotorToAbsolute@8 (line 185)
                      ; - frc.robot.subsystems.swerve.Swerve::resetModulesToAbsolute@20 (line 216)
                      ;   {optimized virtual_call}
  0x000000011677ee04: 3fa8 e397 | 4117 8012 

  0x000000011677ee0c: ; ImmutableOopMap {[0]=Oop [8]=Oop [32]=Oop [48]=Oop [56]=Oop [80]=Oop [88]=Oop [96]=Oop [104]=Oop [112]=Oop [176]=Oop }
                      ;*ifge {reexecute=1 rethrow=0 return_oop=0}
                      ; - (reexecute) java.lang.StringConcatHelper::prepend@5 (line 282)
                      ; - java.lang.StringConcatHelper::prepend@3 (line 301)
                      ; - java.lang.invoke.DirectMethodHandle$Holder::invokeStatic@17
                      ; - java.lang.invoke.LambdaForm$MH/0x0000000800128400::invoke@28
                      ; - java.lang.invoke.LambdaForm$MH/0x0000000800241800::invoke@146
                      ; - java.lang.invoke.LambdaForm$MH/0x0000000800242000::linkToTargetMethod@7
                      ; - com.ctre.phoenix6.hardware.DeviceIdentifier::toString@20 (line 51)
                      ; - com.ctre.phoenix6.configs.ParentConfigurator::setConfigsPrivate@98 (line 86)
                      ; - com.ctre.phoenix6.configs.TalonFXConfigurator::setPosition@18 (line 1361)
                      ; - com.ctre.phoenix6.hardware.core.CoreTalonFX::setPosition@6 (line 9129)
                      ; - com.ctre.phoenix6.hardware.core.CoreTalonFX::setPosition@5 (line 9118)
                      ; - frc.robot.subsystems.swerve.Module::resetSteerMotorToAbsolute@8 (line 185)
                      ; - frc.robot.subsystems.swerve.Swerve::resetModulesToAbsolute@20 (line 216)
                      ;   {runtime_call UncommonTrapBlob}
  0x000000011677ee0c: 9dc2 e397 | 082c 8f52 | c8ff bf72 | 5f01 086b | cd0f 0054 | 6b09 0011 | 3aff ff17 | 4117 8012 
  0x000000011677ee2c: ; ImmutableOopMap {[0]=Oop [8]=Oop [32]=Oop [48]=Oop [56]=Oop [80]=Oop [88]=Oop [96]=Oop }
                      ;*iflt {reexecute=1 rethrow=0 return_oop=0}
                      ; - (reexecute) java.lang.StringConcatHelper::checkOverflow@2 (line 54)
                      ; - java.lang.StringConcatHelper::mix@23 (line 138)
                      ; - java.lang.StringConcatHelper::simpleConcat@46 (line 419)
                      ; - java.lang.invoke.DirectMethodHandle$Holder::invokeStatic@11
                      ; - java.lang.invoke.LambdaForm$MH/0x0000000800084400::invoke@21
                      ; - java.lang.invoke.Invokers$Holder::linkToTargetMethod@5
                      ; - com.ctre.phoenix6.configs.ParentConfigurator::setConfigsPrivate@101 (line 86)
                      ; - com.ctre.phoenix6.configs.TalonFXConfigurator::setPosition@18 (line 1361)
                      ; - com.ctre.phoenix6.hardware.core.CoreTalonFX::setPosition@6 (line 9129)
                      ; - com.ctre.phoenix6.hardware.core.CoreTalonFX::setPosition@5 (line 9118)
                      ; - frc.robot.subsystems.swerve.Module::resetSteerMotorToAbsolute@8 (line 185)
                      ; - frc.robot.subsystems.swerve.Swerve::resetModulesToAbsolute@20 (line 216)
                      ;   {runtime_call UncommonTrapBlob}
  0x000000011677ee2c: 95c2 e397 | 4117 8012 

  0x000000011677ee34: ; ImmutableOopMap {[0]=Oop [8]=Oop [32]=Oop [48]=Oop [56]=Oop [80]=Oop [88]=Oop [96]=Oop }
                      ;*iflt {reexecute=1 rethrow=0 return_oop=0}
                      ; - (reexecute) java.lang.StringConcatHelper::checkOverflow@2 (line 54)
                      ; - java.lang.StringConcatHelper::mix@23 (line 138)
                      ; - java.lang.StringConcatHelper::simpleConcat@54 (line 420)
                      ; - java.lang.invoke.DirectMethodHandle$Holder::invokeStatic@11
                      ; - java.lang.invoke.LambdaForm$MH/0x0000000800084400::invoke@21
                      ; - java.lang.invoke.Invokers$Holder::linkToTargetMethod@5
                      ; - com.ctre.phoenix6.configs.ParentConfigurator::setConfigsPrivate@101 (line 86)
                      ; - com.ctre.phoenix6.configs.TalonFXConfigurator::setPosition@18 (line 1361)
                      ; - com.ctre.phoenix6.hardware.core.CoreTalonFX::setPosition@6 (line 9129)
                      ; - com.ctre.phoenix6.hardware.core.CoreTalonFX::setPosition@5 (line 9118)
                      ; - frc.robot.subsystems.swerve.Module::resetSteerMotorToAbsolute@8 (line 185)
                      ; - frc.robot.subsystems.swerve.Swerve::resetModulesToAbsolute@20 (line 216)
                      ;   {runtime_call UncommonTrapBlob}
  0x000000011677ee34: 93c2 e397 | 4117 8012 

  0x000000011677ee3c: ; ImmutableOopMap {[0]=Oop [8]=Oop [32]=Oop [48]=Oop [56]=Oop [80]=Oop [88]=Oop [96]=Oop }
                      ;*ifge {reexecute=1 rethrow=0 return_oop=0}
                      ; - (reexecute) java.lang.StringConcatHelper::newArray@13 (line 494)
                      ; - java.lang.StringConcatHelper::simpleConcat@61 (line 421)
                      ; - java.lang.invoke.DirectMethodHandle$Holder::invokeStatic@11
                      ; - java.lang.invoke.LambdaForm$MH/0x0000000800084400::invoke@21
                      ; - java.lang.invoke.Invokers$Holder::linkToTargetMethod@5
                      ; - com.ctre.phoenix6.configs.ParentConfigurator::setConfigsPrivate@101 (line 86)
                      ; - com.ctre.phoenix6.configs.TalonFXConfigurator::setPosition@18 (line 1361)
                      ; - com.ctre.phoenix6.hardware.core.CoreTalonFX::setPosition@6 (line 9129)
                      ; - com.ctre.phoenix6.hardware.core.CoreTalonFX::setPosition@5 (line 9118)
                      ; - frc.robot.subsystems.swerve.Module::resetSteerMotorToAbsolute@8 (line 185)
                      ; - frc.robot.subsystems.swerve.Swerve::resetModulesToAbsolute@20 (line 216)
                      ;   {runtime_call UncommonTrapBlob}
  0x000000011677ee3c: 91c2 e397 | eb03 1d2a | 6b79 1f53 | 4b1b f837 | ea83 40b9 | ec5b 40f9 | 4a79 1f53 | 8cc1 2b8b 
  0x000000011677ee5c: 6d01 0a0b | 8a1a f837 | eb8f 40b9 | 7f01 0d6b | 