#
# A fatal error has been detected by the Java Runtime Environment:
#
#  SIGSEGV (0xb) at pc=0x000000013c07a5bb, pid=4164, tid=259
#
# JRE version: OpenJDK Runtime Environment Temurin-17.0.12+7 (17.0.12+7) (build 17.0.12+7)
# Java VM: OpenJDK 64-Bit Server VM Temurin-17.0.12+7 (17.0.12+7, mixed mode, tiered, compressed oops, compressed class ptrs, g1 gc, bsd-amd64)
# Problematic frame:
# C  [libhalsim_gui.dylib+0x1f5bb]  std::__1::__function::__func<halsimgui::NetworkTablesSimGui::Initialize()::$_1, std::__1::allocator<halsimgui::NetworkTablesSimGui::Initialize()::$_1>, void ()>::operator()()+0xb
#
# No core dump will be written. Core dumps have been disabled. To enable core dumping, try "ulimit -c unlimited" before starting Java again
#
# If you would like to submit a bug report, please visit:
#   https://github.com/adoptium/adoptium-support/issues
# The crash happened outside the Java Virtual Machine in native code.
# See problematic frame for where to report the bug.
#

---------------  S U M M A R Y ------------

Command Line: -agentlib:jdwp=transport=dt_socket,server=n,suspend=y,address=localhost:51238 -Djava.library.path=/Users/mahdi/Desktop/FRC/2025-ROBOT-REWORK/build/jni/release -XX:+ShowCodeDetailsInExceptionMessages frc.robot.Main

Host: "MacBookPro16,3" x86_64 1700 MHz, 8 cores, 16G, Darwin 24.0.0, macOS 15.0 (24A335)
Time: Mon Mar 10 12:31:16 2025 PDT elapsed time: 30.976127 seconds (0d 0h 0m 30s)

---------------  T H R E A D  ---------------

Current thread (0x00007fbf20808c00):  JavaThread "main" [_thread_in_native, id=259, stack(0x00007ff7b4094000,0x00007ff7b4894000)]

Stack: [0x00007ff7b4094000,0x00007ff7b4894000],  sp=0x00007ff7b48907c0,  free space=8177k
Native frames: (J=compiled Java code, j=interpreted, Vv=VM code, C=native code)
C  [libhalsim_gui.dylib+0x1f5bb]  std::__1::__function::__func<halsimgui::NetworkTablesSimGui::Initialize()::$_1, std::__1::allocator<halsimgui::NetworkTablesSimGui::Initialize()::$_1>, void ()>::operator()()+0xb
C  [libhalsim_gui.dylib+0xb1454]  wpi::gui::CommonRenderFrame()+0x74
C  [libhalsim_gui.dylib+0xc6989]  wpi::gui::PlatformRenderFrame()+0x319
C  [libhalsim_gui.dylib+0xb12b7]  wpi::gui::Main()+0x137
C  [libhalsim_gui.dylib+0x1e669]  HALSIM_InitExtension::$_8::__invoke(void*)+0x9
j  edu.wpi.first.hal.HAL.runMain()V+0
j  edu.wpi.first.wpilibj.RobotBase.startRobot(Ljava/util/function/Supplier;)V+85
j  frc.robot.Main.main([Ljava/lang/String;)V+5
v  ~StubRoutines::call_stub
V  [libjvm.dylib+0x4f5b8a]  JavaCalls::call_helper(JavaValue*, methodHandle const&, JavaCallArguments*, JavaThread*)+0x31a
