#
# A fatal error has been detected by the Java Runtime Environment:
#
#  SIGSEGV (0xb) at pc=0x000000015d3201e0, pid=58763, tid=52227
#
# JRE version: OpenJDK Runtime Environment Temurin-17.0.12+7 (17.0.12+7) (build 17.0.12+7)
# Java VM: OpenJDK 64-Bit Server VM Temurin-17.0.12+7 (17.0.12+7, mixed mode, tiered, compressed oops, compressed class ptrs, g1 gc, bsd-aarch64)
# Problematic frame:
# C  [libCTRE_PhoenixTools_Sim.dylib+0x141e0]
#
# No core dump will be written. Core dumps have been disabled. To enable core dumping, try "ulimit -c unlimited" before starting Java again
#
# If you would like to submit a bug report, please visit:
#   https://github.com/adoptium/adoptium-support/issues
# The crash happened outside the Java Virtual Machine in native code.
# See problematic frame for where to report the bug.
#

---------------  S U M M A R Y ------------

Command Line: -agentlib:jdwp=transport=dt_socket,server=n,suspend=y,address=localhost:60000 -Djava.library.path=/Users/michaelsagerman/Documents/FRC/2025-ROBOT-REWORK/build/jni/release -XX:+ShowCodeDetailsInExceptionMessages frc.robot.Main

Host: "MacBookPro18,3" arm64, 8 cores, 16G, Darwin 24.1.0, macOS 15.1.1 (24B91)
Time: Wed Mar 12 13:09:37 2025 PDT elapsed time: 271.105788 seconds (0d 0h 4m 31s)

---------------  T H R E A D  ---------------

Current thread (0x000000013414fa00):  JavaThread "robot main" daemon [_thread_in_native, id=52227, stack(0x00000003081a8000,0x00000003083ab000)]

Stack: [0x00000003081a8000,0x00000003083ab000],  sp=0x00000003083aa060,  free space=2056k
Native frames: (J=compiled Java code, j=interpreted, Vv=VM code, C=native code)
C  [libCTRE_PhoenixTools_Sim.dylib+0x141e0]
C  [libCTRE_PhoenixTools_Sim.dylib+0x19f854]
C  [libCTRE_PhoenixTools_Sim.dylib+0x243010]
J 1925  com.ctre.phoenix6.jni.ErrorReportingJNI.reportStatusCode(ILjava/lang/String;)V (0 bytes) @ 0x0000000147b7d34c [0x0000000147b7d2c0+0x000000000000008c]
V  [libjvm.dylib+0x4cf884]  jni_ReleaseStringUTFChars+0x58
C  [libCTRE_PhoenixTools_Sim.dylib+0x84c60]
J 1800  com.ctre.phoenix6.configs.jni.ConfigJNI.SetConfigs(Ljava/lang/String;IDZZ)I (0 bytes) @ 0x0000000147b70cc4 [0x0000000147b70c40+0x0000000000000084]
C  0x00000007006ddcd0

Java frames: (J=compiled Java code, j=interpreted, Vv=VM code)
J 1925  com.ctre.phoenix6.jni.ErrorReportingJNI.reportStatusCode(ILjava/lang/String;)V (0 bytes) @ 0x0000000147b7d34c [0x0000000147b7d2c0+0x000000000000008c]
J 2467 c2 com.ctre.phoenix6.configs.ParentConfigurator.reportIfFrequent()V (106 bytes) @ 0x0000000147bdcc80 [0x0000000147bdca00+0x0000000000000280]
J 2468 c2 com.ctre.phoenix6.hardware.core.CoreTalonFX.setPosition(D)Lcom/ctre/phoenix6/StatusCode; (9 bytes) @ 0x0000000147be0c04 [0x0000000147be08c0+0x0000000000000344]
J 2581 c2 frc.robot.subsystems.swerve.Swerve.resetModulesToAbsolute()V (32 bytes) @ 0x0000000147c51fcc [0x0000000147c51f00+0x00000000000000cc]
J 2592 c2 frc.robot.subsystems.swerve.Drivetrain.periodic()V (262 bytes) @ 0x0000000147c5c24c [0x0000000147c576c0+0x0000000000004b8c]
J 2406 c2 edu.wpi.first.wpilibj2.command.CommandScheduler.run()V (603 bytes) @ 0x0000000147bb83ac [0x0000000147bb7e00+0x00000000000005ac]
J 2697 c2 edu.wpi.first.wpilibj.IterativeRobotBase.loopFunc()V (552 bytes) @ 0x0000000147cda7ac [0x0000000147cda480+0x000000000000032c]
J 2696 c2 edu.wpi.first.wpilibj.TimedRobot$$Lambda$10+0x0000000800095ed0.run()V (8 bytes) @ 0x0000000147cd9a78 [0x0000000147cd9a40+0x0000000000000038]
j  edu.wpi.first.wpilibj.TimedRobot.startCompetition()V+75
j  edu.wpi.first.wpilibj.RobotBase.runRobot(Ljava/util/function/Supplier;)V+265
j  edu.wpi.first.wpilibj.RobotBase.lambda$startRobot$1(Ljava/util/function/Supplier;)V+1
j  edu.wpi.first.wpilibj.RobotBase$$Lambda$2+0x0000000800089b58.run()V+4
j  java.lang.Thread.run()V+11 java.base@17.0.12
v  ~StubRoutines::call_stub

siginfo: si_signo: 11 (SIGSEGV), si_code: 2 (SEGV_ACCERR), si_addr: 0x0000000000000004

Registers:
 x0=0x0000000134df4800  x1=0x000000015d85ab10  x2=0x0000000000000000  x3=0x000000015d8591d8
 x4=0x00000003083aa0e0  x5=0x000000015d85b7c0  x6=0x006769666e6f4320  x7=0x0000000000000000
 x8=0x0000000000000004  x9=0x000000015d9154d0 x10=0x0000000000000001 x11=0x0000000005100002
x12=0x0000000005100002 x13=0x0000000005500002 x14=0x00000000ffffffff x15=0x00000000000008f9
x16=0x0000000185bc3db0 x17=0x0000000000000000 x18=0x0000000000000000 x19=0x000000015d61f2a8
x20=0x000000015d85ab10 x21=0x000000015d8454b0 x22=0x0000000000000020 x23=0x000000015d9154d8
x24=0x000000015d9154d0 x25=0x0000000000000017 x26=0x0000000000000000 x27=0x000000015d61f2a8
x28=0x000000015d61f2b0  fp=0x00000003083aa0a0  lr=0x000000015d4abad4  sp=0x00000003083aa060
pc=0x000000015d3201e0 cpsr=0x0000000020001000

Register to memory mapping:

 x0=0x0000000134df4800 points into unknown readable memory: 0x0000000900000025 | 25 00 00 00 09 00 00 00
 x1=0x000000015d85ab10 points into unknown readable memory: 0x0000000000000000 | 00 00 00 00 00 00 00 00
 x2=0x0 is NULL
 x3=0x000000015d8591d8 points into unknown readable memory: 0x0000000000000000 | 00 00 00 00 00 00 00 00
 x4=0x00000003083aa0e0 is pointing into the stack for thread: 0x000000013414fa00
 x5=0x000000015d85b7c0 points into unknown readable memory: 0x7254206b63617453 | 53 74 61 63 6b 20 54 72
 x6=0x006769666e6f4320 is an unknown value
 x7=0x0 is NULL
 x8=0x0000000000000004 is an unknown value
 x9=0x000000015d9154d0 points into unknown readable memory: 0x000000015d911aa0 | a0 1a 91 5d 01 00 00 00
x10=0x0000000000000001 is an unknown value
x11=0x0000000005100002 is an unknown value
x12=0x0000000005100002 is an unknown value
x13=0x0000000005500002 is an unknown value
x14=0x00000000ffffffff is an unknown value
x15=0x00000000000008f9 is an unknown value
x16=0x0000000185bc3db0: _platform_memmove+0 in /usr/lib/system/libsystem_platform.dylib at 0x0000000185bc0000
x17=0x0 is NULL
x18=0x0 is NULL
x19=0x000000015d61f2a8: <offset 0x3132a8> in /Users/michaelsagerman/Documents/FRC/2025-ROBOT-REWORK/build/jni/release/libCTRE_PhoenixTools_Sim.dylib at 0x000000015d30c000
x20=0x000000015d85ab10 points into unknown readable memory: 0x0000000000000000 | 00 00 00 00 00 00 00 00
x21=0x000000015d8454b0 points into unknown readable memory: 0x7866206e6f6c6174 | 74 61 6c 6f 6e 20 66 78
x22=0x0000000000000020 is an unknown value
x23=0x000000015d9154d8 points into unknown readable memory: 0x000000015d85ab10 | 10 ab 85 5d 01 00 00 00
x24=0x000000015d9154d0 points into unknown readable memory: 0x000000015d911aa0 | a0 1a 91 5d 01 00 00 00
x25=0x0000000000000017 is an unknown value
x26=0x0 is NULL
x27=0x000000015d61f2a8: <offset 0x3132a8> in /Users/michaelsagerman/Documents/FRC/2025-ROBOT-REWORK/build/jni/release/libCTRE_PhoenixTools_Sim.dylib at 0x000000015d30c000
x28=0x000000015d61f2b0: <offset 0x3132b0> in /Users/michaelsagerman/Documents/FRC/2025-ROBOT-REWORK/build/jni/release/libCTRE_PhoenixTools_Sim.dylib at 0x000000015d30c000


Top of Stack: (sp=0x00000003083aa060)
0x00000003083aa060:   0000000000000017 000000015d8454b0
0x00000003083aa070:   0000000000002712 0000000000000000
0x00000003083aa080:   000000015d58cc3a 000000015d85b7c0
0x00000003083aa090:   000000015d845490 0000000000000000
0x00000003083aa0a0:   00000003083aa150 000000015d4ab854
0x00000003083aa0b0:   0000000000000000 000000015d845490
0x00000003083aa0c0:   0000000000000000 000000015d8454b0
0x00000003083aa0d0:   0000000000000017 8000000000000020
0x00000003083aa0e0:   0000000000000000 00000003083aa0c8
0x00000003083aa0f0:   411d4cd3ecc814d7 411d4cd40b71758e
0x00000003083aa100:   000000013414fa00 0000000700722cd0
0x00000003083aa110:   000000070fe96954 00000003083aa160
0x00000003083aa120:   000000015d58cc3a 0000000000000000
0x00000003083aa130:   0000000000002712 000000015d845490
0x00000003083aa140:   000000013414fcb0 00000003083aa1d8
0x00000003083aa150:   00000003083aa1c0 000000015d54f010
0x00000003083aa160:   000000015d85b7c0 0000000000000031
0x00000003083aa170:   8000000000000040 0000000100002712
0x00000003083aa180:   000000070fe96954 000000070072a650
0x00000003083aa190:   0000000700728aa0 00000007007274c0
0x00000003083aa1a0:   00000007006003f8 0000000700728aa0
0x00000003083aa1b0:   0000000700a5b2d0 000000070fe96f78
0x00000003083aa1c0:   00000003083aa220 0000000147b7d34c
0x00000003083aa1d0:   0000000134d00000 000000070fe96fa0
0x00000003083aa1e0:   0000000102754080 000000010275e800
0x00000003083aa1f0:   00000003083aa270 000000018599ce34
0x00000003083aa200:   000000015d61a550 00000003083a9d10
0x00000003083aa210:   0000000700a55bf0 00000000083aa200
0x00000003083aa220:   0000000700728aa0 0000000147bdcc80
0x00000003083aa230:   411d4cd40b71758e 411d4cd3ecc814d7
0x00000003083aa240:   000000070fe96fa0 0000000000000000
0x00000003083aa250:   0000000000000000 000000013414fcb0 

Instructions: (pc=0x000000015d3201e0)
0x000000015d3200e0:   1f e0 00 39 1f 20 00 f9 1f 7c 00 a9 16 08 00 f9
0x000000015d3200f0:   e0 02 00 f9 68 02 40 f9 08 01 40 f9 e1 03 00 aa
0x000000015d320100:   68 00 00 b4 68 02 00 f9 e1 02 40 f9 60 06 40 f9
0x000000015d320110:   23 00 00 94 68 0a 40 f9 08 05 00 91 68 0a 00 f9
0x000000015d320120:   21 00 80 52 02 00 00 14 01 00 80 d2 e0 03 14 aa
0x000000015d320130:   fd 7b 44 a9 f4 4f 43 a9 f6 57 42 a9 f8 5f 41 a9
0x000000015d320140:   fa 67 c5 a8 c0 03 5f d6 f4 4f be a9 fd 7b 01 a9
0x000000015d320150:   fd 43 00 91 f3 03 00 aa 14 00 40 f9 1f 00 00 f9
0x000000015d320160:   74 01 00 b4 68 42 40 39 e8 00 00 34 80 e2 00 91
0x000000015d320170:   c1 f1 ff 97 88 de c0 39 68 00 f8 36 80 12 40 f9
0x000000015d320180:   a4 18 09 94 e0 03 14 aa a2 18 09 94 e0 03 13 aa
0x000000015d320190:   fd 7b 41 a9 f4 4f c2 a8 c0 03 5f d6 3f 00 00 eb
0x000000015d3201a0:   e8 17 9f 1a 28 60 00 39 80 07 00 54 2a 00 80 52
0x000000015d3201b0:   08 00 00 14 2a 61 00 39 e1 03 08 aa 1f 01 00 eb
0x000000015d3201c0:   e9 17 9f 1a 09 61 00 39 6a 01 00 39 60 06 00 54
0x000000015d3201d0:   29 08 40 f9 28 61 40 39 08 06 00 35 28 09 40 f9
0x000000015d3201e0:   0b 01 40 f9 7f 01 09 eb a0 00 00 54 8b 05 00 b4
0x000000015d3201f0:   6c 8d 41 38 0c fe ff 34 29 00 00 14 0b 05 40 f9
0x000000015d320200:   6b 00 00 b4 6c 8d 41 38 6c fd ff 34 2a 01 40 f9
0x000000015d320210:   5f 01 01 eb e0 08 00 54 2a 05 40 f9 4b 01 40 f9
0x000000015d320220:   2b 05 00 f9 6b 00 00 b4 69 09 00 f9 28 09 40 f9
0x000000015d320230:   48 09 00 f9 28 09 40 f9 0b 01 40 f9 7f 01 09 eb
0x000000015d320240:   eb 07 9f 1a 0a 59 2b f8 49 01 00 f9 2a 09 00 f9
0x000000015d320250:   48 09 40 f9 09 01 40 f9 2b 00 80 52 4b 61 00 39
0x000000015d320260:   1f 61 00 39 2a 05 40 f9 0a 01 00 f9 4a 00 00 b4
0x000000015d320270:   48 09 00 f9 0a 09 40 f9 2a 09 00 f9 0a 09 40 f9
0x000000015d320280:   4b 01 40 f9 7f 01 08 eb eb 07 9f 1a 49 59 2b f8
0x000000015d320290:   28 05 00 f9 09 09 00 f9 c0 03 5f d6 2a 01 40 f9
0x000000015d3202a0:   5f 01 01 eb 60 00 00 54 e1 03 09 aa 0f 00 00 14
0x000000015d3202b0:   2a 04 40 f9 2a 01 00 f9 6a 00 00 b4 49 09 00 f9
0x000000015d3202c0:   28 09 40 f9 28 08 00 f9 28 09 40 f9 0a 01 40 f9
0x000000015d3202d0:   5f 01 09 eb ea 07 9f 1a 01 59 2a f8 29 04 00 f9 


Stack slot to memory mapping:
stack at sp + 0 slots: 0x0000000000000017 is an unknown value
stack at sp + 1 slots: 0x000000015d8454b0 points into unknown readable memory: 0x7866206e6f6c6174 | 74 61 6c 6f 6e 20 66 78
stack at sp + 2 slots: 0x0000000000002712 is an unknown value
stack at sp + 3 slots: 0x0 is NULL
stack at sp + 4 slots: 0x000000015d58cc3a: <offset 0x280c3a> in /Users/michaelsagerman/Documents/FRC/2025-ROBOT-REWORK/build/jni/release/libCTRE_PhoenixTools_Sim.dylib at 0x000000015d30c000
stack at sp + 5 slots: 0x000000015d85b7c0 points into unknown readable memory: 0x7254206b63617453 | 53 74 61 63 6b 20 54 72
stack at sp + 6 slots: 0x000000015d845490 points into unknown readable memory: 0x7866206e6f6c6174 | 74 61 6c 6f 6e 20 66 78
stack at sp + 7 slots: 0x0 is NULL

