#
# A fatal error has been detected by the Java Runtime Environment:
#
#  SIGSEGV (0xb) at pc=0x000000014753fa3b, pid=4203, tid=55299
#
# JRE version: OpenJDK Runtime Environment Temurin-17.0.12+7 (17.0.12+7) (build 17.0.12+7)
# Java VM: OpenJDK 64-Bit Server VM Temurin-17.0.12+7 (17.0.12+7, mixed mode, tiered, compressed oops, compressed class ptrs, g1 gc, bsd-amd64)
# Problematic frame:
# C  [libCTRE_PhoenixTools_Sim.dylib+0x228a3b]
#
# No core dump will be written. Core dumps have been disabled. To enable core dumping, try "ulimit -c unlimited" before starting Java again
#
# If you would like to submit a bug report, please visit:
#   https://github.com/adoptium/adoptium-support/issues
# The crash happened outside the Java Virtual Machine in native code.
# See problematic frame for where to report the bug.
#

---------------  S U M M A R Y ------------

Command Line: -agentlib:jdwp=transport=dt_socket,server=n,suspend=y,address=localhost:51252 -Djava.library.path=/Users/mahdi/Desktop/FRC/2025-ROBOT-REWORK/build/jni/release -XX:+ShowCodeDetailsInExceptionMessages frc.robot.Main

Host: "MacBookPro16,3" x86_64 1700 MHz, 8 cores, 16G, Darwin 24.0.0, macOS 15.0 (24A335)
Time: Mon Mar 10 12:34:33 2025 PDT elapsed time: 197.092872 seconds (0d 0h 3m 17s)

---------------  T H R E A D  ---------------

Current thread (0x00007fd54580c600):  JavaThread "robot main" daemon [_thread_in_native, id=55299, stack(0x00007000054fa000,0x00007000055fa000)]

Stack: [0x00007000054fa000,0x00007000055fa000],  sp=0x00007000055f8b80,  free space=1018k
Native frames: (J=compiled Java code, j=interpreted, Vv=VM code, C=native code)
C  [libCTRE_PhoenixTools_Sim.dylib+0x228a3b]
C  [libCTRE_PhoenixTools_Sim.dylib+0xa00f8]
J 1777  com.ctre.phoenix6.configs.jni.ConfigJNI.SetConfigs(Ljava/lang/String;IDZZ)I (0 bytes) @ 0x000000011fffae83 [0x000000011fffada0+0x00000000000000e3]
J 2674 c2 com.ctre.phoenix6.configs.ParentConfigurator.setConfigsPrivate(Ljava/lang/String;DZZ)Lcom/ctre/phoenix6/StatusCode; (121 bytes) @ 0x000000012006f1b8 [0x000000012006f020+0x0000000000000198]
J 2808 c2 frc.robot.subsystems.swerve.Swerve.resetModulesToAbsolute()V (32 bytes) @ 0x00000001200e8498 [0x00000001200e8300+0x0000000000000198]
J 2814 c2 frc.robot.subsystems.swerve.Drivetrain.periodic()V (262 bytes) @ 0x00000001200f19e8 [0x00000001200eb640+0x00000000000063a8]
J 2631 c2 edu.wpi.first.wpilibj2.command.CommandScheduler.run()V (603 bytes) @ 0x0000000120051a9c [0x0000000120051280+0x000000000000081c]
J 2522 c1 frc.robot.Robot.robotPeriodic()V (17 bytes) @ 0x00000001189549b4 [0x00000001189544c0+0x00000000000004f4]
J 2242 c1 edu.wpi.first.wpilibj.IterativeRobotBase.loopFunc()V (552 bytes) @ 0x00000001188a0754 [0x000000011889e6e0+0x0000000000002074]
J 2241 c1 edu.wpi.first.wpilibj.TimedRobot$$Lambda$10+0x0000000800095cd8.run()V (8 bytes) @ 0x000000011889dcc4 [0x000000011889dbc0+0x0000000000000104]
j  edu.wpi.first.wpilibj.TimedRobot.startCompetition()V+75
j  edu.wpi.first.wpilibj.RobotBase.runRobot(Ljava/util/function/Supplier;)V+265
j  edu.wpi.first.wpilibj.RobotBase.lambda$startRobot$1(Ljava/util/function/Supplier;)V+1
j  edu.wpi.first.wpilibj.RobotBase$$Lambda$2+0x0000000800089b58.run()V+4
j  java.lang.Thread.run()V+11 java.base@17.0.12
v  ~StubRoutines::call_stub
V  [libjvm.dylib+0x4f5b8a]  JavaCalls::call_helper(JavaValue*, methodHandle const&, JavaCallArguments*, JavaThread*)+0x31a
V  [libjvm.dylib+0x4f4c10]  JavaCalls::call_virtual(JavaValue*, Klass*, Symbol*, Symbol*, JavaCallArguments*, JavaThread*)+0x110
V  [libjvm.dylib+0x4f4cd3]  JavaCalls::call_virtual(JavaValue*, Handle, Klass*, Symbol*, Symbol*, JavaThread*)+0x63
V  [libjvm.dylib+0x59d254]  thread_entry(JavaThread*, JavaThread*)+0xb4
V  [libjvm.dylib+0xa54f6b]  JavaThread::thread_main_inner()+0x14b
V  [libjvm.dylib+0xa532c7]  Thread::call_run()+0xa7
V  [libjvm.dylib+0x86137c]  thread_native_entry(Thread*)+0x14c
C  [libsystem_pthread.dylib+0x6253]  _pthread_start+0x63
C  [libsystem_pthread.dylib+0x1bef]  thread_start+0xf

Java frames: (J=compiled Java code, j=interpreted, Vv=VM code)
J 1777  com.ctre.phoenix6.configs.jni.ConfigJNI.SetConfigs(Ljava/lang/String;IDZZ)I (0 bytes) @ 0x000000011fffadf4 [0x000000011fffada0+0x0000000000000054]
J 2674 c2 com.ctre.phoenix6.configs.ParentConfigurator.setConfigsPrivate(Ljava/lang/String;DZZ)Lcom/ctre/phoenix6/StatusCode; (121 bytes) @ 0x000000012006f1b8 [0x000000012006f020+0x0000000000000198]
J 2808 c2 frc.robot.subsystems.swerve.Swerve.resetModulesToAbsolute()V (32 bytes) @ 0x00000001200e8498 [0x00000001200e8300+0x0000000000000198]
J 2814 c2 frc.robot.subsystems.swerve.Drivetrain.periodic()V (262 bytes) @ 0x00000001200f19e8 [0x00000001200eb640+0x00000000000063a8]
J 2631 c2 edu.wpi.first.wpilibj2.command.CommandScheduler.run()V (603 bytes) @ 0x0000000120051a9c [0x0000000120051280+0x000000000000081c]
J 2522 c1 frc.robot.Robot.robotPeriodic()V (17 bytes) @ 0x00000001189549b4 [0x00000001189544c0+0x00000000000004f4]
J 2242 c1 edu.wpi.first.wpilibj.IterativeRobotBase.loopFunc()V (552 bytes) @ 0x00000001188a0754 [0x000000011889e6e0+0x0000000000002074]
J 2241 c1 edu.wpi.first.wpilibj.TimedRobot$$Lambda$10+0x0000000800095cd8.run()V (8 bytes) @ 0x000000011889dcc4 [0x000000011889dbc0+0x0000000000000104]
j  edu.wpi.first.wpilibj.TimedRobot.startCompetition()V+75
j  edu.wpi.first.wpilibj.RobotBase.runRobot(Ljava/util/function/Supplier;)V+265
j  edu.wpi.first.wpilibj.RobotBase.lambda$startRobot$1(Ljava/util/function/Supplier;)V+1
j  edu.wpi.first.wpilibj.RobotBase$$Lambda$2+0x0000000800089b58.run()V+4
j  java.lang.Thread.run()V+11 java.base@17.0.12
v  ~StubRoutines::call_stub

siginfo: si_signo: 11 (SIGSEGV), si_code: 1 (SEGV_MAPERR), si_addr: 0x0000000000000000

Registers:
RAX=0x0000000000000000, RBX=0x00007fd5437c1388, RCX=0x0000000000000000, RDX=0x0000000000000007
RSP=0x00007000055f8b80, RBP=0x00007000055f91b0, RSI=0x00007ff84e68e0ac, RDI=0x000000010a601080
R8 =0xf00007fd54b3b7a5, R9 =0x00007fd54b300000, R10=0x000000000000b523, R11=0x00007fd5437a9c50
R12=0x00007fd5437c1380, R13=0x00007fd5437c1388, R14=0x00007fd54370bd80, R15=0x00007fd54431d400
RIP=0x000000014753fa3b, EFLAGS=0x0000000000010206, ERR=0x0000000000000004
  TRAPNO=0x000000000000000e


Register to memory mapping:

RAX=0x0 is NULL
RBX=0x00007fd5437c1388 points into unknown readable memory: 0x00007fd54431d400 | 00 d4 31 44 d5 7f 00 00
RCX=0x0 is NULL
RDX=