#
# A fatal error has been detected by the Java Runtime Environment:
#
#  SIGSEGV (0xb) at pc=0x000000017e5892d4, pid=85280, tid=58371
#
# JRE version: OpenJDK Runtime Environment Temurin-17.0.12+7 (17.0.12+7) (build 17.0.12+7)
# Java VM: OpenJDK 64-Bit Server VM Temurin-17.0.12+7 (17.0.12+7, mixed mode, tiered, compressed oops, compressed class ptrs, g1 gc, bsd-aarch64)
# Problematic frame:
# C  [libCTRE_PhoenixTools_Sim.dylib+0x1d12d4]
#
# No core dump will be written. Core dumps have been disabled. To enable core dumping, try "ulimit -c unlimited" before starting Java again
#
# If you would like to submit a bug report, please visit:
#   https://github.com/adoptium/adoptium-support/issues
# The crash happened outside the Java Virtual Machine in native code.
# See problematic frame for where to report the bug.
#

---------------  S U M M A R Y ------------

Command Line: -agentlib:jdwp=transport=dt_socket,server=n,suspend=y,address=localhost:62483 -Djava.library.path=/Users/michaelsagerman/Documents/FRC/2025-ROBOT-REWORK/build/jni/release -XX:+ShowCodeDetailsInExceptionMessages frc.robot.Main

Host: "MacBookPro18,3" arm64, 8 cores, 16G, Darwin 24.1.0, macOS 15.1.1 (24B91)
Time: Fri Mar 14 16:55:47 2025 PDT elapsed time: 61.252764 seconds (0d 0h 1m 1s)

---------------  T H R E A D  ---------------

Current thread (0x000000012e809a00):  JavaThread "robot main" daemon [_thread_in_native, id=58371, stack(0x0000000177bd8000,0x0000000177ddb000)]

Stack: [0x0000000177bd8000,0x0000000177ddb000],  sp=0x0000000177dd9550,  free space=2053k
Native frames: (J=compiled Java code, j=interpreted, Vv=VM code, C=native code)
C  [libCTRE_PhoenixTools_Sim.dylib+0x1d12d4]
C  [libCTRE_PhoenixTools_Sim.dylib+0x84c2c]
J 1862  com.ctre.phoenix6.configs.jni.ConfigJNI.SetConfigs(Ljava/lang/String;IDZZ)I (0 bytes) @ 0x000000013fb7d844 [0x000000013fb7d7c0+0x0000000000000084]
C  0x0000000102c38008

Java frames: (J=compiled Java code, j=interpreted, Vv=VM code)
J 1862  com.ctre.phoenix6.configs.jni.ConfigJNI.SetConfigs(Ljava/lang/String;IDZZ)I (0 bytes) @ 0x000000013fb7d844 [0x000000013fb7d7c0+0x0000000000000084]
J 1957 c1 com.ctre.phoenix6.configs.ParentConfigurator.setConfigsPrivate(Ljava/lang/String;DZZ)Lcom/ctre/phoenix6/StatusCode; (121 bytes) @ 0x00000001383942e0 [0x0000000138393f40+0x00000000000003a0]
J 1961 c1 com.ctre.phoenix6.configs.TalonFXConfigurator.setPosition(DD)Lcom/ctre/phoenix6/StatusCode; (22 bytes) @ 0x000000013839b13c [0x000000013839afc0+0x000000000000017c]
J 1877 c1 com.ctre.phoenix6.hardware.core.CoreTalonFX.setPosition(DD)Lcom/ctre/phoenix6/StatusCode; (10 bytes) @ 0x0000000138372f3c [0x0000000138372dc0+0x000000000000017c]
J 1876 c1 com.ctre.phoenix6.hardware.core.CoreTalonFX.setPosition(D)Lcom/ctre/phoenix6/StatusCode; (9 bytes) @ 0x0000000138372a40 [0x0000000138372900+0x0000000000000140]
J 2229 c1 frc.robot.subsystems.swerve.Swerve.resetModulesToAbsolute()V (32 bytes) @ 0x0000000138437008 [0x0000000138436e00+0x0000000000000208]
J 2241 c1 frc.robot.subsystems.swerve.Drivetrain.periodic()V (262 bytes) @ 0x0000000138448cf8 [0x000000013843efc0+0x0000000000009d38]
J 2680 c2 edu.wpi.first.wpilibj2.command.CommandScheduler.run()V (603 bytes) @ 0x000000013fc029bc [0x000000013fc024c0+0x00000000000004fc]
J 2548 c1 frc.robot.Robot.robotPeriodic()V (7 bytes) @ 0x0000000138517bc4 [0x0000000138517980+0x0000000000000244]
J 2364 c1 edu.wpi.first.wpilibj.IterativeRobotBase.loopFunc()V (552 bytes) @ 0x000000013849bec0 [0x0000000138499d00+0x00000000000021c0]
J 2547 c1 edu.wpi.first.wpilibj.TimedRobot$$Lambda$10+0x0000000800095cd8.run()V (8 bytes) @ 0x0000000138517574 [0x0000000138517440+0x0000000000000134]
j  edu.wpi.first.wpilibj.TimedRobot.startCompetition()V+75
j  edu.wpi.first.wpilibj.RobotBase.runRobot(Ljava/util/function/Supplier;)V+265
j  edu.wpi.first.wpilibj.RobotBase.lambda$startRobot$1(Ljava/util/function/Supplier;)V+1
j  edu.wpi.first.wpilibj.RobotBase$$Lambda$2+0x0000000800089b58.run()V+4
j  java.lang.Thread.run()V+11 java.base@17.0.12
v  ~StubRoutines::call_stub

siginfo: si_signo: 11 (SIGSEGV), si_code: 2 (SEGV_ACCERR), si_addr: 0x0000000000000000

Registers:
 x0=0x000000012c7e7af0  x1=0x0000000000000003  x2=0x0000000000000003  x3=0x0000000000000003
 x4=0x00000003135f5f40  x5=0x000000000000000d  x6=0x0000000000000002  x7=0x0000000000000000
 x8=0x0000000000000000  x9=0x000000000000e403 x10=0x00000000000014a0 x11=0x00000000000004a0
x12=0x00000000000004a0 x13=0x00000000000014a0 x14=0x00000000ffffffff x15=0x0000000040001008
x16=0xd796000102c38080 x17=0x0000000000000000 x18=0x0000000000000000 x19=0x000000017c8bada0
x20=0x0000000000000008 x21=0x000000012c7e7af0 x22=0x000000017c8bada6 x23=0x000000012c7d20e8
x24=0x00000000beffbe77 x25=0x00000000000003f8 x26=0x000000012c7d20e8 x27=0x000000012c7d20e8
x28=0x000000012c7d20e0  fp=0x0000000177dd9b50  lr=0x000000017e5892b8  sp=0x0000000177dd9550
pc=0x000000017e5892d4 cpsr=0x0000000040001000

Register to memory mapping:

 x0=0x000000012c7e7af0 points into unknown readable memory: 0x0000000000000000 | 00 00 00 00 00 00 00 00
 x1=0x0000000000000003 is an unknown value
 x2=0x0000000000000003 is an unknown value
 x3=0x0000000000000003 is an unknown value
 x4=0x00000003135f5f40 points into unknown readable memory: 0x000000017c873cd0 | d0 3c 87 7c 01 00 00 00
 x5=0x000000000000000d is an unknown value
 x6=0x0000000000000002 is an unknown value
 x7=0x0 is NULL
 x8=0x0 is NULL
 x9=0x000000000000e403 is an unknown value
x10=0x00000000000014a0 is an unknown value
x11=0x00000000000004a0 is an unknown value
x12=0x00000000000004a0 is an unknown value
x13=0x00000000000014a0 is an unknown value
x14=0x00000000ffffffff is an unknown value
x15=0x0000000040001008 is an unknown value
x16=0xd796000102c38080 is an unknown value
x17=0x0 is NULL
x18=0x0 is NULL
x19=0x000000017c8bada0 points into unknown readable memory: 0x0000beffbe7703f8 | f8 03 77 be ff be 00 00
x20=0x0000000000000008 is an unknown value
x21=0x000000012c7e7af0 points into unknown readable memory: 0x0000000000000000 | 00 00 00 00 00 00 00 00
x22=0x000000017c8bada6 points into unknown readable memory: 00 00
x23=0x000000012c7d20e8 points into unknown readable memory: 0x0000000000000000 | 00 00 00 00 00 00 00 00
x24=0x00000000beffbe77 is an unknown value
x25=0x00000000000003f8 is an unknown value
x26=0x000000012c7d20e8 points into unknown readable memory: 0x0000000000000000 | 00 00 00 00 00 00 00 00
x27=0x000000012c7d20e8 points into unknown readable memory: 0x0000000000000000 | 00 00 00 00 00 00 00 00
x28=0x000000012c7d20e0 points into unknown readable memory: 0x0000000000000000 | 00 00 00 00 00 00 00 00


Top of Stack: (sp=0x0000000177dd9550)
0x0000000177dd9550:   1fffffff02047c48 000000012d990540
0x0000000177dd9560:   0000000000000000 000000012c7d20e0
0x0000000177dd9570:   0000008800000000 000000012c7e1940
0x0000000177dd9580:   0000000177dd9990 000000017c8bada0
0x0000000177dd9590:   000000017c8bada6 000000017c8bada6
0x0000000177dd95a0:   000000000000000f 000000012c7c97a0
0x0000000177dd95b0:   000000012c7c97a6 000000012c7c97a6
0x0000000177dd95c0:   0000000000000000 0000000800000002
0x0000000177dd95d0:   000000012c7e1940 0000000177dd9688
0x0000000177dd95e0:   0000000000000400 02047c0802047c48
0x0000000177dd95f0:   0000000000000000 0000000000000000
0x0000000177dd9600:   0000000000000000 0000000000000000
0x0000000177dd9610:   0000000000000000 0000000000000000
0x0000000177dd9620:   0000000177dd9800 0000000000000000
0x0000000177dd9630:   0000000000000000 0000000000000000
0x0000000177dd9640:   0000000000000000 0000000000000000
0x0000000177dd9650:   0000000000000000 0000000100000000
0x0000000177dd9660:   000000017e5d7f00 0000000177dd9aa8
0x0000000177dd9670:   0000000177dd9ab0 0000000000000000
0x0000000177dd9680:   000000012d9b5df4 0000beffbe770605
0x0000000177dd9690:   0000000177dd99f8 0000000000000006
0x0000000177dd96a0:   00000001eacaa608 0000000000000100
0x0000000177dd96b0:   0000000177dd96d8 0000000177dd9b60
0x0000000177dd96c0:   0000000000000000 0000000000000002
0x0000000177dd96d0:   0000000177dd99a8 0000000177dd96e8
0x0000000177dd96e0:   0000000000000000 0000000177dd97d7
0x0000000177dd96f0:   0000000000000001 0000000185a9e940
0x0000000177dd9700:   0000000000000001 0000000185aa079c
0x0000000177dd9710:   0000000000000001 000000012d9b5df4
0x0000000177dd9720:   0000000000000004 0000000000000000
0x0000000177dd9730:   0000000000000000 0000000000000000
0x0000000177dd9740:   0000000000000000 0000000000000000 

Instructions: (pc=0x000000017e5892d4)
0x000000017e5891d4:   e0 03 09 aa 09 00 40 f9 28 79 68 f8 00 01 3f d6
0x000000017e5891e4:   e0 03 1a aa 87 24 02 94 15 02 00 34 f3 03 1c aa
0x000000017e5891f4:   61 8e 40 f8 e0 03 1c aa 8c 02 00 94 93 03 00 f9
0x000000017e589204:   9f 0b 00 f9 7f 02 00 f9 e0 07 40 f9 38 24 02 94
0x000000017e589214:   fb 1f 40 f9 1b 11 00 b4 fb 23 00 f9 e0 03 1b aa
0x000000017e589224:   7b 24 02 94 84 00 00 14 f3 db 43 a9 7f 02 16 eb
0x000000017e589234:   60 06 00 54 97 23 00 91 0a 00 00 14 80 07 40 f9
0x000000017e589244:   d6 0b f9 97 88 0b 40 f9 08 05 00 91 88 0b 00 f9
0x000000017e589254:   b8 22 00 b9 73 1a 00 91 7f 02 16 eb 00 05 00 54
0x000000017e589264:   79 02 40 79 78 22 40 b8 fb 03 17 aa fa 03 17 aa
0x000000017e589274:   e8 02 40 f9 a8 00 00 b5 0d 00 00 14 48 03 40 f9
0x000000017e589284:   fb 03 1a aa 48 01 00 b4 fa 03 08 aa 08 39 40 79
0x000000017e589294:   3f 03 08 6b 43 ff ff 54 1f 01 19 6b 62 02 00 54
0x000000017e5892a4:   48 07 40 f9 28 ff ff b5 5b 23 00 91 00 05 80 52
0x000000017e5892b4:   5d 24 02 94 f5 03 00 aa 19 38 00 79 1f 20 00 b9
0x000000017e5892c4:   1f 7c 00 a9 1a 08 00 f9 60 03 00 f9 88 03 40 f9
0x000000017e5892d4:   08 01 40 f9 e1 03 00 aa 28 fb ff b4 88 03 00 f9
0x000000017e5892e4:   61 03 40 f9 d6 ff ff 17 f5 03 1a aa 58 23 00 b9
0x000000017e5892f4:   73 1a 00 91 7f 02 16 eb 41 fb ff 54 15 00 80 52
0x000000017e589304:   e0 07 40 f9 fa 23 02 94 fb 1f 40 f9 7b f8 ff b5
0x000000017e589314:   49 00 00 14 e0 63 01 91 47 4a ff 97 0a 00 00 14
0x000000017e589324:   2e 07 f9 97 08 00 00 14 e0 e3 00 91 42 4a ff 97
0x000000017e589334:   05 00 00 14 29 07 f9 97 03 00 00 14 e0 e3 04 91
0x000000017e589344:   50 f7 f8 97 20 00 20 d4 f4 03 00 aa e0 03 02 91
0x000000017e589354:   d2 ba fd 97 10 00 00 14 0e 00 00 14 f4 03 00 aa
0x000000017e589364:   a0 03 55 f8 1f 00 18 eb 81 00 00 54 88 00 80 52
0x000000017e589374:   a0 23 03 d1 03 00 00 14 60 01 00 b4 a8 00 80 52
0x000000017e589384:   09 00 40 f9 28 79 68 f8 00 01 3f d6 06 00 00 14
0x000000017e589394:   f4 03 00 aa a0 a3 02 d1 20 20 fd 97 02 00 00 14
0x000000017e5893a4:   f4 03 00 aa e0 03 1a aa 16 24 02 94 0e 00 00 14
0x000000017e5893b4:   0c 00 00 14 f4 03 00 aa e8 3f c5 39 48 01 f8 36
0x000000017e5893c4:   e0 9f 40 f9 12 24 02 94 07 00 00 14 f4 03 00 aa 


Stack slot to memory mapping:
stack at sp + 0 slots: 0x1fffffff02047c48 is an unknown value
stack at sp + 1 slots: 0x000000012d990540 points into unknown readable memory: 0x000000004d55545a | 5a 54 55 4d 00 00 00 00
stack at sp + 2 slots: 0x0 is NULL
stack at sp + 3 slots: 0x000000012c7d20e0 points into unknown readable memory: 0x0000000000000000 | 00 00 00 00 00 00 00 00
stack at sp + 4 slots: 0x0000008800000000 is an unknown value
stack at sp + 5 slots: 0x000000012c7e1940 points into unknown readable memory: 0x0000000000000000 | 00 00 00 00 00 00 00 00
stack at sp + 6 slots: 0x0000000177dd9990 is pointing into the stack for thread: 0x000000012e809a00
stack at sp + 7 slots: 0x000000017c8bada0 points into unknown readable memory: 0x0000beffbe7703f8 | f8 03 77 be ff be 00 00


Compiled method (n/a)   61267 1862     n 0       com.ctre.phoenix6.configs.jni.ConfigJNI::SetConfigs (native)
 total in heap  [0x000000013fb7d610,0x000000013fb7d988] = 888
 relocation     [0x000000013fb7d768,0x000000013fb7d790] = 40
 main code      [0x000000013fb7d7c0,0x000000013fb7d978] = 440
 oops           [0x000000013fb7d978,0x000000013fb7d980] = 8
 metadata       [0x000000013fb7d980,0x000000013fb7d988] = 8

[Constant Pool (empty)]

[MachCode]
[Entry Point]
  # {method} {0x0000000128a1ef48} 'SetConfigs' '(Ljava/lang/String;IDZZ)I' in 'com/ctre/phoenix6/configs/jni/ConfigJNI'
  # this:     c_rarg1:c_rarg1 
                        = 'com/ctre/phoenix6/configs/jni/ConfigJNI'
  # parm0:    c_rarg2:c_rarg2 
                        = 'java/lang/String'
  # parm1:    c_rarg3   = int
  # parm2:    v0:v0     = double
  # parm3:    c_rarg4   = boolean
  # parm4:    c_rarg5   = boolean
  #           [sp+0x60]  (sp of caller)
  0x000000013fb7d7c0: 2808 40b9 | 3f01 086b | 4000 0054 

  0x000000013fb7d7cc: ;   {runtime_call ic_miss_stub}
  0x000000013fb7d7cc: 0ddd e717 
[Verified Entry Point]
  0x000000013fb7d7d0: 1f20 03d5 | e953 40d1 | 3f01 00f9 | fd7b bfa9 | fd03 0091 | ff43 01d1 | e207 00f9 | 5f00 1feb 
  0x000000013fb7d7f0: e223 0091 | e203 829a | e103 00f9 | 3f00 1feb | e103 00d1 | e103 819a | e801 0010 | 884f 01f9 
  0x000000013fb7d810: e803 0091 | 884b 01f9 

  0x000000013fb7d818: ;   {external_word}
  0x000000013fb7d818: 8886 e4d0 | 0869 5339 | a806 0035 | 80c3 0a91 | e803 7eb2 | 8903 0d91 | 28fd 9f88 

  0x000000013fb7d834: ;   {runtime_call}
  0x000000013fb7d834: 886b 99d2 | 68c8 aff2 | 2800 c0f2 | 0001 3fd6 | 007c 4093 | a800 80d2 | 8843 03b9 | bf3b 03d5 
  0x000000013fb7d854: 8823 0d91 | 08fd dfc8 | bf03 08eb | a803 0054 | 8833 43b9 | 6803 0035 | e803 7db2 | 8903 0d91 
  0x000000013fb7d874: 28fd 9f88 | 88c3 4e39 | 1f09 0071 | c001 0054 

  0x000000013fb7d884: ;   {external_word}
  0x000000013fb7d884: 8886 e4d0 | 0869 5339 | a805 0035 | 9f4b 01f9 | 9f4f 01f9 | 826f 40f9 | 5f80 00f9 | bf03 0091 
  0x000000013fb7d8a4: fd7b c1a8 | 8807 40f9 | 4800 00b5 | c003 5fd6 

  0x000000013fb7d8b4: ;   {runtime_call StubRoutines (1)}
  0x000000013fb7d8b4: f3d9 e617 | a083 1ff8 

  0x000000013fb7d8bc: ;   {runtime_call SharedRuntime::reguard_yellow_pages()}
  0x000000013fb7d8bc: 88cc 9cd2 | 8810 a1f2 | 2800 c0f2 | 0001 3fd6 | a083 5ff8 | edff ff17 | a083 1ff8 | e003 1caa 
  0x000000013fb7d8dc: ;   {runtime_call JavaThread::check_special_condition_for_native_trans(JavaThread*)}
  0x000000013fb7d8dc: 888c 81d2 | 4813 a1f2 | 2800 c0f2 | 0001 3fd6 | a083 5ff8 | dfff ff17 | e00f 1ffc | e10b bda9 
  0x000000013fb7d8fc: e313 01a9 | e57f 02a9 

  0x000000013fb7d904: ;   {metadata({method} {0x0000000128a1ef48} 'SetConfigs' '(Ljava/lang/String;IDZZ)I' in 'com/ctre/phoenix6/configs/jni/ConfigJNI')}
  0x000000013fb7d904: 01e9 9dd2 | 2114 a5f2 | 2100 c0f2 | e003 1caa | e833 bfa9 | 0896 98d2 | 8810 a1f2 | 2800 c0f2 
  0x000000013fb7d924: 0001 3fd6 | e833 c1a8 | e313 41a9 | e57f 42a9 | e10b c3a8 | e007 41fc | baff ff17 | a083 1ff8 
  0x000000013fb7d944: ;   {metadata({method} {0x0000000128a1ef48} 'SetConfigs' '(Ljava/lang/String;IDZZ)I' in 'com/ctre/phoenix6/configs/jni/ConfigJNI')}
  0x000000013fb7d944: 01e9 9dd2 | 2114 a5f2 | 2100 c0f2 | e003 1caa | e833 bfa9 | 08aa 98d2 | 8810 a1f2 | 2800 c0f2 
  0x000000013fb7d964: 0001 3fd6 | e833 c1a8 | a083 5ff8 | c8ff ff17 | 0000 0000 
[/MachCode]


Compiled method (c1)   61273 1957   !   3       com.ctre.phoenix6.configs.ParentConfigurator::setConfigsPrivate (121 bytes)
 total in heap  [0x0000000138393410,0x000000013839a950] = 30016
 relocation     [0x0000000138393568,0x0000000138393f20] = 2488
 main code      [0x0000000138393f40,0x0000000138398240] = 17152
 stub code      [0x0000000138398240,0x0000000138398890] = 1616
 oops           [0x0000000138398890,0x00000001383989f8] = 360
 metadata       [0x00000001383989f8,0x0000000138398e30] = 1080
 scopes data    [0x0000000138398e30,0x0000000138399ee0] = 4272
 scopes pcs     [0x0000000138399ee0,0x000000013839a710] = 2096
 dependencies   [0x000000013839a710,0x000000013839a778] = 104
 handler table  [0x000000013839a778,0x000000013839a8b0] = 312
 nul chk table  [0x000000013839a8b0,0x000000013839a950] = 160

[Constant Pool (empty)]

[MachCode]
[Entry Point]
  # {method} {0x0000000128a4f760} 'setConfigsPrivate' '(Ljava/lang/String;DZZ)Lcom/ctre/phoenix6/StatusCode;' in 'com/ctre/phoenix6/configs/ParentConfigurator'
  # this:     c_rarg1:c_rarg1 
                        = 'com/ctre/phoenix6/configs/ParentConfigurator'
  # parm0:    c_rarg2:c_rarg2 
                        = 'java/lang/String'
  # parm1:    v0:v0     = double
  # parm2:    c_rarg3   = boolean
  # parm3:    c_rarg4   = boolean
  #           [sp+0x2e0]  (sp of caller)
  0x0000000138393f40: 2808 40b9 | 3f01 086b | c001 0054 

  0x0000000138393f4c: ;   {runtime_call ic_miss_stub}
  0x0000000138393f4c: 2d83 c715 | 1f20 03d5 | 1f20 03d5 | 1f20 03d5 | 1f20 03d5 | 1f20 03d5 | 1f20 03d5 | 1f20 03d5 
  0x0000000138393f6c: 1f20 03d5 | 1f20 03d5 | 1f20 03d5 | 1f20 03d5 | 1f20 03d5 
[Verified Entry Point]
  0x0000000138393f80: 1f20 03d5 | e953 40d1 | 3f01 00f9 | fd7b bfa9 | ff43 0bd1 | e10b 16a9 | e05f 01fd | e373 01b9 
  0x0000000138393fa0: e477 01b9 

  0x0000000138393fa4: ;   {metadata(method data for {method} {0x0000000128a4f760} 'setConfigsPrivate' '(Ljava/lang/String;DZZ)Lcom/ctre/phoenix6/StatusCode;' in 'com/ctre/phoenix6/configs/ParentConfigurator')}
  0x0000000138393fa4: 00f3 80d2 | a011 a5f2 | 2000 c0f2 | 05ac 40b9 | a508 0011 | 05ac 00b9 | a524 1f12 | bf00 0071 
  0x0000000138393fc4: 20cd 0154 | 2030 40b9 | 00f0 7dd3 | e0bf 00f9 | 4001 00b4 

  0x0000000138393fd8: ;   {metadata('java/util/concurrent/locks/ReentrantLock')}
  0x0000000138393fd8: 0780 83d2 | c700 a0f2 | 0701 c0f2 | 0a08 40b9 | 4a01 5dd2 | 481d 40f9 | ff00 08eb | a1cc 0154 
  0x0000000138393ff8: 0100 0014 | e503 00aa 

  0x0000000138394000: ; implicit exception: dispatches to 0x000000013839798c
  0x0000000138394000: 1f00 40f9 | e503 00aa 

  0x0000000138394008: ;   {metadata(method data for {method} {0x0000000128a4f760} 'setConfigsPrivate' '(Ljava/lang/String;DZZ)Lcom/ctre/phoenix6/StatusCode;' in 'com/ctre/phoenix6/configs/ParentConfigurator')}
  0x0000000138394008: 06f3 80d2 | a611 a5f2 | 2600 c0f2 | a508 40b9 | a500 5dd2 | c900 0491 | 2801 40f9 | bf00 08eb 
  0x0000000138394028: a100 0054 | c884 40f9 | 0805 0091 | c884 00f9 | 1c00 0014 | c940 0491 | 2801 40f9 | bf00 08eb 
  0x0000000138394048: a100 0054 | c88c 40f9 | 0805 0091 | c88c 00f9 | 1400 0014 | c900 0491 | 2801 40f9 | c800 00b5 
  0x0000000138394068: 2501 00f9 | e803 40b2 | c920 0491 | 2801 00f9 | 0c00 0014 | c940 0491 | 2801 40f9 | c800 00b5 
  0x0000000138394088: 2501 00f9 | e803 40b2 | c960 0491 | 2801 00f9 | 0400 0014 | c878 40f9 | 0805 0091 | c878 00f9 
  0x00000001383940a8: ;   {metadata(method data for {method} {0x00000001281a65d0} 'lock' '()V' in 'java/util/concurrent/locks/ReentrantLock')}
  0x00000001383940a8: 0556 86d2 | 250f a5f2 | 2500 c0f2 | a6ac 40b9 | c608 0011 | a6ac 00b9 | c64c 1f12 | df00 0071 
  0x00000001383940c8: 40c6 0154 | 050c 40b9 | a5f0 7dd3 | e5af 00f9 

  0x00000001383940d8: ; implicit exception: dispatches to 0x00000001383979b0
  0x00000001383940d8: bf00 40f9 | e603 05aa 

  0x00000001383940e0: ;   {metadata(method data for {method} {0x00000001281a65d0} 'lock' '()V' in 'java/util/concurrent/locks/ReentrantLock')}
  0x00000001383940e0: 0756 86d2 | 270f a5f2 | 2700 c0f2 | e878 40f9 | 0805 0091 | e878 00f9 

  0x00000001383940f8: ;   {metadata(method data for {method} {0x00000001285f4868} 'lock' '()V' in 'java/util/concurrent/locks/ReentrantLock$Sync')}
  0x00000001383940f8: 0683 86d2 | 260f a5f2 | 2600 c0f2 | c7ac 40b9 | e708 0011 | c7ac 00b9 | e74c 1f12 | ff00 0071 
  0x0000000138394118: e0c4 0154 | e603 05aa 

  0x0000000138394120: ;   {metadata(method data for {method} {0x00000001285f4868} 'lock' '()V' in 'java/util/concurrent/locks/ReentrantLock$Sync')}
  0x0000000138394120: 0783 86d2 | 270f a5f2 | 2700 c0f2 | c608 40b9 | c600 5dd2 | e900 0491 | 2801 40f9 | df00 08eb 
  0x0000000138394140: a100 0054 | e884 40f9 | 0805 0091 | e884 00f9 | 1c00 0014 | e940 0491 | 2801 40f9 | df00 08eb 
  0x0000000138394160: a100 0054 | e88c 40f9 | 0805 0091 | e88c 00f9 | 1400 0014 | e900 0491 | 2801 40f9 | c800 00b5 
  0x0000000138394180: 2601 00f9 | e803 40b2 | e920 0491 | 2801 00f9 | 0c00 0014 | e940 0491 | 2801 40f9 | c800 00b5 
  0x00000001383941a0: 2601 00f9 | e803 40b2 | e960 0491 | 2801 00f9 | 0400 