#
# A fatal error has been detected by the Java Runtime Environment:
#
#  SIGSEGV (0xb) at pc=0x000000017eec12d4, pid=85327, tid=57603
#
# JRE version: OpenJDK Runtime Environment Temurin-17.0.12+7 (17.0.12+7) (build 17.0.12+7)
# Java VM: OpenJDK 64-Bit Server VM Temurin-17.0.12+7 (17.0.12+7, mixed mode, tiered, compressed oops, compressed class ptrs, g1 gc, bsd-aarch64)
# Problematic frame:
# C  [libCTRE_PhoenixTools_Sim.dylib+0x1d12d4]
#
# No core dump will be written. Core dumps have been disabled. To enable core dumping, try "ulimit -c unlimited" before starting Java again
#
# If you would like to submit a bug report, please visit:
#   https://github.com/adoptium/adoptium-support/issues
# The crash happened outside the Java Virtual Machine in native code.
# See problematic frame for where to report the bug.
#

---------------  S U M M A R Y ------------

Command Line: -agentlib:jdwp=transport=dt_socket,server=n,suspend=y,address=localhost:62498 -Djava.library.path=/Users/michaelsagerman/Documents/FRC/2025-ROBOT-REWORK/build/jni/release -XX:+ShowCodeDetailsInExceptionMessages frc.robot.Main

Host: "MacBookPro18,3" arm64, 8 cores, 16G, Darwin 24.1.0, macOS 15.1.1 (24B91)
Time: Fri Mar 14 16:58:41 2025 PDT elapsed time: 174.095393 seconds (0d 0h 2m 54s)

---------------  T H R E A D  ---------------

Current thread (0x000000011f0e4400):  JavaThread "robot main" daemon [_thread_in_native, id=57603, stack(0x0000000178804000,0x0000000178a07000)]

Stack: [0x0000000178804000,0x0000000178a07000],  sp=0x0000000178a05950,  free space=2054k
Native frames: (J=compiled Java code, j=interpreted, Vv=VM code, C=native code)
C  [libCTRE_PhoenixTools_Sim.dylib+0x1d12d4]
C  [libCTRE_PhoenixTools_Sim.dylib+0x84c2c]
J 1869  com.ctre.phoenix6.configs.jni.ConfigJNI.SetConfigs(Ljava/lang/String;IDZZ)I (0 bytes) @ 0x00000001475e1cc4 [0x00000001475e1c40+0x0000000000000084]
C  0x00000001029bc008

Java frames: (J=compiled Java code, j=interpreted, Vv=VM code)
J 1869  com.ctre.phoenix6.configs.jni.ConfigJNI.SetConfigs(Ljava/lang/String;IDZZ)I (0 bytes) @ 0x00000001475e1cc4 [0x00000001475e1c40+0x0000000000000084]
J 2968 c1 com.ctre.phoenix6.configs.ParentConfigurator.setConfigsPrivate(Ljava/lang/String;DZZ)Lcom/ctre/phoenix6/StatusCode; (121 bytes) @ 0x000000013ffb2c20 [0x000000013ffb2880+0x00000000000003a0]
J 2932 c2 frc.robot.subsystems.swerve.Swerve.resetModulesToAbsolute()V (32 bytes) @ 0x00000001476eedfc [0x00000001476eecc0+0x000000000000013c]
J 2933 c2 frc.robot.subsystems.swerve.Drivetrain.periodic()V (262 bytes) @ 0x00000001476f5ee4 [0x00000001476f1300+0x0000000000004be4]
J 2783 c2 edu.wpi.first.wpilibj2.command.CommandScheduler.run()V (603 bytes) @ 0x0000000147692248 [0x0000000147691d00+0x0000000000000548]
J 2494 c1 frc.robot.Robot.robotPeriodic()V (7 bytes) @ 0x000000013ff38cc4 [0x000000013ff38a80+0x0000000000000244]
J 2285 c1 edu.wpi.first.wpilibj.IterativeRobotBase.loopFunc()V (552 bytes) @ 0x000000013fea49c0 [0x000000013fea2800+0x00000000000021c0]
J 2284 c1 edu.wpi.first.wpilibj.TimedRobot$$Lambda$10+0x0000000800095cd8.run()V (8 bytes) @ 0x000000013fea1974 [0x000000013fea1840+0x0000000000000134]
j  edu.wpi.first.wpilibj.TimedRobot.startCompetition()V+75
j  edu.wpi.first.wpilibj.RobotBase.runRobot(Ljava/util/function/Supplier;)V+265
j  edu.wpi.first.wpilibj.RobotBase.lambda$startRobot$1(Ljava/util/function/Supplier;)V+1
j  edu.wpi.first.wpilibj.RobotBase$$Lambda$2+0x0000000800089b58.run()V+4
j  java.lang.Thread.run()V+11 java.base@17.0.12
v  ~StubRoutines::call_stub

siginfo: si_signo: 11 (SIGSEGV), si_code: 2 (SEGV_ACCERR), si_addr: 0x0000000000000000

Registers:
 x0=0x000000011e7bed30  x1=0x0000000000000003  x2=0x0000000000000003  x3=0x0000000000000003
 x4=0x00000001798100e0  x5=0x000000000000000d  x6=0x0000000000000002  x7=0x0000000000000000
 x8=0x0000000000000000  x9=0x000000000000e103 x10=0x000000005410caaa x11=0x000000005410caaa
x12=0x000000005410caaa x13=0x000000005410caaa x14=0x00000000ffffffff x15=0x0000000035000040
x16=0xd7960001029bc080 x17=0x0000000000000000 x18=0x0000000000000000 x19=0x00000001798fc590
x20=0x0000000000000005 x21=0x000000011e7bed30 x22=0x00000001798fc596 x23=0x000000011e48ee28
x24=0x000000003e76fd22 x25=0x00000000000003f8 x26=0x000000011e48ee28 x27=0x000000011e48ee28
x28=0x000000011e48ee20  fp=0x0000000178a05f50  lr=0x000000017eec12b8  sp=0x0000000178a05950
pc=0x000000017eec12d4 cpsr=0x0000000040001000

Register to memory mapping:

 x0=0x000000011e7bed30 points into unknown readable memory: 0x0000000000000000 | 00 00 00 00 00 00 00 00
 x1=0x0000000000000003 is an unknown value
 x2=0x0000000000000003 is an unknown value
 x3=0x0000000000000003 is an unknown value
 x4=0x00000001798100e0 points into unknown readable memory: 0x0000000000000000 | 00 00 00 00 00 00 00 00
 x5=0x000000000000000d is an unknown value
 x6=0x0000000000000002 is an unknown value
 x7=0x0 is NULL
 x8=0x0 is NULL
 x9=0x000000000000e103 is an unknown value
x10=0x000000005410caaa is an unknown value
x11=0x000000005410caaa is an unknown value
x12=0x000000005410caaa is an unknown value
x13=0x000000005410caaa is an unknown value
x14=0x00000000ffffffff is an unknown value
x15=0x0000000035000040 is an unknown value
x16=0xd7960001029bc080 is an unknown value
x17=0x0 is NULL
x18=0x0 is NULL
x19=0x00000001798fc590 points into unknown readable memory: 0x00003e76fd2203f8 | f8 03 22 fd 76 3e 00 00
x20=0x0000000000000005 is an unknown value
x21=0x000000011e7bed30 points into unknown readable memory: 0x0000000000000000 | 00 00 00 00 00 00 00 00
x22=0x00000001798fc596 points into unknown readable memory: 00 00
x23=0x000000011e48ee28 points into unknown readable memory: 0x000000011e7bed30 | 30 ed 7b 1e 01 00 00 00
x24=0x000000003e76fd22 is an unknown value
x25=0x00000000000003f8 is an unknown value
x26=0x000000011e48ee28 points into unknown readable memory: 0x000000011e7bed30 | 30 ed 7b 1e 01 00 00 00
x27=0x000000011e48ee28 points into unknown readable memory: 0x000000011e7bed30 | 30 ed 7b 1e 01 00 00 00
x28=0x000000011e48ee20 points into unknown readable memory: 0x0000000000000000 | 00 00 00 00 00 00 00 00


Top of Stack: (sp=0x0000000178a05950)
0x0000000178a05950:   1fffffff02047c45 00000001201f4f20
0x0000000178a05960:   0000000000000000 000000011e48ee20
0x0000000178a05970:   0000008500000000 000000011e7ff460
0x0000000178a05980:   0000000178a05d90 00000001798fc590
0x0000000178a05990:   00000001798fc596 00000001798fc596
0x0000000178a059a0:   000000000000000e 000000011e75e280
0x0000000178a059b0:   000000011e75e286 000000011e75e286
0x0000000178a059c0:   0000000000000000 0000000500000002
0x0000000178a059d0:   000000011e7ff460 0000000178a05a88
0x0000000178a059e0:   0000000000000400 02047c0502047c45
0x0000000178a059f0:   0000000000000000 0000000000000000
0x0000000178a05a00:   0000000000000000 0000000000000000
0x0000000178a05a10:   0000000000000000 0000000000000000
0x0000000178a05a20:   0000000178a05c00 0000000000000000
0x0000000178a05a30:   0000000000000000 0000000000000000
0x0000000178a05a40:   0000000000000000 0000000000000000
0x0000000178a05a50:   0000000000000000 0000000100000000
0x0000000178a05a60:   000000017ef0ff00 0000000178a05ea8
0x0000000178a05a70:   0000000178a05eb0 0000000000000000
0x0000000178a05a80:   000000017f421eb4 00003e76fd220605
0x0000000178a05a90:   0000000178a05df8 0000000000000006
0x0000000178a05aa0:   00000001eacaa608 0000000000000100
0x0000000178a05ab0:   0000000178a05ad8 0000000178a05f60
0x0000000178a05ac0:   0000000000000000 0000000000000002
0x0000000178a05ad0:   0000000178a05da8 0000000178a05ae8
0x0000000178a05ae0:   0000000000000000 0000000185a9e940
0x0000000178a05af0:   0000000000000001 0000000185aa079c
0x0000000178a05b00:   0000000000000001 000000017f421eb4
0x0000000178a05b10:   0000000000000004 0000000000000000
0x0000000178a05b20:   0000000000000000 0000000000000000
0x0000000178a05b30:   0000000000000000 0000000000000000
0x0000000178a05b40:   0000000000000000 0000000000000000 

Instructions: (pc=0x000000017eec12d4)
0x000000017eec11d4:   e0 03 09 aa 09 00 40 f9 28 79 68 f8 00 01 3f d6
0x000000017eec11e4:   e0 03 1a aa 87 24 02 94 15 02 00 34 f3 03 1c aa
0x000000017eec11f4:   61 8e 40 f8 e0 03 1c aa 8c 02 00 94 93 03 00 f9
0x000000017eec1204:   9f 0b 00 f9 7f 02 00 f9 e0 07 40 f9 38 24 02 94
0x000000017eec1214:   fb 1f 40 f9 1b 11 00 b4 fb 23 00 f9 e0 03 1b aa
0x000000017eec1224:   7b 24 02 94 84 00 00 14 f3 db 43 a9 7f 02 16 eb
0x000000017eec1234:   60 06 00 54 97 23 00 91 0a 00 00 14 80 07 40 f9
0x000000017eec1244:   d6 0b f9 97 88 0b 40 f9 08 05 00 91 88 0b 00 f9
0x000000017eec1254:   b8 22 00 b9 73 1a 00 91 7f 02 16 eb 00 05 00 54
0x000000017eec1264:   79 02 40 79 78 22 40 b8 fb 03 17 aa fa 03 17 aa
0x000000017eec1274:   e8 02 40 f9 a8 00 00 b5 0d 00 00 14 48 03 40 f9
0x000000017eec1284:   fb 03 1a aa 48 01 00 b4 fa 03 08 aa 08 39 40 79
0x000000017eec1294:   3f 03 08 6b 43 ff ff 54 1f 01 19 6b 62 02 00 54
0x000000017eec12a4:   48 07 40 f9 28 ff ff b5 5b 23 00 91 00 05 80 52
0x000000017eec12b4:   5d 24 02 94 f5 03 00 aa 19 38 00 79 1f 20 00 b9
0x000000017eec12c4:   1f 7c 00 a9 1a 08 00 f9 60 03 00 f9 88 03 40 f9
0x000000017eec12d4:   08 01 40 f9 e1 03 00 aa 28 fb ff b4 88 03 00 f9
0x000000017eec12e4:   61 03 40 f9 d6 ff ff 17 f5 03 1a aa 58 23 00 b9
0x000000017eec12f4:   73 1a 00 91 7f 02 16 eb 41 fb ff 54 15 00 80 52
0x000000017eec1304:   e0 07 40 f9 fa 23 02 94 fb 1f 40 f9 7b f8 ff b5
0x000000017eec1314:   49 00 00 14 e0 63 01 91 47 4a ff 97 0a 00 00 14
0x000000017eec1324:   2e 07 f9 97 08 00 00 14 e0 e3 00 91 42 4a ff 97
0x000000017eec1334:   05 00 00 14 29 07 f9 97 03 00 00 14 e0 e3 04 91
0x000000017eec1344:   50 f7 f8 97 20 00 20 d4 f4 03 00 aa e0 03 02 91
0x000000017eec1354:   d2 ba fd 97 10 00 00 14 0e 00 00 14 f4 03 00 aa
0x000000017eec1364:   a0 03 55 f8 1f 00 18 eb 81 00 00 54 88 00 80 52
0x000000017eec1374:   a0 23 03 d1 03 00 00 14 60 01 00 b4 a8 00 80 52
0x000000017eec1384:   09 00 40 f9 28 79 68 f8 00 01 3f d6 06 00 00 14
0x000000017eec1394:   f4 03 00 aa a0 a3 02 d1 20 20 fd 97 02 00 00 14
0x000000017eec13a4:   f4 03 00 aa e0 03 1a aa 16 24 02 94 0e 00 00 14
0x000000017eec13b4:   0c 00 00 14 f4 03 00 aa e8 3f c5 39 48 01 f8 36
0x000000017eec13c4:   e0 9f 40 f9 12 24 02 94 07 00 00 14 f4 03 00 aa 


Stack slot to memory mapping:
stack at sp + 0 slots: 0x1fffffff02047c45 is an unknown value
stack at sp + 1 slots: 0x00000001201f4f20 points into unknown readable memory: 0x000000004d55545a | 5a 54 55 4d 00 00 00 00
stack at sp + 2 slots: 0x0 is NULL
stack at sp + 3 slots: 0x000000011e48ee20 points into unknown readable memory: 0x0000000000000000 | 00 00 00 00 00 00 00 00
stack at sp + 4 slots: 0x0000008500000000 is an unknown value
stack at sp + 5 slots: 0x000000011e7ff460 points into unknown readable memory: 0x0000000000000000 | 00 00 00 00 00 00 00 00
stack at sp + 6 slots: 0x0000000178a05d90 is pointing into the stack for thread: 0x000000011f0e4400
stack at sp + 7 slots: 0x00000001798fc590 points into unknown readable memory: 0x00003e76fd2203f8 | f8 03 22 fd 76 3e 00 00


Compiled method (n/a)  174107 1869     n 0       com.ctre.phoenix6.configs.jni.ConfigJNI::SetConfigs (native)
 total in heap  [0x00000001475e1a90,0x00000001475e1e08] = 888
 relocation     [0x00000001475e1be8,0x00000001475e1c10] = 40
 main code      [0x00000001475e1c40,0x00000001475e1df8] = 440
 oops           [0x00000001475e1df8,0x00000001475e1e00] = 8
 metadata       [0x00000001475e1e00,0x00000001475e1e08] = 8

[Constant Pool (empty)]

[MachCode]
[Entry Point]
  # {method} {0x0000000121a1f0b8} 'SetConfigs' '(Ljava/lang/String;IDZZ)I' in 'com/ctre/phoenix6/configs/jni/ConfigJNI'
  # this:     c_rarg1:c_rarg1 
                        = 'com/ctre/phoenix6/configs/jni/ConfigJNI'
  # parm0:    c_rarg2:c_rarg2 
                        = 'java/lang/String'
  # parm1:    c_rarg3   = int
  # parm2:    v0:v0     = double
  # parm3:    c_rarg4   = boolean
  # parm4:    c_rarg5   = boolean
  #           [sp+0x60]  (sp of caller)
  0x00000001475e1c40: 2808 40b9 | 3f01 086b | 4000 0054 

  0x00000001475e1c4c: ;   {runtime_call ic_miss_stub}
  0x00000001475e1c4c: eddb e717 
[Verified Entry Point]
  0x00000001475e1c50: 1f20 03d5 | e953 40d1 | 3f01 00f9 | fd7b bfa9 | fd03 0091 | ff43 01d1 | e207 00f9 | 5f00 1feb 
  0x00000001475e1c70: e223 0091 | e203 829a | e103 00f9 | 3f00 1feb | e103 00d1 | e103 819a | e801 0010 | 884f 01f9 
  0x00000001475e1c90: e803 0091 | 884b 01f9 

  0x00000001475e1c98: ;   {external_word}
  0x00000001475e1c98: 68b3 e0d0 | 0869 5339 | a806 0035 | 80c3 0a91 | e803 7eb2 | 8903 0d91 | 28fd 9f88 

  0x00000001475e1cb4: ;   {runtime_call}
  0x00000001475e1cb4: 886b 89d2 | e8da aff2 | 2800 c0f2 | 0001 3fd6 | 007c 4093 | a800 80d2 | 8843 03b9 | bf3b 03d5 
  0x00000001475e1cd4: 8823 0d91 | 08fd dfc8 | bf03 08eb | a803 0054 | 8833 43b9 | 6803 0035 | e803 7db2 | 8903 0d91 
  0x00000001475e1cf4: 28fd 9f88 | 88c3 4e39 | 1f09 0071 | c001 0054 

  0x00000001475e1d04: ;   {external_word}
  0x00000001475e1d04: 68b3 e0d0 | 0869 5339 | a805 0035 | 9f4b 01f9 | 9f4f 01f9 | 826f 40f9 | 5f80 00f9 | bf03 0091 
  0x00000001475e1d24: fd7b c1a8 | 8807 40f9 | 4800 00b5 | c003 5fd6 

  0x00000001475e1d34: ;   {runtime_call StubRoutines (1)}
  0x00000001475e1d34: d3d8 e617 | a083 1ff8 

  0x00000001475e1d3c: ;   {runtime_call SharedRuntime::reguard_yellow_pages()}
  0x00000001475e1d3c: 88cc 9cd2 | 8810 a1f2 | 2800 c0f2 | 0001 3fd6 | a083 5ff8 | edff ff17 | a083 1ff8 | e003 1caa 
  0x00000001475e1d5c: ;   {runtime_call JavaThread::check_special_condition_for_native_trans(JavaThread*)}
  0x00000001475e1d5c: 888c 81d2 | 4813 a1f2 | 2800 c0f2 | 0001 3fd6 | a083 5ff8 | dfff ff17 | e00f 1ffc | e10b bda9 
  0x00000001475e1d7c: e313 01a9 | e57f 02a9 

  0x00000001475e1d84: ;   {metadata({method} {0x0000000121a1f0b8} 'SetConfigs' '(Ljava/lang/String;IDZZ)I' in 'com/ctre/phoenix6/configs/jni/ConfigJNI')}
  0x00000001475e1d84: 0117 9ed2 | 2134 a4f2 | 2100 c0f2 | e003 1caa | e833 bfa9 | 0896 98d2 | 8810 a1f2 | 2800 c0f2 
  0x00000001475e1da4: 0001 3fd6 | e833 c1a8 | e313 41a9 | e57f 42a9 | e10b c3a8 | e007 41fc | baff ff17 | a083 1ff8 
  0x00000001475e1dc4: ;   {metadata({method} {0x0000000121a1f0b8} 'SetConfigs' '(Ljava/lang/String;IDZZ)I' in 'com/ctre/phoenix6/configs/jni/ConfigJNI')}
  0x00000001475e1dc4: 0117 9ed2 | 2134 a4f2 | 2100 c0f2 | e003 1caa | e833 bfa9 | 08aa 98d2 | 8810 a1f2 | 2800 c0f2 
  0x00000001475e1de4: 0001 3fd6 | e833 c1a8 | a083 5ff8 | c8ff ff17 | 0000 0000 
[/MachCode]


Compiled method (c1)  174111 2968   !   3       com.ctre.phoenix6.configs.ParentConfigurator::setConfigsPrivate (121 bytes)
 total in heap  [0x000000013ffb1d10,0x000000013ffb9818] = 31496
 relocation     [0x000000013ffb1e68,0x000000013ffb2850] = 2536
 main code      [0x000000013ffb2880,0x000000013ffb7100] = 18560
 stub code      [0x000000013ffb7100,0x000000013ffb7750] = 1616
 oops           [0x000000013ffb7750,0x000000013ffb78b8] = 360
 metadata       [0x000000013ffb78b8,0x000000013ffb7cf8] = 1088
 scopes data    [0x000000013ffb7cf8,0x000000013ffb8da8] = 4272
 scopes pcs     [0x000000013ffb8da8,0x000000013ffb95d8] = 2096
 dependencies   [0x000000013ffb95d8,0x000000013ffb9640] = 104
 handler table  [0x000000013ffb9640,0x000000013ffb9778] = 312
 nul chk table  [0x000000013ffb9778,0x000000013ffb9818] = 160

[Constant Pool (empty)]

[MachCode]
[Entry Point]
  # {method} {0x0000000121a4fcb0} 'setConfigsPrivate' '(Ljava/lang/String;DZZ)Lcom/ctre/phoenix6/StatusCode;' in 'com/ctre/phoenix6/configs/ParentConfigurator'
  # this:     c_rarg1:c_rarg1 
                        = 'com/ctre/phoenix6/configs/ParentConfigurator'
  # parm0:    c_rarg2:c_rarg2 
                        = 'java/lang/String'
  # parm1:    v0:v0     = double
  # parm2:    c_rarg3   = boolean
  # parm3:    c_rarg4   = boolean
  #           [sp+0x2e0]  (sp of caller)
  0x000000013ffb2880: 2808 40b9 | 3f01 086b | c001 0054 

  0x000000013ffb288c: ;   {runtime_call ic_miss_stub}
  0x000000013ffb288c: dd98 c015 | 1f20 03d5 | 1f20 03d5 | 1f20 03d5 | 1f20 03d5 | 1f20 03d5 | 1f20 03d5 | 1f20 03d5 
  0x000000013ffb28ac: 1f20 03d5 | 1f20 03d5 | 1f20 03d5 | 1f20 03d5 | 1f20 03d5 
[Verified Entry Point]
  0x000000013ffb28c0: 1f20 03d5 | e953 40d1 | 3f01 00f9 | fd7b bfa9 | ff43 0bd1 | e10b 16a9 | e05f 01fd | e373 01b9 
  0x000000013ffb28e0: e477 01b9 

  0x000000013ffb28e4: ;   {metadata(method data for {method} {0x0000000121a4fcb0} 'setConfigsPrivate' '(Ljava/lang/String;DZZ)Lcom/ctre/phoenix6/StatusCode;' in 'com/ctre/phoenix6/configs/ParentConfigurator')}
  0x000000013ffb28e4: 002a 9ed2 | 6030 a4f2 | 2000 c0f2 | 05ac 40b9 | a508 0011 | 05ac 00b9 | a524 1f12 | bf00 0071 
  0x000000013ffb2904: e0f7 0154 | 2030 40b9 | 00f0 7dd3 | e0bf 00f9 | 4001 00b4 

  0x000000013ffb2918: ;   {metadata('java/util/concurrent/locks/ReentrantLock')}
  0x000000013ffb2918: 0780 83d2 | c700 a0f2 | 0701 c0f2 | 0a08 40b9 | 4a01 5dd2 | 481d 40f9 | ff00 08eb | 61f7 0154 
  0x000000013ffb2938: 0100 0014 | e503 00aa 

  0x000000013ffb2940: ; implicit exception: dispatches to 0x000000013ffb6824
  0x000000013ffb2940: 1f00 40f9 | e503 00aa 

  0x000000013ffb2948: ;   {metadata(method data for {method} {0x0000000121a4fcb0} 'setConfigsPrivate' '(Ljava/lang/String;DZZ)Lcom/ctre/phoenix6/StatusCode;' in 'com/ctre/phoenix6/configs/ParentConfigurator')}
  0x000000013ffb2948: 062a 9ed2 | 6630 a4f2 | 2600 c0f2 | a508 40b9 | a500 5dd2 | c900 0491 | 2801 40f9 | bf00 08eb 
  0x000000013ffb2968: a100 0054 | c884 40f9 | 0805 0091 | c884 00f9 | 1c00 0014 | c940 0491 | 2801 40f9 | bf00 08eb 
  0x000000013ffb2988: a100 0054 | c88c 40f9 | 0805 0091 | c88c 00f9 | 1400 0014 | c900 0491 | 2801 40f9 | c800 00b5 
  0x000000013ffb29a8: 2501 00f9 | e803 40b2 | c920 0491 | 2801 00f9 | 0c00 0014 | c940 0491 | 2801 40f9 | c800 00b5 
  0x000000013ffb29c8: 2501 00f9 | e803 40b2 | c960 0491 | 2801 00f9 | 0400 0014 | c878 40f9 | 0805 0091 | c878 00f9 
  0x000000013ffb29e8: ;   {metadata(method data for {method} {0x00000001211a65d0} 'lock' '()V' in 'java/util/concurrent/locks/ReentrantLock')}
  0x000000013ffb29e8: 05f4 89d2 | 252f a4f2 | 2500 c0f2 | a6ac 40b9 | c608 0011 | a6ac 00b9 | c64c 1f12 | df00 0071 
  0x000000013ffb2a08: 00f1 0154 | 050c 40b9 | a5f0 7dd3 | e5af 00f9 

  0x000000013ffb2a18: ; implicit exception: dispatches to 0x000000013ffb6848
  0x000000013ffb2a18: bf00 40f9 | e603 05aa 

  0x000000013ffb2a20: ;   {metadata(method data for {method} {0x00000001211a65d0} 'lock' '()V' in 'java/util/concurrent/locks/ReentrantLock')}
  0x000000013ffb2a20: 07f4 89d2 | 272f a4f2 | 2700 c0f2 | e878 40f9 | 0805 0091 | e878 00f9 

  0x000000013ffb2a38: ;   {metadata(method data for {method} {0x00000001215f4850} 'lock' '()V' in 'java/util/concurrent/locks/ReentrantLock$Sync')}
  0x000000013ffb2a38: 0621 8ad2 | 262f a4f2 | 2600 c0f2 | c7ac 40b9 | e708 0011 | c7ac 00b9 | e74c 1f12 | ff00 0071 
  0x000000013ffb2a58: a0ef 0154 | e603 05aa 

  0x000000013ffb2a60: ;   {metadata(method data for {method} {0x00000001215f4850} 'lock' '()V' in 'java/util/concurrent/locks/ReentrantLock$Sync')}
  0x000000013ffb2a60: 0721 8ad2 | 272f a4f2 | 2700 c0f2 | c608 40b9 | c600 5dd2 | e900 0491 | 2801 40f9 | df00 08eb 
  0x000000013ffb2a80: a100 0054 | e884 40f9 | 0805 0091 | e884 00f9 | 1c00 0014 | e940 0491 | 2801 40f9 | df00 08eb 
  0x000000013ffb2aa0: a100 0054 | e88c 40f9 | 0805 0091 | e88c 00f9 | 1400 0014 | e900 0491 | 2801 40f9 | c800 00b5 
  0x000000013ffb2ac0: 2601 00f9 | e803 40b2 | e920 0491 | 2801 00f9 | 0c00 0014 | e940 0491 | 2801 40f9 | c800 00b5 
  0x000000013ffb2ae0: 2601 00f9 | e803 40b2 | e960 0491 | 2801 00f9 | 0400 0014 | e878 40f9 | 0805 0091 | e878 00f9 
  0x000000013ffb2b00: e103 05aa | 09f4 9ad2 | 2900 a0f2 | 0901 c0f2 

  0x000000013ffb2b10: ; ImmutableOopMap {[360]=Oop [352]=Oop [344]=Oop [376]=Oop }
                      ;*invokevirtual initialTryLock {reexecute=0 rethrow=0 return_oop=0}
                      ; - java.util.concurrent.locks.ReentrantLock$Sync::lock@1 (line 152)
                      ; - java.util.concurrent.locks.ReentrantLock::lock@4 (line 322)
                      ; - com.ctre.phoenix6.configs.ParentConfigurator::setConfigsPrivate@4 (line 68)
                      ;   {virtual_call}
  0x000000013ffb2b10: 4cd0 d895 | 1f00 0071 

  0x000000013ffb2b18: ;   {metadata(method data for {method} {0x00000001215f4850} 'lock' '()V' in 'java/util/concurrent/locks/ReentrantLock$Sync')}
  0x000000013ffb2b18: 0221 8ad2 | 222f a4f2 | 2200 c0f2 | 0825 80d2 | 0927 80d2 | 0111 899a | 4068 61f8 | 0004 0091 
  0x000000013ffb2b38: 4068 21f8 | 8101 0054 | e5af 40f9 | e203 05aa 

  0x000000013ffb2b48: ;   {metadata(method data for {method} {0x00000001215f4850} 'lock' '()V' in 'java/util/concurrent/locks/ReentrantLock$Sync')}
  0x000000013ffb2b48: 0121 8ad2 | 212f a4f2 | 2100 c0f2 | 28a4 40f9 | 0805 0091 | 28a4 00f9 | e203 0032 | e103 05aa 
  0x000000013ffb2b68: ; ImmutableOopMap {[360]=Oop [352]=Oop [376]=Oop [344]=Oop }
                      ;*invokevirtual acquire {reexecute=0 rethrow=0 return_oop=0}
                      ; - java.util.concurrent.locks.ReentrantLock$Sync::lock@9 (line 153)
                      ; - java.util.concurrent.locks.ReentrantLock::lock@4 (line 322)
                      ; - com.ctre.phoenix6.configs.ParentConfigurator::setConfigsPrivate@4 (line 68)
                      ;   {optimized virtual_call}
  0x000000013ffb2b68: e698 c095 | e10b 56a9 | 2034 40b9 | 00f0 7dd3 | 83e3 4039 | 7f00 0071 | 61e7 0154 | 48fc 43d3 
  0x000000013ffb2b88: ; implicit exception: dispatches to 0x000000013ffb6884
  0x000000013ffb2b88: 080c 00b9 | 0300 02ca | 63fc 55d3 | 7f00 00f1 | 81e7 0154 | 230c 40b9 | 63f0 7dd3 

  0x000000013ffb2ba4: ; implicit exception: dispatches to 0x000000013ffb6898
  0x000000013ffb2ba4: 7f00 40f9 | e403 03aa 

  0x000000013ffb2bac: ;   {metadata(method data for {method} {0x0000000121a4fcb0} 'setConfigsPrivate' '(Ljava/lang/String;DZZ)Lcom/ctre/phoenix6/StatusCode;' in 'com/ctre/phoenix6/configs/ParentConfigurator')}
  0x000000013ffb2bac: 052a 9ed2 | 6530 a4f2 | 2500 c0f2 | a8a0 40f9 | 0805 0091 | a8a0 00f9 | 6414 40b9 | 84f0 7dd3 
  0x000000013ffb2bcc: e503 03aa 

  0x000000013ffb2bd0: ;   {metadata(method data for {method} {0x0000000121a4fcb0} 'setConfigsPrivate' '(Ljava/lang/String;DZZ)Lcom/ctre/phoenix6/StatusCode;' in 'com/ctre/phoenix6/configs/ParentConfigurator')}
  0x000000013ffb2bd0: 062a 9ed2 | 6630 a4f2 | 2600 c0f2 | c8bc 40f9 | 0805 0091 | c8bc 00f9 | 6310 40b9 | e503 00aa 
  0x000000013ffb2bf0: ;   {metadata(method data for {method} {0x0000000121a4fcb0} 'setConfigsPrivate' '(Ljava/lang/String;DZZ)Lcom/ctre/phoenix6/StatusCode;' in 'com/ctre/phoenix6/configs/ParentConfigurator')}
  0x000000013ffb2bf0: 062a 9ed2 | 6630 a4f2 | 2600 c0f2 | c8d8 40f9 | 0805 0091 | c8d8 00f9 | e203 04aa | e05f 41fd 
  0x000000013ffb2c10: e473 41b9 | e577 41b9 | e103 00aa 

  0x000000013ffb2c1c: ; ImmutableOopMap {[352]=Oop [360]=Oop }
                      ;*invokevirtual SetConfigs {reexecute=0 rethrow=0 return_oop=0}
                      ; - com.ctre.phoenix6.configs.ParentConfigurator::setConfigsPrivate@40 (line 73)
                      ;   {optimized virtual_call}
  0x000000013ffb2c1c: 0dbc d895 | e08b 01b9 

  0x000000013ffb2c24: ;   {metadata(method data for {method} {0x0000000121a4fcb0} 'setConfigsPrivate' '(Ljava/lang/String;DZZ)Lcom/ctre/phoenix6/StatusCode;' in 'com/ctre/phoenix6/configs/ParentConfigurator')}
  0x000000013ffb2c24: 012a 9ed2 | 6130 a4f2 | 2100 c0f2 | 28e8 40f9 | 0805 0091 | 28e8 00f9 

  0x000000013ffb2c3c: ;   {metadata(method data for {method} {0x0000000121a2b378} 'valueOf' '(I)Lcom/ctre/phoenix6/StatusCode;' in 'com/ctre/phoenix6/StatusCode')}
  0x000000013ffb2c3c: 011d 83d2 | a136 a4f2 | 2100 c0f2 | 22ac 40b9 | 4208 0011 | 22ac 00b9 | 424c 1f12 | 5f00 0071 
  0x000000013ffb2c5c: 00e2 0154 

  0x000000013ffb2c60: ;   {oop(a 'java/lang/Class'{0x000000070085f6b0} = 'com/ctre/phoenix6/StatusCode')}
  0x000000013ffb2c60: 01d6 9ed2 | a110 a0f2 | e100 c0f2 | 2258 43b9 | 42f0 7dd3 

  0x000000013ffb2c74: ;   {metadata(method data for {method} {0x0000000121a2b378} 'valueOf' '(I)Lcom/ctre/phoenix6/StatusCode;' in 'com/ctre/phoenix6/StatusCode')}
  0x000000013ffb2c74: 011d 83d2 | a136 a4f2 | 2100 c0f2 | 2878 40f9 | 0805 0091 | 2878 00f9 | e103 00aa | e2c3 00f9 
  0x000000013ffb2c94: ; ImmutableOopMap {[352]=Oop [360]=Oop [384]=Oop }
                      ;*invokestatic valueOf {reexecute=0 rethrow=0 return_oop=0}
                      ; - com.ctre.phoenix6.StatusCode::valueOf@4 (line 822)
                      ; - com.ctre.phoenix6.configs.ParentConfigurator::setConfigsPrivate@43 (line 72)
                      ;   {static_call}
  0x000000013ffb2c94: ab41 d895 | e1c3 40f9 

  0x000000013ffb2c9c: ; implicit exception: dispatches to 0x000000013ffb68bc
  0x000000013ffb2c9c: 3f00 40f9 | e203 01aa 

  0x000000013ffb2ca4: ;   {metadata(method data for {method} {0x0000000121a2b378} 'valueOf' '(I)Lcom/ctre/phoenix6/StatusCode;' in 'com/ctre/phoenix6/StatusCode')}
  0x000000013ffb2ca4: 031d 83d2 | a336 a4f2 | 2300 c0f2 | 4208 40b9 | 4200 5dd2 | 6940 0491 | 2801 40f9 | 5f00 08eb 
  0x000000013ffb2cc4: a100 0054 | 688c 40f9 | 0805 0091 | 688c 00f9 | 1c00 0014 | 6980 0491 | 2801 40f9 | 5f00 08eb 
  0x000000013ffb2ce4: a100 0054 | 6894 40f9 | 0805 0091 | 6894 00f9 | 1400 0014 | 6940 0491 | 2801 40f9 | c800 00b5 
  0x000000013ffb2d04: 2201 00f9 | e803 40b2 | 6960 0491 | 2801 00f9 | 0c00 0014 | 6980 0491 | 2801 40f9 | c800 00b5 
  0x000000013ffb2d24: 2201 00f9 | e803 40b2 | 69a0 0491 | 2801 00f9 | 0400 0014 | 6880 40f9 | 0805 0091 | 6880 00f9 
  0x000000013ffb2d44: e203 00aa | 0938 9fd2 | a900 a0f2 | 0901 c0f2 

  0x000000013ffb2d54: ; ImmutableOopMap {[352]=Oop [360]=Oop }
                      ;*invokevirtual get {reexecute=0 rethrow=0 return_oop=0}
                      ; - com.ctre.phoenix6.StatusCode::valueOf@7 (line 822)
                      ; - com.ctre.phoenix6.configs.ParentConfigurator::setConfigsPrivate@43 (line 72)
                      ;   {virtual_call}
  0x000000013ffb2d54: ab2f d895 | 0001 00b5 

  0x000000013ffb2d5c: ;   {metadata(method data for {method} {0x0000000121a2b378} 'valueOf' '(I)Lcom/ctre/phoenix6/StatusCode;' in 'com/ctre/phoenix6/StatusCode')}
  0x000000013ffb2d5c: 031d 83d2 | a336 a4f2 | 2300 c0f2 | 68c4 4439 | 0801 40b2 | 68c4 0439 | 3600 0014 

  0x000000013ffb2d78: ;   {metadata('com/ctre/phoenix6/StatusCode')}
  0x000000013ffb2d78: 0291 88d2 | 4202 a0f2 | 0201 c0f2 | 0808 40b9 | 0801 5dd2 | 1f01 02eb | e104 0054 

  0x000000013ffb2d94: ;   {metadata(method data for {method} {0x0000000121a2b378} 'valueOf' '(I)Lcom/ctre/phoenix6/StatusCode;' in 'com/ctre/phoenix6/StatusCode')}
  0x000000013ffb2d94: 031d 83d2 | a336 a4f2 | 2300 c0f2 | 0208 40b9 | 4200 5dd2 | 6920 0591 | 2801 40f9 | 5f00 08eb 
  0x000000013ffb2db4: a100 0054 | 68a8 40f9 | 0805 0091 | 68a8 00f9 | 2200 0014 | 6960 0591 | 2801 40f9 | 5f00 08eb 
  0x000000013ffb2dd4: a100 0054 | 68b0 40f9 | 0805 0091 | 68b0 00f9 | 1a00 0014 | 6920 0591 | 2801 40f9 | c800 00b5 
  0x000000013ffb2df4: 2201 00f9 | e803 40b2 | 6940 0591 | 2801 00f9 | 1200 0014 | 6960 0591 | 2801 40f9 | c800 00b5 
  0x000000013ffb2e14: 2201 00f9 | e803 40b2 | 6980 0591 | 2801 00f9 | 0a00 0014 | 0900 0014 

  0x000000013ffb2e2c: ;   {metadata(method data for {method} {0x0000000121a2b378} 'valueOf' '(I)Lcom/ctre/phoenix6/StatusCode;' in 'com/ctre/phoenix6/StatusCode')}
  0x000000013ffb2e2c: 031d 83d2 | a336 a4f2 | 2300 c0f2 | 689c 40f9 | 0805 00d1 | 689c 00f9 | 9f0e 0014 | 0100 0014 
  0x000000013ffb2e4c: e103 1faa | 1f00 01eb 

  0x000000013ffb2e54: ;   {metadata(method data for {method} {0x0000000121a2b378} 'valueOf' '(I)Lcom/ctre/phoenix6/StatusCode;' in 'com/ctre/phoenix6/StatusCode')}
  0x000000013ffb2e54: 011d 83d2 | a136 a4f2 | 2100 c0f2 | e807 79b2 | 092e 80d2 | 0211 899a | 2368 62f8 | 6304 0091 
  0x000000013ffb2e74: 2368 22f8 | c110 0054 | e0cb 00f9 

  0x000000013ffb2e80: ;   {metadata(method data for {method} {0x0000000121a2b378} 'valueOf' '(I)Lcom/ctre/phoenix6/StatusCode;' in 'com/ctre/phoenix6/StatusCode')}
  0x000000013ffb2e80: 011d 83d2 | a136 a4f2 | 2100 c0f2 | 28c8 40f9 | 0805 0091 | 28c8 00f9 

  0x000000013ffb2e98: ;   {metadata(method data for {method} {0x0000000121a2b150} 'values' '()[Lcom/ctre/phoenix6/StatusCode;' in 'com/ctre/phoenix6/StatusCode')}
  0x000000013ffb2e98: 0159 83d2 | a136 a4f2 | 2100 c0f2 | 23ac 40b9 | 6308 0011 | 23ac 00b9 | 634c 1f12 | 7f00 0071 
  0x000000013ffb2eb8: 80d0 0154 

  0x000000013ffb2ebc: ;   {oop(a 'com/ctre/phoenix6/StatusCode'[186] {0x000000070087b708})}
  0x000000013ffb2ebc: 01e1 96d2 | e110 a0f2 | e100 c0f2 | e303 01aa 

  0x000000013ffb2ecc: ;   {metadata(method data for {method} {0x0000000121a2b150} 'values' '()[Lcom/ctre/phoenix6/StatusCode;' in 'com/ctre/phoenix6/StatusCode')}
  0x000000013ffb2ecc: 0459 83d2 | a436 a4f2 | 2400 c0f2 | 6308 40b9 | 6300 5dd2 | 8900 0491 | 2801 40f9 | 7f00 08eb 
  0x000000013ffb2eec: a100 0054 | 8884 40f9 | 0805 0091 | 8884 00f9 | 1c00 0014 | 8940 0491 | 2801 40f9 | 7f00 08eb 
  0x000000013ffb2f0c: a100 0054 | 888c 40f9 | 0805 0091 | 888c 00f9 | 1400 0014 | 8900 0491 | 2801 40f9 | c800 00b5 
  0x000000013ffb2f2c: 2301 00f9 | e803 40b2 | 8920 0491 | 2801 00f9 | 0c00 0014 | 8940 0491 | 2801 40f9 | c800 00b5 
  0x000000013ffb2f4c: 2301 00f9 | e803 40b2 | 8960 0491 | 2801 00f9 | 0400 0014 | 8878 40f9 | 0805 0091 | 8878 00f9 
  0x000000013ffb2f6c: e9ff 9fd2 | e9ff bff2 | e9ff dff2 

  0x000000013ffb2f78: ; ImmutableOopMap {[352]=Oop [360]=Oop [400]=Oop }
                      ;*invokevirtual clone {reexecute=0 rethrow=0 return_oop=0}
                      ; - com.ctre.phoenix6.StatusCode::values@3 (line 15)
                      ; - com.ctre.phoenix6.StatusCode::valueOf@20 (line 825)
                      ; - com.ctre.phoenix6.configs.ParentConfigurator::setConfigsPrivate@43 (line 72)
                      ;   {virtual_call}
  0x000000013ffb2f78: a298 c095 | 0001 00b5 

  0x000000013ffb2f80: ;   {metadata(method data for {method} {0x0000000121a2b150} 'values' '()[Lcom/ctre/phoenix6/StatusCode;' in 'com/ctre/phoenix6/StatusCode')}
  0x000000013ffb2f80: 0359 83d2 | a336 a4f2 | 2300 c0f2 | 6884 4439 | 0801 40b2 | 6884 0439 | 3700 0014 

  0x000000013ffb2f9c: ;   {metadata('com/ctre/phoenix6/StatusCode'[])}
  0x000000013ffb2f9c: 02da 88d2 | 4202 a0f2 | 0201 c0f2 | 0308 40b9 | 6300 5dd2 | 6824 40f9 | 5f00 08eb | e104 0054 
  0x000000013ffb2fbc: ;   {metadata(method data for {method} {0x0000000121a2b150} 'values' '()[Lcom/ctre/phoenix6/StatusCode;' in 'com/ctre/phoenix6/StatusCode')}
  0x000000013ffb2fbc: 0359 83d2 | a336 a4f2 | 2300 c0f2 | 0208 40b9 | 4200 5dd2 | 69e0 0491 | 2801 40f9 | 5f00 08eb 
  0x000000013ffb2fdc: a100 0054 | 68a0 40f9 | 0805 0091 | 68a0 00f9 | 2200 0014 | 6920 0591 | 2801 40f9 | 5f00 08eb 
  0x000000013ffb2ffc: a100 0054 | 68a8 40f9 | 0805 0091 | 68a8 00f9 | 1a00 0014 | 69e0 0491 | 2801 40f9 | c800 00b5 
  0x000000013ffb301c: 2201 00f9 | e803 40b2 | 6900 0591 | 2801 00f9 | 1200 0014 | 6920 0591 | 2801 40f9 | c800 00b5 
  0x000000013ffb303c: 2201 00f9 | e803 40b2 | 6940 0591 | 2801 00f9 | 0a00 0014 | 0900 0014 

  0x000000013ffb3054: ;   {metadata(method data for {method} {0x0000000121a2b150} 'values' '()[Lcom/ctre/phoenix6/StatusCode;' in 'com/ctre/phoenix6/StatusCode')}
  0x000000013ffb3054: 0359 83d2 | a336 a4f2 | 2300 c0f2 | 6894 40f9 | 0805 00d1 | 6894 00f9 | 1f0e 0014 | 0100 0014 
  0x000000013ffb3074: e103 00aa 

  0x000000013ffb3078: ; implicit exception: dispatches to 0x000000013ffb68f0
  0x000000013ffb3078: 200c 40b9 | 1f00 0071 | a9c3 0154 | 2110 40b9 | 21f0 7dd3 | e003 01aa | e0cf 00f9 | e1b3 40f9 
  0x000000013ffb3098: ;   {metadata(method data for {method} {0x0000000121a4fcb0} 'setConfigsPrivate' '(Ljava/lang/String;DZZ)Lcom/ctre/phoenix6/StatusCode;' in 'com/ctre/phoenix6/configs/ParentConfigurator')}
  0x000000013ffb3098: 022a 9ed2 | 6230 a4f2 | 2200 c0f2 | 2108 40b9 | 2100 5dd2 | 49c0 0791 | 2801 40f9 | 3f00 08eb 
  0x000000013ffb30b8: a100 0054 | 48fc 40f9 | 0805 0091 | 48fc 00f9 | 1c00 0014 | 4900 0891 | 2801 40f9 | 3f00 08eb 
  0x000000013ffb30d8: a100 0054 | 4804 41f9 | 0805 0091 | 4804 01f9 | 1400 0014 | 49c0 0791 | 2801 40f9 | c800 00b5 
  0x000000013ffb30f8: 2101 00f9 | e803 40b2 | 49e0 0791 | 2801 00f9 | 0c00 0014 | 4900 0891 | 2801 40f9 | c800 00b5 
  0x000000013ffb3118: 2101 00f9 | e803 40b2 | 4920 0891 | 2801 00f9 | 0400 0014 | 48f0 40f9 | 0805 0091 | 48f0 00f9 
  0x000000013ffb3138: e1b3 40f9 

  0x000000013ffb313c: ; ImmutableOopMap {[352]=Oop [360]=Oop [408]=Oop }
                      ;*invokevirtual reportIfFrequent {reexecute=0 rethrow=0 return_oop=0}
                      ; - com.ctre.phoenix6.configs.ParentConfigurator::setConfigsPrivate@49 (line 80)
                      ;   {optimized virtual_call}
  0x000000013ffb313c: 95d7 da95 | e1b3 40f9 | 2030 40b9 | 00f0 7dd3 | e0d7 00f9 | 4001 00b4 

  0x000000013ffb3154: ;   {metadata('java/util/concurrent/locks/ReentrantLock')}
  0x000000013ffb3154: 0480 83d2 | c400 a0f2 | 0401 c0f2 | 0508 40b9 | a500 5dd2 | a81c 40f9 | 9f00 08eb | e1bc 0154 
  0x000000013ffb3174: 0100 0014 | e203 00aa 

  0x000000013ffb317c: ; implicit exception: dispatches to 0x000000013ffb6910
  0x000000013ffb317c: 1f00 40f9 | e203 00aa 

  0x000000013ffb3184: ;   {metadata(method data for {method} {0x0000000121a4fcb0} 'setConfigsPrivate' '(Ljava/lang/String;DZZ)Lcom/ctre/phoenix6/StatusCode;' in 'com/ctre/phoenix6/configs/ParentConfigurator')}
  0x000000013ffb3184: 032a 9ed2 | 6330 a4f2 | 2300 c0f2 | 4208 40b9 | 4200 5dd2 | 69a0 0891 | 2801 40f9 | 5f00 08eb 
  0x000000013ffb31a4: a100 0054 | 6818 41f9 | 0805 0091 | 6818 01f9 | 1c00 0014 | 69e0 0891 | 2801 40f9 | 5f00 08eb 
  0x000000013ffb31c4: a100 0054 | 6820 41f9 | 0805 0091 | 6820 01f9 | 1400 0014 | 69a0 0891 | 2801 40f9 | c800 00b5 
  0x000000013ffb31e4: 2201 00f9 | e803 40b2 | 69c0 0891 | 2801 00f9 | 0c00 0014 | 69e0 0891 | 2801 40f9 | c800 00b5 
  0x000000013ffb3204: 2201 00f9 | e803 40b2 | 6900 0991 | 2801 00f9 | 0400 0014 | 680c 41f9 | 0805 0091 | 680c 01f9 
  0x000000013ffb3224: ;   {metadata(method data for {method} {0x00000001211a6890} 'unlock' '()V' in 'java/util/concurrent/locks/ReentrantLock')}
  0x000000013ffb3224: 0200 8cd2 | 222f a4f2 | 2200 c0f2 | 43ac 40b9 | 6308 0011 | 43ac 00b9 | 634c 1f12 | 7f00 0071 
  0x000000013ffb3244: 80b6 0154 | 030c 40b9 | 63f0 7dd3 | e3d3 00f9 

  0x000000013ffb3254: ; implicit exception: dispatches to 0x000000013ffb6934
  0x000000013ffb3254: 7f00 40f9 | e203 03aa 

  0x000000013ffb325c: ;   {metadata(method data for {method} {0x00000001211a6890} 'unlock' '()V' in 'java/util/concurrent/locks/ReentrantLock')}
  0x000000013ffb325c: 0400 8cd2 | 242f a4f2 | 2400 c0f2 | 8878 40f9 | 0805 0091 | 8878 00f9 

  0x000000013ffb3274: ;   {metadata(method data for {method} {0x00000001215f7330} 'release' '(I)Z' in 'java/util/concurrent/locks/AbstractQueuedSynchronizer')}
  0x000000013ffb3274: 022d 8cd2 | 222f a4f2 | 2200 c0f2 | 44ac 40b9 | 8408 0011 | 44ac 00b9 | 844c 1f12 | 9f00 0071 
  0x000000013ffb3294: 20b5 0154 | e203 03aa 

  0x000000013ffb329c: ;   {metadata(method data for {method} {0x00000001215f7330} 'release' '(I)Z' in 'java/util/concurrent/locks/AbstractQueuedSynchronizer')}
  0x000000013ffb329c: 042d 8cd2 | 242f a4f2 | 2400 c0f2 | 4208 40b9 | 4200 5dd2 | 8900 0491 | 2801 40f9 | 5f00 08eb 
  0x000000013ffb32bc: a100 0054 | 8884 40f9 | 0805 0091 | 8884 00f9 | 1c00 0014 | 8940 0491 | 2801 40f9 | 5f00 08eb 
  0x000000013ffb32dc: a100 0054 | 888c 40f9 | 0805 0091 | 888c 00f9 | 1400 0014 | 8900 0491 | 2801 40f9 | c800 00b5 
  0x000000013ffb32fc: 2201 00f9 | e803 40b2 | 8920 0491 | 2801 00f9 | 0c00 0014 | 8940 0491 | 2801 40f9 | c800 00b5 
  0x000000013ffb331c: 2201 00f9 | e803 40b2 | 8960 0491 | 2801 00f9 | 0400 0014 | 8878 40f9 | 0805 0091 | 8878 00f9 
  0x000000013ffb333c: e203 0032 | e103 03aa 

  0x000000013ffb3344: ; ImmutableOopMap {[360]=Oop [408]=Oop [352]=Oop [416]=Oop [424]=Oop }
                      ;*invokevirtual tryRelease {reexecute=0 rethrow=0 return_oop=0}
                      ; - java.util.concurrent.locks.AbstractQueuedSynchronizer::release@2 (line 1007)
                      ; - java.util.concurrent.locks.ReentrantLock::unlock@5 (line 494)
                      ; - com.ctre.phoenix6.configs.ParentConfigurator::setConfigsPrivate@56 (line 82)
                      ;   {optimized virtual_call}
  0x000000013ffb3344: 23c6 d895 | 1f00 0071 

  0x000000013ffb334c: ;   {metadata(method data for {method} {0x00000001215f7330} 'release' '(I)Z' in 'java/util/concurrent/locks/AbstractQueuedSynchronizer')}
  0x000000013ffb334c: 012d 8cd2 | 212f a4f2 | 2100 c0f2 | 0825 80d2 | 0927 80d2 | 0001 899a | 2268 60f8 | 4204 0091 
  0x000000013ffb336c: 2268 20f8 | e001 0054 | e3d3 40f9 | bf3b 03d5 | 6114 40b9 | 21f0 7dd3 