#
# A fatal error has been detected by the Java Runtime Environment:
#
#  SIGSEGV (0xb) at pc=0x0000000174cc92d4, pid=52024, tid=51971
#
# JRE version: OpenJDK Runtime Environment Temurin-17.0.12+7 (17.0.12+7) (build 17.0.12+7)
# Java VM: OpenJDK 64-Bit Server VM Temurin-17.0.12+7 (17.0.12+7, mixed mode, tiered, compressed oops, compressed class ptrs, g1 gc, bsd-aarch64)
# Problematic frame:
# C  [libCTRE_PhoenixTools_Sim.dylib+0x1d12d4]
#
# No core dump will be written. Core dumps have been disabled. To enable core dumping, try "ulimit -c unlimited" before starting Java again
#
# If you would like to submit a bug report, please visit:
#   https://github.com/adoptium/adoptium-support/issues
# The crash happened outside the Java Virtual Machine in native code.
# See problematic frame for where to report the bug.
#

---------------  S U M M A R Y ------------

Command Line: -agentlib:jdwp=transport=dt_socket,server=n,suspend=y,address=localhost:57665 -Djava.library.path=/Users/michaelsagerman/Documents/FRC/2025-ROBOT-REWORK/build/jni/release -XX:+ShowCodeDetailsInExceptionMessages frc.robot.Main

Host: "MacBookPro18,3" arm64, 8 cores, 16G, Darwin 24.1.0, macOS 15.1.1 (24B91)
Time: Wed Mar 12 12:31:52 2025 PDT elapsed time: 46.047536 seconds (0d 0h 0m 46s)

---------------  T H R E A D  ---------------

Current thread (0x0000000121116c00):  JavaThread "robot main" daemon [_thread_in_native, id=51971, stack(0x0000000171d74000,0x0000000171f77000)]

Stack: [0x0000000171d74000,0x0000000171f77000],  sp=0x0000000171f752e0,  free space=2052k
Native frames: (J=compiled Java code, j=interpreted, Vv=VM code, C=native code)
C  [libCTRE_PhoenixTools_Sim.dylib+0x1d12d4]
C  [libCTRE_PhoenixTools_Sim.dylib+0x84c2c]
J 1934  com.ctre.phoenix6.configs.jni.ConfigJNI.SetConfigs(Ljava/lang/String;IDZZ)I (0 bytes) @ 0x0000000116681c44 [0x0000000116681bc0+0x0000000000000084]
C  0x0000000100cf0008

Java frames: (J=compiled Java code, j=interpreted, Vv=VM code)
J 1934  com.ctre.phoenix6.configs.jni.ConfigJNI.SetConfigs(Ljava/lang/String;IDZZ)I (0 bytes) @ 0x0000000116681c44 [0x0000000116681bc0+0x0000000000000084]
J 1933 c1 com.ctre.phoenix6.configs.ParentConfigurator.setConfigsPrivate(Ljava/lang/String;DZZ)Lcom/ctre/phoenix6/StatusCode; (121 bytes) @ 0x000000010ee7cfdc [0x000000010ee7cc00+0x00000000000003dc]
J 2044 c1 com.ctre.phoenix6.configs.TalonFXConfigurator.setPosition(DD)Lcom/ctre/phoenix6/StatusCode; (22 bytes) @ 0x000000010eeb1a3c [0x000000010eeb18c0+0x000000000000017c]
J 1948 c1 com.ctre.phoenix6.hardware.core.CoreTalonFX.setPosition(DD)Lcom/ctre/phoenix6/StatusCode; (10 bytes) @ 0x000000010ee86fbc [0x000000010ee86e40+0x000000000000017c]
J 1947 c1 com.ctre.phoenix6.hardware.core.CoreTalonFX.setPosition(D)Lcom/ctre/phoenix6/StatusCode; (9 bytes) @ 0x000000010ee86ac0 [0x000000010ee86980+0x0000000000000140]
J 2327 c1 frc.robot.subsystems.swerve.Swerve.resetModulesToAbsolute()V (32 bytes) @ 0x000000010ef38908 [0x000000010ef38700+0x0000000000000208]
J 2628 c1 frc.robot.subsystems.swerve.Drivetrain.periodic()V (262 bytes) @ 0x000000010efee658 [0x000000010efe4b00+0x0000000000009b58]
J 2502 c1 edu.wpi.first.wpilibj2.command.CommandScheduler.run()V (603 bytes) @ 0x000000010ef9ca58 [0x000000010ef9c440+0x0000000000000618]
J 2626 c1 frc.robot.Robot.robotPeriodic()V (7 bytes) @ 0x000000010effb7c4 [0x000000010effb580+0x0000000000000244]
J 2548 c1 edu.wpi.first.wpilibj.IterativeRobotBase.loopFunc()V (552 bytes) @ 0x000000010efbaba4 [0x000000010efb8ac0+0x00000000000020e4]
J 2463 c1 edu.wpi.first.wpilibj.TimedRobot$$Lambda$10+0x0000000800095cd8.run()V (8 bytes) @ 0x000000010ef88574 [0x000000010ef88440+0x0000000000000134]
j  edu.wpi.first.wpilibj.TimedRobot.startCompetition()V+75
j  edu.wpi.first.wpilibj.RobotBase.runRobot(Ljava/util/function/Supplier;)V+265
j  edu.wpi.first.wpilibj.RobotBase.lambda$startRobot$1(Ljava/util/function/Supplier;)V+1
j  edu.wpi.first.wpilibj.RobotBase$$Lambda$2+0x0000000800089b58.run()V+4
j  java.lang.Thread.run()V+11 java.base@17.0.12
v  ~StubRoutines::call_stub

siginfo: si_signo: 11 (SIGSEGV), si_code: 2 (SEGV_ACCERR), si_addr: 0x0000000000000000

Registers:
 x0=0x0000000140e80620  x1=0x0000000000000003  x2=0x0000000000000003  x3=0x0000000000000003
 x4=0x0000000140f54290  x5=0x000000000000000d  x6=0x0000000000000002  x7=0x0000000000000000
 x8=0x0000000000000000  x9=0x000000000000cb03 x10=0x000000002500a014 x11=0x000000002500a014
x12=0x000000002500a014 x13=0x000000002500a014 x14=0x00000000ffffffff x15=0x00000000000a0003
x16=0xd796000100cf0080 x17=0x0000000000000000 x18=0x0000000000000000 x19=0x0000000175251160
x20=0x0000000000000005 x21=0x0000000140e80620 x22=0x0000000175251166 x23=0x0000000140fefbf8
x24=0x000000003e811e86 x25=0x00000000000003f8 x26=0x0000000140fefbf8 x27=0x0000000140fefbf8
x28=0x0000000140fefbf0  fp=0x0000000171f758e0  lr=0x0000000174cc92b8  sp=0x0000000171f752e0
pc=0x0000000174cc92d4 cpsr=0x0000000040001000

Register to memory mapping:

 x0=0x0000000140e80620 points into unknown readable memory: 0x0000000000000000 | 00 00 00 00 00 00 00 00
 x1=0x0000000000000003 is an unknown value
 x2=0x0000000000000003 is an unknown value
 x3=0x0000000000000003 is an unknown value
 x4=0x0000000140f54290 points into unknown readable memory: 0x0000000000000000 | 00 00 00 00 00 00 00 00
 x5=0x000000000000000d is an unknown value
 x6=0x0000000000000002 is an unknown value
 x7=0x0 is NULL
 x8=0x0 is NULL
 x9=0x000000000000cb03 is an unknown value
x10=0x000000002500a014 is an unknown value
x11=0x000000002500a014 is an unknown value
x12=0x000000002500a014 is an unknown value
x13=0x000000002500a014 is an unknown value
x14=0x00000000ffffffff is an unknown value
x15=0x00000000000a0003 is an unknown value
x16=0xd796000100cf0080 is an unknown value
x17=0x0 is NULL
x18=0x0 is NULL
x19=0x0000000175251160 points into unknown readable memory: 0x00003e811e8603f8 | f8 03 86 1e 81 3e 00 00
x20=0x0000000000000005 is an unknown value
x21=0x0000000140e80620 points into unknown readable memory: 0x0000000000000000 | 00 00 00 00 00 00 00 00
x22=0x0000000175251166 points into unknown readable memory: 00 00
x23=0x0000000140fefbf8 points into unknown readable memory: 0x0000000140e80620 | 20 06 e8 40 01 00 00 00
x24=0x000000003e811e86 is an unknown value
x25=0x00000000000003f8 is an unknown value
x26=0x0000000140fefbf8 points into unknown readable memory: 0x0000000140e80620 | 20 06 e8 40 01 00 00 00
x27=0x0000000140fefbf8 points into unknown readable memory: 0x0000000140e80620 | 20 06 e8 40 01 00 00 00
x28=0x0000000140fefbf0 points into unknown readable memory: 0x0000000000000000 | 00 00 00 00 00 00 00 00
