#
# A fatal error has been detected by the Java Runtime Environment:
#
#  SIGSEGV (0xb) at pc=0x0000000140a797a5, pid=64855, tid=52227
#
# JRE version: OpenJDK Runtime Environment Temurin-17.0.12+7 (17.0.12+7) (build 17.0.12+7)
# Java VM: OpenJDK 64-Bit Server VM Temurin-17.0.12+7 (17.0.12+7, mixed mode, tiered, compressed oops, compressed class ptrs, g1 gc, bsd-amd64)
# Problematic frame:
# C  [libCTRE_PhoenixTools_Sim.dylib+0x1b7a5]
#
# No core dump will be written. Core dumps have been disabled. To enable core dumping, try "ulimit -c unlimited" before starting Java again
#
# If you would like to submit a bug report, please visit:
#   https://github.com/adoptium/adoptium-support/issues
# The crash happened outside the Java Virtual Machine in native code.
# See problematic frame for where to report the bug.
#

---------------  S U M M A R Y ------------

Command Line: -agentlib:jdwp=transport=dt_socket,server=n,suspend=y,address=localhost:54917 -Djava.library.path=/Users/mahdi/Desktop/FRC/2025-ROBOT-REWORK/build/jni/release -XX:+ShowCodeDetailsInExceptionMessages frc.robot.Main

Host: "MacBookPro16,3" x86_64 1700 MHz, 8 cores, 16G, Darwin 24.0.0, macOS 15.0 (24A335)
Time: Tue Mar  4 09:40:12 2025 PST elapsed time: 513.283189 seconds (0d 0h 8m 33s)

---------------  T H R E A D  ---------------

Current thread (0x00007fe2db80b600):  JavaThread "robot main" daemon [_thread_in_native, id=52227, stack(0x00007000087ce000,0x00007000088ce000)]

Stack: [0x00007000087ce000,0x00007000088ce000],  sp=0x00007000088cd340,  free space=1020k
Native frames: (J=compiled Java code, j=interpreted, Vv=VM code, C=native code)
C  [libCTRE_PhoenixTools_Sim.dylib+0x1b7a5]
C  [libCTRE_PhoenixTools_Sim.dylib+0x1efc12]
C  [libCTRE_PhoenixTools_Sim.dylib+0x1ef8b0]
C  [libCTRE_PhoenixTools_Sim.dylib+0x2b1fe1]
J 1601  com.ctre.phoenix6.jni.ErrorReportingJNI.reportStatusCode(ILjava/lang/String;)V (0 bytes) @ 0x000000011a049272 [0x000000011a0491a0+0x00000000000000d2]
j  com.ctre.phoenix6.StatusSignal.updateValue(ZDZ)V+166
j  com.ctre.phoenix6.StatusSignal.refresh(Z)Lcom/ctre/phoenix6/StatusSignal;+4
J 1482 c2 frc.robot.subsystems.swerve.Drivetrain.periodic()V (197 bytes) @ 0x0000000119ffd14c [0x0000000119ffcee0+0x000000000000026c]
J 1618 c2 edu.wpi.first.wpilibj2.command.CommandScheduler.run()V (603 bytes) @ 0x000000011a05759c [0x000000011a057380+0x000000000000021c]
J 1553 c2 edu.wpi.first.wpilibj.IterativeRobotBase.loopFunc()V (552 bytes) @ 0x000000011a0421d0 [0x000000011a041ce0+0x00000000000004f0]
J 1509 c2 edu.wpi.first.wpilibj.TimedRobot$$Lambda$10+0x0000000800095cd8.run()V (8 bytes) @ 0x000000011a028b64 [0x000000011a028b20+0x0000000000000044]
j  edu.wpi.first.wpilibj.TimedRobot.startCompetition()V+75
j  edu.wpi.first.wpilibj.RobotBase.runRobot(Ljava/util/function/Supplier;)V+265
j  edu.wpi.first.wpilibj.RobotBase.lambda$startRobot$1(Ljava/util/function/Supplier;)V+1
j  edu.wpi.first.wpilibj.RobotBase$$Lambda$2+0x0000000800089b58.run()V+4
j  java.lang.Thread.run()V+11 java.base@17.0.12
v  ~StubRoutines::call_stub
V  [libjvm.dylib+0x4f5b8a]  JavaCalls::call_helper(JavaValue*, methodHandle const&, JavaCallArguments*, JavaThread*)+0x31a
V  [libjvm.dylib+0x4f4c10]  JavaCalls::call_virtual(JavaValue*, Klass*, Symbol*, Symbol*, JavaCallArguments*, JavaThread*)+0x110
V  [libjvm.dylib+0x4f4cd3]  JavaCalls::call_virtual(JavaValue*, Handle, Klass*, Symbol*, Symbol*, JavaThread*)+0x63
V  [libjvm.dylib+0x59d254]  thread_entry(JavaThread*, JavaThread*)+0xb4
V  [libjvm.dylib+0xa54f6b]  JavaThread::thread_main_inner()+0x14b
V  [libjvm.dylib+0xa532c7]  Thread::call_run()+0xa7
V