#
# A fatal error has been detected by the Java Runtime Environment:
#
#  SIGSEGV (0xb) at pc=0x000000014defd2d4, pid=58313, tid=57347
#
# JRE version: OpenJDK Runtime Environment Temurin-17.0.12+7 (17.0.12+7) (build 17.0.12+7)
# Java VM: OpenJDK 64-Bit Server VM Temurin-17.0.12+7 (17.0.12+7, mixed mode, tiered, compressed oops, compressed class ptrs, g1 gc, bsd-aarch64)
# Problematic frame:
# C  [libCTRE_PhoenixTools_Sim.dylib+0x1d12d4]
#
# No core dump will be written. Core dumps have been disabled. To enable core dumping, try "ulimit -c unlimited" before starting Java again
#
# If you would like to submit a bug report, please visit:
#   https://github.com/adoptium/adoptium-support/issues
# The crash happened outside the Java Virtual Machine in native code.
# See problematic frame for where to report the bug.
#

---------------  S U M M A R Y ------------

Command Line: -agentlib:jdwp=transport=dt_socket,server=n,suspend=y,address=localhost:59892 -Djava.library.path=/Users/michaelsagerman/Documents/FRC/2025-ROBOT-REWORK/build/jni/release -XX:+ShowCodeDetailsInExceptionMessages frc.robot.Main

Host: "MacBookPro18,3" arm64, 8 cores, 16G, Darwin 24.1.0, macOS 15.1.1 (24B91)
Time: Wed Mar 12 13:03:42 2025 PDT elapsed time: 54.267552 seconds (0d 0h 0m 54s)

---------------  T H R E A D  ---------------

Current thread (0x0000000125859800):  JavaThread "robot main" daemon [_thread_in_native, id=57347, stack(0x000000016e470000,0x000000016e673000)]

Stack: [0x000000016e470000,0x000000016e673000],  sp=0x000000016e671520,  free space=2053k
Native frames: (J=compiled Java code, j=interpreted, Vv=VM code, C=native code)
C  [libCTRE_PhoenixTools_Sim.dylib+0x1d12d4]
C  [libCTRE_PhoenixTools_Sim.dylib+0x84c2c]
J 1815  com.ctre.phoenix6.configs.jni.ConfigJNI.SetConfigs(Ljava/lang/String;IDZZ)I (0 bytes) @ 0x000000013f5d98c4 [0x000000013f5d9840+0x0000000000000084]
C  0x00000001045f4008

Java frames: (J=compiled Java code, j=interpreted, Vv=VM code)
J 1815  com.ctre.phoenix6.configs.jni.ConfigJNI.SetConfigs(Ljava/lang/String;IDZZ)I (0 bytes) @ 0x000000013f5d98c4 [0x000000013f5d9840+0x0000000000000084]
J 2362 c1 com.ctre.phoenix6.configs.ParentConfigurator.setConfigsPrivate(Ljava/lang/String;DZZ)Lcom/ctre/phoenix6/StatusCode; (121 bytes) @ 0x0000000137f0b8a0 [0x0000000137f0b500+0x00000000000003a0]
J 1897 c1 com.ctre.phoenix6.configs.TalonFXConfigurator.setPosition(DD)Lcom/ctre/phoenix6/StatusCode; (22 bytes) @ 0x0000000137de73bc [0x0000000137de7240+0x000000000000017c]
J 1823 c1 com.ctre.phoenix6.hardware.core.CoreTalonFX.setPosition(DD)Lcom/ctre/phoenix6/StatusCode; (10 bytes) @ 0x0000000137dc18bc [0x0000000137dc1740+0x000000000000017c]
J 1822 c1 com.ctre.phoenix6.hardware.core.CoreTalonFX.setPosition(D)Lcom/ctre/phoenix6/StatusCode; (9 bytes) @ 0x0000000137dc13c0 [0x0000000137dc1280+0x0000000000000140]
J 2171 c1 frc.robot.subsystems.swerve.Swerve.resetModulesToAbsolute()V (32 bytes) @ 0x0000000137e78988 [0x0000000137e78780+0x0000000000000208]
J 2342 c1 frc.robot.subsystems.swerve.Drivetrain.periodic()V (262 bytes) @ 0x0000000137eeb8bc [0x0000000137ee1bc0+0x0000000000009cfc]
J 2483 c2 edu.wpi.first.wpilibj2.command.CommandScheduler.run()V (603 bytes) @ 0x000000013f62822c [0x000000013f627c40+0x00000000000005ec]
J 2341 c1 frc.robot.Robot.robotPeriodic()V (7 bytes) @ 0x0000000137efe4c4 [0x0000000137efe280+0x0000000000000244]
J 2340 c1 edu.wpi.first.wpilibj.IterativeRobotBase.loopFunc()V (552 bytes) @ 0x0000000137ef9d88 [0x0000000137ef7c40+0x0000000000002148]
J 2282 c1 edu.wpi.first.wpilibj.TimedRobot$$Lambda$10+0x0000000800095cd8.run()V (8 bytes) @ 0x0000000137ebf6f4 [0x0000000137ebf5c0+0x0000000000000134]
j  edu.wpi.first.wpilibj.TimedRobot.startCompetition()V+75
j  edu.wpi.first.wpilibj.RobotBase.runRobot(Ljava/util/function/Supplier;)V+265
j  edu.wpi.first.wpilibj.RobotBase.lambda$startRobot$1(Ljava/util/function/Supplier;)V+1
j  edu.wpi.first.wpilibj.RobotBase$$Lambda$2+0x0000000800089b58.run()V+4
j  java.lang.Thread.run()V+11 java.base@17.0.12
v  ~StubRoutines::call_stub

siginfo: si_signo: 11 (SIGSEGV), si_code: 2 (SEGV_ACCERR), si_addr: 0x0000000000000000

Registers:
 x0=0x000000011eff0490  x1=0x0000000000000003  x2=0x0000000000000003  x3=0x0000000000000003
 x4=0x000000011eff59e0  x5=0x000000000000000d  x6=0x0000000000000002  x7=0x0000000000000000
 x8=0x0000000000000000  x9=0x000000000000e003 x10=0x000000001a708852 x11=0x0000000012708852
x12=0x0000000012708852 x13=0x000000001a708852 x14=0x00000000ffffffff x15=0x0000000000703282
x16=0xd7960001045f4080 x17=0x0000000000000000 x18=0x0000000000000000 x19=0x000000011efef5c0
x20=0x0000000000000002 x21=0x000000011eff0490 x22=0x000000011efef5c6 x23=0x000000010eee0228
x24=0x000000003e0e3bcd x25=0x00000000000003f8 x26=0x000000010eee0228 x27=0x000000010eee0228
x28=0x000000010eee0220  fp=0x000000016e671b20  lr=0x000000014defd2b8  sp=0x000000016e671520
pc=0x000000014defd2d4 cpsr=0x0000000040001000

Register to memory mapping:

 x0=0x000000011eff0490 points into unknown readable memory: 0x0000000000000000 | 00 00 00 00 00 00 00 00
 x1=0x0000000000000003 is an unknown value
 x2=0x0000000000000003 is an unknown value
 x3=0x0000000000000003 is an unknown value
 x4=0x000000011eff59e0 points into unknown readable memory: 0x0000000000000000 | 00 00 00 00 00 00 00 00
 x5=0x000000000000000d is an unknown value
 x6=0x0000000000000002 is an unknown value
 x7=0x0 is NULL
 x8=0x0 is NULL
 x9=0x000000000000e003 is an unknown value
x10=0x000000001a708852 is an unknown value
x11=0x0000000012708852 is an unknown value
x12=0x0000000012708852 is an unknown value
x13=0x000000001a708852 is an unknown value
x14=0x00000000ffffffff is an unknown value
x15=0x0000000000703282 is an unknown value
x16=0xd7960001045f4080 is an unknown value
x17=0x0 is NULL
x18=0x0 is NULL
x19=0x000000011efef5c0 points into unknown readable memory: 0x00003e0e3bcd03f8 | f8 03 cd 3b 0e 3e 00 00
x20=0x0000000000000002 is an unknown value
x21=0x000000011eff0490 points into unknown readable memory: 0x0000000000000000 | 00 00 00 00 00 00 00 00
x22=0x000000011efef5c6 points into unknown readable memory: 00 00
x23=0x000000010eee0228 points into unknown readable memory: 0x0000000000000000 | 00 00 00 00 00 00 00 00
x24=0x000000003e0e3bcd is an unknown value
x25=0x00000000000003f8 is an unknown value
x26=0x000000010eee0228 points into unknown readable memory: 0x0000000000000000 | 00 00 00 00 00 00 00 00
x27=0x000000010eee0228 points into unknown readable memory: 0x0000000000000000 | 00 00 00 00 00 00 00 00
x28=0x000000010eee0220 points into unknown readable memory: 0x0000000000000000 | 00 00 00 00 00 00 00 00


Top of Stack: (sp=0x000000016e671520)
0x000000016e671520:   1fffffff02047c42 000000014d54f770
0x000000016e671530:   0000000000000000 000000010eee0220
0x000000016e671540:   0000008200000000 000000011efea3b0
0x000000016e671550:   000000016e671960 000000011efef5c0
0x000000016e671560:   000000011efef5c6 000000011efef5c6
0x000000016e671570:   000000000000000e 000000011efed430
0x000000016e671580:   000000011efed436 000000011efed436
0x000000016e671590:   0000000000000000 0000000200000002
0x000000016e6715a0:   000000011efea3b0 000000016e671658
0x000000016e6715b0:   0000000000000400 02047c0202047c42
0x000000016e6715c0:   0000000000000000 0000000000000000
0x000000016e6715d0:   0000000000000000 0000000000000000
0x000000016e6715e0:   0000000000000000 0000000000000000
0x000000016e6715f0:   000000016e671800 0000000000000000
0x000000016e671600:   0000000000000000 0000000000000000
0x000000016e671610:   0000000000000000 0000000000000000
0x000000016e671620:   0000000000000000 0000000100000000
0x000000016e671630:   000000014df4bf00 000000016e671a78
0x000000016e671640:   000000016e671a80 0000000000000000
0x000000016e671650:   000000010eed8cf4 00003e0e3bcd0605
0x000000016e671660:   000000016e6719c8 0000000000000006
0x000000016e671670:   00000001eacaa608 0000000000000100
0x000000016e671680:   000000016e6716a8 000000016e671b30
0x000000016e671690:   0000000000000000 0000000000000002
0x000000016e6716a0:   000000016e671978 000000016e6716b8
0x000000016e6716b0:   0000000000000000 0000000185a9e940
0x000000016e6716c0:   0000000000000001 0000000185aa079c
0x000000016e6716d0:   0000000000000001 000000010eed8cf4
0x000000016e6716e0:   0000000000000004 0000000000000000
0x000000016e6716f0:   0000000000000000 0000000000000000
0x000000016e671700:   0000000000000000 0000000000000000
0x000000016e671710:   0000000000000000 0000000000000000 

Instructions: (pc=0x000000014defd2d4)
0x000000014defd1d4:   e0 03 09 aa 09 00 40 f9 28 79 68 f8 00 01 3f d6
0x000000014defd1e4:   e0 03 1a aa 87 24 02 94 15 02 00 34 f3 03 1c aa
0x000000014defd1f4:   61 8e 40 f8 e0 03 1c aa 8c 02 00 94 93 03 00 f9
0x000000014defd204:   9f 0b 00 f9 7f 02 00 f9 e0 07 40 f9 38 24 02 94
0x000000014defd214:   fb 1f 40 f9 1b 11 00 b4 fb 23 00 f9 e0 03 1b aa
0x000000014defd224:   7b 24 02 94 84 00 00 14 f3 db 43 a9 7f 02 16 eb
0x000000014defd234:   60 06 00 54 97 23 00 91 0a 00 00 14 80 07 40 f9
0x000000014defd244:   d6 0b f9 97 88 0b 40 f9 08 05 00 91 88 0b 00 f9
0x000000014defd254:   b8 22 00 b9 73 1a 00 91 7f 02 16 eb 00 05 00 54
0x000000014defd264:   79 02 40 79 78 22 40 b8 fb 03 17 aa fa 03 17 aa
0x000000014defd274:   e8 02 40 f9 a8 00 00 b5 0d 00 00 14 48 03 40 f9
0x000000014defd284:   fb 03 1a aa 48 01 00 b4 fa 03 08 aa 08 39 40 79
0x000000014defd294:   3f 03 08 6b 43 ff ff 54 1f 01 19 6b 62 02 00 54
0x000000014defd2a4:   48 07 40 f9 28 ff ff b5 5b 23 00 91 00 05 80 52
0x000000014defd2b4:   5d 24 02 94 f5 03 00 aa 19 38 00 79 1f 20 00 b9
0x000000014defd2c4:   1f 7c 00 a9 1a 08 00 f9 60 03 00 f9 88 03 40 f9
0x000000014defd2d4:   08 01 40 f9 e1 03 00 aa 28 fb ff b4 88 03 00 f9
0x000000014defd2e4:   61 03 40 f9 d6 ff ff 17 f5 03 1a aa 58 23 00 b9
0x000000014defd2f4:   73 1a 00 91 7f 02 16 eb 41 fb ff 54 15 00 80 52
0x000000014defd304:   e0 07 40 f9 fa 23 02 94 fb 1f 40 f9 7b f8 ff b5
0x000000014defd314:   49 00 00 14 e0 63 01 91 47 4a ff 97 0a 00 00 14
0x000000014defd324:   2e 07 f9 97 08 00 00 14 e0 e3 00 91 42 4a ff 97
0x000000014defd334:   05 00 00 14 29 07 f9 97 03 00 00 14 e0 e3 04 91
0x000000014defd344:   50 f7 f8 97 20 00 20 d4 f4 03 00 aa e0 03 02 91
0x000000014defd354:   d2 ba fd 97 10 00 00 14 0e 00 00 14 f4 03 00 aa
0x000000014defd364:   a0 03 55 f8 1f 00 18 eb 81 00 00 54 88 00 80 52
0x000000014defd374:   a0 23 03 d1 03 00 00 14 60 01 00 b4 a8 00 80 52
0x000000014defd384:   09 00 40 f9 28 79 68 f8 00 01 3f d6 06 00 00 14
0x000000014defd394:   f4 03 00 aa a0 a3 02 d1 20 20 fd 97 02 00 00 14
0x000000014defd3a4:   f4 03 00 aa e0 03 1a aa 16 24 02 94 0e 00 00 14
0x000000014defd3b4:   0c 00 00 14 f4 03 00 aa e8 3f c5 39 48 01 f8 36
0x000000014defd3c4:   e0 9f 40 f9 12 24 02 94 07 00 00 14 f4 03 00 aa 


Stack slot to memory mapping:
stack at sp + 0 slots: 0x1fffffff02047c42 is an unknown value
stack at sp + 1 slots: 0x000000014d54f770 points into unknown readable memory: 0x000000004d55545a | 5a 54 55 4d 00 00 00 00
stack at sp + 2 slots: 0x0 is NULL
stack at sp + 3 slots: 0x000000010eee0220 points into unknown readable memory: 0x0000000000000000 | 00 00 00 00 00 00 00 00
stack at sp + 4 slots: 0x0000008200000000 is an unknown value
stack at sp + 5 slots: 0x000000011efea3b0 points into unknown readable memory: 0x0000000000000000 | 00 00 00 00 00 00 00 00
stack at sp + 6 slots: 0x000000016e671960 is pointing into the stack for thread: 0x0000000125859800
stack at sp + 7 slots: 0x000000011efef5c0 points into unknown readable memory: 0x00003e0e3bcd03f8 | f8 03 cd 3b 0e 3e 00 00


Compiled method (n/a)   54279 1815     n 0       com.ctre.phoenix6.configs.jni.ConfigJNI::SetConfigs (native)
 total in heap  [0x000000013f5d9690,0x000000013f5d9a08] = 888
 relocation     [0x000000013f5d97e8,0x000000013f5d9810] = 40
 main code      [0x000000013f5d9840,0x000000013f5d99f8] = 440
 oops           [0x000000013f5d99f8,0x000000013f5d9a00] = 8
 metadata       [0x000000013f5d9a00,0x000000013f5d9a08] = 8

[Constant Pool (empty)]

[MachCode]
[Entry Point]
  # {method} {0x0000000147a213c8} 'SetConfigs' '(Ljava/lang/String;IDZZ)I' in 'com/ctre/phoenix6/configs/jni/ConfigJNI'
  # this:     c_rarg1:c_rarg1 
                        = 'com/ctre/phoenix6/configs/jni/ConfigJNI'
  # parm0:    c_rarg2:c_rarg2 
                        = 'java/lang/String'
  # parm1:    c_rarg3   = int
  # parm2:    v0:v0     = double
  # parm3:    c_rarg4   = boolean
  # parm4:    c_rarg5   = boolean
  #           [sp+0x60]  (sp of caller)
  0x000000013f5d9840: 2808 40b9 | 3f01 086b | 4000 0054 

  0x000000013f5d984c: ;   {runtime_call ic_miss_stub}
  0x000000013f5d984c: edfc e717 
[Verified Entry Point]
  0x000000013f5d9850: 1f20 03d5 | e953 40d1 | 3f01 00f9 | fd7b bfa9 | fd03 0091 | ff43 01d1 | e207 00f9 | 5f00 1feb 
  0x000000013f5d9870: e223 0091 | e203 829a | e103 00f9 | 3f00 1feb | e103 00d1 | e103 819a | e801 0010 | 884f 01f9 
  0x000000013f5d9890: e803 0091 | 884b 01f9 

  0x000000013f5d9898: ;   {external_word}
  0x000000013f5d9898: a873 e5d0 | 0869 5339 | a806 0035 | 80c3 0a91 | e803 7eb2 | 8903 0d91 | 28fd 9f88 

  0x000000013f5d98b4: ;   {runtime_call}
  0x000000013f5d98b4: 886b 81d2 | 68bb a9f2 | 2800 c0f2 | 0001 3fd6 | 007c 4093 | a800 80d2 | 8843 03b9 | bf3b 03d5 
  0x000000013f5d98d4: 8823 0d91 | 08fd dfc8 | bf03 08eb | a803 0054 | 8833 43b9 | 6803 0035 | e803 7db2 | 8903 0d91 
  0x000000013f5d98f4: 28fd 9f88 | 88c3 4e39 | 1f09 0071 | c001 0054 

  0x000000013f5d9904: ;   {external_word}
  0x000000013f5d9904: a873 e5d0 | 0869 5339 | a805 0035 | 9f4b 01f9 | 9f4f 01f9 | 826f 40f9 | 5f80 00f9 | bf03 0091 
  0x000000013f5d9924: fd7b c1a8 | 8807 40f9 | 4800 00b5 | c003 5fd6 

  0x000000013f5d9934: ;   {runtime_call StubRoutines (1)}
  0x000000013f5d9934: d3f9 e617 | a083 1ff8 

  0x000000013f5d993c: ;   {runtime_call SharedRuntime::reguard_yellow_pages()}
  0x000000013f5d993c: 88cc 9cd2 | 8840 a1f2 | 2800 c0f2 | 0001 3fd6 | a083 5ff8 | edff ff17 | a083 1ff8 | e003 1caa 
  0x000000013f5d995c: ;   {runtime_call JavaThread::check_special_condition_for_native_trans(JavaThread*)}
  0x000000013f5d995c: 888c 81d2 | 4843 a1f2 | 2800 c0f2 | 0001 3fd6 | a083 5ff8 | dfff ff17 | e00f 1ffc | e10b bda9 
  0x000000013f5d997c: e313 01a9 | e57f 02a9 

  0x000000013f5d9984: ;   {metadata({method} {0x0000000147a213c8} 'SetConfigs' '(Ljava/lang/String;IDZZ)I' in 'com/ctre/phoenix6/configs/jni/ConfigJNI')}
  0x000000013f5d9984: 0179 82d2 | 41f4 a8f2 | 2100 c0f2 | e003 1caa | e833 bfa9 | 0896 98d2 | 8840 a1f2 | 2800 c0f2 
  0x000000013f5d99a4: 0001 3fd6 | e833 c1a8 | e313 41a9 | e57f 42a9 | e10b c3a8 | e007 41fc | baff ff17 | a083 1ff8 
  0x000000013f5d99c4: ;   {metadata({method} {0x0000000147a213c8} 'SetConfigs' '(Ljava/lang/String;IDZZ)I' in 'com/ctre/phoenix6/configs/jni/ConfigJNI')}
  0x000000013f5d99c4: 0179 82d2 | 41f4 a8f2 | 2100 c0f2 | e003 1caa | e833 bfa9 | 08aa 98d2 | 8840 a1f2 | 2800 c0f2 
  0x000000013f5d99e4: 0001 3fd6 | e833 c1a8 | a083 5ff8 | c8ff ff17 | 0000 0000 
[/MachCode]


Compiled method (c1)   54285 2362   !   3       com.ctre.phoenix6.configs.ParentConfigurator::setConfigsPrivate (121 bytes)
 total in heap  [0x0000000137f0a990,0x0000000137f12498] = 31496
 relocation     [0x0000000137f0aae8,0x0000000137f0b4d0] = 2536
 main code      [0x0000000137f0b500,0x0000000137f0fd80] = 18560
 stub code      [0x0000000137f0fd80,0x0000000137f103d0] = 1616
 oops           [0x0000000137f103d0,0x0000000137f10538] = 360
 metadata       [0x0000000137f10538,0x0000000137f10978] = 1088
 scopes data    [0x0000000137f10978,0x0000000137f11a28] = 4272
 scopes pcs     [0x0000000137f11a28,0x0000000137f12258] = 2096
 dependencies   [0x0000000137f12258,0x0000000137f122c0] = 104
 handler table  [0x0000000137f122c0,0x0000000137f123f8] = 312
 nul chk table  [0x0000000137f123f8,0x0000000137f12498] = 160

[Constant Pool (empty)]

[MachCode]
[Entry Point]
  # {method} {0x0000000147a511c0} 'setConfigsPrivate' '(Ljava/lang/String;DZZ)Lcom/ctre/phoenix6/StatusCode;' in 'com/ctre/phoenix6/configs/ParentConfigurator'
  # this:     c_rarg1:c_rarg1 
                        = 'com/ctre/phoenix6/configs/ParentConfigurator'
  # parm0:    c_rarg2:c_rarg2 
                        = 'java/lang/String'
  # parm1:    v0:v0     = double
  # parm2:    c_rarg3   = boolean
  # parm3:    c_rarg4   = boolean
  #           [sp+0x2e0]  (sp of caller)
  0x0000000137f0b500: 2808 40b9 | 3f01 086b | c001 0054 

  0x0000000137f0b50c: ;   {runtime_call ic_miss_stub}
  0x0000000137f0b50c: bd35 c315 | 1f20 03d5 | 1f20 03d5 | 1f20 03d5 | 1f20 03d5 | 1f20 03d5 | 1f20 03d5 | 1f20 03d5 
  0x0000000137f0b52c: 1f20 03d5 | 1f20 03d5 | 1f20 03d5 | 1f20 03d5 | 1f20 03d5 
[Verified Entry Point]
  0x0000000137f0b540: 1f20 03d5 | e953 40d1 | 3f01 00f9 | fd7b bfa9 | ff43 0bd1 | e10b 16a9 | e05f 01fd | e373 01b9 
  0x0000000137f0b560: e477 01b9 

  0x0000000137f0b564: ;   {metadata(method data for {method} {0x0000000147a511c0} 'setConfigsPrivate' '(Ljava/lang/String;DZZ)Lcom/ctre/phoenix6/StatusCode;' in 'com/ctre/phoenix6/configs/ParentConfigurator')}
  0x0000000137f0b564: 0011 92d2 | 40f0 a8f2 | 2000 c0f2 | 05ac 40b9 | a508 0011 | 05ac 00b9 | a524 1f12 | bf00 0071 
  0x0000000137f0b584: e0f7 0154 | 2030 40b9 | 00f0 7dd3 | e0bf 00f9 | 4001 00b4 

  0x0000000137f0b598: ;   {metadata('java/util/concurrent/locks/ReentrantLock')}
  0x0000000137f0b598: 0780 83d2 | c700 a0f2 | 0701 c0f2 | 0a08 40b9 | 4a01 5dd2 | 481d 40f9 | ff00 08eb | 61f7 0154 
  0x0000000137f0b5b8: 0100 0014 | e503 00aa 

  0x0000000137f0b5c0: ; implicit exception: dispatches to 0x0000000137f0f4a4
  0x0000000137f0b5c0: 1f00 40f9 | e503 00aa 

  0x0000000137f0b5c8: ;   {metadata(method data for {method} {0x0000000147a511c0} 'setConfigsPrivate' '(Ljava/lang/String;DZZ)Lcom/ctre/phoenix6/StatusCode;' in 'com/ctre/phoenix6/configs/ParentConfigurator')}
  0x0000000137f0b5c8: 0611 92d2 | 46f0 a8f2 | 2600 c0f2 | a508 40b9 | a500 5dd2 | c900 0491 | 2801 40f9 | bf00 08eb 
  0x0000000137f0b5e8: a100 0054 | c884 40f9 | 0805 0091 | c884 00f9 | 1c00 0014 | c940 0491 | 2801 40f9 | bf00 08eb 
  0x0000000137f0b608: a100 0054 | c88c 40f9 | 0805 0091 | c88c 00f9 | 1400 0014 | c900 0491 | 2801 40f9 | c800 00b5 
  0x0000000137f0b628: 2501 00f9 | e803 40b2 | c920 0491 | 2801 00f9 | 0c00 0014 | c940 0491 | 2801 40f9 | c800 00b5 
  0x0000000137f0b648: 2501 00f9 | e803 40b2 | c960 0491 | 2801 00f9 | 0400 0014 | c878 40f9 | 0805 0091 | c878 00f9 
  0x0000000137f0b668: ;   {metadata(method data for {method} {0x00000001471a65d0} 'lock' '()V' in 'java/util/concurrent/locks/ReentrantLock')}
  0x0000000137f0b668: 0575 84d2 | 25ef a8f2 | 2500 c0f2 | a6ac 40b9 | c608 0011 | a6ac 00b9 | c64c 1f12 | df00 0071 
  0x0000000137f0b688: 00f1 0154 | 050c 40b9 | a5f0 7dd3 | e5af 00f9 

  0x0000000137f0b698: ; implicit exception: dispatches to 0x0000000137f0f4c8
  0x0000000137f0b698: bf00 40f9 | e603 05aa 

  0x0000000137f0b6a0: ;   {metadata(method data for {method} {0x00000001471a65d0} 'lock' '()V' in 'java/util/concurrent/locks/ReentrantLock')}
  0x0000000137f0b6a0: 0775 84d2 | 27ef a8f2 | 2700 c0f2 | e878 40f9 | 0805 0091 | e878 00f9 

  0x0000000137f0b6b8: ;   {metadata(method data for {method} {0x00000001475f46f0} 'lock' '()V' in 'java/util/concurrent/locks/ReentrantLock$Sync')}
  0x0000000137f0b6b8: 06a2 84d2 | 26ef a8f2 | 2600 c0f2 | c7ac 40b9 | e708 0011 | c7ac 00b9 | e74c 1f12 | ff00 0071 
  0x0000000137f0b6d8: a0ef 0154 | e603 05aa 

  0x0000000137f0b6e0: ;   {metadata(method data for {method} {0x00000001475f46f0} 'lock' '()V' in 'java/util/concurrent/locks/ReentrantLock$Sync')}
  0x0000000137f0b6e0: 07a2 84d2 | 27ef a8f2 | 2700 c0f2 | c608 40b9 | c600 5dd2 | e900 0491 | 2801 40f9 | df00 08eb 
  0x0000000137f0b700: a100 0054 | e884 40f9 | 0805 0091 | e884 00f9 | 1c00 0014 | e940 0491 | 2801 40f9 | df00 08eb 
  0x0000000137f0b720: a100 0054 | e88c 40f9 | 0805 0091 | e88c 00f9 | 1400 0014 | e900 0491 | 2801 40f9 | c800 00b5 
  0x0000000137f0b740: 2601 00f9 | e803 40b2 | e920 0491 | 2801 00f9 | 0c00 0014 | e940 0491 | 2801 40f9 | c800 00b5 
  0x0000000137f0b760: 2601 00f9 | e803 40b2 | e960 0491 | 2801 00f9 | 0400 0014 | e878 40f9 | 0805 0091 | e878 00f9 
  0x0000000137f0b780: e103 05aa | 09f4 9ad2 | 2900 a0f2 | 