#
# A fatal error has been detected by the Java Runtime Environment:
#
#  SIGSEGV (0xb) at pc=0x0000000142d65a3b, pid=4748, tid=53763
#
# JRE version: OpenJDK Runtime Environment Temurin-17.0.12+7 (17.0.12+7) (build 17.0.12+7)
# Java VM: OpenJDK 64-Bit Server VM Temurin-17.0.12+7 (17.0.12+7, mixed mode, tiered, compressed oops, compressed class ptrs, g1 gc, bsd-amd64)
# Problematic frame:
# C  [libCTRE_PhoenixTools_Sim.dylib+0x228a3b]
#
# No core dump will be written. Core dumps have been disabled. To enable core dumping, try "ulimit -c unlimited" before starting Java again
#
# If you would like to submit a bug report, please visit:
#   https://github.com/adoptium/adoptium-support/issues
# The crash happened outside the Java Virtual Machine in native code.
# See problematic frame for where to report the bug.
#

---------------  S U M M A R Y ------------

Command Line: -agentlib:jdwp=transport=dt_socket,server=n,suspend=y,address=localhost:52913 -Djava.library.path=/Users/mahdi/Desktop/FRC/2025-ROBOT-REWORK/build/jni/release -XX:+ShowCodeDetailsInExceptionMessages frc.robot.Main

Host: "MacBookPro16,3" x86_64 1700 MHz, 8 cores, 16G, Darwin 24.0.0, macOS 15.0 (24A335)
Time: Mon Mar 10 12:42:54 2025 PDT elapsed time: 83.424889 seconds (0d 0h 1m 23s)

---------------  T H R E A D  ---------------

Current thread (0x00007fd86500c800):  JavaThread "robot main" daemon [_thread_in_native, id=53763, stack(0x000070000c6f1000,0x000070000c7f1000)]

Stack: [0x000070000c6f1000,0x000070000c7f1000],  sp=0x000070000c7ef710,  free space=1017k
Native frames: (J=compiled Java code, j=interpreted, Vv=VM code, C=native code)
C  [libCTRE_PhoenixTools_Sim.dylib+0x228a3b]
C  [libCTRE_PhoenixTools_Sim.dylib+0xa00f8]
J 1789  com.ctre.phoenix6.configs.jni.ConfigJNI.SetConfigs(Ljava/lang/String;IDZZ)I (0 bytes) @ 0x000000011dff3903 [0x000000011dff3820+0x00000000000000e3]
J 2638 c2 com.ctre.phoenix6.configs.ParentConfigurator.setConfigsPrivate(Ljava/lang/String;DZZ)Lcom/ctre/phoenix6/StatusCode; (121 bytes) @ 0x000000011e0a2e38 [0x000000011e0a2ca0+0x0000000000000198]
J 2639 c2 com.ctre.phoenix6.hardware.core.CoreTalonFX.setPosition(D)Lcom/ctre/phoenix6/StatusCode; (9 bytes) @ 0x000000011e0a86d4 [0x000000011e0a8660+0x0000000000000074]
J 2190 c1 frc.robot.subsystems.swerve.Swerve.resetModulesToAbsolute()V (32 bytes) @ 0x0000000116896f2c [0x0000000116896d60+0x00000000000001cc]
J 2486 c1 frc.robot.subsystems.swerve.Drivetrain.periodic()V (262 bytes) @ 0x000000011693b1b4 [0x0000000116931440+0x0000000000009d74]
J 2709 c1 edu.wpi.first.wpilibj2.command.CommandScheduler.run()V (603 bytes) @ 0x0000000116995b74 [0x0000000116995580+0x00000000000005f4]
J 2479 c1 frc.robot.Robot.robotPeriodic()V (17 bytes) @ 0x0000000116948b34 [0x0000000116948640+0x00000000000004f4]
J 2416 c1 edu.wpi.first.wpilibj.IterativeRobotBase.loopFunc()V (552 bytes) @ 0x000000011690dd6c [0x000000011690bd60+0x000000000000200c]
J 2415 c1 edu.wpi.first.wpilibj.TimedRobot$$Lambda$10+0x0000000800095cd8.run()V (8 bytes) @ 0x000000011690b344 [0x000000011690b240+0x0000000000000104]
j  edu.wpi.first.wpilibj.TimedRobot.startCompetition()V+75
j  edu.wpi.first.wpilibj.RobotBase.runRobot(Ljava/util/function/Supplier;)V+265
j  edu.wpi.first.wpilibj.RobotBase.lambda$startRobot$1(Ljava/util/function/Supplier;)V+1
j  edu.wpi.first.wpilibj.RobotBase$$Lambda$2+0x0000000800089b58.run()V+4
j  java.lang.Thread.run()V+11 java.base@17.0.12
v  ~StubRoutines::call_stub
V  [libjvm.dylib+0x4f5b8a]  JavaCalls::call_helper(JavaValue*, methodHandle const&, JavaCallArguments*, JavaThread*)+0x31a
V  [libjvm.dylib+0x4f4c10]  JavaCalls::call_virtual(JavaValue*, Klass*, Symbol*, Symbol*, JavaCallArguments*, JavaThread*)+0x110
V  [libjvm.dylib+0x4f4cd3]  JavaCalls::call_virtual(JavaValue*, Handle, Klass*, Symbol*, Symbol*, JavaThread*)+0x63
V  [libjvm.dylib+0x59d254]  thread_entry(JavaThread*, JavaThread*)+0xb4
V  [libjvm.dylib+0xa54f6b]  JavaThread::thread_main_inner()+0x14b
V  [libjvm.dylib+0xa532c7]  Thread::call_run()+0xa7
V  [libjvm.dylib+0x86137c]  thread_native_entry(Thread*)+0x14c
C  [libsystem_pthread.dylib+0x6253]  _pthread_start+0x63
C  [libsystem_pthread.dylib+0x1bef]  thread_start+0xf

Java frames: (J=compiled Java code, j=interpreted, Vv=VM code)
J 1789  com.ctre.phoenix6.configs.jni.ConfigJNI.SetConfigs(Ljava/lang/String;IDZZ)I (0 bytes) @ 0x000000011dff3874 [0x000000011dff3820+0x0000000000000054]
J 2638 c2 com.ctre.phoenix6.configs.ParentConfigurator.setConfigsPrivate(Ljava/lang/String;DZZ)Lcom/ctre/phoenix6/StatusCode; (121 bytes) @ 0x000000011e0a2e38 [0x000000011e0a2ca0+0x0000000000000198]
J 2639 c2 com.ctre.phoenix6.hardware.core.CoreTalonFX.setPosition(D)Lcom/ctre/phoenix6/StatusCode; (9 bytes) @ 0x000000011e0a86d4 [0x000000011e0a8660+0x0000000000000074]
J 2190 c1 frc.robot.subsystems.swerve.Swerve.resetModulesToAbsolute()V (32 bytes) @ 0x0000000116896f2c [0x0000000116896d60+0x00000000000001cc]
J 2486 c1 frc.robot.subsystems.swerve.Drivetrain.periodic()V (262 bytes) @ 0x000000011693b1b4 [0x0000000116931440+0x0000000000009d74]
J 2709 c1 edu.wpi.first.wpilibj2.command.CommandScheduler.run()V (603 bytes) @ 0x0000000116995b74 [0x0000000116995580+0x00000000000005f4]
J 2479 c1 frc.robot.Robot.robotPeriodic()V (17 bytes) @ 0x0000000116948b34 [0x0000000116948640+0x00000000000004f4]
J 2416 c1 edu.wpi.first.wpilibj.IterativeRobotBase.loopFunc()V (552 bytes) @ 0x000000011690dd6c [0x000000011690bd60+0x000000000000200c]
J 2415 c1 edu.wpi.first.wpilibj.TimedRobot$$Lambda$10+0x0000000800095cd8.run()V (8 bytes) @ 0x000000011690b344 [0x000000011690b240+0x0000000000000104]
j  edu.wpi.first.wpilibj.TimedRobot.startCompetition()V+75
j  edu.wpi.first.wpilibj.RobotBase.runRobot(Ljava/util/function/Supplier;)V+265
j  edu.wpi.first.wpilibj.RobotBase.lambda$startRobot$1(Ljava/util/function/Supplier;)V+1
j  edu.wpi.first.wpilibj.RobotBase$$Lambda$2+0x0000000800089b58.run()V+4
j  java.lang.Thread.run()V+11 java.base@17.0.12
v  ~StubRoutines::call_stub

siginfo: si_signo: 11 (SIGSEGV), si_code: 1 (SEGV_MAPERR), si_addr: 0x0000000000000000

Registers:
RAX=0x0000000000000000, RBX=0x00007fd860348b98, RCX=0x0000000000000000, RDX=0x00007fd860300000
RSP=0x000070000c7ef710, RBP=0x000070000c7efd40, RSI=0x0000000020000000, RDI=0x000000000000b23b
R8 =0x0000000000000b22, R9 =0x00000000e7ffffff, R10=0x00000000e7ffffff, R11=0x00000000e0000000
R12=0x00007fd860348b90, R13=0x00007fd860348b98, R14=0x00007fd867254cc0, R15=0x00007fd8603b6420
RIP=0x0000000142d65a3b, EFLAGS=0x0000000000010202, ERR=0x0000000000000004
  TRAPNO=0x000000000000000e


Register to memory mapping:

RAX=0x0 is NULL
RBX=0x00007fd860348b98 points into unknown readable memory: 0x00007ff84ba3afa8 | a8 af a3 4b f8 7f 00 00
RCX=0x0 is NULL
RDX=0x00007fd860300000 points into unknown readable memory: 0x0000000000000000 | 00 00 00 00 00 00 00 00
RSP=0x000070000c7ef710 is pointing into the stack for thread: 0x00007fd86500c800
RBP=0x000070000c7efd40 is pointing into the stack for thread: 0x00007fd86500c800
RSI=0x0000000020000000 is an unknown value
RDI=0x000000000000b23b is an unknown value
R8 =0x0000000000000b22 is an unknown value
R9 =0x00000000e7ffffff is an unknown value
R10=0x00000000e7ffffff is an unknown value
R11=3758096384 is a compressed pointer to object: sun.util.locale.LocaleObjectCache$CacheEntry 
{0x0000000700000000} - klass: 'sun/util/locale/LocaleObjectCache$CacheEntry'
 - ---- fields (total size 5 words):
 - private 'referent' 'Ljava/lang/Object;' @12  a 'sun/util/locale/BaseLocale'{0x000000070027b718} (e004f6e3)
 - volatile 'queue' 'Ljava/lang/ref/ReferenceQueue;' @16  a 'java/lang/ref/ReferenceQueue'{0x00000007003873f8} (e0070e7f)
 - volatile 'next' 'Ljava/lang/ref/Reference;' @20  NULL (0)
 - private transient 'discovered' 'Ljava/lang/ref/Reference;' @24  NULL (0)
 - private 'timestamp' 'J' @32  3273122 (31f1a2 0)
 - private 'key' 'Ljava/lang/Object;' @28  a 'sun/util/locale/BaseLocale$Key'{0x0000000700391058} (e007220b)
R12=0x00007fd860348b90 points into unknown readable memory: 0x0000000000000000 | 00 00 00 00 00 00 00 00
R13=0x00007fd860348b98 points into unknown readable memory: 0x0000000000000000 | 00 00 00 00 00 00 00 00
R14=0x00007fd867254cc0 points into unknown readable memory: 0x00003e0e3bcd03f8 | f8 03 cd 3b 0e 3e 00 00
R15=0x00007fd8603b6420 points into unknown readable memory: 0x0000000000000000 | 00 00 00 00 00 00 00 00


Top of Stack: (sp=0x000070000c7ef710)
0x000070000c7ef710:   0000000002047c02 0000000000000000
0x000070000c7ef720:   0000700002047c42 00007ff81fffffff
0x000070000c7ef730:   0000000000000100 0000000000000004
0x000070000c7ef740:   000000000000000e 3fb999999999999a
0x000070000c7ef750:   00000002000003f8 0000000000000002
0x000070000c7ef760:   00007fd8605d61b0 00007fd860584d60
0x000070000c7ef770:   0000000000000000 0000000000000082
0x000070000c7ef780:   00007fd867254cc6 00007fd860348b90
0x000070000c7ef790:   00007fd867217530 00007fd867217536
0x000070000c7ef7a0:   00007fd867217536 000070000c7efc90
0x000070000c7ef7b0:   00007fd867254cc0 00007fd867254cc6
0x000070000c7ef7c0:   00007fd867254cc6 00007fd83e0e3bcd
0x000070000c7ef7d0:   00007fd860348b98 00007fd8605d61b0
0x000070000c7ef7e0:   000070000c7ef890 0000000000000400
0x000070000c7ef7f0:   02047c0202047c42 00007f0000000000
0x000070000c7ef800:   0000000000000000 0000000000000000
0x000070000c7ef810:   000000000c7ef900 0000000000000000
0x000070000c7ef820:   0000000000000000 000000011e0be900
0x000070000c7ef830:   0000000000000000 0000000000000000
0x000070000c7ef840:   0000000000000000 0000000000000000
0x000070000c7ef850:   0000000000000000 0000000000000000
0x000070000c7ef860:   0000000700000000 000070000c7e0000
0x000070000c7ef870:   000070000c7efcc0 000070000c7ef700
0x000070000c7ef880:   0000000000000000 000070000c7efbe0
0x000070000c7ef890:   00003e0e3bcd0605 363130310c7ef900
0x000070000c7ef8a0:   000070000c7ef8c0 000000010818cba6
0x000070000c7ef8b0:   000000070dc173e0 000000003fefffff
0x000070000c7ef8c0:   000070000c7ef910 000000011dfa107b
0x000070000c7ef8d0:   0000000800000b00 0000000100000008
0x000070000c7ef8e0:   00007fd8607dedc0 00007fd866b74200
0x000070000c7ef8f0:   b28ca6c288120080 000000000000001e
0x000070000c7ef900:   000070000c7efd50 000070000c7efdb8 

Instructions: (pc=0x0000000142d65a3b)
0x0000000142d6593b:   48 8b 05 9e 47 14 00 48 8b 00 48 3b 45 d0 0f 85
0x0000000142d6594b:   2c 01 00 00 44 89 e0 48 81 c4 08 06 00 00 5b 41
0x0000000142d6595b:   5c 41 5d 41 5e 41 5f 5d c3 4c 8b b5 70 fa ff ff
0x0000000142d6596b:   48 8b 85 78 fa ff ff 45 31 e4 48 89 85 40 fa ff
0x0000000142d6597b:   ff 49 39 c6 48 8b 85 48 fa ff ff 0f 84 70 ff ff
0x0000000142d6598b:   ff 48 83 c0 08 48 89 85 90 fa ff ff eb 31 0f 1f
0x0000000142d6599b:   80 00 00 00 00 49 8b 7c 24 08 e8 c6 2d df ff 49
0x0000000142d659ab:   ff 44 24 10 8b 85 88 fa ff ff 41 89 47 20 49 83
0x0000000142d659bb:   c6 06 4c 3b b5 40 fa ff ff 0f 84 94 00 00 00 45
0x0000000142d659cb:   0f b7 26 41 8b 46 02 89 85 88 fa ff ff 4c 8b ad
0x0000000142d659db:   90 fa ff ff 90 49 8b 45 00 4c 89 eb 48 85 c0 74
0x0000000142d659eb:   1c 49 89 c5 0f b7 40 1c 66 41 39 c4 72 e7 76 5b
0x0000000142d659fb:   49 8b 45 08 48 85 c0 75 e8 49 8d 5d 08 bf 28 00
0x0000000142d65a0b:   00 00 e8 ad 55 0a 00 49 89 c7 66 44 89 60 1c c7
0x0000000142d65a1b:   40 20 00 00 00 00 66 0f 57 c0 66 0f 11 00 4c 89
0x0000000142d65a2b:   68 10 48 89 03 4c 8b a5 48 fa ff ff 49 8b 04 24
0x0000000142d65a3b:   48 8b 00 4c 89 fe 48 85 c0 0f 84 56 ff ff ff 49
0x0000000142d65a4b:   89 04 24 48 8b 33 e9 4a ff ff ff 4d 89 ef e9 51
0x0000000142d65a5b:   ff ff ff 45 31 e4 e9 96 fe ff ff 48 8d bd 50 fa
0x0000000142d65a6b:   ff ff e8 ae bf fc ff eb 2d e8 67 1b df ff eb 26
0x0000000142d65a7b:   e8 9f 55 0a 00 48 8d bd 70 fa ff ff e8 94 bf fc
0x0000000142d65a8b:   ff eb 13 e8 4d 1b df ff eb 0c 48 8d bd 50 fb ff
0x0000000142d65a9b:   ff e8 3f 27 df ff 0f 0b 48 89 c3 48 8d bd 98 fa
0x0000000142d65aab:   ff ff e8 9e d5 f4 ff eb 40 eb 3b 48 89 c3 48 8b
0x0000000142d65abb:   8d 70 ff ff ff b8 04 00 00 00 48 8d 95 50 ff ff
0x0000000142d65acb:   ff 48 39 d1 74 11 b8 05 00 00 00 48 89 8d 68 fa
0x0000000142d65adb:   ff ff 48 85 c9 74 20 48 8b bd 68 fa ff ff 48 8b
0x0000000142d65aeb:   0f ff 14 c1 eb 11 48 89 c3 48 8d 7d 80 e8 a3 ed
0x0000000142d65afb:   f1 ff eb 03 48 89 c3 4c 89 e7 e8 a3 54 0a 00 eb
0x0000000142d65b0b:   2a eb